ARM GAS  C:\Users\Simone\AppData\Local\Temp\ccx9H6wX.s 			page 1


   1              		.syntax unified
   2              		.cpu cortex-m4
   3              		.fpu softvfp
   4              		.eabi_attribute 20, 1
   5              		.eabi_attribute 21, 1
   6              		.eabi_attribute 23, 3
   7              		.eabi_attribute 24, 1
   8              		.eabi_attribute 25, 1
   9              		.eabi_attribute 26, 1
  10              		.eabi_attribute 30, 2
  11              		.eabi_attribute 34, 1
  12              		.eabi_attribute 18, 4
  13              		.thumb
  14              		.file	"board.c"
  15              		.text
  16              	.Ltext0:
  17              		.section	.gnu.lto_.profile.ce91b954,"",%progbits
  18 0000 789C6366 		.ascii	"x\234cf```a\200\000F\006>f\000\000\223\000\032"
  18      60606061 
  18      80004606 
  18      3E660000 
  18      93001A
  19              		.text
  20              		.section	.gnu.lto_.jmpfuncs.ce91b954,"",%progbits
  21 0000 789C6366 		.ascii	"x\234cf\300\0168\2414\023\210`\004b\000\001S\000\020"
  21      C00E38A1 
  21      34138860 
  21      04620001 
  21      530010
  22              		.text
  23              		.section	.gnu.lto_.inline.ce91b954,"",%progbits
  24 0000 789C6366 		.ascii	"x\234cf\300\016\264\2414\023\003\003\013\017#\210b`"
  24      C00EB4A1 
  24      34130303 
  24      0B0F2388 
  24      6260
  25 0012 5B200FA2 		.ascii	"[ \017\242\030\030\271@\004\0033\023\2520\003\000,\231"
  25      1818B940 
  25      04033313 
  25      AA300300 
  25      2C99
  26 0024 01E6     		.ascii	"\001\346"
  27              		.text
  28              		.section	.gnu.lto_.pureconst.ce91b954,"",%progbits
  29 0000 789C6366 		.ascii	"x\234cf```e\200\000&\006\011F\006\000\000\331\000$"
  29      60606065 
  29      80002606 
  29      09460600 
  29      00D90024 
  30              		.text
  31              		.section	.gnu.lto___early_init.ce91b954,"",%progbits
  32 0000 789C6366 		.ascii	"x\234cf\300\004R@\274\010\210\255\200\230\221\231\201"
  32      C0045240 
  32      BC0888AD 
  32      80989199 
  32      81
  33 0011 9169C239 		.ascii	"\221i\3029\006\206F\016&FF\020\203\201\221\241\236\211"
ARM GAS  C:\Users\Simone\AppData\Local\Temp\ccx9H6wX.s 			page 2


  33      0686460E 
  33      26464610 
  33      838191A1 
  33      9E89
  34 0023 B19EF125 		.ascii	"\261\236\361%\323G&\306\011\007V\317\340V_\332\320\320"
  34      D34726C6 
  34      090756CF 
  34      E0565FDA 
  34      D0D0
  35 0035 F0E1D146 		.ascii	"\360\341\321F\211V\211\237L\014\014\237\231 \3060.g"
  35      8956899F 
  35      4C0C0C9F 
  35      9920C630 
  35      2E67
  36 0047 546700AA 		.ascii	"Tg\000\252\371\330\362\367:7[\013P\215\000D\216q\005"
  36      F9D8F2F7 
  36      3A375B0B 
  36      508D0044 
  36      8E7105
  37 005a 231B2390 		.ascii	"#\033#\220^/t\240\341\377\377\307s\346lfaf`x\002\224"
  37      5E2F74A0 
  37      E1FFFFC7 
  37      73E66C66 
  37      61666078 
  38 0070 0299FF94 		.ascii	"\002\231\377\224\211\011D3\337al>\260\361\030#H1\310"
  38      89094433 
  38      DF616C3E 
  38      B0F11823 
  38      4831C8
  39 0083 947997FB 		.ascii	"\224y\227\373\3261\325\376n\350h\340\370\311\304\370"
  39      D631D5FE 
  39      6EE868E0 
  39      F8C9C4F8 
  40 0093 99096800 		.ascii	"\231\011h\000\343J\306Z\206\237@\345\367\030\033\017"
  40      E34AC65A 
  40      869F40E5 
  40      F7181B0F 
  41 00a3 6C7603AB 		.ascii	"lv\003\253d\000\031\304\0102\000h\234\205\236\236>\020"
  41      640019C4 
  41      08320068 
  41      9C859E9E 
  41      3E10
  42 00b5 25676426 		.ascii	"%gd&e\346\027\033\232\031\352\347\027\353g$\346\350"
  42      65E6171B 
  42      9A19EAE7 
  42      17EB6724 
  42      E6E8
  43 00c7 27E52716 		.ascii	"'\345'\026\245\024\353\007\207\304\373\205:\373\270"
  43      A514EB07 
  43      87C4FB85 
  43      3AFBB8
  44 00d6 FAC7BB99 		.ascii	"\372\307\273\231\030\030\006\271B\304\365\222\031\000"
  44      181806B9 
  44      42C4F592 
  44      1900
  45 00e4 E9074C0C 		.ascii	"\351\007L\014"
  46              		.text
ARM GAS  C:\Users\Simone\AppData\Local\Temp\ccx9H6wX.s 			page 3


  47              		.section	.gnu.lto_boardInit.ce91b954,"",%progbits
  48 0000 789C6366 		.ascii	"x\234cf\300\004R@\\\002\304V@\314\310\314\300\3104\341"
  48      C0045240 
  48      5C02C456 
  48      40CCC8CC 
  48      C0C834E1 
  49 0014 1C034323 		.ascii	"\034\003C#\007\023##\210\301\300\310P\317\304X\317\370"
  49      07132323 
  49      88C1C0C8 
  49      50CFC458 
  49      CFF8
  50 0026 92E92313 		.ascii	"\222\351#\023\343\204\003\253gp\253/mhh\370\260i\277"
  50      E38403AB 
  50      6770AB2F 
  50      6D6868F8 
  50      B069BF
  51 0039 44ABC44F 		.ascii	"D\253\304O&\006\206\317L\020c\030\2273\2523\000\325"
  51      260686CF 
  51      4C106318 
  51      9733AA33 
  51      00D5
  52 004b 7C6CF97B 		.ascii	"|l\371{\235\233\255\005\250F\000\"\307\270\202\221\215"
  52      9D9BAD05 
  52      A8460022 
  52      C7B88291 
  52      8D
  53 005c 1148AF17 		.ascii	"\021H\257\027:\320\360\377\377\342\351g\366\263\000"
  53      3AD0F0FF 
  53      FFE2E967 
  53      F6B300
  54 006b 859F0031 		.ascii	"\205\237\0001\310\374\247LL \232\371\036##H!\310\244"
  54      C8FCA74C 
  54      4C209AF9 
  54      1E232348 
  54      21C8A4
  55 007e 274C8C20 		.ascii	"'L\214 !\240\002\013==} J\316\310L\312\314/643\324\317"
  55      21A0020B 
  55      3D3D7D20 
  55      4ACEC84C 
  55      CACC2F36 
  56 0096 2FD6CF48 		.ascii	"/\326\317H\314\321O\312O,J)\326\017\016\211\367\013"
  56      CCD14FCA 
  56      4F2C4A29 
  56      D60F0E89 
  56      F70B
  57 00a8 75F671F5 		.ascii	"u\366q\365\217w310\014r\205\210\353%3\000\000\004\312"
  57      8F773331 
  57      300C7285 
  57      88EB2533 
  57      000004CA 
  58 00bc 3A6F     		.ascii	":o"
  59              		.text
  60              		.section	.gnu.lto_.symbol_nodes.ce91b954,"",%progbits
  61 0000 789C6366 		.ascii	"x\234cf``pa\200\002\246\211L\365\014\014\023\31610\324"
  61      60607061 
  61      8002A689 
  61      4CF50C0C 
ARM GAS  C:\Users\Simone\AppData\Local\Temp\ccx9H6wX.s 			page 4


  61      13CE3130 
  62 0015 D733CC5B 		.ascii	"\3273\314[\300\301\3004\211\251\236\021Y\200u\002\023"
  62      C0C1C034 
  62      89A99E11 
  62      59807502 
  62      13
  63 0026 C342A022 		.ascii	"\303B\240\"\306\311L\365L\020\011\206\206\006\016\006"
  63      C6C94CF5 
  63      4C100986 
  63      86060E06 
  64 0036 66205CF2 		.ascii	"f \\\362\340\037#\003\000r\326\021\364"
  64      E01F2303 
  64      0072D611 
  64      F4
  65              		.text
  66              		.section	.gnu.lto_.refs.ce91b954,"",%progbits
  67 0000 789C6366 		.ascii	"x\234cf```d\200\002\000\000=\000\005"
  67      60606064 
  67      80020000 
  67      3D0005
  68              		.text
  69              		.section	.gnu.lto_.decls.ce91b954,"",%progbits
  70 0000 789CAD56 		.ascii	"x\234\255VyP\223G\024\3776_.\"\202#3\3528N\245:\303"
  70      79509347 
  70      14FF365F 
  70      2E228223 
  70      33EA384E 
  71 0017 B48E82A2 		.ascii	"\264\216\202\242e\264\177\264Z\357\031\253\364p:\035"
  71      65B47FB4 
  71      5AEF19AB 
  71      F4703A1D 
  72 0027 33930612 		.ascii	"3\223\006\022$\323@\322$t\364\277O\321\012\030,\036"
  72      24D340D2 
  72      2474F4BF 
  72      4FD10A18 
  72      2C1E
  73 0039 20529420 		.ascii	" R\224 \264\001\014\020\221r\013\250U\360\240\325\012"
  73      B4010C10 
  73      91720BA8 
  73      55F0A0D5 
  73      0A
  74 004a 5E5541AA 		.ascii	"^UA\252\034*7\012\310\325\267\2739 \342\321\031w\362"
  74      1C2A370A 
  74      C8D5B7BB 
  74      3920E2D1 
  74      1977F2
  75 005d B2DFBB7E 		.ascii	"\262\337\273~\357\275\335\267\337~,\3030q@\2430\246"
  75      EFBDDDB7 
  75      DF7E2CC3 
  75      307140A3 
  75      30A6
  76 006f 4E62982F 		.ascii	"Nb\230/x\014\303\002\037\3108\007\346-@9@V \0044\314"
  76      780CC302 
  76      1FC83807 
  76      E62D4039 
  76      40562004 
  77 0085 8C1F16C6 		.ascii	"\214\037\026\306\3517\002\224i\223\363l:+\363\362\310"
ARM GAS  C:\Users\Simone\AppData\Local\Temp\ccx9H6wX.s 			page 5


  77      E9370294 
  77      6993F36C 
  77      3A2BF3F2 
  77      C8
  78 0096 B161D963 		.ascii	"\261a\331c!\233\314ut\361PqNo\315\244\026\036\362\220"
  78      219BCC75 
  78      74F15071 
  78      4E6FCDA4 
  78      161EF290 
  79 00aa 7863B6E4 		.ascii	"xc\266\344@u\242\020Xw\011\037\263\245\203\215\265\374"
  79      4075A210 
  79      5877091F 
  79      B3A5838D 
  79      B5FC
  80 00bc E9F11C8C 		.ascii	"\351\361\034\214\270Hn\012\037\005NCf4\023e\240\231"
  80      B8486E0A 
  80      1F054E43 
  80      66341365 
  80      A099
  81 00ce 809A89A6 		.ascii	"\200\232\211\246\303\377\026>E:\273\277\273\015\261"
  81      C3FF163E 
  81      453ABBBF 
  81      BB0DB1
  82 00dd 3C849FD3 		.ascii	"<\204\237\323\022\037\324J\346g\201[\024W\331\217\234"
  82      121FD44A 
  82      E667815B 
  82      1457D98F 
  82      9C
  83 00ee E1626E98 		.ascii	"\341bn\230?\361>\306\231\254\2359\311?\261G8\323Nnd"
  83      3FF13EC6 
  83      99AC9D39 
  83      C93FB147 
  83      38D34E6E 
  84 0103 7414112C 		.ascii	"t\024\021,\224\205Xt\002\315'\031\3033M\335\202\274"
  84      94855874 
  84      02CD2719 
  84      C3334DDD 
  84      82BC
  85 0115 C12F2BE5 		.ascii	"\301/+\345\347:\021\273\211\200[z\313\213E\000b\265"
  85      E73A11BB 
  85      89805B7A 
  85      CB8B4500 
  85      62B5
  86 0127 9A06D384 		.ascii	"\232\006\323\204\325\\\345\350\350\247\304?{\214\177"
  86      D55CE5E8 
  86      E8A7C43F 
  86      7B8C7F
  87 0136 B6DD3F87 		.ascii	"\266\335?\207\370\233\3157\262\005\354\267\304\2775"
  87      F89BCD37 
  87      B205ECB7 
  87      C4BF35
  88 0145 B2A15308 		.ascii	"\262\241S\010\376\015\\\347\235\264\274Y\211y\334\331"
  88      FE0D5CE7 
  88      9DB4BC59 
  88      8979DCD9 
  89 0155 5DDC1064 		.ascii	"]\334\020d\201\010J\356\030\224\\;\212\225\240\224u"
  89      81084AEE 
ARM GAS  C:\Users\Simone\AppData\Local\Temp\ccx9H6wX.s 			page 6


  89      18945C3B 
  89      8A95A094 
  89      75
  90 0166 18AF89C9 		.ascii	"\030\257\211\311bUJ0R\372\345\270#\210\254V\006A.\355"
  90      62554A30 
  90      52FAE5B8 
  90      2388AC56 
  90      06412EED 
  91 017a 2F307B10 		.ascii	"/0{\020}\003\341\363\312Z\236y\022\375,\314\326\227"
  91      7D03E1F3 
  91      CA5A9E79 
  91      12FD2CCC 
  91      D697
  92 018c 973609D9 		.ascii	"\2276\011\3314Dt\025\345\375\027$l\001e\214Q\015\027"
  92      34447415 
  92      E5FD1724 
  92      6C01658C 
  92      510D17
  93 019f 256C0565 		.ascii	"%l\005ev\374Vj\024\201\327\373\022\262d\365\277\014"
  93      76FC566A 
  93      1481D7FB 
  93      12B264F5 
  93      BF0C
  94 01b1 A4BB1116 		.ascii	"\244\273\021\026\267\222'\210x\325M\\\232\007\362\221"
  94      B7922788 
  94      78D54D5C 
  94      9A07F291 
  95 01c1 A4C30277 		.ascii	"\244\303\002w&\231\033\327Er\313Q)\222\240BG\356\304"
  95      26991BD7 
  95      4572CB51 
  95      2992A042 
  95      47EEC4
  96 01d4 1B8F288E 		.ascii	"\033\217(\216\333\2117\317\255\332\203q\354\035*A>`"
  96      DB8937CF 
  96      ADDA8371 
  96      EC1D2A41 
  96      3E60
  97 01e6 416C5111 		.ascii	"AlQ\021\010\213A\010\300\347\207\312w\011\220\304gb"
  97      088B4108 
  97      C0E787CA 
  97      770990C4 
  97      6762
  98 01f8 A7D31338 		.ascii	"\247\323\0238\221\024Z\243\017L\3438>*\203\024\012\234"
  98      91145AA3 
  98      0F4CE338 
  98      3E2A8314 
  98      0A9C
  99 020a 2940468E 		.ascii	")@F\216\215\037\272\224T\354\316\306\262\244\302\224"
  99      8D1FBA94 
  99      54ECCEC6 
  99      B2A4C294 
 100 021a B8E46702 		.ascii	"\270\344g\002\366 e\322z\257v\211\331$\312\244\307'"
 100      F62065D2 
 100      7AAF7689 
 100      D924CAA4 
 100      C727
 101 022c 580464C5 		.ascii	"X\004d\305\304\230=\236[\374\015{\234\252\362M\226*"
ARM GAS  C:\Users\Simone\AppData\Local\Temp\ccx9H6wX.s 			page 7


 101      C4983D9E 
 101      5BFC0D7B 
 101      9CAAF24D 
 101      962A
 102 023e 96CDA0CC 		.ascii	"\226\315\240\314\345\306\376\036wb7\205\364^\333\211"
 102      E5C6FE1E 
 102      77623785 
 102      F45EDB89 
 103 024e BD1EAC85 		.ascii	"\275\036\254\205\3522~\215mf\331\223\2249\322w\345\002"
 103      EA327E8D 
 103      6D66D993 
 103      9439D277 
 103      E502
 104 0260 DD8219C0 		.ascii	"\335\202\031\300\272E\237\331\325\344\216\346\320\341"
 104      BA459FD9 
 104      D5E48EE6 
 104      D0E1
 105 026e E563823A 		.ascii	"\345c\202:;\333\263G\326\037\214\344\322g\220\374+ "
 105      3BDBB347 
 105      D61F8CE4 
 105      D26790FC 
 105      2B20
 106 0280 FFBF9097 		.ascii	"\377\277\220\227\263\352\017p\253\233q\3033\330\334"
 106      B3EA0F70 
 106      AB9B71C3 
 106      33D8DC
 107 028f 346A1656 		.ascii	"4j\026V/$\246\347\\M\377 \307b\236\303\264\303aZ>!\252"
 107      2F24A6E7 
 107      5C4DFF20 
 107      C7629EC3 
 107      B4C3615A 
 108 02a6 D372D861 		.ascii	"\323r\330ay\326\325\362\014rI :\323n{~\342\004\306\330"
 108      79D6D5F2 
 108      0C724920 
 108      3AD36E7B 
 108      7EE204C6 
 109 02bb 0E3A702B 		.ascii	"\016:p+'\306u\246\260\327\001{\301\325\264\312i\272"
 109      27C675A6 
 109      B0D7017B 
 109      C1D5B4CA 
 109      69BA
 110 02cd 9FBC0B38 		.ascii	"\237\274\0138n\271\201A\247@\237OT\330\0326\035]\205"
 110      6EB98141 
 110      A7409F4F 
 110      54D81A36 
 110      1D5D85
 111 02e0 0EB984E6 		.ascii	"\016\271\204\346\240j\240\032\240\313@\027\201\256\000"
 111      A06AA01A 
 111      A0CB4017 
 111      81AE00
 112 02ef FD89E690 		.ascii	"\375\211\346\220f\300\035\323\320f\026r\010\2731\366"
 112      66C01DD3 
 112      D0661672 
 112      08BB31F6 
 113 02ff B366EF14 		.ascii	"\263f\357\024\236\261&\3018\031y\371L\024\011\375\015"
 113      9EB126C1 
 113      381979F9 
ARM GAS  C:\Users\Simone\AppData\Local\Temp\ccx9H6wX.s 			page 8


 113      4C1409FD 
 113      0D
 114 0310 01FE7730 		.ascii	"\001\376w0\243J\214\256\201\323\357\316\326\304\221"
 114      A34A8CAE 
 114      81D3EFCE 
 114      D6C491
 115 031f EDAD5937 		.ascii	"\355\255Y7\\\363\036\333I\333\245a8._\300\366Q\346\320"
 115      5CF31EDB 
 115      49DBA561 
 115      382E5FC0 
 115      F651E6D0 
 116 0333 A5FDDFB1 		.ascii	"\245\375\337\261#\364yGe\366u\021\351\243\245\344\035"
 116      23F47947 
 116      65F67511 
 116      E9A3A5E4 
 116      1D
 117 0344 64894B10 		.ascii	"d\211K\020\261\273\371D\327\\\376\224\343\021] y\277"
 117      B1BBF944 
 117      D75CFE94 
 117      E3115D20 
 117      79BF
 118 0356 54B4964D 		.ascii	"T\264\226Mb\215T\227\262/o\200\276P\265\230M\272\025"
 118      628D5497 
 118      B22F6F80 
 118      BE50B598 
 118      4DBA15
 119 0369 E5C11EA4 		.ascii	"\345\301\036\244\252\374\212S\335\264\207\2430/n\217"
 119      AAFC8A53 
 119      DDB487A3 
 119      302F6E8F 
 120 0379 35160991 		.ascii	"5\026\011\221\027\355\315q\345\237\204\362\363\310B"
 120      17EDCD71 
 120      E59F84F2 
 120      F3C842
 121 0388 DFB3D5FE 		.ascii	"\337\263\325\376\020j\277\017u6\002\325\003\375\013"
 121      106ABF0F 
 121      753602D5 
 121      03FD0B
 122 0397 F400A8C1 		.ascii	"\364\000\250\301V\267\011\327\235\221\271\221\203-\305"
 122      56B709D7 
 122      9D91B991 
 122      832DC5
 123 03a6 A55F87D2 		.ascii	"\245_\207\322\261\257c!\307\365\037g*\372\320fX\347"
 123      B1AF6321 
 123      C7F51F67 
 123      2AFAD066 
 123      58E7
 124 03b8 6A78038D 		.ascii	"jx\003\215\267\274k\267\374\307\325\362\356\370\346"
 124      B7BC6BB7 
 124      FCC7D5F2 
 124      EEF8E6
 125 03c7 E34CD576 		.ascii	"\343L\325v\323\333\256\246w\\@-v\313ZW\313*W\3202\273"
 125      D3DBAEA6 
 125      775C402D 
 125      76CB5A57 
 125      CB2A57D0 
 126 03dd E94D57D3 		.ascii	"\351MW\323[cL\311\276\037\315\304Mvo\202&C\251\275\226"
ARM GAS  C:\Users\Simone\AppData\Local\Temp\ccx9H6wX.s 			page 9


 126      5B634CC9 
 126      BE1FCDC4 
 126      4D766F82 
 126      2643A9BD 
 127 03f2 42119B44 		.ascii	"B\021\233D6\202\327\323b5\272!\037/\342\364\002\232"
 127      3682D7D3 
 127      6235BA21 
 127      1F2FE2F4 
 127      029A
 128 0404 A519601F 		.ascii	"\245\031`\0379\233\345\236\275Y&\332\023\324\004[\361"
 128      399BE59E 
 128      BD5926DA 
 128      13D4045B 
 128      F1
 129 0415 B6DB82EF 		.ascii	"\266\333\202\357\220\247-\367\335\275lH\246W!1o\202"
 129      90A72DF7 
 129      DDBD6C48 
 129      A6572131 
 129      6F82
 130 0427 B9D9FC30 		.ascii	"\271\331\3740\205e\323i'U\015\265%\363g\027\362\217"
 130      8565D369 
 130      27550DB5 
 130      25F36717 
 130      F28F
 131 0439 7262A24C 		.ascii	"rb\242L|\222\360\213'\2712L\321\\-\217\\E\003{\016N"
 131      7C92F08B 
 131      27B9324C 
 131      D15C2D8F 
 131      5C45037B 
 132 044f 26A2DC3E 		.ascii	"&\242\334>z\213\240\321s\361\327\005D\264\373x\235I"
 132      7A8BA0D1 
 132      73F1D705 
 132      44B4FB78 
 132      9D49
 133 0461 8845B7F7 		.ascii	"\210E\267\367\357)\021\023Q\375(\213\005WN\027\324P"
 133      EF291113 
 133      51FD288B 
 133      05574E17 
 133      D450
 134 0473 24AE9DBE 		.ascii	"$\256\235\276Oc-\025\223\250\240r\036\271\321\037\305"
 134      4F632D15 
 134      93A8A072 
 134      1EB9D11F 
 134      C5
 135 0484 F77804E4 		.ascii	"\367x\004\344sQ\246\245d[\360\211|\002\025\341S\211"
 135      7351A6A5 
 135      645BF089 
 135      7C0215E1 
 135      5389
 136 0496 2F097C32 		.ascii	"/\011|2\237\302\214Og\033\314\370\204\266\303\214Oi"
 136      9FC28C4F 
 136      671BCCF8 
 136      84B6C38C 
 136      4F69
 137 04a8 07CC7052 		.ascii	"\007\314pRQ'\271}P|Y\362\001z\323q$VoIe\035\315\271"
 137      5127B97D 
 137      507C59F2 
ARM GAS  C:\Users\Simone\AppData\Local\Temp\ccx9H6wX.s 			page 10


 137      017AD371 
 137      24566F49 
 138 04c0 2EAB2E4B 		.ascii	".\253.K\200E\207\237\364\347\213m\227!I\320\232\234"
 138      8045879F 
 138      F4E78B6D 
 138      972149D0 
 138      9A9C
 139 04d2 5AE51ABE 		.ascii	"Z\345\032\276\333%|\261-|\217-|\257-|\221-|\021\015"
 139      DB257CB1 
 139      2D7C8F2D 
 139      7CAF2D7C 
 139      912D7C11 
 140 04e7 DF72AAF0 		.ascii	"\337r\252\360\232\247=\\\014\011\327\365<\331\304\272"
 140      9AA73D5C 
 140      0C09D7F5 
 140      3CD9C4BA 
 141 04f7 A017BD02 		.ascii	"\240\027\275\002\375\371\353\321\357\226\356{$zK\250"
 141      FDF9EBD1 
 141      EF96EE7B 
 141      247A4BA8 
 142 0507 3724FA0E 		.ascii	"7$\372\016\241\236\357M5JH\315W\355K|:\351\334N\327"
 142      A19EEF4D 
 142      354A48CD 
 142      57ED4B7C 
 142      3AE9DC4E 
 143 051c 157D15FA 		.ascii	"\025}\025\372\213\327\243\037z|8\231&\272\020\265\000"
 143      8BD7A31F 
 143      7A7C3899 
 143      26BA10B5 
 143      00
 144 052d 14EEE92E 		.ascii	"\024\356\351.\024@\372\372\031\314\270\267\373`\306"
 144      1440FAFA 
 144      19CCB8B7 
 144      FB60C6
 145 053c FDDD0F33 		.ascii	"\375\335\0173\356\361\001\230\241\317\321 \012\300\020"
 145      EEF10198 
 145      A1CFD120 
 145      0AC010
 146 054b FB923B8E 		.ascii	"\373\222;\216\211\346\246rVSgNw:\332\201\277\0309\374"
 146      89E6A672 
 146      5653674E 
 146      773ADA81 
 146      BF1839FC 
 147 055f C147005B 		.ascii	"\301G\000[\351!\035\363\202\304\222\307h6\203\206\300"
 147      E9211DF3 
 147      82C492C7 
 147      68368386 
 147      C0
 148 0570 1F0DA3B9 		.ascii	"\037\015\243\271\200q?\2612\206\357\036\343\374\246"
 148      80713FB1 
 148      3286EF1E 
 148      E3FCA6
 149 057f 21DF79CE 		.ascii	"!\337y\316\357\330\021\344N>\362\360\354.\223)\345:"
 149      EFD811E4 
 149      4E3EF2F0 
 149      EC2E9329 
 149      E53A
ARM GAS  C:\Users\Simone\AppData\Local\Temp\ccx9H6wX.s 			page 11


 150 0591 F576992A 		.ascii	"\365v\231*\\e\020\256\335\270\331{%\263\324\327\327"
 150      5C6510AE 
 150      DDB8D97B 
 150      25B3D4D7 
 150      D7
 151 05a2 0F7EC1A1 		.ascii	"\017~\301\241\252 \225F\277(`\221\237F\357\027*W\373"
 151      AA209546 
 151      BF286091 
 151      9F46EF17 
 151      2A57FB
 152 05b5 0569E43A 		.ascii	"\005i\344:\205\336\357\253\257e\0337\257\334\260z\223"
 152      85DEEFAB 
 152      AF651B37 
 152      AFDCB07A 
 152      93
 153 05c6 6CCD9285 		.ascii	"l\315\222\205\213\276\\M\345\276\301\214\033yX\017H"
 153      8BBE5C4D 
 153      E5BEC18C 
 153      1B79580F 
 153      48
 154 05d7 53F486B0 		.ascii	"S\364\206\260\305\376\262`\265&\370{\002\375JL\255F"
 154      C5FEB260 
 154      B526F87B 
 154      02FD4A4C 
 154      AD46
 155 05e9 67C0909F 		.ascii	"g\300\220\237/\366\247\377k\226l\333\20652\265Z\341"
 155      2FF6A7FF 
 155      6B966CDB 
 155      863532B5 
 155      5AE1
 156 05fb 1BCA4CA5 		.ascii	"\033\312L\245H[\265*\215L\2574Dhe\006q\204*\334\000"
 156      485BB52A 
 156      8D4CAF34 
 156      44686506 
 156      71842ADC 
 157 0610 32834426 		.ascii	"2\203D&\263?\206\004\177,%\340zC\204B\245\221\0324\032"
 157      B33F8604 
 157      7F2C25E0 
 157      7A438442 
 157      A5911A34 
 158 0625 B55EBA35 		.ascii	"\265^\2725<\302\233<y\313ua\336\312\260 \245B\241TH"
 158      3CC29B3C 
 158      79CB7561 
 158      DECAB020 
 158      A542A154 
 159 063a 97F82EF3 		.ascii	"\227\370.\363\366_\270\350\243\037\026KA\276 \\\023"
 159      F65FB8E8 
 159      A31F164B 
 159      41BE205C 
 159      13
 160 064b AE5CA094 		.ascii	"\256\\\240\224\007\251\244\252\360`u\204B)\015\223\003"
 160      07A9A4AA 
 160      F0607584 
 160      42290D93 
 160      03
 161 065c 56B8522A 		.ascii	"V\270R*S(C\344\021j\203\314\260]\253\324C6[\336i\030"
 161      532843E4 
ARM GAS  C:\Users\Simone\AppData\Local\Temp\ccx9H6wX.s 			page 12


 161      116A83CC 
 161      B05DABD4 
 161      43365BDE 
 162 0672 FD76BD54 		.ascii	"\375v\275T\2467(\240\006\300\026\204i\024J\235P\203"
 162      A63728A0 
 162      06C01684 
 162      69144A9D 
 162      5083
 163 0684 63E9441A 		.ascii	"c\351D\032\275V\251T\350\004\332\010\255B\307j\024:"
 163      BD56A954 
 163      E804DA08 
 163      AD42C76A 
 163      143A
 164 0696 BE3C44A7 		.ascii	"\276<D\247\306\177\241\313\336f-7lX\345\2676p\375\246"
 164      C67FA1CB 
 164      DE662D37 
 164      6C58E5B7 
 164      3670FDA6 
 165 06aa 1FFDFDB4 		.ascii	"\037\375\375\264\216\305\024\006\256X%7\310\205\201"
 165      8EC51406 
 165      AE582537 
 165      C88581
 166 06b9 9FD16925 		.ascii	"\237\321i%\235V\321i5\235\326\341\311-p\305\206\225"
 166      9D56D169 
 166      359DD6E1 
 166      C92D70C5 
 166      8695
 167 06cb 9AF010D5 		.ascii	"\232\360\020\325\326\251\330\335\276\016\301D4\323W"
 167      D6A9D8DD 
 167      BE0EC144 
 167      34D357
 168 06da A7518091 		.ascii	"\247Q\200\221\357\313\252\377\000\026\266\035\227"
 168      EFCBAAFF 
 168      0016B61D 
 168      97
 169              		.text
 170              		.section	.gnu.lto_.symtab.ce91b954,"",%progbits
 171 0000 5F5F6561 		.ascii	"__early_init\000\000\000\000\000\000\000\000\000\000"
 171      726C795F 
 171      696E6974 
 171      00000000 
 171      00000000 
 172 0016 0000AC00 		.ascii	"\000\000\254\000\000\000boardInit\000\000\000\000\000"
 172      0000626F 
 172      61726449 
 172      6E697400 
 172      00000000 
 173 002a 00000000 		.ascii	"\000\000\000\000\000\000\000\256\000\000\000pal_def"
 173      000000AE 
 173      00000070 
 173      616C5F64 
 173      6566
 174 003c 61756C74 		.ascii	"ault_config\000\000\000\000\000\000\000\000\000\000"
 174      5F636F6E 
 174      66696700 
 174      00000000 
 174      00000000 
ARM GAS  C:\Users\Simone\AppData\Local\Temp\ccx9H6wX.s 			page 13


 175 0051 0000FD00 		.ascii	"\000\000\375\000\000\000stm32_clock_init\000\000\002"
 175      00007374 
 175      6D33325F 
 175      636C6F63 
 175      6B5F696E 
 176 006a 00000000 		.ascii	"\000\000\000\000\000\000\000\000\000\260\000\000\000"
 176      00000000 
 176      00B00000 
 176      00
 177              		.text
 178              		.section	.gnu.lto_.opts,"",%progbits
 179 0000 272D666E 		.ascii	"'-fno-trapv' '-mcpu=cortex-m4' '-mno-thumb-interwor"
 179      6F2D7472 
 179      61707627 
 179      20272D6D 
 179      6370753D 
 180 0033 6B272027 		.ascii	"k' '-mthumb' '-ggdb' '-O2' '-fomit-frame-pointer' '"
 180      2D6D7468 
 180      756D6227 
 180      20272D67 
 180      67646227 
 181 0066 2D66616C 		.ascii	"-falign-functions=16' '-ffunction-sections' '-fdata"
 181      69676E2D 
 181      66756E63 
 181      74696F6E 
 181      733D3136 
 182 0099 2D736563 		.ascii	"-sections' '-fno-common' '-flto'\000"
 182      74696F6E 
 182      73272027 
 182      2D666E6F 
 182      2D636F6D 
 183              		.text
 184              		.comm	__gnu_lto_v1,1,1
 185              		.comm	__gnu_lto_slim,1,1
 186              		.ident	"GCC: (GNU Tools for ARM Embedded Processors) 4.9.3 20150529 (release) [ARM/embedded-4_9-br
ARM GAS  C:\Users\Simone\AppData\Local\Temp\ccx9H6wX.s 			page 14


DEFINED SYMBOLS
                            *ABS*:00000000 board.c
                            *COM*:00000001 __gnu_lto_v1
                            *COM*:00000001 __gnu_lto_slim

NO UNDEFINED SYMBOLS
