ARM GAS  C:\Users\Simone\AppData\Local\Temp\ccINGlEl.s 			page 1


   1              		.syntax unified
   2              		.cpu cortex-m4
   3              		.fpu softvfp
   4              		.eabi_attribute 20, 1
   5              		.eabi_attribute 21, 1
   6              		.eabi_attribute 23, 3
   7              		.eabi_attribute 24, 1
   8              		.eabi_attribute 25, 1
   9              		.eabi_attribute 26, 1
  10              		.eabi_attribute 30, 2
  11              		.eabi_attribute 34, 1
  12              		.eabi_attribute 18, 4
  13              		.thumb
  14              		.file	"chcore_v7m.c"
  15              		.text
  16              	.Ltext0:
  17              		.section	.gnu.lto_.profile.ce13b771,"",%progbits
  18 0000 789C6366 		.ascii	"x\234cf```a\200\000F\006C\031\000\000\362\000V"
  18      60606061 
  18      80004606 
  18      43190000 
  18      F20056
  19              		.text
  20              		.section	.gnu.lto_.jmpfuncs.ce13b771,"",%progbits
  21 0000 789C6366 		.ascii	"x\234cf\300\016x\24143\214`\001b\000\002\024\000\033"
  21      C00E78A1 
  21      34338C60 
  21      01620002 
  21      14001B
  22              		.text
  23              		.section	.gnu.lto_.inline.ce13b771,"",%progbits
  24 0000 789C6366 		.ascii	"x\234cf\300\016\334\24043\003\003\277\030#\003\223\310"
  24      C00EDCA0 
  24      34330303 
  24      BF182303 
  24      93C8
  25 0012 851E4606 		.ascii	"\205\036F\006\266\005\362L A&n\260\014\0277P\202gN$"
  25      B605F24C 
  25      2041266E 
  25      B00C1737 
  25      5082674E 
  26 0027 5C9C910B 		.ascii	"\\\234\221\013H\2600pr\200\304\037\304\302\305\031\000"
  26      48B03070 
  26      7280C41F 
  26      C4C2C519 
  26      00
  27 0038 005306D0 		.ascii	"\000S\006\320"
  28              		.text
  29              		.section	.gnu.lto_.pureconst.ce13b771,"",%progbits
  30 0000 789C6366 		.ascii	"x\234cf```g\200\000f\006+f+\026+\000\002\350\000\303"
  30      60606067 
  30      80006606 
  30      2B662B16 
  30      2B0002E8 
  31              		.text
  32              		.section	.gnu.lto__port_irq_epilogue.part.0.ce13b771,"",%progbits
  33 0000 789C9D54 		.ascii	"x\234\235T\377oSU\024\277\347\336\373^K\333m\306\037"
ARM GAS  C:\Users\Simone\AppData\Local\Temp\ccINGlEl.s 			page 2


  33      FF6F5355 
  33      14BFE7DE 
  33      FB5E4BDB 
  33      6DC61F
  34 0013 0CE20F5D 		.ascii	"\014\342\017]\262\220\305\004VG\010\376\"1\204h\342"
  34      B290C504 
  34      564708FE 
  34      22318468 
  34      E2
  35 0024 0F8D64FD 		.ascii	"\017\215d\375\003\214<kX\004\332\264\035\331/\204\327"
  35      038C3C6B 
  35      5804DAB4 
  35      1DD92F84 
  35      D7
  36 0035 AED86170 		.ascii	"\256\330ap\362\3151c\246(\022\334\252[A\005\206\350"
  36      F2CD3163 
  36      A62812DC 
  36      AA5B4105 
  36      86E8
  37 0047 AA6C3206 		.ascii	"\252l2\006T\010\331\030\014\267\272l\210\011\304\301"
  37      5408D918 
  37      0CB7BA6C 
  37      8809C4C1 
  38 0057 94EDB18C 		.ascii	"\224\355\261\214z\316ma\016\373\203\261i\357}\367\234"
  38      7ACE6D61 
  38      0EFB83B1 
  38      69EF7DF7 
  38      9C
  39 0068 F339E7DC 		.ascii	"\3639\347\334\317\347\274\012\366\357\317K\370\253\326"
  39      CFE7BC0A 
  39      F6EFCF4B 
  39      F8ABD6
  40 0077 186BC71D 		.ascii	"\030k\307\035l\014\364]\031|\320\201\253\235s\321X\311"
  40      6C0CF45D 
  40      197CD081 
  40      AB9D73D1 
  40      58C9
  41 0089 4C87A4D5 		.ascii	"L\207\244\325%@#k\324.\037>h\000\364\300\200m\323\271"
  41      2540236B 
  41      D42E1F3E 
  41      6800F4C0 
  41      806DD3B9 
  42 009d 901A6C83 		.ascii	"\220\032l\203\337\371\035\016\273\322\311\026g\345!"
  42      DFF91D0E 
  42      BBD2C916 
  42      67E521
  43 00ac D334273F 		.ascii	"\3234'?\355^\274}\261\305\031\233\342\371\212p\030*"
  43      ED5EBC7D 
  43      B1C5199B 
  43      E2F98A70 
  43      182A
  44 00be 19C6DC89 		.ascii	"\031\306\334\211\317]q\352q\214y\"\357\203\317\261."
  44      CF5D71EA 
  44      718C7922 
  44      EF83CFB1 
  44      2E
  45 00cf 63027D6D 		.ascii	"c\002}m\327\377J\227\212\225@q]\035\177^p\336\344\026"
ARM GAS  C:\Users\Simone\AppData\Local\Temp\ccINGlEl.s 			page 3


  45      D7FF4A97 
  45      8A954071 
  45      5D1D7F5E 
  45      70DEE416 
  46 00e3 87723A9E 		.ascii	"\207r:\236\334\323\327\242\323\221K:\376z\367\217\333"
  46      DCD3D7A2 
  46      D3914B3A 
  46      FE7AF78F 
  46      DB
  47 00f4 50F18969 		.ascii	"P\361\211i\306&gO\014?\365\201y \266\333\314\345^\004"
  47      C626674F 
  47      0C3FF581 
  47      7920B6DB 
  47      CCE55E04 
  48 0108 8B0B6803 		.ascii	"\213\013h\003\201\231\241\035\226@\022\226\024n\014"
  48      8199A11D 
  48      96401296 
  48      146E0C
  49 0117 5F400502 		.ascii	"_@\005\002o$\367%4\002\276\203-\016\271\266\367\231"
  49      6F24F725 
  49      3402BE83 
  49      2D0EB9B6 
  49      F799
  50 0129 F16C2EE7 		.ascii	"\361l.\347F\030+\202\371Ra\232\007.\330EPu\365\356\225"
  50      46182B82 
  50      F952619A 
  50      072ED845 
  50      5075F5EE 
  51 013e B16C99AA 		.ascii	"\261l\231\252\233}p0\3432\037\301%t\024\255\332\011"
  51      9B7D7030 
  51      E3321FC1 
  51      257414AD 
  51      DA09
  52 0150 159D4F9A 		.ascii	"\025\235O\232\330\332o\231\245.P]pe\025j\225\314\342"
  52      D8DA6F99 
  52      A52E505D 
  52      7065156A 
  52      95CCE2
  53 0163 9A868BCE 		.ascii	"\232\206\213\316\3308\262A\264\216\343\001w1\301\271"
  53      D838B241 
  53      B48EE301 
  53      7731C1B9 
  54 0173 DA87213A 		.ascii	"\332\207!:6m\035\023\013\311#\264\342\216-d5\333{\360"
  54      366D1D13 
  54      0BC923B4 
  54      E28E2D64 
  54      35DB7BF0 
  55 0187 92649002 		.ascii	"\222d\220\002}\212\303c\204Su\006G\010\003GqE\332\353"
  55      7D8AC363 
  55      84537506 
  55      47080347 
  55      7145DAEB 
  56 019b 3062EFA9 		.ascii	"0b\357\251\367\272\313\334\015\320j\266\224[\334F\240"
  56      F7BACBDC 
  56      0DD06AB6 
  56      945BDC46 
  56      A0
ARM GAS  C:\Users\Simone\AppData\Local\Temp\ccINGlEl.s 			page 4


  57 01ac 5B33977B 		.ascii	"[3\227{l\022\033\202\257\300\255*|\2342-'Z\340k\220"
  57      6C121B82 
  57      AFC0AD2A 
  57      7C9C322D 
  57      275AE06B 
  58 01c1 D39899C1 		.ascii	"\323\230\231\3017 \331 \304\262\324\033\245\243\354"
  58      3720D920 
  58      C4B2D41B 
  58      A5A3EC
  59 01d0 E4B906B1 		.ascii	"\344\271\006\261\241\304\376\246^\235\232\230\346\234"
  59      A1C4FEA6 
  59      5E9D9A98 
  59      E69C
  60 01de 6C83C0E9 		.ascii	"l\203\300\351DM\243\005C\032Z\336\036l[\221\217\020"
  60      444DA305 
  60      431A5ADE 
  60      1E6C5B91 
  60      8F10
  61 01f0 68C20A37 		.ascii	"h\302\0127w\364\315,R\022#\245\2712\006\307\220\306"
  61      77F4CD2C 
  61      521223A5 
  61      B93206C7 
  61      90C6
  62 0202 054041B9 		.ascii	"\005@A\271''31\215l\010\2716\3245g#\210\314Ch\206:w"
  62      27273331 
  62      8D6C08B9 
  62      36D43567 
  62      2388CC43 
  63 021a A7442B7C 		.ascii	"\247D+|\0305M\273\305\355\230\032\216\223\034t\205\201"
  63      18354DBB 
  63      C5ED981A 
  63      8E931C74 
  63      8581
  64 022c E6B992E5 		.ascii	"\346\271\222\345Id\"\375\264\305\027\301\011h\205\273"
  64      496422FD 
  64      B4C517C1 
  64      096885BB 
  65 023c 6A3CA10B 		.ascii	"j<\241\013\226c\300\236\256\253;\035\224\316\2011v\006"
  65      9663C09E 
  65      AEAB3B1D 
  65      94CE8131 
  65      7606
  66 024e 27118815 		.ascii	"'\021\210\025G\022#\355\216|\253\222\232(\364\204\200"
  66      471223ED 
  66      8E7CAB92 
  66      9A28F484 
  66      80
  67 025f A633D17E 		.ascii	"\2463\321~)\022\240\210\376\345|\2746?\032\367O\373"
  67      2912A088 
  67      FEE57CBC 
  67      363F1AF7 
  67      4FFB
  68 0271 D3F103E6 		.ascii	"\323\361\003\346\203\\N\315\343\267E'\343\024\335H\262"
  68      835C4ECD 
  68      E3B74527 
  68      E314DD48 
  68      B2
ARM GAS  C:\Users\Simone\AppData\Local\Temp\ccINGlEl.s 			page 5


  69 0282 61888D4D 		.ascii	"a\210\215M\337>\276P\335\354D\373\263\024P\320\221?"
  69      DF3EBE50 
  69      DDEC44FB 
  69      B31450D0 
  69      913F
  70 0294 FEE2C077 		.ascii	"\376\342\300wJ\303\357\351\315\001\326\014\350\036\275"
  70      4AC3EFE9 
  70      CD01D60C 
  70      E81EBD
  71 02a3 35B357B8 		.ascii	"5\263W\270?+\210\350$\304\373\303\263Q\207\022\261\373"
  71      3F2B88E8 
  71      24C4FBC3 
  71      B3518712 
  71      B1FB
  72 02b5 A1881753 		.ascii	"\241\210\027S;4\0221M\"J\364\374\000\022\355\231#=G"
  72      3B341231 
  72      4D224AF4 
  72      FC0012ED 
  72      99233D47 
  73 02c9 6DEEC3FF 		.ascii	"m\356\303\377\234\200l\352P/(\360\217\004\206\323\250"
  73      9C806CEA 
  73      502F28F0 
  73      8F0486D3 
  73      A8
  74 02da F6756848 		.ascii	"\366uhH\217\366\273\362Th\030\364\321\345\246\016\276"
  74      8FF6BBF2 
  74      546818F4 
  74      D1E5A60E 
  74      BE
  75 02eb 75D66C24 		.ascii	"u\326l$\256]S\310\015\203\036\330\212\363\\\302\006"
  75      AE5D53C8 
  75      0D831ED8 
  75      8AF35CC2 
  75      06
  76 02fc 207EB561 		.ascii	" ~\265a\375|\354\350\370\317\227\354D.u\336[\340a\002"
  76      FD7CECE8 
  76      F8CF97EC 
  76      442E75DE 
  76      5BE06102 
  77 0310 218D9502 		.ascii	"!\215\225\002I\276\227\310$\327\025h\375o\032>C\032"
  77      49BE97C8 
  77      24D71568 
  77      FD6F1A3E 
  77      431A
  78 0322 FEA43404 		.ascii	"\376\2444\004\"\364\214\322p\276\245\364\013\026/\235"
  78      22F48CD2 
  78      70BEA5F4 
  78      0B162F9D 
  79 0332 52B7ECC3 		.ascii	"R\267\354\303\236\250\230|T\354\336\377)vv\276X\177"
  79      9EA8987C 
  79      54ECDEFF 
  79      297676BE 
  79      587F
  80 0344 F162F897 		.ascii	"\361b\370\227\012\347\012\3054\365\366\216@4\275\377"
  80      0AE70AC5 
  80      34F5F68E 
  80      4034BDFF 
ARM GAS  C:\Users\Simone\AppData\Local\Temp\ccINGlEl.s 			page 6


  81 0354 9C1A18BA 		.ascii	"\234\032\030\272\3608\302\321\214\274VWUy\360kl\250"
  81      F038C2D1 
  81      8CBC5657 
  81      5579F06B 
  81      6CA8
  82 0366 5D5F1B08 		.ascii	"]_\033\010W\257\252\366\004\302\236P\304\023\014\204"
  82      57AFAAF6 
  82      04C29E50 
  82      C4130C84 
  83 0376 2261CF9A 		.ascii	"\"a\317\232\032\357Zo=z\215@\310\377\332\226\3477U\031"
  83      1AEF5A6F 
  83      3D7A8D40 
  83      C8FFDA96 
  83      E7375519 
  84 038a 4C0FF9C3 		.ascii	"L\017\371\303u\033#+\213\001\375\365\021\317Z\257\357"
  84      751B232B 
  84      8B01FDF5 
  84      11CF5AAF 
  84      EF
  85 039b 159FA776 		.ascii	"\025\237\247v\263\261\261\356\015\277G\001\215M/\327"
  85      B3B1B1EE 
  85      0DBF4701 
  85      8D4D2FD7 
  86 03ab 6D36AA36 		.ascii	"m6\25260iD\352\203%\336\032_\371\322\347\226\225\007"
  86      306944EA 
  86      8325DE1A 
  86      5FF9D2E7 
  86      969507
  87 03be C3410713 		.ascii	"\303A\007\023\253C\2544\022\010\276\372\346\272P\300"
  87      AB43AC34 
  87      1208BEFA 
  87      E6BA50C0 
  88 03ce F0455E37 		.ascii	"\360E^7\336*\361\372j\310\271\014\243\034\214\207\230"
  88      DE2AF1FA 
  88      6AC8B90C 
  88      A31C8C87 
  88      98
  89 03df 0807D9DF 		.ascii	"\010\007\331\337$\265\011\216"
  89      24B5098E 
  90              		.text
  91              		.section	.gnu.lto__port_irq_epilogue.ce13b771,"",%progbits
  92 0000 789C9553 		.ascii	"x\234\225S[KTQ\024\336k\2373\3438\016%=\210\370\320"
  92      5B4B5451 
  92      14DE6B9F 
  92      33E3380E 
  92      253D88F8 
  93 0015 0C485450 		.ascii	"\014HTPNB\344K !\004=\370\242? l\032HPG\306\013\366"
  93      4E42E44B 
  93      2021043D 
  93      F8A23F20 
  93      6C1A4850 
  94 002d 20EED131 		.ascii	" \356\3211{H\221.6\026\336J\313\262\274vs\262\264\233"
  94      7B48912E 
  94      3616DE4A 
  94      CBB2BC76 
  94      73B2B49B 
  95 0041 89A41959 		.ascii	"\211\244\031Y\241F\216\246\221d\240\216\225\223\324"
ARM GAS  C:\Users\Simone\AppData\Local\Temp\ccINGlEl.s 			page 7


  95      A1468EA6 
  95      9164A08E 
  95      9593D4
  96 0050 B4D69E29 		.ascii	"\264\326\236)\322\014j8s\3669{\255o}k\177\353;\012\373"
  96      D20C6A38 
  96      73F6397B 
  96      AD6F7D6B 
  96      7FEB3B0A 
  97 0065 F3B71BFF 		.ascii	"\363\267\033\377[T\306\356\341\012Z\006\274|\2201\207"
  97      5B54C6EE 
  97      E10A5A06 
  97      BC7C9031 
  97      87
  98 0076 8E736538 		.ascii	"\216se8\202\011\275\332\025\307\204A\001\015m\203\032"
  98      8209BDDA 
  98      15C78441 
  98      010D6D83 
  98      1A
  99 0087 581D3A0D 		.ascii	"X\035:\015\000=0`\005\\Q5P\0003|\236CyO\223+ls\203\020"
  99      003D3060 
  99      055C5135 
  99      5000337C 
  99      9E43794F 
 100 00a1 62EE5C77 		.ascii	"b\356\\wdq\244\2173\346\345\001\"\270\010\233\031\346"
 100      6471A48F 
 100      33E6E501 
 100      22B8089B 
 100      19E6
 101 00b3 CC3BBFBD 		.ascii	"\314;\277\275\012\323:1'<\020\203F\320\002\256-\033"
 101      0AD33A31 
 101      273C1083 
 101      46D002AE 
 101      2D1B
 102 00c5 7A84DFFF 		.ascii	"z\204\337\377\266fvD\325)\314\307A\245\033cS\230Dd\323"
 102      B6667644 
 102      D529CCC7 
 102      41A51B63 
 102      53984464 
 103 00da 9CD3AABC 		.ascii	"\234\323\252\274\204\302p*\344m\022'\025e'\320sg\363"
 103      84C2702A 
 103      E46D1227 
 103      156527D0 
 103      7367F3
 104 00ed E240D87B 		.ascii	"\342@\330{\356\343\334D\257\356\343}.-\275**\275~\030"
 104      EEE3DC44 
 104      AFEEE37D 
 104      2E2DBD2A 
 104      2ABD7E18 
 105 0101 AE6BD047 		.ascii	"\256k\320G\327\011Q8\367\265\265:\242R\324\026\226#"
 105      D7095138 
 105      F7B5B53A 
 105      A252D416 
 105      9623
 106 0113 553CF8B8 		.ascii	"U<\370\270\012\227@\3016\3402DA\023D\005U\201+\020\215"
 106      0A9740C1 
 106      36E03244 
 106      41134405 
ARM GAS  C:\Users\Simone\AppData\Local\Temp\ccINGlEl.s 			page 8


 106      55812B10 
 107 0128 C089D24F 		.ascii	"\300\211\322O\035@uT\023\203\253\030\035\203\302\311"
 107      1D407554 
 107      1383AB18 
 107      1D83C2C9 
 108 0138 CE92772E 		.ascii	"\316\222w.\355\212\203x\234\005\362\024^\016+O\350Y"
 108      ED8A8378 
 108      9C05F214 
 108      5E0E2B4F 
 108      E859
 109 014a 6C8867D0 		.ascii	"l\210g\320L\021\2762\3223\264\2218\030\264PPY-\014\264"
 109      4C11BE32 
 109      D233B491 
 109      3818B450 
 109      50592D0C 
 110 015f E22C18B4 		.ascii	"\342,\030\264\2212\300\352\000\303\343\263K'\024c;T"
 110      9132C0EA 
 110      00C3E3B3 
 110      4B271463 
 110      3B54
 111 0171 0997C9C7 		.ascii	"\011\227\311\3075\20485\266\354\320\253(\017\264\203"
 111      35843835 
 111      B6ECD0AB 
 111      280FB483 
 112 0181 91D1CE99 		.ascii	"\221\321\316\231\342\323\225\006\334\201\016\234\025"
 112      E2D39506 
 112      DC810E9C 
 112      15
 113 018e 35CCE01A 		.ascii	"5\314\340\032\250\030\350/\251\375\254\032\257\007\321"
 113      A818E82F 
 113      A9FDAC1A 
 113      AF07D1
 114 019d 5ACA1D9A 		.ascii	"Z\312\035\232\355u\207J\364uB\303\015\024|\024\356\337"
 114      ED75874A 
 114      F47542C3 
 114      0D147C14 
 114      EEDF
 115 01af E89CA9D9 		.ascii	"\350\234\251\331E\247\371\302\025\322n\241l\\O\022\204"
 115      45A7F9C2 
 115      15D26EA1 
 115      6C5C4F12 
 115      84
 116 01c0 88D122B1 		.ascii	"\210\321\"\261\216\200\343SO\237\351\344\226\344l\353"
 116      8E80E353 
 116      4F9FE9E4 
 116      96E46CEB 
 117 01d0 F7F71BAA 		.ascii	"\367\367\033\252\340,\252\251\203\233(\343-\342\305"
 117      E02CAAA9 
 117      839B28E3 
 117      2DE2C5
 118 01df 4099B76F 		.ascii	"@\231\267o\"t{\223pb$\024:\241\012\026\244\027\300\015"
 118      22747B93 
 118      70622414 
 118      3AA10A16 
 118      A417C00D 
 119 01f3 DB91A968 		.ascii	"\333\221\251h\351\3100\017\020\251\001.\217\373I\215"
 119      E9C8300F 
ARM GAS  C:\Users\Simone\AppData\Local\Temp\ccINGlEl.s 			page 9


 119      10A9012E 
 119      8FFB498D 
 120 0203 2C0C24C1 		.ascii	",\014$\301m,\363\002\234#EQ\301$\314p\\\270},Df`\231"
 120      6D2CF302 
 120      9C234551 
 120      C124CC70 
 120      5CB87D2C 
 121 021b AEE0B8A6 		.ascii	"\256\340\270\246Q\277\341\010\3455\024\205S&QW?/k\346"
 121      51BFE108 
 121      E5351485 
 121      53265157 
 121      3F2F6BE6 
 122 022f F9CBE2A8 		.ascii	"\371\313\342\250\320\371\270\336\313\321\340p\007\362"
 122      D0F9B8DE 
 122      CBD1E070 
 122      07F2
 123 023d D1506112 		.ascii	"\321Pa\022\240\262\256\270_F\372\335\036\3455\377d\217"
 123      A0B2AEB8 
 123      5F46FADD 
 123      1EE535FF 
 123      648F
 124 024f BBD21EBF 		.ascii	"\273\322\036\277\204\240\362\335\177\267G}\007\004\375"
 124      84A0F2DD 
 124      7FB7477D 
 124      0704FD
 125 025e A159ED8F 		.ascii	"\241Y\355\217y\364G\017E\264\253\374Qa$\022\006\367"
 125      79F4470F 
 125      45B4ABFC 
 125      51612412 
 125      06F7
 126 0270 D6F6C77D 		.ascii	"\326\366\307}\351\217\007\277\371\243\376\243\307\255"
 126      E98F07BF 
 126      F9A3FEA3 
 126      C7AD
 127 027e FD39FA6E 		.ascii	"\3759\372n9\372\207r\364\253\347\374\010\347L\032h\344"
 127      39FA8772 
 127      F4ABE7FC 
 127      08E74C1A 
 127      68E4
 128 0290 D7F4061C 		.ascii	"\327\364\006\034\236\351\366\255\230W\361b@\247\334"
 128      9EE9F6AD 
 128      9857F162 
 128      40A7DC
 129 029f 0169E1D2 		.ascii	"\001i\341\322W\223\236\365R\022\317\367\363\203\006"
 129      57939EF5 
 129      5212CFF7 
 129      F38306
 130 02ae D1279C1E 		.ascii	"\321'\234\036\277\337\350\343\006\350]K\220\225\355"
 130      BFDFE8E3 
 130      06E85D4B 
 130      9095ED
 131 02bd C163EABC 		.ascii	"\301c\352\274Q\266\330Gw\372\210\201\350\260\213\330"
 131      51B6D847 
 131      77FA8881 
 131      E8B08BD8 
 132 02cd 9818335E 		.ascii	"\230\0303^\226C\251\007RmY\261\273b\315\266,\263=\333"
 132      9643A907 
ARM GAS  C:\Users\Simone\AppData\Local\Temp\ccINGlEl.s 			page 10


 132      526D59B1 
 132      BB62CDB6 
 132      2CB33DDB 
 133 02e1 9C69B367 		.ascii	"\234i\263gg\231\367$%&$\346a\324b\263[\367\347\306\245"
 133      6799F724 
 133      252624E6 
 133      61D462B3 
 133      5BF7E7C6 
 134 02f6 C7589826 		.ascii	"\307X\230&7%-\307\372\277\270Cl\347Z\010k^\2669!1y_"
 134      37252DC7 
 134      FABFB843 
 134      6CE75A08 
 134      6B5EB639 
 135 030e B23935C3 		.ascii	"\26295\303\222\226s\320j\226\010K\372\336\234\014\013"
 135      929673D0 
 135      6A96084B 
 135      FADE9C0C 
 135      0B
 136 031f 82C21393 		.ascii	"\202\302\023\223\223L\007R\262\254\231\366\324m\246"
 136      934C0752 
 136      B2AC99F6 
 136      D46DA6
 137 032e 4D3B18B7 		.ascii	"M;\030\267\263\220tk\272\315~\230\251\226\354\274\314"
 137      B390746B 
 137      BACD7E98 
 137      A996ECBC 
 137      CC
 138 033f 1F30BDB3 		.ascii	"\0370\275\263\240"
 138      A0
 139              		.text
 140              		.section	.gnu.lto_SVC_Handler.ce13b771,"",%progbits
 141 0000 789C9593 		.ascii	"x\234\225\223\357OSW\030\307\237\347\234\303m\205\211"
 141      EF4F5357 
 141      18C79FE7 
 141      9CC36D85 
 141      89
 142 0011 C497BC69 		.ascii	"\304\227\274i\023b|c\270\222\030\215/\026cLL|\321h\350"
 142      13627C63 
 142      B892188D 
 142      2F16634C 
 142      4C7CD168 
 143 0026 1FB0E05D 		.ascii	"\037\260\340]\035\235`\233\333\326\340+o[\240.f\212"
 143      1D9D609B 
 143      DBD6E02B 
 143      6F5BA02E 
 143      668A
 144 0038 BF583531 		.ascii	"\277X51\316\004\242\256N\321m:\321iUD\374\011sS\227"
 144      CE04A2AE 
 144      4ED16D3A 
 144      D1695544 
 144      FC097353 
 145 004d A1788748 		.ascii	"\241x\207H\246b\004\361Wc\244\236\347\264\032\213$\313"
 145      A66204F1 
 145      5763A49E 
 145      E7B41A8B 
 145      24CB
 146 005f 9ADBFBE3 		.ascii	"\232\333\373\343\371\361}\236\347s\316\341\360\351\257"
ARM GAS  C:\Users\Simone\AppData\Local\Temp\ccINGlEl.s 			page 11


 146      F9F17D9E 
 146      E773CEE1 
 146      F0E9AF
 147 006e 5CFEC302 		.ascii	"\\\376\303\002\340\215|\"\007d-\327\001\242N\206H/\200"
 147      E08D7C22 
 147      07642DD7 
 147      01A24E86 
 147      482F80
 148 0081 B09EE17A 		.ascii	"\260\236\341z|\310\306\030\266\244S\311\222\331\355"
 148      7CC8C618 
 148      B6A453C9 
 148      92D9ED
 149 0090 96658D0E 		.ascii	"\226e\215\016\366FW\2441\303\000\306YN\007\367\341l"
 149      F64657A4 
 149      31C300C6 
 149      594E07F7 
 149      E16C
 150 00a2 9041AD37 		.ascii	"\220A\2557\2579\371<\244\327\023\207\236_+\371\227e"
 150      AF39F93C 
 150      A4D71387 
 150      9E5F2BF9 
 150      9765
 151 00b4 18BAE9B3 		.ascii	"\030\272\351\263skOR\243O&\350\363\333\333\203\366\214"
 151      736B4F52 
 151      A34F26E8 
 151      F3DBDB83 
 151      F68C
 152 00c6 8ABD9615 		.ascii	"\212\275\226\025\2637\334\277\362\231\325c5\332\331"
 152      B337DCBF 
 152      F299D563 
 152      35DAD9
 153 00d5 AC2BC338 		.ascii	"\254+\3038\356G.e\361\000\226\343\017X\236oT\246\214"
 153      EE472E65 
 153      F10096E3 
 153      0F589E6F 
 153      54A68C
 154 00e8 35BEBD5D 		.ascii	"5\276\275]\2425\312\006\3120\205\025\271\332x\0205\004"
 154      A235CA06 
 154      CA308515 
 154      B9DA7810 
 154      3504
 155 00fa 60649131 		.ascii	"`d\2211\007\356\274H\227\362\205\252\201\177\236=}\202"
 155      07EEBC48 
 155      97F285AA 
 155      817F9E3D 
 155      7D82
 156 010c AAC4E886 		.ascii	"\252\304\350\206\370\361\325[\343V[Kl4\273H\026\021"
 156      F8F1D55B 
 156      E3565B4B 
 156      6C34BB48 
 156      1611
 157 011e F8E35445 		.ascii	"\370\343TE\360\020V\034\236\231\266\262\331\223c\211"
 157      F010561C 
 157      9E99B6B2 
 157      D9936389 
 158 012e 84BE8B39 		.ascii	"\204\276\2139d\210\024\346\352. \303\2124\025\0040$"
 158      648814E6 
ARM GAS  C:\Users\Simone\AppData\Local\Temp\ccINGlEl.s 			page 12


 158      EA2E20C3 
 158      8A341504 
 158      3024
 159 0140 8B13A207 		.ascii	"\213\023\242\007\214\321\223\367ctpK\363\323\371\005"
 159      8CD193F7 
 159      6374704B 
 159      F3D3F905 
 160 0150 7DDA4DC3 		.ascii	"}\332M\303i\241Z\034g8y\004\222\301\303\250\311\262"
 160      69A15A1C 
 160      67387904 
 160      92C1C3A8 
 160      C9B2
 161 0162 1DF22E87 		.ascii	"\035\362.\207\210\310\210m\2476\237\231\341\212\343"
 161      88C8886D 
 161      A7369F99 
 161      E18AE3
 162 0171 6E2BE9CE 		.ascii	"n+\351\3160\215\222F^\377\321\345\020\262\036\036A\227"
 162      308D9246 
 162      5EFFD1E5 
 162      10B21E1E 
 162      4197
 163 0183 22B1A7C3 		.ascii	"\"\261\247\303\312\224H\013\036E\361\212\221\302O(\340"
 163      CA94480B 
 163      1E45F18A 
 163      91C24F28 
 163      E0
 164 0194 16C66C6A 		.ascii	"\026\306lj\201\344H\235<\177c\354\257\304w\311\270F"
 164      81E4489D 
 164      3C7F63EC 
 164      AFC477C9 
 164      B846
 165 01a6 4DBC628C 		.ascii	"M\274b\214l\267\220)j)\012a2$\236l\036\336Y\232\213"
 165      6CB79029 
 165      6A290A61 
 165      32249E6C 
 165      1EDE599A 
 166 01bb E0D2F4F1 		.ascii	"\340\322\364\361\34217\340\317\022PA\022'\335\201\304"
 166      E23137E0 
 166      CF125041 
 166      1227DD81 
 166      C4
 167 01cc C4CEBCAC 		.ascii	"\304\316\274\254 S>B&o\272\030\275,x\002\325\310w\257"
 167      20533E42 
 167      266FBA18 
 167      BD2C7802 
 167      D5C877AF 
 168 01e0 36FA73EB 		.ascii	"6\372s\353<qP\373\260\312\002\177\231r\001\216\221\274"
 168      3C7150FB 
 168      B0CA027F 
 168      9972018E 
 168      91BC
 169 01f2 807E8C0D 		.ascii	"\200~\214\015n\351~;\211\346\320W\344\317\363d\223x"
 169      6EE97E3B 
 169      89E6D057 
 169      E4CFF364 
 169      9378
 170 0204 021E572C 		.ascii	"\002\036W,\177\245\375\200\320\212\322}o\344\3656\356"
ARM GAS  C:\Users\Simone\AppData\Local\Temp\ccINGlEl.s 			page 13


 170      7FA5FD80 
 170      D08AD27D 
 170      6FE4F536 
 170      EE
 171 0215 6ACBC374 		.ascii	"j\313\303tP\306\216\3767\321b\005\363\304{\230}\035"
 171      50C68EFE 
 171      37D16205 
 171      F3C47B98 
 171      7D1D
 172 0227 DF1411CC 		.ascii	"\337\024\021\314N\202)\317\002\236D!\355\327\217t\035"
 172      4E8229CF 
 172      029E4421 
 172      EDD78F74 
 172      1D
 173 0238 75B8F67D 		.ascii	"u\270\366}\274\022vG\373\005T\311\247(\031\177\313Q"
 173      BC127647 
 173      FB0554C9 
 173      A728197F 
 173      CB51
 174 024a 2F23DF78 		.ascii	"/#\337x\312\332\316y*7\364\343?\367\266\027\347\266"
 174      CADACE79 
 174      2A37F4E3 
 174      3FF7B617 
 174      E7B6
 175 025c DEC3A667 		.ascii	"\336\303\246g\006m=\353\303\326;=\345\344g\324\376\275"
 175      066D3DEB 
 175      C3D63B3D 
 175      E5E467D4 
 175      FEBD
 176 026e 37D4FBBB 		.ascii	"7\324\373\273\223\270S\037i\351U$\232\207\223Z!\212"
 176      93B8531F 
 176      69E95524 
 176      9A87935A 
 176      218A
 177 0280 AEAFF318 		.ascii	"\256\257\363\030x!\006\373\306\306\011\007\340Yr\211"
 177      782106FB 
 177      C6C60907 
 177      E0597289 
 178 0290 4257BAD5 		.ascii	"BW\272\325EE\000\317\221\263\350\023|\347\025\276\256"
 178      454500CF 
 178      91B3E813 
 178      7CE715BE 
 178      AE
 179 02a1 1CBEFBFF 		.ascii	"\034\276\373\377\211\357B\036_\333\023\273S#|\335(T"
 179      89EF421E 
 179      5FDB13BB 
 179      53237CDD 
 179      2854
 180 02b3 C7801715 		.ascii	"\307\200\027\025\277\313\211\357_\012\327\363|\266\223"
 180      BFCB89EF 
 180      5F0AD7F3 
 180      7CB693
 181 02c2 62FB46BA 		.ascii	"b\373F\272;\247\251\354\036\305\357\222\3447\200Q\373"
 181      3BA7A9EC 
 181      1EC5EF92 
 181      E4378051 
 181      FB
ARM GAS  C:\Users\Simone\AppData\Local\Temp\ccINGlEl.s 			page 14


 182 02d3 C123274D 		.ascii	"\301#'MC\034\206\344A\221\347I\306TUV\352\3622j\375"
 182      431C86E4 
 182      4191E749 
 182      C6545556 
 182      EAF2326A 
 183 02e8 2BFD8150 		.ascii	"+\375\201P\325\374*=\020\322\315\260\036\014\230\341"
 183      D5FC2A3D 
 183      10D2CDB0 
 183      1E0C98E1 
 184 02f8 90BEB8DA 		.ascii	"\220\276\270\332\263\304\323 \275F\300\364}\261vA}\245"
 184      B3C4D320 
 184      BD46C0F4 
 184      7DB17641 
 184      7DA5
 185 030a 01C20837 		.ascii	"\001\302\0107\0045\323\027\212\324\205\347M\225\355"
 185      0435D317 
 185      8AD485E7 
 185      4D95ED
 186 0319 6B08EB4B 		.ascii	"k\010\353K<\336e^\335\277\306\250\213|\351\323U\266"
 186      3CDE655E 
 186      DDBFC6A8 
 186      8B7CE9D3 
 186      55B6
 187 032b 51BF34B2 		.ascii	"Q\2774\262\306\250\254\205\351\236j\257{\326\3349\356"
 187      C6A8AC85 
 187      E99E6AAF 
 187      7BD6DC39 
 187      EE
 188 033c 6028580C 		.ascii	"`(X\014\374s\023J\303\201\340\362U+\314\200\341\015"
 188      FC73134A 
 188      C381E0F2 
 188      552BCC80 
 188      E10D
 189 034e D718ABA7 		.ascii	"\327\030\253\247{\274\325\344\234#\243\212\201\231\300"
 189      7BBCD5E4 
 189      9C23A38A 
 189      8199C0
 190 035d 4341285A 		.ascii	"CA(Z[S\027\361\375\337vk\241\214\304V\326\204|A\323"
 190      5B5317F1 
 190      FDDF766B 
 190      A18CC456 
 190      D6847C41 
 191 0372 4F82E0A8 		.ascii	"O\202\340\250\367\325\007\314u\360\016\331r\322\255"
 191      F7D507CC 
 191      75F00ED9 
 191      72D2AD
 192              		.text
 193              		.section	.gnu.lto_.symbol_nodes.ce13b771,"",%progbits
 194 0000 789C6366 		.ascii	"x\234cf``(a\200\002\246_\214\365\014\014\023\31610\324"
 194      60602861 
 194      8002A65F 
 194      8CF50C0C 
 194      13CE3130 
 195 0015 D733CE5D 		.ascii	"\3273\316]\304\301\300\370\205\261\236\021\"\300\320"
 195      C4C1C0F8 
 195      85B19E11 
 195      22C0D0
ARM GAS  C:\Users\Simone\AppData\Local\Temp\ccINGlEl.s 			page 15


 196 0024 D001E47F 		.ascii	"\320\001\344\177e\254gB\3423}b\254g\206j`\230\267\000"
 196      65AC6742 
 196      E2337D62 
 196      AC67866A 
 196      6098B700 
 197 0038 28F091B1 		.ascii	"(\360\221\261\236\005Y\200\3613c=+LG\003\007\0033\003"
 197      9E055980 
 197      F133633D 
 197      2B4C4703 
 197      07033303 
 198 004c 2BC393B6 		.ascii	"+\303\223\2667\362\314\314\014\014\207V\2521\000\000"
 198      37F2CCCC 
 198      0C0C8756 
 198      AA310000 
 199 005c C6542104 		.ascii	"\306T!\004"
 200              		.text
 201              		.section	.gnu.lto_.refs.ce13b771,"",%progbits
 202 0000 789C6366 		.ascii	"x\234cf``\340d\200\000&\006&F^&&>\006\000\001~\0001"
 202      6060E064 
 202      80002606 
 202      26465E26 
 202      263E0600 
 203              		.text
 204              		.section	.gnu.lto_.decls.ce13b771,"",%progbits
 205 0000 789CBD58 		.ascii	"x\234\275XkPTG\026\236\276=\014\3140@J\023\223P[\265"
 205      6B505447 
 205      169EBE3D 
 205      0CCC3040 
 205      4A139350 
 206 0016 E80FCAA4 		.ascii	"\350\017\312\244\022Q\223\315f\267\266*\"\352Jm\271"
 206      125193CD 
 206      66B7B62A 
 206      22EA4A6D 
 206      B9
 207 0027 B243E26E 		.ascii	"\262C\342nm\250\232\220a\"\324\"\340\314\2601\377.\016"
 207      6DA89A90 
 207      6122D422 
 207      E0CCB031 
 207      FF2E0E
 208 003a 2A3E5082 		.ascii	"*>P\202\210\370\000FEy\311\033T\024\001\361\205\002"
 208      88F80046 
 208      4579C91B 
 208      541401F1 
 208      8502
 209 004c 8A2FD020 		.ascii	"\212/\320 0\250\021\">\320\340\0035\314\236\356\276"
 209      30A81122 
 209      3ED0E003 
 209      35CC9EEE 
 209      BE
 210 005d F7CE9D71 		.ascii	"\367\316\235qH\262U[{\213s\347\236\333_\177\347\234"
 210      48B2555B 
 210      7B8B73E7 
 210      9EDB5F7F 
 210      E79C
 211 006f 3EA7FB76 		.ascii	">\247\373v\203\025\012E\032R(\034p\235\236\242P\324"
 211      83150A45 
 211      1A52281C 
ARM GAS  C:\Users\Simone\AppData\Local\Temp\ccINGlEl.s 			page 16


 211      709D9EA2 
 211      50D4
 212 0081 60854209 		.ascii	"`\205B\011\357\"\024\316K\005\262\037\244\002\244\012"
 212      EF2214CE 
 212      4B05B21F 
 212      A402A40A 
 213 0091 A406A40E 		.ascii	"\244\006\244\016\344\250\342\325\213\340\002\204\376"
 213      E4A8E2D5 
 213      8BE00284 
 213      FE
 214 009e FE205A90 		.ascii	"\376 Z\220\023 \003 SA\016\201\014\203\364\203\264\201"
 214      13200320 
 214      53410E81 
 214      0C83F483 
 214      B481
 215 00b0 2C06B90F 		.ascii	",\006\271\017\362\000\344\010\310\010\010\007\322\013"
 215      F200E408 
 215      C8080807 
 215      D20B
 216 00be 724D66FB 		.ascii	"rMf\3731\310s\301\246\350\207\373E\374\362\023lOu\263"
 216      31C873C1 
 216      A6E887FB 
 216      45FCF213 
 216      6C4F75B3 
 217 00d2 4F6C3840 		.ascii	"Ol8@\376\016\261.\001\361\002\371\007H\261\340\033<"
 217      FE0EB12E 
 217      01F102F9 
 217      0748B1E0 
 217      1B3C
 218 00e4 2AC2E1E6 		.ascii	"*\302\341\346-\360\374\023\236\243@\364\210\331\217"
 218      2DF0FC13 
 218      9EA340F4 
 218      88D98F
 219 00f3 865F037A 		.ascii	"\206_\003z\325&\031\007\265[\274\003\202\315\251B\254"
 219      D5261907 
 219      B55BBC03 
 219      82CDA942 
 219      AC
 220 0104 A26D712C 		.ascii	"\242mq,\353d\361\210\274z\017\334\0179T_>\332\341;\304"
 220      EB64F188 
 220      BC7A0FDC 
 220      0F39545F 
 220      3EDAE13B 
 221 0119 217F4D10 		.ascii	"!\177M\020Q\017g\266\346\250@\325j\224D=\362\342\306"
 221      510F67B6 
 221      E6A840D5 
 221      6A94443D 
 221      F2E2C6
 222 012c 65E59B5B 		.ascii	"e\345\233[x\2702\254\374kJ\0241\005\025\242@T\204\002"
 222      78B832AC 
 222      FC6B4A14 
 222      310515A2 
 222      40548402 
 223 0140 21A262F4 		.ascii	"!\242b\364&\334?W2\246\352\312\324\353j\314!\362\274"
 223      26DC3F57 
 223      32A6EACA 
 223      D4EB6ACC 
ARM GAS  C:\Users\Simone\AppData\Local\Temp\ccINGlEl.s 			page 17


 223      21F2BC
 224 0153 2767E0B2 		.ascii	"'g\340\262\346\275\022\350\226\3067\333\261\323\334"
 224      E6BD12E8 
 224      96C637DB 
 224      B1D3DC
 225 0162 DEDD9559 		.ascii	"\336\335\225Y((\217o\256\034i\033]\203\267e\330V\362"
 225      28288F6F 
 225      AE1C691B 
 225      5D83B765 
 225      D856F2
 226 0175 E30E07E2 		.ascii	"\343\016\007\3429\302\206J\020F\245\350=\002&\317\264"
 226      39C2864A 
 226      1046A5E8 
 226      3D0226CF 
 226      B4
 227 0186 17DA8F82 		.ascii	"\027\332\217\202~\321\2252\027Wl\225\373\006}\360g\324"
 227      7ED19532 
 227      17576C95 
 227      FB067DF0 
 227      67D4
 228 0198 9583E76A 		.ascii	"\225\203\347j\037\023\213v~\244\347\370\363\271\337"
 228      1F138B76 
 228      7EA4E7F8 
 228      F3B9DF
 229 01a7 5A330A78 		.ascii	"Z3\012x\273\303\361[\332\007\225\313\014\226\213\006"
 229      BBC3F15B 
 229      DA0795CB 
 229      0C968B06 
 230 01b7 2BA8C1B6 		.ascii	"+\250\301\266\355\331'9\234\213X@\267\356\365i)\213"
 230      EDD92739 
 230      9C8B5840 
 230      B7EEF569 
 230      298B
 231 01c9 6DB87475 		.ascii	"m\270tuP+\337\354p|B\031*e\014\225\"C\025e(\034>\\\242"
 231      502BDFEC 
 231      707C4219 
 231      2A650C95 
 231      22431565 
 232 01e2 C6558C61 		.ascii	"\306U\214aGz~\253\0370\330\204\310y!r\216\262T\313X"
 232      477A7EAB 
 232      1F30D884 
 232      C8792172 
 232      8EB254CB 
 233 01f7 AA45961A 		.ascii	"\252E\226\032\312\2226\334sG\203O0\026{E\361\026o\312"
 233      CA9236DC 
 233      7347834F 
 233      30167B45 
 233      F1166FCA 
 234 020b 621BAFE6 		.ascii	"b\033\257\346\347\244\362/\035\016L\031je\014\265\""
 234      E7A4F22F 
 234      1D0E4C19 
 234      6A650CB5 
 234      22
 235 021c 431D65D8 		.ascii	"C\035e\330\232\335\266\323\033wR\006\345\255\261\276"
 235      9ADDB6D3 
 235      1B775206 
 235      E5ADB1BE 
ARM GAS  C:\Users\Simone\AppData\Local\Temp\ccINGlEl.s 			page 18


 236 022c A7DE2850 		.ascii	"\247\336(P\035\034\230\303\373\240CH\255X\303\363+\371"
 236      1D1C98C3 
 236      FBA04348 
 236      AD58C3F3 
 236      2BF9
 237 023e 919519AF 		.ascii	"\221\225\031\257-W\240\367\002\321;\201\012T\217\202"
 237      2D57A0F7 
 237      02D13B81 
 237      0A548F82 
 238 024e 6993021D 		.ascii	"i\223\002\035\204!>\014C\\@s9\207\274E\007\220\230Q"
 238      84213E0C 
 238      435C4073 
 238      3987BC45 
 238      07909851 
 239 0262 72E5C07B 		.ascii	"r\345\300{F\004\246.5otx\311\263D\360\3164\035qI\323"
 239      4604A62E 
 239      356F7478 
 239      C9B344F0 
 239      CE341D71 
 240 0278 F9FABC11 		.ascii	"\371\372\274\021_\334\305\"+\354\356\351\015`y\032Z"
 240      5FDCC522 
 240      2BECEEE9 
 240      0D60791A 
 240      5A
 241 0289 53AECDA9 		.ascii	"S\256\315\251\346[ht\010\221^\250A\026^\203\030\336"
 241      E65B6874 
 241      08915EA8 
 241      41165E83 
 241      18DE
 242 029b 511A5E53 		.ascii	"Q\032^S\343\263S\032\274\215U\336\2064\373\031\015\336"
 242      E3B3531A 
 242      BC8D55DE 
 242      8634FB19 
 242      0DDE
 243 02ad CD94947D 		.ascii	"\315\224\224}G6xC5O\325P{\375;\306\012\324T%\213Q\000"
 243      47367843 
 243      354FD550 
 243      7BFD3BC6 
 243      0AD45425 
 244 02c4 BCE25A6F 		.ascii	"\274\342Zo\363{\374Q\260\206\2047\322[|c\241\025b<\216"
 244      F37BFC51 
 244      B0868437 
 244      D25B7C63 
 244      A115623C 
 245 02d9 34A849B2 		.ascii	"4\250I\262G{\223+\215\214\023D\245n\365WH1\241\026\030"
 245      477B932B 
 245      8D8C1344 
 245      A56EF557 
 245      4831A116 
 246 02ee AAA91A8A 		.ascii	"\252\251\032\212E\315\360\362\030\274\004\342\223/\033"
 246      45CDF0F2 
 246      18BC04E2 
 246      932F1B
 247 02fd 53BD9026 		.ascii	"S\275\220&\330s\247\223\036:Q\027\366\247gN\341y%:\001"
 247      D873A793 
 247      1E3A5117 
 247      F6A7674E 
ARM GAS  C:\Users\Simone\AppData\Local\Temp\ccINGlEl.s 			page 19


 247      E179253A 
 248 0312 2E343A5D 		.ascii	".4:]\000\217\230\017\244\201L\206\366\342\012\216\316"
 248      008F980F 
 248      A4814C86 
 248      F6E20A8E 
 248      CE
 249 0323 5A9E93CF 		.ascii	"Z\236\223\317b-\233\305\331y\317\273Ux\004\323A\270"
 249      622D9BC5 
 249      D979CFBB 
 249      557804D3 
 249      41B8
 250 0335 F8A89EF7 		.ascii	"\370\250\236\367\306/\251\302\245_\350\037W\242`-5\226"
 250      C62FA9C2 
 250      A55FE81F 
 250      57A2602D 
 250      3596
 251 0347 5E55EB9F 		.ascii	"^U\353\237\317C\362\332\220\026\235qZ[\254e\306\326"
 251      CF43F2DA 
 251      90169D71 
 251      5A5BAC65 
 251      C6D6
 252 0359 397D97CF 		.ascii	"9}\227\3176t\026\274_\254\025\320`!?\263\240\234\303"
 252      367416BC 
 252      5FAC15D0 
 252      60213FB3 
 252      A09CC3
 253 036c 354A6A6E 		.ascii	"5Jjn\344\320\303\001\177|\200)}\325\027N\006\340z\246"
 253      E4D0C301 
 253      7F7C8029 
 253      7DD5174E 
 253      06E07AA6 
 254 0380 146CC9DE 		.ascii	"\024l\311\336\357E\235\364\241\353E\343\266\036_\334"
 254      EF459DF4 
 254      A1EB45E3 
 254      B61E5FDC 
 255 0390 C0DA7EBA 		.ascii	"\300\332~\2728\346\360\303MLi\273\361\354G-\005\276"
 255      38E6F0C3 
 255      4D4C69BB 
 255      F1EC472D 
 255      05BE
 256 03a2 46D49E5D 		.ascii	"F\324\236]\243O\374\361q\326\266\251\255\256\305\007"
 256      A34FFCF1 
 256      71D6B6A9 
 256      ADAEC507 
 257 03b2 9F65CAB6 		.ascii	"\237e\312\266\247\355\247\002(\360-\242\346\334mO\307"
 257      A7EDA702 
 257      28F02DA2 
 257      E6DC6D4F 
 257      C7
 258 03c3 B883B669 		.ascii	"\270\203\266i\306s\367l\365A\323\330\025<y\232\015\202"
 258      C673F76C 
 258      F541D3D8 
 258      153C799A 
 258      0D82
 259 03d5 19E9B9F9 		.ascii	"\031\351\271\371(<\323\312\027\274EC\276\000!\367\243"
 259      283CD3CA 
 259      17BC4543 
ARM GAS  C:\Users\Simone\AppData\Local\Temp\ccINGlEl.s 			page 20


 259      BE0021F7 
 259      A3
 260 03e6 C9CEC02E 		.ascii	"\311\316\300.\322\"}\027n\012\002\267\265\026\252Zg"
 260      D2227D17 
 260      6E0A02B7 
 260      B516AA5A 
 260      67
 261 03f7 5268873B 		.ascii	"Rh\207;t:A\026\"\011\332!A/\273C\257\270\261\266K\320"
 261      743A4116 
 261      2209DA21 
 261      412FBB43 
 261      AFB8B1B6 
 262 040d 4B9E1D90 		.ascii	"K\236\035\220\321\236\221\260\347\334\261\347\335h\233"
 262      D19E91B0 
 262      E7DCB1E7 
 262      DD689B
 263 041c 2468BB47 		.ascii	"$h\273Gg\235\310s\022\262\313\263\257\314\001R#\366"
 263      679DC873 
 263      12B2CBB3 
 263      AFCC0152 
 263      23F6
 264 042e C6352A1E 		.ascii	"\3065*\036\021\214B\234~\354\372\226Nq\236\237cQ\240"
 264      118C429C 
 264      7EECFA96 
 264      4E719E9F 
 264      6351A0
 265 0441 53D0FB34 		.ascii	"S\320\3734\351\335*\320\001\022\365A\221\\G\323\320"
 265      E9DD2AD0 
 265      0112F541 
 265      915C47D3 
 265      D0
 266 0452 55901E10 		.ascii	"U\220\036\020;H7\310w \327@z\3214JD<\262\237-<\253\345"
 266      3B4837C8 
 266      7720D740 
 266      7AD1344A 
 266      443CB29F 
 267 046a 059F3A3D 		.ascii	"\005\237:=\007\312|\202,\337\356\037\314Vi\345\265)"
 267      07CA7C82 
 267      2CDFEE1F 
 267      CC5669E5 
 267      B529
 268 047c 472BD000 		.ascii	"G+\320\000\242\345K~\001\335Z\232\373\005\276HKBysg"
 268      A2E54B7E 
 268      01DD5A9A 
 268      FB05BE48 
 268      4B427973 
 269 0491 E5810014 		.ascii	"\345\201\000\024\034\030\250\021W\263\3330\315n\274"
 269      1C18A811 
 269      57B3DB30 
 269      CD6EBC
 270 04a0 B29A3DFB 		.ascii	"\262\232=\373\2044(\310\372H~\351\024\036\311\344\361"
 270      843428C8 
 270      FA487EE9 
 270      141EC9E4 
 270      F1
 271 04b1 5BD2FA78 		.ascii	"[\322\372x\023\202#M\012\364=\330\275E\247\274T\215"
 271      1382234D 
ARM GAS  C:\Users\Simone\AppData\Local\Temp\ccINGlEl.s 			page 21


 271      0AF43DD8 
 271      BD45A7BC 
 271      548D
 272 04c3 FEAC1A37 		.ascii	"\376\254\0327\226\027\374\310\212\023\023u{\367\367"
 272      9617FCC8 
 272      8A131375 
 272      7BF7F7
 273 04d2 A398AA74 		.ascii	"\243\230\252t\306Vw\365\004h\322\204u\222\004\241\325"
 273      C65677F5 
 273      0468D284 
 273      759204A1 
 273      D5
 274 04e3 C862B843 		.ascii	"\310b\270C\271\247\007\242\037\030u\311\331\254\233"
 274      B9A707A2 
 274      1F1875C9 
 274      D9AC9B
 275 04f2 5E933284 		.ascii	"^\2232\2041\017B\324\361A\200\017Q\3700\232$v\242\212"
 275      310F42D4 
 275      F141800F 
 275      51F8309A 
 275      2476A28A 
 276 0506 6C0EF9B3 		.ascii	"l\016\371\2639\264n}\225\303{b{\367D{\357PsyC\331\333"
 276      39B46E7D 
 276      95C37B62 
 276      7BF7447B 
 276      EF507379 
 277 051d D582399B 		.ascii	"\325\2029\233h\356.b\356(\320}j\356\0363w\237\232k\331"
 277      68EE2E62 
 277      EE28D07D 
 277      6AEE1E33 
 277      779F9A6B 
 278 0532 5C57E2EB 		.ascii	"\\W\342\353\222\024\262h;\015<\020\222\362\200&\245"
 278      9214B268 
 278      3B0D3C10 
 278      92F28026 
 278      A5
 279 0543 2FA7799D 		.ascii	"/\247y\235\322\005]\346\202\036\021\320#\024=6|\376"
 279      D2055DE6 
 279      821E11D0 
 279      23143D36 
 279      7CFE
 280 0555 9E46FE4D 		.ascii	"\236F\376M!\213\243\023\374\320\345\233\262m\343\313"
 280      218BA313 
 280      FCD0E59B 
 280      B26DE3CB 
 281 0565 766FDCCD 		.ascii	"vo\334\315\326\207]?\\\333\244\301\003L\271wz\274\306"
 281      D6875D3F 
 281      5CDBA4C1 
 281      034CB977 
 281      7ABCC6
 282 0578 4BC929D0 		.ascii	"K\311)\320\2174\341\360\346\350\276=]\276l3\322_3\364"
 282      8F34E1F0 
 282      E6E8BE3D 
 282      5DBE6C33 
 282      D25F33F4 
 283 058c D14FD57C 		.ascii	"\321O\325|3\373\344\244\244N%\264\350\221\270&\242Q"
 283      33FBE4A4 
ARM GAS  C:\Users\Simone\AppData\Local\Temp\ccINGlEl.s 			page 22


 283      A44E25B4 
 283      E891B826 
 283      A251
 284 059e A4541095 		.ascii	"\244T\020\225-\302\217\331\207\271\254\262A\015\204"
 284      2DC28FD9 
 284      87B9ACB2 
 284      410D84
 285 05ad 7451260E 		.ascii	"tQ&\016\220\265\252f\374~\300\204\273\224\247\324\325"
 285      90B5AA66 
 285      FC7EC084 
 285      BB94A7D4 
 285      D5
 286 05be 2748F075 		.ascii	"'H\360u\363\001\276\320\007\027xM\340\336\263\364\321"
 286      F301BED0 
 286      0717784D 
 286      E0DEB3F4 
 286      D1
 287 05cf 012D75CF 		.ascii	"\001-u\317>V\326\007\363\203l:\232\370\251J\302\203"
 287      3E56D607 
 287      F3836C3A 
 287      9AF8A94A 
 287      C283
 288 05e1 9E49BE8D 		.ascii	"\236I\276\215\021\337\236\211\276=\247\276\2454\227"
 288      11DF9E89 
 288      BE3DA7BE 
 288      A53497
 289 05f0 5DF2A6E9 		.ascii	"]\362\246\351\377\230P=\335c\037F\264\370\274\211\232"
 289      FF98503D 
 289      DD631F46 
 289      B4F8BC89 
 289      9A
 290 0601 B9EAD021 		.ascii	"\271\352\320!\177\252\252\350\302\\0\222\3557qq\214"
 290      7FAAAAE8 
 290      C25C3092 
 290      ED377171 
 290      8C
 291 0612 8BC5F113 		.ascii	"\213\305\361\023+\306{\326\3412\225{1\276\000\370K\012"
 291      2BC67BD6 
 291      E132957B 
 291      31BE00F8 
 291      4B0A
 292 0624 77D0EA18 		.ascii	"w\320\352\030g\325\341\240\325\321\320\267\366\216\232"
 292      67D5E1A0 
 292      D5D1D0B7 
 292      F68E9A
 293 0633 7A63A74B 		.ascii	"zc\247K\377Y\307\346\024\366%\330@c\257\036L_\035\200"
 293      FF59C7E6 
 293      14F625D8 
 293      4063AF1E 
 293      4C5F1D80 
 294 0647 CBD940AC 		.ascii	"\313\331@\254\263\236)\321\020o\254\340M\332/\1777I"
 294      B39E29D1 
 294      106FACE0 
 294      4DDA2F7F 
 294      3749
 295 0659 22CF97B7 		.ascii	"\"\317\227\267\004\340\203\302@\266\024\254\020\273"
 295      04E083C2 
ARM GAS  C:\Users\Simone\AppData\Local\Temp\ccINGlEl.s 			page 23


 295      40B614AC 
 295      10BB
 296 0667 FF8ACF2E 		.ascii	"\377\212\317.\231+\243\315\225j|\224u\177\374\240\245"
 296      992BA3CD 
 296      956A7C94 
 296      757FFCA0 
 296      A5
 297 0678 D707B730 		.ascii	"\327\007\2670\245\266\335\332\250\302\247\005em]\207"
 297      A5B6DDDA 
 297      A8C2A705 
 297      656D5D87 
 298 0688 0A77085E 		.ascii	"\012w\010^fg\235B\370\202\227\313>c\012\333gll\333~"
 298      66679D42 
 298      F88297CB 
 298      3E630ADB 
 298      676C6CDB 
 299 069d 0C53D541 		.ascii	"\014S\325A\233\267^\270zP\211\257\010\035{\212\241@"
 299      9BB75EB8 
 299      7A5089AF 
 299      081D7B8A 
 299      A140
 300 06af 7BA9C265 		.ascii	"{\251\302e\336\034\335\213\304]\202\353\022\223\301"
 300      DE1CDD8B 
 300      C45D82EB 
 300      1293C1
 301 06be 050301F3 		.ascii	"\005\003\001\363u=\027\2106p\302\026\241\267x\323o\310"
 301      753D1788 
 301      3670C216 
 301      A1B778D3 
 301      6FC8
 302 06d0 166113A7 		.ascii	"\026a\023\247A\0339\351\243=E#n\2629{\367\336\277y&"
 302      411B39E9 
 302      A33D4523 
 302      6EB2397B 
 302      F7DEBF79 
 303 06e5 CD9C8874 		.ascii	"\315\234\210t\177z\333\033\204\364[ Mw\222\202\015i"
 303      7F7ADB1B 
 303      84F45B20 
 303      4D779282 
 303      0D69
 304 06f7 EBDEB521 		.ascii	"\353\336\265!e+f\003\373\313\244\200\257l*]\313\222"
 304      652B6603 
 304      FBCBA480 
 304      AF6C2A5D 
 304      CB92
 305 0709 FE052DC1 		.ascii	"\376\005-\301U#k54\347Z\242\016f\024U\260o\274/=w<\314"
 305      55236B35 
 305      34E75AA2 
 305      0E661455 
 305      B06FBC2F 
 306 0721 FBB912DC 		.ascii	"\373\271\022\334\312\011%\230\315\270s;\273w\370\311"
 306      CA092598 
 306      CDB8733B 
 306      BB77F8C9 
 307 0731 4B90F89D 		.ascii	"K\220\370\235\005\266\267p\004\236\303M\022;\021t\343"
 307      05B6B770 
 307      049EC34D 
ARM GAS  C:\Users\Simone\AppData\Local\Temp\ccINGlEl.s 			page 24


 307      123B1174 
 307      E3
 308 0742 8BBE8BBE 		.ascii	"\213\276\213\276r\364\346\237C7\215>r\370\342A\226\255"
 308      72F4E69F 
 308      43378D3E 
 308      72F8E241 
 308      96AD
 309 0754 CE53C761 		.ascii	"\316S\307a\2232\314\2244\336Z\246\301\017\231Rt\343"
 309      9332CC94 
 309      34DE5AA6 
 309      C10F9952 
 309      74E3
 310 0766 5CA61F0D 		.ascii	"\\\246\037\015`:\335\366\334\032\336\341\207\237\260"
 310      603ADDF6 
 310      DC1ADEE1 
 310      879FB0
 311 0775 B63BBB8B 		.ascii	"\266;\273\213\256j\361\013\246\364?\355o\361\246\300"
 311      AE6AF10B 
 311      A6F43FED 
 311      6FF1A6C0 
 312 0785 99443DB6 		.ascii	"\231D=\2662\367\200/\346U\264m\360n\346\003%^\315\024"
 312      32F7802F 
 312      E655B46D 
 312      F06EE603 
 312      255ECD14 
 313 0799 71CE6AD9 		.ascii	"q\316j\331\234\315\177\264{\265\017^\317\332\252\367"
 313      9CCD7FB4 
 313      7BB50F5E 
 313      CFDAAAF7 
 314 07a9 EC3DC006 		.ascii	"\354=\300\006s\016\205\346\356\265c\347\002m\241+\320"
 314      730E85E6 
 314      EEB563E7 
 314      026DA12B 
 314      D0
 315 07ba 5E88887D 		.ascii	"^\210\210}+\367q\316\005\032\320g6\347\016\252\344h"
 315      2BF771CE 
 315      051AD067 
 315      36E70EAA 
 315      E468
 316 07cc 2BF733E8 		.ascii	"+\3673\350"
 317 07d0 FA96EE71 		.ascii	"\372\226\356q_\234\341jW\313\354\276\264\3625j\234\305"
 317      5F9CE16A 
 317      57CBECBE 
 317      B4F2356A 
 317      9CC5
 318 07e2 DAEAAB32 		.ascii	"\332\352\2532\306\330*\262\220\250-i\374.-\316am[\032"
 318      C6D82AB2 
 318      90A82D69 
 318      FC2E2DCE 
 318      616D5B1A 
 319 07f6 7666327F 		.ascii	"vf2\177y6Z\273\256\267\343\211\363[.\346w\210\315\310"
 319      79365ABB 
 319      AEB7E389 
 319      F35B2EE6 
 319      7788CDC8 
 320 080a DCE1CE92 		.ascii	"\334\341\316\222\000g\306X|e\3401\333 UP\217\313\305"
 320      0067C658 
ARM GAS  C:\Users\Simone\AppData\Local\Temp\ccINGlEl.s 			page 25


 320      7C65E031 
 320      DB205550 
 320      8FCBC5
 321 081d 8CAD1BAB 		.ascii	"\214\255\033\253j\302r4\211oB\364\203\352\242\035Z\274"
 321      6AC27234 
 321      896F42F4 
 321      83EAA21D 
 321      5ABC
 322 082f 534840E3 		.ascii	"SH@\343]\236\2431D\020\365\304\205\236R\025u\333\306"
 322      5D9EA331 
 322      4410F5C4 
 322      859E5215 
 322      75DBC6
 323 0842 C2683BD4 		.ascii	"\302h;\324\313\212\366u\372\031\276U5\3443q\024ub\024"
 323      CB8AF675 
 323      FA19BE55 
 323      35E43371 
 323      14756214 
 324 0856 452C8AC3 		.ascii	"E,\212\303\273kc\334\203\250\001\267ji\331\035\240n"
 324      BB6B63DC 
 324      83A801B7 
 324      6A69D91D 
 324      A06E
 325 0868 D5896E3D 		.ascii	"\325\211n=yQ:\370J\020\023\242\357v\035_\257\305\273"
 325      79513AF8 
 325      4A1013A2 
 325      EF761D5F 
 325      AFC5BB
 326 087b 5810E24C 		.ascii	"X\020\342L\323\262\231Vpu\323N\214\367\261\266\374\215"
 326      D3B29956 
 326      7075D34E 
 326      8CF7B1B6 
 326      FC8D
 327 088d D563EC40 		.ascii	"\325c\354@\237D\324\325[S;\224\270\222\265\3256\325"
 327      9F44D4D5 
 327      5B533B94 
 327      B892B5D5 
 327      36D5
 328 089f 3C627330 		.ascii	"<bs0\215\350o\226\367\337\256\225\266\314\362k2\354"
 328      8DE86F96 
 328      F7DFAE95 
 328      B6CCF26B 
 328      32EC
 329 08b1 A06D7CAA 		.ascii	"\240m|\252u\344~}\303\237\212\311g\022\243U\340\336"
 329      75E47E7D 
 329      C39F8AC9 
 329      6712A355 
 329      E0DE
 330 08c3 3A58292E 		.ascii	":X).p\023\356_S\255\266\215\025d\253I\260k=c\337\225"
 330      7013EE5F 
 330      53ADB68D 
 330      1564AB49 
 330      B06B3D63 
 331 08d9 A0E512B4 		.ascii	"\240\345\022\264\301\035z\224s\205n\220\240k\334\241"
 331      C11D7A94 
 331      73856E90 
 331      A06BDCA1 
ARM GAS  C:\Users\Simone\AppData\Local\Temp\ccINGlEl.s 			page 26


 332 08e9 2EBBE2AC 		.ascii	".\273\342\254\024[Q\010 \013\271I\250H@\212u\217\212"
 332      145B5108 
 332      200BB949 
 332      A848408A 
 332      758F8A
 333 08fc DD48F325 		.ascii	"\335H\363%\322\002w\322=\234<\254,\253\255\204bI\206"
 333      D20277D2 
 333      3D9C3CAC 
 333      2CABAD84 
 333      624986
 334 090f F6BB634B 		.ascii	"\366\273cK]\260\251)\266\234\220\234\231h\033x\260]"
 334      5DB0A929 
 334      B69C909C 
 334      99681B78 
 334      B05D
 335 0921 808A2B8F 		.ascii	"\200\212+\217\353\301\000X\327I\254\251\356\254\323"
 335      EBC10058 
 335      D749ACA9 
 335      EEACD3
 336 0930 5D91C512 		.ascii	"]\221\305\022\262\304\263}gXyRX\273=\207\345\204\256"
 336      B2C4B37D 
 336      67587952 
 336      58BB3D87 
 336      E584AE
 337 0943 97A0AB3D 		.ascii	"\227\240\253=\332\227\345u\273\004\335\351\016\315\225"
 337      DA97E575 
 337      BB04DDE9 
 337      0ECD95
 338 0952 B3F2BCAD 		.ascii	"\263\362\274\255\214d\000\312\027\035\026\220bQ\243"
 338      8C6400CA 
 338      171D1690 
 338      6251A3
 339 0961 23AEC39A 		.ascii	"#\256\303\232b\333O\240\007\001z\310\035Z\357\346j\272"
 339      62DB4FA0 
 339      07017AC8 
 339      1D5AEFE6 
 339      6ABA
 340 0973 643FCD73 		.ascii	"d?\315s\005\310|\335!a\363<\373*\303\346J\330]\356X"
 340      05C87CDD 
 340      2161F33C 
 340      FB2AC3E6 
 340      4AD85DEE 
 341 0988 9B3B76A7 		.ascii	"\233;v\247\204\315\367\214\245\356\312\017J<\204\223"
 341      84CDF78C 
 341      A5EECA0F 
 341      4A3C8493 
 342 0998 429B089A 		.ascii	"B\233\010\232\234\222.\303\267\363\0247\015\235\001"
 342      9C922EC3 
 342      B7F31437 
 342      0D9D01
 343 09a7 3906D201 		.ascii	"9\006\322\001\322\004\322\010r\022\344\022\310Y\220"
 343      D204D208 
 343      7212E412 
 343      C85990
 344 09b6 73209D20 		.ascii	"s \235 \347AZA\216\203\264\200\234\0069\001r\021\244"
 344      E7415A41 
 344      8E83B480 
ARM GAS  C:\Users\Simone\AppData\Local\Temp\ccINGlEl.s 			page 27


 344      9C063901 
 344      7211A4
 345 09c9 1DA40DA4 		.ascii	"\035\244\015\244\231\023OV0\244\245dH+aH\253\004\037"
 345      99134F56 
 345      30A4A564 
 345      482B6148 
 345      AB041F
 346 09dc C5751155 		.ascii	"\305u\021U\273\015\3516)\234\035\356\341\234v?\025\246"
 346      BB0DE936 
 346      299C1DEE 
 346      E19C763F 
 346      15A6
 347 09ee 55905321 		.ascii	"U\220S!`\334N\205\260\371H\275\226kS\241\340\311\024"
 347      60DC4E85 
 347      B0F948BD 
 347      966B53A1 
 347      E0C914
 348 0a01 5791E883 		.ascii	"W\221\350\203\272\200i\245sKA:\275r\202\024\007\006"
 348      BA8069A5 
 348      734B413A 
 348      BD728214 
 348      0706
 349 0a13 5D81F1F8 		.ascii	"]\201\361\370\177\214\015\254~k\263\256\324\272\036"
 349      7F8C0DAC 
 349      7E6BB3AE 
 349      D4BA1E
 350 0a22 59BA38F9 		.ascii	"Y\2728\3719\262\233c\207\020\370\365xd)v9\262\\\025"
 350      39B29B63 
 350      8710F8F5 
 350      78642976 
 350      39B25C15 
 351 0a36 D057297A 		.ascii	"\320W)z\340\362\225N\015\036b\313lAII\257\206\0353z"
 351      E0F2954E 
 351      0D1E62CB 
 351      6C414949 
 351      AF861D33 
 352 0a4b 6E3E3590 		.ascii	"n>5\220\377?\320\377@\332|\350\261\347\032\347\374\317"
 352      FF3FD0FF 
 352      40DA7CE8 
 352      B1E71AE7 
 352      FCCF
 353 0a5d 163CB35D 		.ascii	"\026<\263]\374w\034\331\305\337\272\374\220\327\340"
 353      FC771CD9 
 353      C5DFBAFC 
 353      90D7E0
 354 0a6c 178C66DF 		.ascii	"\027\214f\337\275\206!5\245\261\345@\252\204\303\000"
 354      BD862135 
 354      A5B1E540 
 354      AA84C300 
 355 0a7c A5E89151 		.ascii	"\245\350\221Q\364\210\024\327)\305\270}\023\257\306"
 355      F48814D7 
 355      29C5B87D 
 355      13AFC6
 356 0a8b ABBC2738 		.ascii	"\253\274'8cX77\217\"\361\010T\264\340\333\212\325\354"
 356      63583737 
 356      8F22F108 
 356      54B4E0DB 
ARM GAS  C:\Users\Simone\AppData\Local\Temp\ccINGlEl.s 			page 28


 356      8AD5EC
 357 0a9e 9881F29B 		.ascii	"\230\201\362\2333\3309\243W\344F}\034\2343zE\372~J\277"
 357      33D839A3 
 357      57E4467D 
 357      1C9C337A 
 357      45FA7E4A 
 358 0ab3 F5FC9949 		.ascii	"\365\374\231Ix3c\267]\277\370\027!\314\343\343\257\204"
 358      783363B7 
 358      5DBFF817 
 358      21CCE3E3 
 358      AF84
 359 0ac5 6997F968 		.ascii	"i\227\371h\027I\006(I^g\357\017J\\\304X\306\255\235"
 359      17490628 
 359      495E67EF 
 359      0F4A5CC4 
 359      58C6AD9D 
 360 0ad9 FD5E2CCC 		.ascii	"\375^,\314V\2670o\310(n\210\0247\271 \305\333\372\244"
 360      56B7306F 
 360      C8286E88 
 360      1437B920 
 360      C5DBFAA4 
 361 0aed 4493451F 		.ascii	"D\223E\037gZ\2567&\305\305'.M6\316H\2126Yf\314T\375"
 361      675AAE37 
 361      26C5C527 
 361      2E4D36CE 
 361      488A3659 
 362 0b05 F9AF9F05 		.ascii	"\371\257\237\005\205)f\315\230\021\002\177\206\330\270"
 362      852966CD 
 362      9811027F 
 362      86D8B8
 363 0b14 2FE312CD 		.ascii	"/\343\022\315\263>\232\025\222h\0161YBH7sH\250nQ\330"
 363      B33E9A15 
 363      92680E31 
 363      59424837 
 363      7348A86E 
 364 0b2a A215D06A 		.ascii	"\242\025\320jH4\031\365\377\376\375\262\031\006\305"
 364      483419F5 
 364      FFFEFDB2 
 364      1906C5
 365 0b39 1B8CD2FC 		.ascii	"\033\214\322\374u\234\305\020\253\377\312\224\270L\037"
 365      759CC510 
 365      ABFFCA94 
 365      B84C1F
 366 0b48 6736FDB7 		.ascii	"g6\375\267<\261\212\311\214\307\270\"\316\"\261Lz\325"
 366      3CB18AC9 
 366      8CC7B822 
 366      CE22B14C 
 366      7AD5
 367 0b5a 5DDFC825 		.ascii	"]\337\310%a\372\205\321\0111\361F\223\227~nbb\374\333"
 367      61FA85D1 
 367      0931F146 
 367      93977E6E 
 367      6262FCDB 
 368 0b6e 86D84843 		.ascii	"\206\330HCl\2709\302d4.K\262\304%&\350\214\313\223\343"
 368      6CB839C2 
 368      64342E4B 
 368      B2C42526 
ARM GAS  C:\Users\Simone\AppData\Local\Temp\ccINGlEl.s 			page 29


 368      E88CCB93 
 369 0b83 4CC698E9 		.ascii	"L\306\230\351\0238\021\227`\210O\2161B\203\331\020\033"
 369      13381197 
 369      60884F8E 
 369      314283D9 
 369      101B
 370 0b95 03B67D92 		.ascii	"\003\266}\222\343\022,\037\314\326[4z\275\370\370\225"
 370      E3122C1F 
 370      CCD65B34 
 370      7ABDF8F8 
 370      95
 371 0ba6 E18F51B4 		.ascii	"\341\217Q\264\247\331\222\034\023\227\030e\001S\346"
 371      A7D9921C 
 371      13971865 
 371      0153E6
 372 0bb5 A8A509C9 		.ascii	"\250\245\011\311A\364)(\332\264,\310\270\354KcL\214"
 372      41F42928 
 372      DAB42CC8 
 372      B8EC4B63 
 372      4C8C
 373 0bc7 3126EAC3 		.ascii	"1&\352\303\031\177\010\232=s\326\357\226\177\020\005"
 373      197F089A 
 373      3D73D6EF 
 373      967F1005 
 374 0bd7 EFDF4F48 		.ascii	"\357\337OHL0\276o\214\3762.J0\025\265,\032\270\022\214"
 374      4C30BE6F 
 374      8CFE322E 
 374      4A3015B5 
 374      2C1AB812 
 375 0bec 51FA18E3 		.ascii	"Q\372\030\343W\321\311\361\026\275\345\233$\243\031"
 375      57D1C9F1 
 375      16BDE59B 
 375      24A319
 376 0bfb 4C7FFE3F 		.ascii	"L\177\376?5c\376\306\034\2457[b \006\340\366\025F\324"
 376      3563FEC6 
 376      1CA5375B 
 376      622006E0 
 376      F61546D4 
 377 0c0f 62B0ACF0 		.ascii	"b\260\254\3601\031\227B\037\275\345\375_\237\031\240"
 377      31199742 
 377      1FBDE5FD 
 377      5F9F19A0 
 378 0c1f E04C3339 		.ascii	"\340L39\323,\3164\2333}\200M\263f\253\342MzKl\014\227"
 378      D32CCE34 
 378      9B337D80 
 378      4DB366AB 
 378      E24D7A4B 
 379 0c36 6450AE48 		.ascii	"dP\256H2\233\224\206\330h\223Z\257_j\264\350#\"#\374"
 379      329B9486 
 379      D868935A 
 379      AF5F6AB4 
 379      E8232223 
 380 0c4b A2E3BF8E 		.ascii	"\242\343\277\216\376\306\254\217K\210\207`?\364d\011"
 380      FEC6AC8F 
 380      4B888760 
 380      3FF46409 
 381 0c5b BC09095B 		.ascii	"\274\011\011[\024\031\036\351\314\002\251\001\303\262"
ARM GAS  C:\Users\Simone\AppData\Local\Temp\ccINGlEl.s 			page 30


 381      14191EE9 
 381      CC02A901 
 381      C3B2
 382 0c69 05C90906 		.ascii	"\005\311\011\0060\010dfF\346\023\0316W\377)\014\223"
 382      30086466 
 382      46E61319 
 382      3657FF29 
 382      0C93
 383 0c7b 5758C467 		.ascii	"WX\304g\341\363\224\341a\221:\345\222O\027\353\274B"
 383      E1F394E1 
 383      61913AE5 
 383      924F17EB 
 383      BC42
 384 0c8d C375613A 		.ascii	"\303ua:\034\011\022\026\246\363&\011\373XoQ\263\324"
 384      1C091216 
 384      A6F32609 
 384      FB586F51 
 384      B3D4
 385 0c9f C1138E5C 		.ascii	"\301\023\216\\\030\341\025\271\220\300\303\026\300m"
 385      18E115B9 
 385      90C0C316 
 385      C06D
 386 0cad 21B9CD83 		.ascii	"!\271\315\203\233\327\242E\013Bu\312\271\344\026\012"
 386      9BD7A245 
 386      0B4275CA 
 386      B9E4160A 
 387 0cbd 3A8E58A0 		.ascii	":\216X\240\303\363@B\347\351\224\320\246S\206G\206\352"
 387      C3F34042 
 387      E7E994D0 
 387      A6538647 
 387      86EA
 388 0ccf D4BAF991 		.ascii	"\324\272\371\221\363uK\346\317\233\011\206C\303t\036"
 388      F3754BE6 
 388      CF9B0986 
 388      43C3741E 
 389 0cdf 4B79C230 		.ascii	"Ky\3020>\204\030&\321q\217O4\374K\252d\265\364\312\217"
 389      3E841826 
 389      D1718F4F 
 389      34FC4BAA 
 389      64B5F4CA 
 390 0cf4 05383734 		.ascii	"\005874r~\204.\374u\372>9\301\005\354+{\371\037#\316"
 390      727E842E 
 390      FC75FA3E 
 390      39C105EC 
 390      2B7BF91F 
 391 0d0a 02E7     		.ascii	"\002\347"
 392              		.text
 393              		.section	.gnu.lto_.symtab.ce13b771,"",%progbits
 394 0000 5F706F72 		.ascii	"_port_irq_epilogue\000\000\000\000\000\000\000\000\000"
 394      745F6972 
 394      715F6570 
 394      696C6F67 
 394      75650000 
 395 001b 000000B3 		.ascii	"\000\000\000\263\000\000\000SVC_Handler\000\000\000"
 395      00000053 
 395      56435F48 
 395      616E646C 
ARM GAS  C:\Users\Simone\AppData\Local\Temp\ccINGlEl.s 			page 31


 395      65720000 
 396 0030 00000000 		.ascii	"\000\000\000\000\000\000\000\000\000\265\000\000\000"
 396      00000000 
 396      00B50000 
 396      00
 397 003d 5F706F72 		.ascii	"_port_switch_from_isr\000\000\002\000\000\000\000\000"
 397      745F7377 
 397      69746368 
 397      5F66726F 
 397      6D5F6973 
 398 005a 00000000 		.ascii	"\000\000\000\000\257\000\000\000_port_exit_from_isr"
 398      AF000000 
 398      5F706F72 
 398      745F6578 
 398      69745F66 
 399 0075 00000200 		.ascii	"\000\000\002\000\000\000\000\000\000\000\000\000\261"
 399      00000000 
 399      00000000 
 399      B1
 400 0082 00000063 		.ascii	"\000\000\000chSchIsPreemptionRequired\000\000\002\000"
 400      68536368 
 400      49735072 
 400      65656D70 
 400      74696F6E 
 401 00a2 00000000 		.ascii	"\000\000\000\000\000\000\000\000\275\000\000\000"
 401      00000000 
 401      BD000000 
 402              		.text
 403              		.section	.gnu.lto_.opts,"",%progbits
 404 0000 272D666E 		.ascii	"'-fno-trapv' '-mcpu=cortex-m4' '-mno-thumb-interwor"
 404      6F2D7472 
 404      61707627 
 404      20272D6D 
 404      6370753D 
 405 0033 6B272027 		.ascii	"k' '-mthumb' '-ggdb' '-O2' '-fomit-frame-pointer' '"
 405      2D6D7468 
 405      756D6227 
 405      20272D67 
 405      67646227 
 406 0066 2D66616C 		.ascii	"-falign-functions=16' '-ffunction-sections' '-fdata"
 406      69676E2D 
 406      66756E63 
 406      74696F6E 
 406      733D3136 
 407 0099 2D736563 		.ascii	"-sections' '-fno-common' '-flto'\000"
 407      74696F6E 
 407      73272027 
 407      2D666E6F 
 407      2D636F6D 
 408              		.text
 409              		.comm	__gnu_lto_v1,1,1
 410              		.comm	__gnu_lto_slim,1,1
 411              		.ident	"GCC: (GNU Tools for ARM Embedded Processors) 4.9.3 20150529 (release) [ARM/embedded-4_9-br
ARM GAS  C:\Users\Simone\AppData\Local\Temp\ccINGlEl.s 			page 32


DEFINED SYMBOLS
                            *ABS*:00000000 chcore_v7m.c
                            *COM*:00000001 __gnu_lto_v1
                            *COM*:00000001 __gnu_lto_slim

NO UNDEFINED SYMBOLS
