ARM GAS  C:\Users\Simone\AppData\Local\Temp\ccIuoels.s 			page 1


   1              		.syntax unified
   2              		.cpu cortex-m4
   3              		.fpu softvfp
   4              		.eabi_attribute 20, 1
   5              		.eabi_attribute 21, 1
   6              		.eabi_attribute 23, 3
   7              		.eabi_attribute 24, 1
   8              		.eabi_attribute 25, 1
   9              		.eabi_attribute 26, 1
  10              		.eabi_attribute 30, 2
  11              		.eabi_attribute 34, 1
  12              		.eabi_attribute 18, 4
  13              		.thumb
  14              		.file	"chdebug.c"
  15              		.text
  16              	.Ltext0:
  17              		.section	.gnu.lto_.profile.ce1381dc,"",%progbits
  18 0000 789C6366 		.ascii	"x\234cf```d\200\002\000\000=\000\005"
  18      60606064 
  18      80020000 
  18      3D0005
  19              		.text
  20              		.section	.gnu.lto_.inline.ce1381dc,"",%progbits
  21 0000 789C6366 		.ascii	"x\234cf\300\016\230\340,\000\000\234\000\006"
  21      C00E98E0 
  21      2C00009C 
  21      0006
  22              		.text
  23              		.section	.gnu.lto_.pureconst.ce1381dc,"",%progbits
  24 0000 789C6366 		.ascii	"x\234cf```d\200\002\000\000=\000\005"
  24      60606064 
  24      80020000 
  24      3D0005
  25              		.text
  26              		.section	.gnu.lto_.symbol_nodes.ce1381dc,"",%progbits
  27 0000 789C6366 		.ascii	"x\234cf```b\200\001\000\000L\000\006"
  27      60606062 
  27      80010000 
  27      4C0006
  28              		.text
  29              		.section	.gnu.lto_.refs.ce1381dc,"",%progbits
  30 0000 789C6366 		.ascii	"x\234cf```d\200\002\000\000=\000\005"
  30      60606064 
  30      80020000 
  30      3D0005
  31              		.text
  32              		.section	.gnu.lto_.decls.ce1381dc,"",%progbits
  33 0000 789C6366 		.ascii	"x\234cf``P\001\342\377@\000\244\030\030\2418\200\201"
  33      60605001 
  33      E2FF4000 
  33      A41818A1 
  33      388081
  34 0013 000000D0 		.ascii	"\000\000\000\3208\004v"
  34      380476
  35              		.text
  36              		.section	.gnu.lto_.symtab.ce1381dc,"",%progbits
  37              		.text
ARM GAS  C:\Users\Simone\AppData\Local\Temp\ccIuoels.s 			page 2


  38              		.section	.gnu.lto_.opts,"",%progbits
  39 0000 272D666E 		.ascii	"'-fno-trapv' '-mcpu=cortex-m4' '-mno-thumb-interwor"
  39      6F2D7472 
  39      61707627 
  39      20272D6D 
  39      6370753D 
  40 0033 6B272027 		.ascii	"k' '-mthumb' '-ggdb' '-O2' '-fomit-frame-pointer' '"
  40      2D6D7468 
  40      756D6227 
  40      20272D67 
  40      67646227 
  41 0066 2D66616C 		.ascii	"-falign-functions=16' '-ffunction-sections' '-fdata"
  41      69676E2D 
  41      66756E63 
  41      74696F6E 
  41      733D3136 
  42 0099 2D736563 		.ascii	"-sections' '-fno-common' '-flto'\000"
  42      74696F6E 
  42      73272027 
  42      2D666E6F 
  42      2D636F6D 
  43              		.text
  44              		.comm	__gnu_lto_v1,1,1
  45              		.comm	__gnu_lto_slim,1,1
  46              		.ident	"GCC: (GNU Tools for ARM Embedded Processors) 4.9.3 20150529 (release) [ARM/embedded-4_9-br
ARM GAS  C:\Users\Simone\AppData\Local\Temp\ccIuoels.s 			page 3


DEFINED SYMBOLS
                            *ABS*:00000000 chdebug.c
                            *COM*:00000001 __gnu_lto_v1
                            *COM*:00000001 __gnu_lto_slim

NO UNDEFINED SYMBOLS
