ARM GAS  C:\Users\Simone\AppData\Local\Temp\ccX75os2.s 			page 1


   1              		.syntax unified
   2              		.cpu cortex-m4
   3              		.fpu softvfp
   4              		.eabi_attribute 20, 1
   5              		.eabi_attribute 21, 1
   6              		.eabi_attribute 23, 3
   7              		.eabi_attribute 24, 1
   8              		.eabi_attribute 25, 1
   9              		.eabi_attribute 26, 1
  10              		.eabi_attribute 30, 2
  11              		.eabi_attribute 34, 1
  12              		.eabi_attribute 18, 4
  13              		.thumb
  14              		.file	"chmemcore.c"
  15              		.text
  16              	.Ltext0:
  17              		.section	.gnu.lto_.profile.ce13a044,"",%progbits
  18 0000 789C6366 		.ascii	"x\234cf```a\200\000F\006\025\005\000\000\334\000M"
  18      60606061 
  18      80004606 
  18      15050000 
  18      DC004D
  19              		.text
  20              		.section	.gnu.lto_.jmpfuncs.ce13a044,"",%progbits
  21 0000 789C6366 		.ascii	"x\234cf\300\016\204\2404\013\020\263222\326\263\201"
  21      C00E84A0 
  21      340B10B3 
  21      323232D6 
  21      B381
  22 0012 0876200F 		.ascii	"\010v \017\000\013&\0010"
  22      000B2601 
  22      30
  23              		.text
  24              		.section	.gnu.lto_.inline.ce13a044,"",%progbits
  25 0000 789C6366 		.ascii	"x\234cf\300\016\022\2414\013\003\003+\013#\003\023\313"
  25      C00E12A1 
  25      340B0303 
  25      2B0B2303 
  25      13CB
  26 0012 027906B6 		.ascii	"\002y\006\266\005\362L 1V\006>^FF\006F\006\006f\241"
  26      05F24C20 
  26      3156063E 
  26      5E464606 
  26      46060666 
  27 0027 039D8C10 		.ascii	"\003\235\214\020q\240\002\026\220$\033\003\0177T\222"
  27      71A00216 
  27      90241B03 
  27      0F375492 
  28 0037 6F4116AA 		.ascii	"oA\026\252\034;\003\033+\320,\266\017zp\263\030\000"
  28      1C3B031B 
  28      2BD02CB6 
  28      0F7A70B3 
  28      1800
  29 0049 DFC109D8 		.ascii	"\337\301\011\330"
  30              		.text
  31              		.section	.gnu.lto_.pureconst.ce13a044,"",%progbits
  32 0000 789C6366 		.ascii	"x\234cf``\340d\200\000\026\006\011V+6\011v\026\000\003"
ARM GAS  C:\Users\Simone\AppData\Local\Temp\ccX75os2.s 			page 2


  32      6060E064 
  32      80001606 
  32      09562B36 
  32      09761600 
  33 0015 6B0091   		.ascii	"k\000\221"
  34              		.text
  35              		.section	.gnu.lto__core_init.ce13a044,"",%progbits
  36 0000 789C7552 		.ascii	"x\234uR\317K\033Q\020\236ovM6\004\261x\012\371\007\202"
  36      CF4B1B51 
  36      109E6F76 
  36      4D3604B1 
  36      780AF907 
  37 0015 97845CFA 		.ascii	"\227\204\\\372'\370/x\353\301 \350AR\022O\205\220M\232"
  37      27F82F78 
  37      EBC120E8 
  37      4152124F 
  37      85904D9A 
  38 0029 A227112F 		.ascii	"\242'\021/-\376\002\0211\032\253mS\3535\177AK\351\241"
  38      2DFE0211 
  38      311AAB6D 
  38      53EB357F 
  38      414BE9A1 
  39 003d 25D0B4DA 		.ascii	"%\320\264\332\255(\226j\360\240i\033\326\231]\253\250"
  39      AD28966A 
  39      F0A0691B 
  39      D6995DAB 
  39      A8
  40 004e C9B26FDE 		.ascii	"\311\262o\336{3\337\314\274\357{\317\240\373_T\306\023"
  40      7B33DFCC 
  40      BCEF7BCF 
  40      A0FB5F54 
  40      C613
  41 0060 261A9019 		.ascii	"&\032\220\031\006\201g\336\023\025,\006tA\240<#\217"
  41      068167DE 
  41      13152C06 
  41      7441A03C 
  41      238F
  42 0072 236E3266 		.ascii	"#n2fj\225\027\341\330\252m\333\247\373\325\310\263H"
  42      6A9517E1 
  42      D8AA6DDB 
  42      A7FBD5C8 
  42      B348
  43 0084 4BD2CED8 		.ascii	"K\322\316\330/\2035\304H0\315R\373s8P\022\314\003?\206"
  43      2F8335C4 
  43      4830CD52 
  43      FB733850 
  43      12CC033F 
  44 0099 32029079 		.ascii	"2\002\220y\273\277f\273\356\217\347\377v\3150\250\305"
  44      BBBF66BB 
  44      EE8FE7FF 
  44      76CD30A8 
  44      C5
  45 00aa 6035861A 		.ascii	"`5\206\032S\014\007ue\251\011\351\226\310\221\241G\370"
  45      530C0775 
  45      65A909E9 
  45      96C891A1 
  45      47F8
ARM GAS  C:\Users\Simone\AppData\Local\Temp\ccX75os2.s 			page 3


  46 00bc 291B998D 		.ascii	")\033\231\215:\212\215\311\203\271\307Z\360\\\0321\226"
  46      3A8A8DC9 
  46      83B9C75A 
  46      F05C1A31 
  46      96
  47 00cd 3E4D6F71 		.ascii	">Moq\356\257=e[-6\332\332M\274\337\234\017\037\255C"
  47      EEAF3D65 
  47      5B2D36DA 
  47      DA4DBCDF 
  47      9C0F1FAD 
  48 00e2 168FB72D 		.ascii	"\026\217\267-\027J\013X\304|\301V\224\211u\344\260\201"
  48      174A0B58 
  48      C47CC156 
  48      948975E4 
  48      B081
  49 00f4 A817FBEA 		.ascii	"\250\027\373\352\374\031\222|\315FE@r\332M\344\250\216"
  49      FC19927C 
  49      CD464540 
  49      72DA4DE4 
  49      A88E
  50 0106 A7B301BF 		.ascii	"\247\263\001\277\015\373\235\316W\276\037Ck\"Hx)\331"
  50      0DFB9DCE 
  50      57BE1F43 
  50      6B224878 
  50      29D9
  51 0118 02B9B882 		.ascii	"\002\271\270\202\030\202\022\310\331\301\311\272\351"
  51      188212C8 
  51      D9C1C9BA 
  51      E9
  52 0125 412E5CD7 		.ascii	"A.\\\327\355#ly\260\342\227\311_\360\201\246`\3253\273"
  52      ED236C79 
  52      B0E297C9 
  52      5FF081A6 
  52      60D533BB 
  53 0139 D7AB8EBB 		.ascii	"\327\253\216\273\004z\332\214\333\004z:\020`l\013\201"
  53      047ADA8C 
  53      DB047A3A 
  53      10606C0B 
  53      81
  54 014a 574A00AF 		.ascii	"WJ\000\257\305-e\311S\346\367\334#\277M\260\2032\334"
  54      C52D65C9 
  54      53E6F7DC 
  54      23BF4DB0 
  54      8332DC
  55 015d 518A375D 		.ascii	"Q\2127]\244\250\372R\274\365\245\370\317\323\222\322"
  55      A4A8FA52 
  55      BCF5A5F8 
  55      CFD392D2 
  56 016d 37A49C2B 		.ascii	"7\244\234+R!\011x\244\226\273\221\352t\015\214\235k"
  56      52210978 
  56      A496BB91 
  56      EA740D8C 
  56      9D6B
  57 017f 16EF3C16 		.ascii	"\026\357<\026!j\240Ps\007\265\210\276'G\304\220[\227"
  57      216AA050 
  57      7307B588 
  57      BE2747C4 
ARM GAS  C:\Users\Simone\AppData\Local\Temp\ccX75os2.s 			page 4


  57      905B97
  58 0192 83C7E2F1 		.ascii	"\203\307\342\361\204\374\251\321\261\341\261t6\3710"
  58      84FCA9D1 
  58      B1E1B174 
  58      36F930
  59 01a1 99486713 		.ascii	"\231Hg\023\231\211D6\223\022\347\370\310x*\235\031\211"
  59      99894436 
  59      9312E7F8 
  59      C8782A9D 
  59      1989
  60 01b3 A7E81267 		.ascii	"\247\350\022g@\354e"
  60      40EC65
  61              		.text
  62              		.section	.gnu.lto_chCoreAlloc.ce13a044,"",%progbits
  63 0000 789C9554 		.ascii	"x\234\225T\355OSW\030?\317\271\267\367\226r\005\266"
  63      ED4F5357 
  63      183FCFB9 
  63      B7F79672 
  63      05B6
  64 0012 2CFBC017 		.ascii	",\373\300\027\232\020B\262,\\I\214~\331kL\314\366\201"
  64      9A1042B2 
  64      2C5C498C 
  64      7ED96B4C 
  64      CCF681
  65 0025 2FF2072C 		.ascii	"/\362\007,\3325\241\211X\322\202Q\027\343i-\260-\333"
  65      DA35A189 
  65      58D28251 
  65      17E3692D 
  65      B02DDB
  66 0038 42D0C5BA 		.ascii	"B\320\305\272\371\002A2\230\212/\314M\253\270\316\227"
  66      F9024132 
  66      988A2FCC 
  66      4DABB8CE 
  66      97
  67 0049 F2324194 		.ascii	"\3622A\224\371\022q\265N4.s\023\207\016:_\272\3479\327"
  67      F91271B5 
  67      4E342E73 
  67      13870E3A 
  67      5FBAE739 
  68 005e 36504BE2 		.ascii	"6PK\342n\332{\357y\236\347\367\234\337\375\235\363;"
  68      6EDA7BEF 
  68      799EE7F7 
  68      9CDFFD9D 
  68      F33B
  69 0070 0A7BFE5A 		.ascii	"\012{\376Z\204\377e\032c7\360\0116\006\274e\204\261"
  69      84FF651A 
  69      6337F009 
  69      3606BC65 
  69      84B1
  70 0082 809D73F5 		.ascii	"\200\235s\365\216\316\204C\351\2121&\014\005T+\256\002"
  70      8ECE8443 
  70      E98A3126 
  70      0C05542B 
  70      AE02
  71 0094 D00B03B6 		.ascii	"\320\013\003\266\221+*l\204\337\371}\016G{\036\014\347"
  71      912B2A6C 
  71      84DFF97D 
ARM GAS  C:\Users\Simone\AppData\Local\Temp\ccX75os2.s 			page 5


  71      0E477B1E 
  71      0CE7
  72 00a6 DFE149CE 		.ascii	"\337\341I\316\234\014\207\221\326\201\260FCPi\330\032"
  72      9C0C8791 
  72      D681B046 
  72      435069D8 
  72      1A
  73 00b7 8B4CDACA 		.ascii	"\213L\332\312;\205\010N^8v\315h|/\3119\233\342\014\276"
  73      3B85084E 
  73      5E3876CD 
  73      687C2FC9 
  73      399BE20C 
  74 00cc 8162E882 		.ascii	"\201b\350\202bj\327\015\345X9:\030\030/T^\003B=\270"
  74      626AD70D 
  74      E558393A 
  74      18182F54 
  74      5E03423D 
  75 00e1 77EA8A51 		.ascii	"w\352\212Q\326\201\250h\344\220xGMr\005\276\005e6\016"
  75      D681A868 
  75      E4907847 
  75      4D7205BE 
  75      0565360E 
  76 00f5 430CF640 		.ascii	"C\014\366@\031\225\317t}\322\307\025SBo\236\337\274"
  76      1995CF74 
  76      7DD2C715 
  76      53426F9E 
  76      DFBC
  77 0107 CB286D47 		.ascii	"\313(mGh\"\336\0213\304\200\010%R\251\022\234\026\366"
  77      6822DE11 
  77      33C48008 
  77      2552A912 
  77      9C16F6
  78 011a CEED605D 		.ascii	"\316\355`]\010\271\037zr9_\013\011!\212`\037\224\022"
  78      08B91F7A 
  78      72395F0B 
  78      09218A60 
  78      1F9412
  79 012d 3D64D503 		.ascii	"=d\325\003\032\340\003\363\023'\367\376\345\260Z\376"
  79      1AE003F3 
  79      1327F7FE 
  79      E5B05AFE 
  80 013d 7AD31D0D 		.ascii	"z\323\035\015\265\211\247\251\024\344\340d]\260\037"
  80      B589A7A9 
  80      14E4E064 
  80      5DB01F
  81 014c 4AF7BF1C 		.ascii	"J\367\277\034\025\251T\307\356k}\352K\034\271\252\012"
  81      15A954C7 
  81      EE6B7DEA 
  81      4B1CB9AA 
  81      0A
  82 015d 10594D26 		.ascii	"\020YM&u\014\330\354x\323\362\350\315Ao\371t3\250r\001"
  82      750CD8EC 
  82      78D3F2E8 
  82      CD416FF9 
  82      7433A872 
  83 0172 C50A18E9 		.ascii	"\305\012\030\351\304&\360O\222\337\302\001>\225K\020"
  83      C426F04F 
ARM GAS  C:\Users\Simone\AppData\Local\Temp\ccX75os2.s 			page 6


  83      92DFC201 
  83      3E954B10 
  84 0182 2C22C653 		.ascii	",\"\306S{\304\026E\251\224\037\374\307/\355\235\026"
  84      7BC41645 
  84      A9941FFC 
  84      C72FED9D 
  84      16
  85 0193 BBC97B07 		.ascii	"\273\311{\007v\276\272M\264\005[p\356\267\221\240\016"
  85      76BEBA4D 
  85      B4055B70 
  85      EEB791A0 
  85      0E
  86 01a4 0772123C 		.ascii	"\007r\022<\010\245\010\274\361\371\303^\240\225\322"
  86      08A508BC 
  86      F1F9C35E 
  86      A095D2
  87 01b3 9D0C0E61 		.ascii	"\235\014\016av\034\202\277\3656\337\016ks4I\204\326"
  87      761C82BF 
  87      F536DF0E 
  87      6B733449 
  87      84D6
  88 01c5 4B31A638 		.ascii	"K1\2468\314\025+\361\370\3238n\232^J\361\254T\274\375"
  88      CC152BF1 
  88      F8D3386E 
  88      9A5E4AF1 
  88      AC54BCFD 
  89 01d9 4D9A85C1 		.ascii	"M\232\205\301w\224U\262Tfp\030p\333\301\367$1\260\030"
  89      779455B2 
  89      54667018 
  89      70DBC1F7 
  89      2431B018 
  90 01ed 897CFDEE 		.ascii	"\211|\375\356\314f\245\3442\354\020ag\222\333\011\361"
  90      CC66A5E4 
  90      32EC1061 
  90      6792DB09 
  90      F1
  91 01fe E5F8A380 		.ascii	"\345\370\243\200CE\011\340\007(\221+\365U\343\326m\006"
  91      434509E0 
  91      0728912B 
  91      F555E3D6 
  91      6D06
  92 0210 46E008A8 		.ascii	"F\340\010\250\2222\203\243\240bb\250\271\355\037\265"
  92      923283A3 
  92      A06262A8 
  92      B9ED1FB5 
  93 0220 E4EA3374 		.ascii	"\344\3523t\036\325\216\336\215E\362$:Bh8\206\033R\352"
  93      1ED58EDE 
  93      8D45F224 
  93      3A426838 
  93      861B52EA 
  94 0234 474B308D 		.ascii	"GK0\215\234\256\302\246\326\246\255\3413\332\334]\363"
  94      9CAEC2A6 
  94      D6A6ADE1 
  94      33DADC5D 
  94      F3
  95 0245 59E7FFDD 		.ascii	"Y\347\377\3355\321\261~NM\237\311\244f\357\251\343\224"
  95      35D1B17E 
ARM GAS  C:\Users\Simone\AppData\Local\Temp\ccX75os2.s 			page 7


  95      4E4D9FC9 
  95      A466EFA9 
  95      E394
  96 0257 EA935F7C 		.ascii	"\352\223_|\002\264i\316qv,\231~\334\337XH\372+:\203"
  96      02B469CE 
  96      71762C99 
  96      7EDCDF58 
  96      48FA2B3A 
  97 026c 1FB13512 		.ascii	"\037\2615\022\232i\212u/\264\252\250\020\253\016\007"
  97      9A698A75 
  97      2FB4AAA8 
  97      10AB0E07 
  98 027c 8FFC6B93 		.ascii	"\217\374k\223U3\251T\252\220A\024+/\001\247\"\353K4"
  98      5533A954 
  98      AA904114 
  98      2B2F01A7 
  98      22EB4B34 
  99 0290 04065B0F 		.ascii	"\004\006[\017\016\377m\263\200:\242v\216}\321\3037<"
  99      0EFF6DB3 
  99      803AA276 
  99      8E7DD1C3 
  99      373C
 100 02a2 121F0B7B 		.ascii	"\022\037\013{\222;\236p\213\362\365\211s\347\355\324"
 100      923B9E70 
 100      8BF2F589 
 100      73E7EDD4 
 101 02b2 CB21875D 		.ascii	"\313!\207]\201\320v\330\001_\007\004U\331\340'\330\000"
 101      81D076D8 
 101      015F0704 
 101      55D9E027 
 101      D800
 102 02c4 27A5A8A7 		.ascii	"'\245\250\2470L]\257\350VK;v\225\263\2005\316\3131\005"
 102      304C5DAF 
 102      E8564B3B 
 102      7695B380 
 102      35CECB31 
 103 02d9 E4EC793A 		.ascii	"\344\354y:\323\363LVO\007\266\241O\336\242Y\343|9\215"
 103      D3F34C56 
 103      4F07B6A1 
 103      4FDEA259 
 103      E37C398D 
 104 02ed 834AE2CD 		.ascii	"\203J\342\315oX1\003\303\354\"\204F6\025gD1\344\002"
 104      6F583103 
 104      C3EC2284 
 104      46361567 
 104      4431E402 
 105 0301 DCC205C4 		.ascii	"\334\302\005\304\343\211\034\021\355\033\262\3248Nj"
 105      E3891C11 
 105      ED1BB2D4 
 105      384E6A
 106 0310 C89EE1A6 		.ascii	"\310\236\341\246\247\335\213-\304\002\014\2455\222\354"
 106      A7DD8B2D 
 106      C4020CA5 
 106      3592EC
 107 031f 5F987A2C 		.ascii	"_\230z,C\275\037\303\330IN\253\246\215(W\235\016\011"
 107      43BD1FC3 
 107      D8494EAB 
ARM GAS  C:\Users\Simone\AppData\Local\Temp\ccX75os2.s 			page 8


 107      A68D2857 
 107      9D0E09
 108 0332 3A3258DA 		.ascii	":2X\332\231\263\335\330\262\353\205\3348 \335\230Y\033"
 108      99B3DDD8 
 108      B2EB85DC 
 108      3820DD98 
 108      591B
 109 0344 1D4383F3 		.ascii	"\035C\203\363\273\361t\332\215\266\347L5D[,\313\242"
 109      BBF174DA 
 109      8DB6E74C 
 109      35445B2C 
 109      CBA2
 110 0356 430FD1A2 		.ascii	"C\017\321\242?S\275\226m\321}o\321\324\014\316\346\266"
 110      3F53BD96 
 110      6DD17D6F 
 110      D1D40CCE 
 110      E6B6
 111 0368 E8B0DCB0 		.ascii	"\350\260\334\260#\263,\272\373\317DDK\273oP*sN\272/"
 111      23B32CBA 
 111      FBCF4444 
 111      4BBB6F50 
 111      2A734EBA 
 112 037d DB6AA368 		.ascii	"\333j\243h\2658\004\022\241\217\210\3524/`\3546\024"
 112      B5380412 
 112      A18F88EA 
 112      342F60EC 
 112      3614
 113 038f 4079313F 		.ascii	"@y1?;\366\012\256\207\262\375\242\201g\033\220\224\210"
 113      3BF60AAE 
 113      87B2FDA2 
 113      81671B90 
 113      9488
 114 03a1 2AAFA830 		.ascii	"*\257\2500\361\347\252\361\254\364x\375\225\213+M\257"
 114      F1E7AAF1 
 114      ACF478FD 
 114      958B2B4D 
 114      AF
 115 03b2 DFF4D59B 		.ascii	"\337\364\325\233~\237\013\203\265\356Z\227\327\347\256"
 115      7E9F0B83 
 115      B5EE5A97 
 115      D7E7AE
 116 03c1 7031D5EF 		.ascii	"p1\325\357Y\357\206:\333\232\025\253\032\334\225\363"
 116      59EF863A 
 116      DB9A15AB 
 116      1ADC95F3 
 117 03d1 80EABCBE 		.ascii	"\200\352\274\276z\277\371\356\362\252\245Uk1K\320\017"
 117      7ABFF9EE 
 117      F2AAA555 
 117      6B314BD0 
 117      0F
 118 03e2 D62CA9AD 		.ascii	"\326,\251\255\250a\213r!\334k\353\315\245U\325\357W"
 118      A8618B72 
 118      21DC6BEB 
 118      CDA555D5 
 118      EF57
 119 03f4 9B9ED5AE 		.ascii	"\233\236\325\256U\015\037\272M\211p\325.kX\355B\320"
 119      550D1FBA 
ARM GAS  C:\Users\Simone\AppData\Local\Temp\ccX75os2.s 			page 9


 119      4D8970D5 
 119      2E6B58ED 
 119      42D0
 120 0406 7CDC32D5 		.ascii	"|\3342\3255\376u~\254+\252\252^\356\\\271\302\357\256"
 120      35FE757E 
 120      AC2BAAAA 
 120      5EEE5CB9 
 120      C2EFAE
 121 0419 F3795E77 		.ascii	"\363y^w\226-d\334\307t\244\356\365\255c\377\001\350"
 121      962D64DC 
 121      C774A4EE 
 121      F5AD63FF 
 121      01E8
 122 042b 8F7488   		.ascii	"\217t\210"
 123              		.text
 124              		.section	.gnu.lto_chCoreAllocI.ce13a044,"",%progbits
 125 0000 789C8D52 		.ascii	"x\234\215RMk\023Q\024\275\367\275\231L\232LI\021W\331"
 125      4D6B1351 
 125      14BDF7BD 
 125      994C9A4C 
 125      491157D9 
 126 0014 28941250 		.ascii	"(\224\022PH\254\224\256\\\270\364w\030\002fQ\"\211+"
 126      48AC94AE 
 126      5CB8F477 
 126      18026651 
 126      22892B
 127 0027 A1F4254D 		.ascii	"\241\364%M\243\005\021\211.\012VE\244\230TMm\264~T\012"
 127      A3051189 
 127      2E0A5645 
 127      A498544D 
 127      6DB47E54 
 128 003c 01355669 		.ascii	"\0015Vi\325PZ\213J-\330J\273\262\265\205$j\035\357\235"
 128      D5505A8B 
 128      4A2DD84A 
 128      BBB2B585 
 128      246A1DEF 
 129 0051 A9C18F2E 		.ascii	"\251\301\217.\034f\346\335w8\347\3343\367\215\204\177"
 129      1C66E6DD 
 129      7738E7DC 
 129      33F78D84 
 129      7F
 130 0062 AF0E7A0E 		.ascii	"\257\016z\016J\200\003\264\242\016(\316\275\004H\272"
 130      4A8003B4 
 130      A20E28CE 
 130      BD0448BA 
 131 0072 85D0560C 		.ascii	"\205\320V\014P\036\231+\003(S\242\346\340\032\"\027"
 131      501E992B 
 131      032853A2 
 131      E6E01A22 
 131      17
 132 0083 80D023A4 		.ascii	"\200\320#\244\206=\270*\326\005>,lN{WD]\300^\240\355"
 132      863DB82A 
 132      D6053E2C 
 132      6C4E7B57 
 132      445DC05E 
 133 0099 787672C0 		.ascii	"xvr\300\305[\324x\233-\217\257\351\201!\245Rk\305\312"
 133      C55BD478 
ARM GAS  C:\Users\Simone\AppData\Local\Temp\ccX75os2.s 			page 10


 133      9B2D8FAF 
 133      E98121A5 
 133      526BC5CA 
 134 00ad 7BB3EF48 		.ascii	"{\263\357H]\010\330\020\200\327\321\2179\364\263]\036"
 134      5D08D810 
 134      80D7D18F 
 134      39F4B35D 
 134      1E
 135 00be 03C47CFD 		.ascii	"\003\304|\375<\371\316'\367!\2536??\2367\333\256\221"
 135      3CF9CE27 
 135      F721AB36 
 135      3F3F9E37 
 135      DBAE91
 136 00d1 AAF4A8A8 		.ascii	"\252\364\250\250\016ku!q\030\345\357:\202\000o`\033"
 136      0E6B7521 
 136      7118E5EF 
 136      3A82006F 
 136      601B
 137 00e3 D36BB9FE 		.ascii	"\323k\271\376\011!C\266\364c\345\374\025\263\365*I\027"
 137      092143B6 
 137      F463E5FC 
 137      15B3F52A 
 137      4917
 138 00f5 CF0C954D 		.ascii	"\317\014\225M5\251\322\213\226\265\207\332\342\315?"
 138      35A9D28B 
 138      96B587DA 
 138      E2CD3F
 139 0104 1D9C8B24 		.ascii	"\035\234\213$\353\351\2557^WZ)\325\202\267\260\225\343"
 139      EBE9AD37 
 139      5E575A29 
 139      D582B7B0 
 139      95E3
 140 0116 51AA02BA 		.ascii	"Q\252\002\272\220\326\221]%eY\033O\263\375\373\207\205"
 140      90D6915D 
 140      2565591B 
 140      4FB3FDFB 
 140      8785
 141 0128 0FA92F65 		.ascii	"\017\251/e\341\306\032\225\232ng0\250\324\335\364r5"
 141      E1C61A95 
 141      9A6E6730 
 141      A8D4DDF4 
 141      7235
 142 013a 71E5E1CA 		.ascii	"q\345\341\312\313/\2239\315\214\001,\221+\217o\231\006"
 142      CB2F9339 
 142      CD8C012C 
 142      912B8F6F 
 142      9906
 143 014c 40AB7C8B 		.ascii	"@\253|\213\275\331L9\337\301\215\252B\253\012IQ\252"
 143      BDD94C39 
 143      DFC18DAA 
 143      42AB0A49 
 143      51AA
 144 015e DF9FF5F9 		.ascii	"\337\237\365\371xz\322\000\034\241\220\304\252e\236"
 144      787AD200 
 144      1CA190C4 
 144      AA659E
 145 016d A043D289 		.ascii	"\240C\322\211G\244\261\324\203\257\272M\252Y\226\345"
ARM GAS  C:\Users\Simone\AppData\Local\Temp\ccX75os2.s 			page 11


 145      47A4B1D4 
 145      83AFBA4D 
 145      AA5996E5 
 146 017d 03BC4DC4 		.ascii	"\003\274M\3049\024vd\212CD\322\245\262\243\323_tGh\220"
 146      39147664 
 146      8A4344D2 
 146      A5B2A3D3 
 146      5F744768 
 147 0192 EAF2CCD9 		.ascii	"\352\362\314\331\202\350\376\246N+w]\030[\302\371\366"
 147      82E8FEA6 
 147      4E2B775D 
 147      185BC2F9 
 147      F6
 148 01a3 0F4BAF2A 		.ascii	"\017K\257*n\3662\354m.\231\036\304Kx1\251\230\245\343"
 148      6EF632EC 
 148      6D2E991E 
 148      C44B7831 
 148      A998A5E3 
 149 01b7 28766391 		.ascii	"(vc\221g\205w\010f\327y\303\261t\223\253\335e;[\323"
 149      67857708 
 149      66D779C3 
 149      B17493AB 
 149      DD653B5B 
 150 01cc 0E2D7047 		.ascii	"\016-pG\317\273\015\317\261\277<=d\303_|\301\345\354"
 150      CFBB0DCF 
 150      B1BF3C3D 
 150      64C35F7C 
 150      C1E5EC
 151 01df BD761B0F 		.ascii	"\275v\033\017S\026N\035r0\223`\230\305\364T\257\277"
 151      53164E1D 
 151      72309360 
 151      98C5F454 
 151      AFBF
 152 01f1 01E8F649 		.ascii	"\001\350\366I.\323\037A\177\254\234\303Ti\342\2053\015"
 152      2ED31F41 
 152      7FAC9CC3 
 152      5469E285 
 152      330D
 153 0203 3ACE6DCF 		.ascii	":\316m\317\201\314\217|\247\243h&\350\327\214\354\364"
 153      81CC8F7C 
 153      A7A36826 
 153      E8D78CEC 
 153      F4
 154 0214 FF1DFD5E 		.ascii	"\377\035\375^#\372}\202\311\311n\253\331\347\271\200"
 154      23FA7D82 
 154      C9C96EAB 
 154      D9E7B980 
 155 0224 C916A8B2 		.ascii	"\311\026\250\262\360\023\"\006\374bjf75\222\203\263"
 155      F0132206 
 155      FC626A66 
 155      37359283 
 155      B3
 156 0235 269D3D32 		.ascii	"&\235=2\207f\036\010\006Ct\207\217E\217Fc\211\366\316"
 156      87661E08 
 156      06437487 
 156      8F458F46 
 156      6389F6CE 
ARM GAS  C:\Users\Simone\AppData\Local\Temp\ccX75os2.s 			page 12


 157 0249 F6502C11 		.ascii	"\366P,\021\212\237\010%\342a\002\273\"]\341X<\022\014"
 157      8A9F0825 
 157      E26102BB 
 157      225DE158 
 157      3C120C
 158 025c 8396889E 		.ascii	"\203\226\210\236\214\340\361\237\232\354%\367"
 158      8CE0F19F 
 158      9AEC25F7 
 159              		.text
 160              		.section	.gnu.lto_chCoreGetStatusX.ce13a044,"",%progbits
 161 0000 789C6D4F 		.ascii	"x\234mOMKBQ\020\235\231\373\276\302M\264\224\026\355"
 161      4D4B4251 
 161      109D99FB 
 161      BEC24DB4 
 161      9416ED
 162 0013 A48D0F37 		.ascii	"\244\215\0177\375\236\350!\344B\004m+^M\250ED\210\013"
 162      FD9EE821 
 162      E442046D 
 162      2B5E4DA8 
 162      4544880B 
 163 0027 A34F82C8 		.ascii	"\243O\202\310>TjW\253\226m*\"\350U\013]dP\273\244 $"
 163      3E546A57 
 163      AB966D2A 
 163      22E8550B 
 163      5D6450BB 
 164 003e C4667AD2 		.ascii	"\304fz\322\242\274\334\2179\347\016\347\234Q\360\177"
 164      A2BCDC8F 
 164      39E70EE7 
 164      9C51F07F 
 165 004e 85F95410 		.ascii	"\205\371T\020`\222_T\200\264r\005\220w\010Q\012@\310"
 165      60925F54 
 165      80B47205 
 165      90770851 
 165      0A40C8
 166 0061 11E6F095 		.ascii	"\021\346\360\225:\204\247\365\217\313\320\013u\011&"
 166      3A84A7F5 
 166      8FCBD00B 
 166      750926
 167 0070 80E159E9 		.ascii	"\200\341Y\351\242b\011DC\240\177W\361G\"\273Z\027\336"
 167      A2620944 
 167      43A07F57 
 167      F14722BB 
 167      5A17DE
 168 0083 4EFCE9D5 		.ascii	"N\374\351\325\3626\377\020\274\023\340\036\206\261\212"
 168      F236FF10 
 168      BC13E01E 
 168      86B18A
 169 0092 6284FB18 		.ascii	"b\204\373\030\221\336N\261\347\207\254\242\326zT:\370"
 169      91DE4EB1 
 169      E787ACA2 
 169      D67A543A 
 169      F8
 170 00a3 E3002D0E 		.ascii	"\343\000-\016\001\215\261s\335\357?m-=\030\016A\227"
 170      018DB173 
 170      DDEF3F6D 
 170      2D3D180E 
 170      4197
ARM GAS  C:\Users\Simone\AppData\Local\Temp\ccX75os2.s 			page 13


 171 00b5 94E2CB30 		.ascii	"\224\342\3130\2442\245\262\344\262A\224\241\315G2>3"
 171      A432A5B2 
 171      E4B24194 
 171      A1CD4732 
 171      3E33
 172 00c7 E0573D62 		.ascii	"\340W=b\241t\334\332\261E\353\223$\360\346\355r\235"
 172      A174DCDA 
 172      B145EB93 
 172      24F0E6ED 
 172      729D
 173 00d9 B25F7A51 		.ascii	"\262_zQ;]2{b\304l\253}}\343Hn\363\007V\363\305u\334"
 173      3B5D327B 
 173      62C46CAB 
 173      7D7DE348 
 173      6EF30756 
 174 00f1 C0B5BC96 		.ascii	"\300\265\274\226.\205\207\230\305#I\2135\246\201U\357"
 174      2E858798 
 174      C523498B 
 174      35A68155 
 174      EF
 175 0102 07928A55 		.ascii	"\007\222\212U\005\2270\300\306\020\013\034\252Y\377"
 175      059730C0 
 175      C6100B1C 
 175      AA59FF
 176 0111 D56CFCD1 		.ascii	"\325l\374\3214Y\206\361|\331\012p`cJKsa<\340l\246\241"
 176      345986F1 
 176      7CD90A70 
 176      60634A4B 
 176      73613CE0 
 177 0128 8903571B 		.ascii	"\211\003W\033dt\224\221y\240H4\352\362\366f\0233\211"
 177      64749491 
 177      79A04834 
 177      EAF2F666 
 177      133389
 178 013b 54263615 		.ascii	"T&6\025sS\0317=\347f\322\036\223\311x\322K\245\343Q"
 178      73531937 
 178      3DE766D2 
 178      1E93C978 
 178      D24BA5E3 
 179 0150 0FBE0162 		.ascii	"\017\276\001b\005\226\377"
 179      0596FF
 180              		.text
 181              		.section	.gnu.lto_.symbol_nodes.ce13a044,"",%progbits
 182 0000 789C558A 		.ascii	"x\234U\212\313\011\200@\020\305\362fX\360h\221\366\361"
 182      CB098040 
 182      10C5F266 
 182      58F06891 
 182      F6F1
 183 0012 5AB002D9 		.ascii	"Z\260\002\331\212\354\305\277GY\360\240\271%$\201\201"
 183      8AECC5BF 
 183      4759F0A0 
 183      B9252481 
 183      81
 184 0023 97D86418 		.ascii	"\227\330d\030g\260\231jG\271Do\312\"\325p\226[\321t"
 184      67B0996A 
 184      47B9446F 
 184      CA22D570 
ARM GAS  C:\Users\Simone\AppData\Local\Temp\ccX75os2.s 			page 14


 184      965BD174 
 185 0037 55368D5D 		.ascii	"U6\215]\326w\217C\216_8\345\374\006\036\217\206\034"
 185      D6778F43 
 185      8E5F38E5 
 185      FC061E8F 
 185      861C
 186 0049 26       		.ascii	"&"
 187              		.text
 188              		.section	.gnu.lto_.refs.ce13a044,"",%progbits
 189 0000 789C25C9 		.ascii	"x\234%\311\313\011\2000\024E\301s?y!\013\301F\354\277"
 189      CB098030 
 189      1445C173 
 189      3F79210B 
 189      C146ECBF 
 190 0014 3D05673B 		.ascii	"=\005g;\001\036~\305\222\274\234QO\026\335\370\310w"
 190      011E7EC5 
 190      92BC9C51 
 190      4F16DDF8 
 190      C877
 191 0026 867E39F2 		.ascii	"\206~9\362\345M\205\303\013\027\204\000\307"
 191      E54D85C3 
 191      0B178400 
 191      C7
 192              		.text
 193              		.section	.gnu.lto_.decls.ce13a044,"",%progbits
 194 0000 789CAD55 		.ascii	"x\234\255UyL\024W\030\237\267\263,\354\262.\306DlH\223"
 194      794C1457 
 194      189FB7B3 
 194      2CECB22E 
 194      C6446C48 
 195 0015 AE31A16D 		.ascii	"\2561\241m\242P\217\266\332\230Z5\365J\255Vb\322\304"
 195      A2508FB6 
 195      DA985A35 
 195      F54AAD56 
 195      62D2C4
 196 0028 4DA6CB32 		.ascii	"M\246\3132\312F\330\265\314\320J\377\032E\011\021\253"
 196      CA46D8B5 
 196      CCD04AFF 
 196      1A450911 
 196      AB
 197 0039 88F7510A 		.ascii	"\210\367Q\012\012\342\001\262\024AE\224\245\312! \240"
 197      0AE201B2 
 197      14414594 
 197      A5CA2120 
 197      A0
 198 004a 4245F058 		.ascii	"BE\360X@\021\345\020\020[i+\333\357\275\231a\007\012"
 198      4011E510 
 198      105B692B 
 198      DBEFBD99 
 198      61070A
 199 005d 9A349DF0 		.ascii	"\2324\235\360-\357\370\276\337\367\373\216\367\036M"
 199      2DEFF8BE 
 199      DFF7FB8E 
 199      F71E4D
 200 006c 515422A2 		.ascii	"QT\"\242(7|s\264\024\345TQ\224\027\254\255\244<\237"
 200      28377C73 
 200      B414E554 
ARM GAS  C:\Users\Simone\AppData\Local\Temp\ccX75os2.s 			page 15


 200      519417AC 
 200      ADA43C9F 
 201 0080 1A241324 		.ascii	"\032$\023$\017\344\034H\201\264V\002R\016R\001RE\015"
 201      0FE41C48 
 201      81B45602 
 201      520E5201 
 201      52450D
 202 0093 FFB0BE46 		.ascii	"\377\260\276F\302Y\002R\012r\035\344\012H\265\244\203"
 202      C2590252 
 202      0A721DE4 
 202      0A48B5A4 
 202      83
 203 00a4 24BD3761 		.ascii	"$\2757aa\277\276 \006\020=\310\012\020\207\002w\031"
 203      61BFBE20 
 203      06103DC8 
 203      0A108702 
 203      7719
 204 00b6 483DC803 		.ascii	"H=\310\003\220\207\012|o\311\266\015\244\035\244[\342"
 204      90870A7C 
 204      6FC9B60D 
 204      A41DA45B 
 204      E2
 205 00c7 DF03D207 		.ascii	"\337\003\322\007\242\222|\225\217\360\207u|\336\340"
 205      A2927C95 
 205      8FF08775 
 205      7CDEE0
 206 00d6 4F19C3B9 		.ascii	"O\031\303\271\327`\025Hy\220\261\034c`\024\274\006\243"
 206      D7601548 
 206      7990B11C 
 206      636014BC 
 206      06A3
 207 00e8 57852E9C 		.ascii	"W\205.\234\351\277\356\333\256B\006\235\021O\013\222"
 207      E9BFEEDB 
 207      AE42069D 
 207      114F0B92 
 208 00f8 CA0F6860 		.ascii	"\312\017h`\252\327\251\361\364\342_-u\352I{\005\370"
 208      AAD7A9F1 
 208      F4E25F2D 
 208      75EA497B 
 208      05F8
 209 010a 126385F1 		.ascii	"\022c\205\361j\264\322\037e\240\000t\002\005\000\372"
 209      6AB4D21F 
 209      65A00074 
 209      020500FA 
 210 011a 4934097E 		.ascii	"I4\011~\327\250E\244\2372\366\324\251i\025\302\343c"
 210      D7A845A4 
 210      9F32F6D4 
 210      A96915C2 
 210      E363
 211 012c 079AEB74 		.ascii	"\007\232\353tSO\201Y\274\340lG\036w\273vW4\350\215\311"
 211      534F8159 
 211      BCE06C47 
 211      1E77BB76 
 211      5734E88D 
 212 0141 428AA327 		.ascii	"B\212\243'\2630\216>(\244l\026\006\335nD\300\320)D\243"
 212      B3308E3E 
 212      28A46C16 
ARM GAS  C:\Users\Simone\AppData\Local\Temp\ccX75os2.s 			page 16


 212      06DD6E44 
 212      C0D02944 
 213 0156 D3682AA1 		.ascii	"\323h*\241\016c1\206Ld\004\303\302\3439^\364\\\002\276"
 213      0E633186 
 213      4C6404C3 
 213      C2E3395E 
 213      F45C02BE 
 214 016a E9F8C5ED 		.ascii	"\351\370\305\355\336\300q\211\216@>8<\220\246%S\334"
 214      DEC07189 
 214      8E403E38 
 214      3C90A625 
 214      53DC
 215 017c 6A7EB0A4 		.ascii	"j~\260\244\2529\235\333\254G\272\300xA\330\214\211k"
 215      AA399DDB 
 215      AC47BAC0 
 215      7841D88C 
 215      896B
 216 018e CB0DD410 		.ascii	"\313\015\324\020o\224\203\002A\2318Bg`1\033\026\323"
 216      6F948302 
 216      41993842 
 216      6760311B 
 216      16D3
 217 01a0 806A4F42 		.ascii	"\200jOBlG\314f\3413\344@:\2245D\205\370\221\350w\016"
 217      6C47CC66 
 217      E133E440 
 217      3A943544 
 217      85F891E8 
 218 01b6 A43ED3AB 		.ascii	"\244>\323\253!\235Dg\015\311Q\\}\326\200\2172G+\364"
 218      219D4467 
 218      0DC9515C 
 218      7DD6808F 
 218      32472BF4 
 219 01ca 8A1CE592 		.ascii	"\212\034\345\222\034\375\202\244$\355\254\337\221\355"
 219      1CFD82A4 
 219      24EDACDF 
 219      91ED
 220 01d8 479F4024 		.ascii	"G\237@$\220\216\272\363w\014R2\012\312\224\311\000+"
 220      908EBAF3 
 220      770C5232 
 220      0ACA94C9 
 220      002B
 221 01ea 7456918C 		.ascii	"tV\221\214\263r2\362H2\222v$\367\032\350\263\"J|E\363"
 221      B37232F2 
 221      48329276 
 221      24F71AE8 
 221      B3224A7C 
 222 0200 6E2F4071 		.ascii	"n/@q9R\022\3225\345\202\323\355.\022\020\201\310W@\344"
 222      395212D2 
 222      35E582D3 
 222      ED2E1210 
 222      81C85740 
 223 0215 CB10E708 		.ascii	"\313\020\347\010\304\355W\371{5J\3268 \017\355\363\303"
 223      C4ED57F9 
 223      7B354AD6 
 223      38200FED 
 223      F3C3
 224 0227 4A5B75F5 		.ascii	"J[u\365\350)\003],\372;\262\247?QMX\273.n-\325\013\304"
ARM GAS  C:\Users\Simone\AppData\Local\Temp\ccX75os2.s 			page 17


 224      E829035D 
 224      2CFA3BB2 
 224      A73F514D 
 224      58BB2E6E 
 225 023f E33C1F6C 		.ascii	"\343<\037l\202.(\034^\220\035\026\020\207\373o4\234"
 225      822E281C 
 225      5E901D16 
 225      1087FB6F 
 225      349C
 226 0251 53D33745 		.ascii	"S\3237E\214mM'\253\274\351F4\254\236\376b=wT\036*\246"
 226      8C6D4D27 
 226      ABBCE946 
 226      34AC9EFE 
 226      623D7754 
 227 0268 C9D48DB7 		.ascii	"\311\324\215\267UI\255\375\351H.fO\222@\277E\241\251"
 227      5549ADFD 
 227      E9482E66 
 227      4F9240BF 
 227      45A1A9
 228 027b 01E87DA8 		.ascii	"\001\350}\250\244\023*\351/U\362\022p\277,W\262*c\347"
 228      A4132AE9 
 228      2F55F212 
 228      70BF2C57 
 228      B22A63E7 
 229 028f DB82A046 		.ascii	"\333\202\240FE\020T\241\247\222\376C\225T\271n\247\177"
 229      451054A1 
 229      A792FE43 
 229      9554B96E 
 229      A77F
 230 02a1 353AE8AF 		.ascii	"5:\350\257c\201\036N\250\234\210A\213\001\364\242\007"
 230      63811E4E 
 230      A89C8841 
 230      8B01F4A2 
 230      07
 231 02b2 147C0CF5 		.ascii	"\024|\014\365GE\325\363\\\325\204D\222UA0\"\254Krp\005"
 231      4745D5F3 
 231      5CD58444 
 231      92554130 
 231      22AC4B72 
 232 02c8 4D1852AA 		.ascii	"M\030R\252..>\202\350\014\232\004\377cN\311\015zJ\252"
 232      2E2E3E82 
 232      E80C9A04 
 232      FF634EC9 
 232      0D7A4AAA 
 233 02dc E0127A32 		.ascii	"\340\022z2k\343&n\022\232\301\026\362\211\260\011\272"
 233      6BE3266E 
 233      129AC116 
 233      F289B009 
 233      BA
 234 02ed 2AE7501A 		.ascii	"*\347P\032\240\0224\005\214\232\356n\337\203\364\333"
 234      A0123405 
 234      8C9AEE6E 
 234      DF83F4DB 
 235 02fd 3CDD4D38 		.ascii	"<\335M8y\252W\212\364\222\257\373\331E\331*:O\364\265"
 235      79AA578A 
 235      F492AFFB 
 235      D945D92A 
ARM GAS  C:\Users\Simone\AppData\Local\Temp\ccX75os2.s 			page 18


 235      3A4FF4B5 
 236 0311 3575539B 		.ascii	"5uS\233\027\370\022\216\272\006o\2069\267\010\244\333"
 236      17F8128E 
 236      BA066F86 
 236      39B708A4 
 236      DB
 237 0322 B0362A13 		.ascii	"\2606*\023\343Q`\224I\036\313\211\307\224\273\375\277"
 237      E3516094 
 237      491ECB89 
 237      C794BBFD 
 237      BF
 238 0333 1BE84B22 		.ascii	"\033\350K\"N_\351\245\027\210pv\235\274\262,\345\200"
 238      4E5FE9A5 
 238      17887076 
 238      9DBCB22C 
 238      E580
 239 0345 20B8DCEE 		.ascii	" \270\334\356w\010\341k2ai\200*\210y\374\253\364=\210"
 239      7708E16B 
 239      32616980 
 239      2A8879FC 
 239      ABF43D88 
 240 0359 AE10CD3B 		.ascii	"\256\020\315;\007^p\"\013\367\010\026\225\377bQ)\301"
 240      075E7022 
 240      0BF70816 
 240      95FF6251 
 240      29C1
 241 036b 5411988E 		.ascii	"T\021\230\216\226\322>\315\260\270\261O\217\366u1n\374"
 241      96D23ECD 
 241      B0B8B14F 
 241      8FF67531 
 241      6EFC
 242 037d 1FB41B5A 		.ascii	"\037\264\033Z\312\272\324\303\264\261\017\217v\265\244"
 242      CABAD4C3 
 242      B4B10F8F 
 242      76B5A4
 243 038c 5D4DB48B 		.ascii	"]M\264\213.\277,\325\3217D\212\333\343]\327tt#=\254"
 243      2EBF2CD5 
 243      D137448A 
 243      DBE35DD7 
 243      7474233D 
 244 03a1 3F270FBF 		.ascii	"?'\017\277o&{\356\233\3626\341\230\001\005\352\244\336"
 244      6F267BEE 
 244      9BF236E1 
 244      980105EA 
 244      A4DE
 245 03b3 6B59120B 		.ascii	"kY\022\013\267H\035\224\244\326\323&\223\245.\031\375"
 245      B7481D94 
 245      A4D6D326 
 245      93A52E19 
 245      FD
 246 03c4 4EBA054D 		.ascii	"N\272\005M7Yj\272\033\260x\023\026\001\270\344\357\313"
 246      37596ABA 
 246      1BB07813 
 246      1601B8E4 
 246      EFCB
 247 03d6 5BBCC6BC 		.ascii	"[\274\306\274\310~\033\305H\352\324$\177\334\251\365"
 247      C87E1BC5 
ARM GAS  C:\Users\Simone\AppData\Local\Temp\ccX75os2.s 			page 19


 247      48EAD424 
 247      7FDCA9F5 
 248 03e6 40A1C643 		.ascii	"@\241\306C\241N\356T\274\001\221\224\237\376\351\033"
 248      A14EEE54 
 248      BC019194 
 248      9FFEE91B 
 249 03f6 FA110952 		.ascii	"\372\021\011R\335z\304\221\357\207\002\003\002H\020"
 249      DD7AC491 
 249      EF870203 
 249      024810
 250 0405 F1C0BF09 		.ascii	"\361\300\277\011\214oK\345\024\277\003\260\376r\036"
 250      8C6F4BE5 
 250      14BF03B0 
 250      FE721E
 251 0414 DE80A10F 		.ascii	"\336\200\241\017\371?\312\371i\000Vx\213B\215\300\351"
 251      F93FCAF9 
 251      69005678 
 251      8B428DC0 
 251      E9
 252 0425 0E090455 		.ascii	"\016\011\004U\266\274|\256'\317\314x<=t\373Q?M\236\031"
 252      B6BC7CAE 
 252      27CFCC78 
 252      3C3D74FB 
 252      513F4D9E 
 253 043a 15B90E12 		.ascii	"\025\271\016\022r\334\336\272x\3512\302\225\322+\333"
 253      72DCDEBA 
 253      78E932C2 
 253      95D22BDB 
 254 044a F93E417B 		.ascii	"\371>A{\217\300\203vr\373\276CZ\351\220\245\340C\206"
 254      8FC08376 
 254      72FBBE43 
 254      5AE990A5 
 254      E04386
 255 045d 99DE05ED 		.ascii	"\231\336\005\355{D\373\001>j\242\015\231\340\012:\263"
 255      7B44FB01 
 255      3E6AA20D 
 255      99E00A3A 
 255      B3
 256 046e 6E7913EF 		.ascii	"ny\023\357\2631\300\037\307\\\035\210x\367\306\323\244"
 256      B331C01F 
 256      C75C1D88 
 256      78F7C6D3 
 256      A4
 257 047f ADE7CF1B 		.ascii	"\255\347\317\033\310T\203\247ii=\373\306\215M\246U&"
 257      C85483A7 
 257      69693DFB 
 257      C68D4DA6 
 257      5526
 258 0491 D32246D6 		.ascii	"\323\"F\326\025\333\221\245Q\036y\314\306\005\352\315"
 258      15DB91A5 
 258      511E79CC 
 258      C605EACD 
 259 04a1 44FD2161 		.ascii	"D\375!a\323*\262yH\330\024\037\312\330\257\245\237\212"
 259      D32AB279 
 259      48D8141F 
 259      CAD8AFA5 
 259      9F8A
ARM GAS  C:\Users\Simone\AppData\Local\Temp\ccX75os2.s 			page 20


 260 04b3 CD75E2AE 		.ascii	"\315u\342\256\373\036\015\267\251\323\341\350\254\351"
 260      FB1E0DB7 
 260      A9D3E1E8 
 260      ACE9
 261 04c1 560DBD01 		.ascii	"V\015\275\001\013\310\203\370Hq\237>\222\217V\033\271"
 261      0BC883F8 
 261      48719F3E 
 261      928F561B 
 261      B9
 262 04d2 4F1FD6F5 		.ascii	"O\037\326\365\012:\372\210\232\240\034\357*l\327\212"
 262      0A3AFA88 
 262      9AA01CEF 
 262      2A6CD78A 
 263 04e2 28D539AE 		.ascii	"(\3259\256\271#P\036+P\036\313(\355\004%>\313Q\250%"
 263      B923501E 
 263      2B501ECB 
 263      28ED0425 
 263      3ECB51A8 
 264 04f7 0F5AFDD0 		.ascii	"\017Z\375\320\203\326\224;\330\3557\346\243\377\224"
 264      83D6943B 
 264      D8ED37E6 
 264      A3FF94
 265 0506 BC0C4FE4 		.ascii	"\274\014O\344\007m\320\265S\320\322\015\"\215\324'w"
 265      076DD0B5 
 265      53D0D20D 
 265      228DD427 
 265      77
 266 0517 76EAE836 		.ascii	"v\352\3506q\322U6\230\353\005\320\250\223\270\204\225"
 266      71D25536 
 266      98EB05D0 
 266      A893B884 
 266      95
 267 0528 D8DDCE7E 		.ascii	"\330\335\316~DX\366t\346\236X\264+;N|<\320\317\316D"
 267      4458F674 
 267      E69E58B4 
 267      2B3B4E7C 
 267      3CD0CFCE 
 268 053d 3506461D 		.ascii	"5\006F\0352S\324\005\016\360T$\333M\310\3467\356:\250"
 268      3253D405 
 268      0EF05424 
 268      DB4DC8E6 
 268      37EE3AA8 
 269 0551 A74F7A11 		.ascii	"\247Oz\021\370\301\374}\177\252$\260\232\347\241I\261"
 269      F8C1FC7D 
 269      7FAA24B0 
 269      9AE7A149 
 269      B1
 270 0562 421AB986 		.ascii	"B\032\271\206R|H\314\317\0241?\223az\010Lr\355\275'"
 270      527C48CC 
 270      CF14313F 
 270      93617A08 
 270      4C72EDBD 
 271 0577 6A3A4F82 		.ascii	"j:O\202\211\255}\340%g.\345\323\021\231\353U\240\364"
 271      89AD7DE0 
 271      25672EE5 
 271      D31199EB 
 271      55A0F4
ARM GAS  C:\Users\Simone\AppData\Local\Temp\ccX75os2.s 			page 21


 272 058a CA287DC8 		.ascii	"\312(}\310H\351\030\213=\212e\2546+\257Y\374\345j\343"
 272      48E9188B 
 272      3D8A65AC 
 272      362BAF59 
 272      FCE56AE3 
 273 059e 42EADDA0 		.ascii	"B\352\335\240\240`\370\263\204[C\255vn\372G\323\203"
 273      A060F8B3 
 273      845B43AD 
 273      766EFA47 
 273      D383
 274 05b0 ED5C7014 		.ascii	"\355\\p\024\037\314EY`1\222\215\304\006A\026J\303Y\177"
 274      1FCC4559 
 274      6031928D 
 274      C4064116 
 274      4AC3597F 
 275 05c4 60193ECC 		.ascii	"`\031>\314\362\211\211\350r|t\230\325n\342\355\366\010"
 275      F28989E8 
 275      727C7498 
 275      D56EE2ED 
 275      F608
 276 05d6 CEB4CE16 		.ascii	"\316\264\316\026m$#\2439*\322\310F\206\262aal\230iV"
 276      6D2423A3 
 276      392AD2C8 
 276      4686B261 
 276      616C9869 
 277 05eb D01CE38C 		.ascii	"\320\034\343\214\017\246\177\370\355LS\2045\324\264"
 277      0FA67FF8 
 277      ED4C5384 
 277      35D4B4
 278 05fa CE6231C1 		.ascii	"\316b1\301\3764\233\335\306Nc\315\241V\254\0204\323"
 278      FE349BDD 
 278      C64E63CD 
 278      A156AC10 
 278      34D3
 279 060c 64B55922 		.ascii	"d\265Y\"\242\303X\023\307\203\325\332\240p\312\327\022"
 279      A2C35813 
 279      C783D5DA 
 279      A070CAD7 
 279      12
 280 061d BE10BCCE 		.ascii	"\276\020\274\316\217\210\260[\364\212\361\322\361\342"
 280      8F88B05B 
 280      F48AF1D2 
 280      F1E2
 281 062b 6431CB87 		.ascii	"d1\313\207\360f>\232\373\332;\332j\343g3\274\226a\244"
 281      F0663E9A 
 281      FBDA3BDA 
 281      6AE36733 
 281      BC9661A4 
 282 063f D1DAFF48 		.ascii	"\321\332\377Hp81\231R\244\031\260l\254\211\001b\346"
 282      70383199 
 282      52A419B0 
 282      6CAC8901 
 282      62E6
 283 0651 E8089EE1 		.ascii	"\350\010\236\341c6\260\034P\\\363\277\272\341b8\023"
 283      6336B01C 
 283      505CF3BF 
 283      BAE16238 
ARM GAS  C:\Users\Simone\AppData\Local\Temp\ccX75os2.s 			page 22


 283      13
 284 0662 03E14308 		.ascii	"\003\341C\010\200=\216a\302Y\363\006&\324\314\261\014"
 284      803D8E61 
 284      C259F306 
 284      26D4CCB1 
 284      0C
 285 0673 E36D6337 		.ascii	"\343mc7\362P\007\275\264\312\332\302\030F\003\277\260"
 285      F25007BD 
 285      B4CADAC2 
 285      184603BF 
 285      B0
 286 0684 E683839E 		.ascii	"\346\203\203\2369\203\341ub\374x\250\266\204\233\243"
 286      3983E175 
 286      62FC78A8 
 286      B6849BA3 
 287 0694 B496F090 		.ascii	"\264\226\360\220\030\356\013\273e\375X\365\225\\\303"
 287      18EE0BBB 
 287      65FD58F5 
 287      955CC3
 288 06a3 063807A7 		.ascii	"\0068\007\247\332\015\366(\236\201$\257\237>\206\005"
 288      DA0DF628 
 288      9E8124AF 
 288      9F3E8605 
 289 06b3 56E082E7 		.ascii	"V\340\202\347\257Z\276p\371F\330%\215\364\335\307\221"
 289      AF5ABE70 
 289      F946D825 
 289      8DF4DDC7 
 289      91
 290 06c4 22618EE5 		.ascii	"\"a\216\345\231\005\363C>_\271j\3518s\304\367\346\030"
 290      9905F343 
 290      3E5FB96A 
 290      E93873C4 
 290      F7E618
 291 06d7 0E9A2C02 		.ascii	"\016\232,\002R7k44\210(x\341\362\220\245!\036\032\030"
 291      52376B34 
 291      34882878 
 291      E1F290A5 
 291      211E1A18 
 292 06eb CD12B928 		.ascii	"\315\022\271(\332f\021\033\000\350\257\266a:\276\204"
 292      DA66111B 
 292      00E8AFB6 
 292      613ABE84 
 293 06fb 583419FF 		.ascii	"X4\031\377\003\276\034\010\234"
 293      03BE1C08 
 293      9C
 294              		.text
 295              		.section	.gnu.lto_.symtab.ce13a044,"",%progbits
 296 0000 5F636F72 		.ascii	"_core_init\000\000\000\000\000\000\000\000\000\000\000"
 296      655F696E 
 296      69740000 
 296      00000000 
 296      00000000 
 297 0015 00AC0000 		.ascii	"\000\254\000\000\000chCoreAlloc\000\000\000\000\000"
 297      00636843 
 297      6F726541 
 297      6C6C6F63 
 297      00000000 
ARM GAS  C:\Users\Simone\AppData\Local\Temp\ccX75os2.s 			page 23


 298 002a 00000000 		.ascii	"\000\000\000\000\000\000\000\265\000\000\000chCoreA"
 298      000000B5 
 298      00000063 
 298      68436F72 
 298      6541
 299 003c 6C6C6F63 		.ascii	"llocI\000\000\000\000\000\000\000\000\000\000\000\000"
 299      49000000 
 299      00000000 
 299      00000000 
 299      00
 300 004d B7000000 		.ascii	"\267\000\000\000chCoreGetStatusX\000\000\000\000\000"
 300      6368436F 
 300      72654765 
 300      74537461 
 300      74757358 
 301 0066 00000000 		.ascii	"\000\000\000\000\000\000\000\272\000\000\000__heap_"
 301      000000BA 
 301      0000005F 
 301      5F686561 
 301      705F
 302 0078 62617365 		.ascii	"base__\000\000\002\000\000\000\000\000\000\000\000\000"
 302      5F5F0000 
 302      02000000 
 302      00000000 
 302      0000
 303 008a C5000000 		.ascii	"\305\000\000\000__heap_end__\000\000\002\000\000\000"
 303      5F5F6865 
 303      61705F65 
 303      6E645F5F 
 303      00000200 
 304 00a0 00000000 		.ascii	"\000\000\000\000\000\000\312\000\000\000"
 304      0000CA00 
 304      0000
 305              		.text
 306              		.section	.gnu.lto_.opts,"",%progbits
 307 0000 272D666E 		.ascii	"'-fno-trapv' '-mcpu=cortex-m4' '-mno-thumb-interwor"
 307      6F2D7472 
 307      61707627 
 307      20272D6D 
 307      6370753D 
 308 0033 6B272027 		.ascii	"k' '-mthumb' '-ggdb' '-O2' '-fomit-frame-pointer' '"
 308      2D6D7468 
 308      756D6227 
 308      20272D67 
 308      67646227 
 309 0066 2D66616C 		.ascii	"-falign-functions=16' '-ffunction-sections' '-fdata"
 309      69676E2D 
 309      66756E63 
 309      74696F6E 
 309      733D3136 
 310 0099 2D736563 		.ascii	"-sections' '-fno-common' '-flto'\000"
 310      74696F6E 
 310      73272027 
 310      2D666E6F 
 310      2D636F6D 
 311              		.text
 312              		.comm	__gnu_lto_v1,1,1
ARM GAS  C:\Users\Simone\AppData\Local\Temp\ccX75os2.s 			page 24


 313              		.comm	__gnu_lto_slim,1,1
 314              		.ident	"GCC: (GNU Tools for ARM Embedded Processors) 4.9.3 20150529 (release) [ARM/embedded-4_9-br
ARM GAS  C:\Users\Simone\AppData\Local\Temp\ccX75os2.s 			page 25


DEFINED SYMBOLS
                            *ABS*:00000000 chmemcore.c
                            *COM*:00000001 __gnu_lto_v1
                            *COM*:00000001 __gnu_lto_slim

NO UNDEFINED SYMBOLS
