ARM GAS  C:\Users\Simone\AppData\Local\Temp\ccBgSct3.s 			page 1


   1              		.syntax unified
   2              		.cpu cortex-m4
   3              		.fpu softvfp
   4              		.eabi_attribute 20, 1
   5              		.eabi_attribute 21, 1
   6              		.eabi_attribute 23, 3
   7              		.eabi_attribute 24, 1
   8              		.eabi_attribute 25, 1
   9              		.eabi_attribute 26, 1
  10              		.eabi_attribute 30, 2
  11              		.eabi_attribute 34, 1
  12              		.eabi_attribute 18, 4
  13              		.thumb
  14              		.file	"chmsg.c"
  15              		.text
  16              	.Ltext0:
  17              		.section	.gnu.lto_.profile.ce91a60f,"",%progbits
  18 0000 789C6366 		.ascii	"x\234cf```a\200\000F\006\177\015\000\001:\000\200"
  18      60606061 
  18      80004606 
  18      7F0D0001 
  18      3A0080
  19              		.text
  20              		.section	.gnu.lto_.jmpfuncs.ce91a60f,"",%progbits
  21 0000 789C6366 		.ascii	"x\234cf\300\016\002\24043\003\023##s}=#\323G&\306\357"
  21      C00E02A0 
  21      34330313 
  21      2323737D 
  21      3D23D347 
  22 0017 AD1F3AB9 		.ascii	"\255\037:\271^0\375db\340a`\\\316(\305\300\310\\\016"
  22      5E30FD64 
  22      62E06160 
  22      5CCE28C5 
  22      C0C85C0E 
  23 002b 54C3C4C0 		.ascii	"T\303\304\300\000\226\336\270\360\366wf\2604\037\003"
  23      0096DEB8 
  23      F0F67766 
  23      B0341F03 
  24 003b E30AA034 		.ascii	"\343\012\24043H/##\023X\025s9#\220\004\000\015z\020"
  24      33482F23 
  24      23135815 
  24      73392390 
  24      04000D7A 
  25 0050 5B       		.ascii	"["
  26              		.text
  27              		.section	.gnu.lto_.inline.ce91a60f,"",%progbits
  28 0000 789C6366 		.ascii	"x\234cf\300\016b\24143\003\203\250,##\003#\003\003\223"
  28      C00E62A1 
  28      34330383 
  28      A82C2323 
  28      03230303 
  29 0015 E48AC38C 		.ascii	"\344\212\303\214\014\2347\314\230@\022L\334\014@A09"
  29      0C9C37CC 
  29      9840124C 
  29      DC0C4041 
  29      3039
  30 0027 C18F8941 		.ascii	"\301\217\211A\220\037\310\2218\260\233\221\201m\201"
ARM GAS  C:\Users\Simone\AppData\Local\Temp\ccBgSct3.s 			page 2


  30      901FC891 
  30      38B09B91 
  30      816D81
  31 0036 3C920266 		.ascii	"<\222\002f\006\016\001\240\014\313\002y\270\0043\017"
  31      060E01A0 
  31      0CCB0279 
  31      B804330F 
  32 0046 507282DF 		.ascii	"Pr\202\337\004?\006\000\330\213\0126"
  32      043F0600 
  32      D88B0A36 
  33              		.text
  34              		.section	.gnu.lto_.pureconst.ce91a60f,"",%progbits
  35 0000 789C6366 		.ascii	"x\234cf```g\200\000f\006+&+f+\000\002\342\000\301"
  35      60606067 
  35      80006606 
  35      2B262B66 
  35      2B0002E2 
  36              		.text
  37              		.section	.gnu.lto_chMsgSend.ce91a60f,"",%progbits
  38 0000 789C9555 		.ascii	"x\234\225U{LSg\024\377\316wo/\005J\313\234[\026\266"
  38      7B4C5367 
  38      14FFCE77 
  38      6F2F054A 
  38      CB9C5B16 
  39 0015 0512C2D4 		.ascii	"\005\022\302\324\270\322\261-\333\222mn\213\311\262"
  39      B8D2B12D 
  39      DB926D6E 
  39      8BC9B2
  40 0024 2DE11F49 		.ascii	"-\341\037I\366\307\262d\321\332\014\022\021l\321\350"
  40      F6C7B264 
  40      D1DA0C12 
  40      116CD1E8 
  41 0034 1FC65BAC 		.ascii	"\037\306[\254s\217\260\021\331\246\202\017\010\032\037"
  41      738FB011 
  41      D9A6820F 
  41      081A1F
  42 0043 28084CC6 		.ascii	"(\010L\306c\316\272\271\242l\342[T\020\213\202\212\217"
  42      63CEBAB9 
  42      A26CE25B 
  42      54108B82 
  42      8A8F
  43 0055 80A2E28D 		.ascii	"\200\242\342\215\203\356\234\357\336\261RJt\015\217"
  43      83EE9CEF 
  43      DEB1524A 
  43      740D8F
  44 0064 7E8FF33B 		.ascii	"~\217\363;\347\374\316\357|Gb\023?\257\340\357G\261"
  44      E7FCCEEF 
  44      7C476213 
  44      3FAFE0EF 
  44      47B1
  45 0076 8C598131 		.ascii	"\214Y\201101\340\305\355\214y\315\234K\001\033S\343"
  45      3031E0C5 
  45      ED8C79CD 
  45      9C4B011B 
  45      53E3
  46 0088 E4B6594C 		.ascii	"\344\266YL\265H \353\3332\000}a\300VpI\206\025\320\317"
  46      B54820EB 
ARM GAS  C:\Users\Simone\AppData\Local\Temp\ccBgSct3.s 			page 3


  46      DB32007D 
  46      61C05670 
  46      498615D0 
  47 009d 6F7368AA 		.ascii	"osh\252\276{$\376\032\3278Ka\270l^sh\235BK\220i\331"
  47      BE7B24FE 
  47      1AD7384B 
  47      61B86C5E 
  47      73689D42 
  48 00b5 591CBA6E 		.ascii	"Y\034\272n\235\266UU\325\301;{\273,\253>\3208gC\234"
  48      9DB65555 
  48      D5C13B7B 
  48      BB2CAB3E 
  48      D0386743 
  49 00ca C1364882 		.ascii	"\3016H\202\355\220Dp;`\032\336\364\372\213N%H/\000Y"
  49      ED904470 
  49      3B601ADE 
  49      F4FA8B4E 
  49      25482F00 
  50 00df 1DAC39A3 		.ascii	"\035\2549\243\231\323*U\265\320\337R\247\276+k\\\202"
  50      99D32A55 
  50      B5D0DF52 
  50      A7BE2B6B 
  50      5C82
  51 00f1 9D2085DB 		.ascii	"\235 \205\333\341\026\203*H\303\333\333\256\335j\224"
  51      E116832A 
  51      48C3DBDB 
  51      AEDD6A94 
  52 0101 A419C2F2 		.ascii	"\244\031\302\362jY\257f!K\325\177D\267\344\260+\322"
  52      6A59AF66 
  52      214BD57F 
  52      44B7E4B0 
  52      2BD2
  53 0113 1217BB21 		.ascii	"\022\027\273!\215\256\037\013h\017\255\222]\230\026"
  53      8DAE1F0B 
  53      680FAD92 
  53      5D9816
  54 0122 F7976FB5 		.ascii	"\367\227o\265\246V\240\323`ce\253E=\244\372\202\241"
  54      A656A0D3 
  54      606365AB 
  54      453DA4FA 
  54      82A1
  55 0134 5032F9AE 		.ascii	"P2\371\256\036\217\240\177\320\344\266o\244#^\361\241"
  55      1E8FA07F 
  55      D0E4B66F 
  55      A4235EF1 
  55      A1
  56 0145 B744A881 		.ascii	"\267D\250\201\324\021\316(7Li\017(D)m\326L\361\253\241"
  56      D411CE28 
  56      374C690F 
  56      2844296D 
  56      D64CF1AB 
  57 015a D05047C5 		.ascii	"\320PG\3057\251\033\371T\014\032\367d\012\337\004\024"
  57      37A91BF9 
  57      540C1AF7 
  57      640ADF04 
  57      14
  58 016b 450C5016 		.ascii	"E\014P\026f\334\220\343\361\217\311\252\307\306z\021"
ARM GAS  C:\Users\Simone\AppData\Local\Temp\ccBgSct3.s 			page 4


  58      66DC90E3 
  58      F18FC9AA 
  58      C7C67A11 
  59 017b 87D8EEC3 		.ascii	"\207\330\356\303h\361\277t\036\012\033j\273\216K\004"
  59      68F1BF74 
  59      1E0A1B6A 
  59      BB8E4B04 
  60 018b 3DCC2574 		.ascii	"=\314%t\276\351\344\267\325|\371C\365K\325\254qe\204"
  60      BEE9E4B7 
  60      D57CF943 
  60      F54BD5AC 
  60      716584
  61 019e 8308E962 		.ascii	"\203\010\351b\357\321\343f\342_\021\313\355^\337\006"
  61      EFD1E366 
  61      E25F11CB 
  61      ED5EDF06 
  62 01ae D808655E 		.ascii	"\330\010e^\225n\305@-,\207:J\001\317Fw}W\247\330\253"
  62      956EC540 
  62      2D2C873A 
  62      4A01CF46 
  62      777D57A7 
  63 01c4 88AB991A 		.ascii	"\210\253\231\0327C=^\274\303\215\324\366\355?1*\333"
  63      37433D5E 
  63      BCC38DD4 
  63      F6ED3F31 
  63      2ADB
  64 01d6 6752F63F 		.ascii	"gR\366?\201\375\016\2413\330\013vv\006\012\3257E\202"
  64      81FD0EA1 
  64      33D80B76 
  64      76060AD5 
  64      374582
  65 01e9 98084642 		.ascii	"\230\010FB\033\211d1T\245~/I\031\202\313\033\247*\266"
  65      1B896431 
  65      54A57E2F 
  65      491982CB 
  65      1BA72AB6 
  66 01fd C6092E07 		.ascii	"\306\011.\007\007\366lzz\275Z^X\214,\274\003\032\217"
  66      07F66C7A 
  66      7ABD5A5E 
  66      588C2CBC 
  66      031A8F
  67 0210 8586686C 		.ascii	"\205\206hl\302\317\220\212\206=E\367\352\201\302\217"
  67      C2CF908A 
  67      863D45F7 
  67      EA81C28F 
  68 0220 4D61D088 		.ascii	"Ma\320\210\247\235Px\251~\365\225u\3128\272\203\276"
  68      A79D5078 
  68      A97EF595 
  68      75CA38BA 
  68      83BE
  69 0232 3C41F210 		.ascii	"<A\362\020\207\361u\010\376\375u7\012\271\211\216x\304"
  69      87F17508 
  69      FEFD7537 
  69      0AB9898E 
  69      78C4
  70 0244 5177C5DB 		.ascii	"Qw\305\333\344\205A3\235J\021\005d\320\002\310\031\374"
  70      E4854133 
ARM GAS  C:\Users\Simone\AppData\Local\Temp\ccBgSct3.s 			page 5


  70      9D4A1105 
  70      64D002C8 
  70      19FC
  71 0256 42A50316 		.ascii	"B\245\003\026\000\"\363\346\203\022)\271\0036\252\353"
  71      0022F3E6 
  71      831229B9 
  71      0336AAEB 
  72 0266 52341E47 		.ascii	"R4\036G\026?t>\364\306\311\310\022\354\203d\301T\351"
  72      163F743E 
  72      F4C6C9C8 
  72      12EC8364 
  72      C154E9
  73 0279 AAB5EB2D 		.ascii	"\252\265\353-\270\003\277\202,Bf\260\037d<h[]~_N>oX"
  73      B803BF82 
  73      2C4266B0 
  73      1F643C68 
  73      5B5D7E5F 
  74 0291 C70BBDDD 		.ascii	"\307\013\275\335\0144\307\012k?Y\303\001\354\022\254"
  74      0C34C70A 
  74      6B3F59C3 
  74      01EC12AC 
  75 02a1 EC8F4DFD 		.ascii	"\354\217M\375eoQ>\341\005\224\004\372\336\007\233o%"
  75      656F513E 
  75      E1059404 
  75      FADE079B 
  75      6F25
  76 02b3 E805F42B 		.ascii	"\350\005\364+\032\267 \343\360\233Q\300\015wK\316\331"
  76      1AB720E3 
  76      F09B51C0 
  76      0D774BCE 
  76      D9
  77 02c4 A8461C7E 		.ascii	"\250F\034~\027\265\023\332;\010\366an\"\330\373\253"
  77      17B513DA 
  77      3B08F661 
  77      6E22D8FB 
  77      AB
  78 02d5 EF977DA2 		.ascii	"\357\227}\242\013\306\034\001\365\206\200\212\231\010"
  78      0BC61C01 
  78      F586808A 
  78      9908
  79 02e3 95007F08 		.ascii	"\225\000\177\010(I\227A\303\256\303'\023PdhbG\211B\000"
  79      28499741 
  79      C3AEC327 
  79      13506468 
  79      62478942 
  80 02f8 15C0A015 		.ascii	"\025\300\240\025\226\023\376\232\236\247\214\240\037"
  80      9613FE9A 
  80      9EA78CA0 
  80      1F
  81 0305 2B4A2B1C 		.ascii	"+J+\034\022\320\262\016=z\240\275\322\246\313\357Y\215"
  81      12D0B20E 
  81      3D7AA0BD 
  81      D2A6CBEF 
  81      598D
  82 0317 DBE030C9 		.ascii	"\333\3400\311\314D\031\264Q\006f\022\226?\024\000\303"
  82      CC4419B4 
  82      51066612 
ARM GAS  C:\Users\Simone\AppData\Local\Temp\ccBgSct3.s 			page 6


  82      963F1400 
  82      C3
  83 0328 C5CA46EF 		.ascii	"\305\312F\357~\213\336\2365\227]~_\271:\032\012A\224"
  83      7E8BDE9E 
  83      35975D7E 
  83      5FB93A1A 
  83      0A4194
  84 033b 97C1D0D3 		.ascii	"\227\301\320\323\237c\352\014\003\251k9\327\026/]\002"
  84      9F63EA0C 
  84      03A96B39 
  84      D7162F5D 
  84      02
  85 034c A19A81CB 		.ascii	"\241\232\201\313E\307\224(\2102\374\025\025\361\010"
  85      45C79428 
  85      8832FC15 
  85      15F108
  86 035b 219AF57A 		.ascii	"!\232\365z]-\351\370\3026^^}\003\317\320\025rlhS\236"
  86      5D2DE9F8 
  86      C2365E5E 
  86      7D03CFD0 
  86      15726C68 
  87 0371 20B17621 		.ascii	" \261v!\261\243\221\234\231\243RF\324\014\266o\253N"
  87      B1A3919C 
  87      99A35246 
  87      D40CB66F 
  87      AB4E
  88 0383 305196C7 		.ascii	"0Q\226\307\004w\212\216\001\307u\212\304\253p\241\364"
  88      04778A8E 
  88      01C7758A 
  88      C4AB70A1 
  88      F4
  89 0394 63821CE6 		.ascii	"c\202\034\346$\272}\027;{$\222\217<\235\220\372j\252"
  89      24BA7D17 
  89      3B7B2492 
  89      8F3C9D90 
  89      FA6AAA
  90 03a7 5A62C79C 		.ascii	"Zb\307\234$P\311O\030Nv\326\357\271k\322;\374\244\300"
  90      2450C94F 
  90      184E76D6 
  90      EFB96BD2 
  90      3BFCA4C0 
  91 03bb 8E31B04F 		.ascii	"\2161\260Oa\215\251\272\025\266\377\023\251_DyZ \231"
  91      618DA9BA 
  91      15B6FF13 
  91      A95F4479 
  91      5A2099
  92 03ce 0DA43314 		.ascii	"\015\2443\024\245\256\360\333\027J?\235\014N\216\006"
  92      A5AEF0DB 
  92      174A3F9D 
  92      0C4E8E06 
  93 03de F73CC175 		.ascii	"\367<\301u\214K\372,\301I\002\256\266\273t\226\001\367"
  93      8C4BFA2C 
  93      C14902AE 
  93      B6BB7496 
  93      01F7
  94 03f0 C814059C 		.ascii	"\310\024\005\234Bp\347\306\345y~\014\256\241\351\300"
  94      4270E7C6 
ARM GAS  C:\Users\Simone\AppData\Local\Temp\ccBgSct3.s 			page 7


  94      E5797E0C 
  94      AEA1E9C0 
  95 0400 8697F546 		.ascii	"\206\227\365F\211\017\013\020&k\222D\350\024H\261$\213"
  95      890F0B10 
  95      266B9244 
  95      E81448B1 
  95      248B
  96 0412 2EA4EB34 		.ascii	".\244\3534\370\316\256L\372\017\241\266\242sXT\201\336"
  96      F8CEAE4C 
  96      FA0FA1B6 
  96      A2735854 
  96      81DE
  97 0424 F30B8684 		.ascii	"\363\013\206\204\372\320Y\300&u\201\317_\322\312\351"
  97      FAD059C0 
  97      267581CF 
  97      5FD2CAE9 
  98 0434 328B7CC6 		.ascii	"2\213|\306\237\030\242\016\200n\354/t\254\361)\302L"
  98      9F18A20E 
  98      806EEC2F 
  98      74ACF129 
  98      C24C
  99 0446 161380EC 		.ascii	"\026\023\200\354\326\266BT\273'\207\350\275\207\213"
  99      D6B64254 
  99      BB2787E8 
  99      BD878B
 100 0455 688747C3 		.ascii	"h\207G\303\253\006\277\212\023\336-\014\202\220\244"
 100      AB06BF8A 
 100      13DE2D0C 
 100      8290A4
 101 0464 F1A9BA52 		.ascii	"\361\251\272R\256,\322C\264F\264\354s\223\267lOx\313"
 101      AE2CD243 
 101      B446B4EC 
 101      7393B76C 
 101      4F78CB
 102 0477 8E140D54 		.ascii	"\216\024\015T\202\316\347\014zu.Q\313\306\021\011\227"
 102      82CEE70C 
 102      7A752E51 
 102      CBC61109 
 102      97
 103 0488 8DC96013 		.ascii	"\215\311`\023\223\001'\030:\031\233\014\341\323\240"
 103      93012718 
 103      3A199B0C 
 103      E1D3A0
 104 0497 78F3634D 		.ascii	"x\363cM\203^1\015\306\336B$\032\372&\237\006[<F\307"
 104      835E310D 
 104      C6DE4224 
 104      1AFA269F 
 104      065B3C46 
 105 04ac C54CE8B8 		.ascii	"\305L\350\270+\240\260\310\021\321v\017G\304U\272o\216"
 105      2BA0B0C8 
 105      11D1760F 
 105      47C455BA 
 105      6F8E
 106 04be 1C11BB67 		.ascii	"\034\021\273g\221k\006\327\242\217\210~\321\277\327"
 106      916B06D7 
 106      A28F887E 
 106      D1BFD7
ARM GAS  C:\Users\Simone\AppData\Local\Temp\ccBgSct3.s 			page 8


 107 04cd C346C496 		.ascii	"\303F\304\226[\301f\345\337\327\277O\274\3767\304\353"
 107      5BC166E5 
 107      DFD7BF4F 
 107      BCFE37C4 
 107      EB
 108 04de 1FF9D4DF 		.ascii	"\037\371\324\337\304\247\276\033\274\301^\217Q\003F"
 108      C4A7BE1B 
 108      BCC15E8F 
 108      510346
 109 04ed 431EA8B4 		.ascii	"C\036\250\264x)5=\335\201?\316\354\234y9y\236\214\327"
 109      7829353D 
 109      DD813FCE 
 109      EC9C7939 
 109      799E8CD7 
 110 0501 321C791E 		.ascii	"2\034y\036\207\273\300\341q;q3\327\363y\272\223\361"
 110      87BBC0E1 
 110      713B7133 
 110      D7F379BA 
 110      93F1
 111 0513 827C09BF 		.ascii	"\202|\011\277I\316\202|\323\222\271\013\026\2732&1\312"
 111      49CE827C 
 111      D392B90B 
 111      16BB3226 
 111      31CA
 112 0525 CF731778 		.ascii	"\317s\027x\034\357\315\311\234\235\271\024O\235yn\327"
 112      1CEFCDC9 
 112      9C9DB914 
 112      4F9D796E 
 112      D7
 113 0536 674B5ECF 		.ascii	"gK^\317M\317f\257F\263p--p\314\316\314\3720\313\221"
 113      4DCF66AF 
 113      46B3702D 
 113      2D70CCCE 
 113      CCFA30CB 
 114 054b B3D0B960 		.ascii	"\263\320\271`\361|\227CX8s\337_\274\320\211F\323&q3"
 114      F17C9743 
 114      583873DF 
 114      5FBCD089 
 114      46D32671 
 115 0560 763BDBB3 		.ascii	"v;\333\263\314\203\367\0223\263\346\244\314\233\353"
 115      CC83F712 
 115      33B3E6A4 
 115      CC9BEB
 116 056f 71E5BB73 		.ascii	"q\345\273s^LI{\211q7\213\311u\345\346\271\2271\251`"
 116      5E4C497B 
 116      8971378B 
 116      C975E5E6 
 116      B99731A9 
 117 0584 51FEF447 		.ascii	"Q\376\364G\3438\263\347#\320?\306\213\237+"
 117      E338B3E7 
 117      23D03FC6 
 117      8B9F2B
 118              		.text
 119              		.section	.gnu.lto_chMsgWait.ce91a60f,"",%progbits
 120 0000 789C8D56 		.ascii	"x\234\215VkLTW\020>s\316\345.\260\273B\372\2431\376"
 120      6B4C5457 
 120      103E73CE 
ARM GAS  C:\Users\Simone\AppData\Local\Temp\ccBgSct3.s 			page 9


 120      E52EB0BB 
 120      42FAA331 
 121 0015 2824A4D5 		.ascii	"($\244\325\306.\253\251i\2334\255iL\232\366\007\177"
 121      C62EABA9 
 121      699B34AD 
 121      694C9AF6 
 121      077F
 122 0027 3469FAAB 		.ascii	"4i\372\253\215\256\244\220\360\352.\030\371a\275\273"
 122      8DAEA490 
 122      F0EA2E18 
 122      F961BDBB 
 123 0037 5D836D83 		.ascii	"]\203m\2035j[|\203\217\324\212\017\036\225\012T\331"
 123      356A5B7C 
 123      838FD48A 
 123      0F1E950A 
 123      54D9
 124 0049 560B4AAB 		.ascii	"V\013J\253  \210\240,\302\372\252F\020P7>\2663\347^"
 124      202088A0 
 124      2CC2FAAA 
 124      46105037 
 124      3EB633E7 
 125 005e 29FB20B2 		.ascii	")\373 \262\201\313\33633\337\314|\347;g\020,\372\263"
 125      81CBDE33 
 125      33DFCC7C 
 125      E73B6710 
 125      2CFAB3
 126 0071 087F4502 		.ascii	"\010\177E\002c\351\300\030\3041\340\033\3173\346\216"
 126      63E9C018 
 126      C431E01B 
 126      CF33E68E 
 127 0081 E75C4C98 		.ascii	"\347\\L\230\230\226\250lofL\263\010P\364u\005\200\276"
 127      9896A86C 
 127      6F664CB3 
 127      0850F475 
 127      0580BE
 128 0094 30606BB9 		.ascii	"0`k\271P`-\334\342\243\034\352\217\214\2373\337\344"
 128      50602DDC 
 128      E2A31CEA 
 128      8F8C9F33 
 128      DFE4
 129 00a6 41CE5219 		.ascii	"A\316R\031\2766l:S\246\322+(\364\332\323]\326\2230w"
 129      BE366C3A 
 129      53A6D22B 
 129      28F4DAD3 
 129      5DD69330 
 130 00bb BFA67946 		.ascii	"\277\246yF<M9[\267\224\243\205\2631\316\340g\230\003"
 130      3C4D395B 
 130      B794A385 
 130      B331CEE0 
 130      679803
 131 00ce 07600EE1 		.ascii	"\007`\016\341\375\002s\311\327\355+\355\262\212\327"
 131      FD0273C9 
 131      D7ED2BED 
 131      B28AD7
 132 00dd 80BE7F7D 		.ascii	"\200\276\177}\334\335dI\253\3008\177po\213E;\243y\375"
 132      DCDD6449 
 132      ABC0387F 
ARM GAS  C:\Users\Simone\AppData\Local\Temp\ccBgSct3.s 			page 10


 132      706F8B45 
 132      3BA379FD 
 133 00f1 A1500A06 		.ascii	"\241P\012\006\303A\020\341\361\364\301\220Q\357\323"
 133      C34110E1 
 133      F1F4C190 
 133      51EFD3
 134 0100 1EB3EAD5 		.ascii	"\036\263\352\3254-\031*!\215\222 \366!P\251;Z9\372\222"
 134      342D192A 
 134      218D9220 
 134      F62150A9 
 134      3B5A39FA 
 135 0115 4F0B856A 		.ascii	"O\013\205j\237T\227\274y\200'\013\206`\012=Tz\230\360"
 135      9F5497BC 
 135      7980270B 
 135      86600A3D 
 135      547A98F0 
 136 0129 2112E961 		.ascii	"!\022\351af\344l\241E\306\206\361\227\232\016\340\013"
 136      66E46CA1 
 136      45C686F1 
 136      979A0EE0 
 136      0B
 137 013a FE15DDE0 		.ascii	"\376\025\335\340I\246dc\225\332\026!^\227\265\376\333"
 137      49A66463 
 137      95DA1621 
 137      5E97B5FE 
 137      DB
 138 014b 55B13F51 		.ascii	"U\261?Q\326:2P\265\353\345\255Z\271g#&Z\014A\256\300"
 138      D63A3250 
 138      B5EBE5AD 
 138      5AB96723 
 138      265A0C41 
 139 0161 E158D5C2 		.ascii	"\341X\325\302\021H\303\300\301\322\211Z \256\224T\006"
 139      1148C3C0 
 139      C1D2895A 
 139      20AE9454 
 139      06
 140 0172 47D1DA07 		.ascii	"G\321\332\007\236k\233K\256\227\251a\355\370\207\277"
 140      9E6B9B4B 
 140      AE97A961 
 140      EDF887BF 
 141 0182 927D8C71 		.ascii	"\222}\214q\010\357\323\337\377\355U\334\266*2\361\010"
 141      08EFD3DF 
 141      FFED55DC 
 141      B62A32F1 
 141      08
 142 0193 D3C98AF7 		.ascii	"\323\311\212\367(\013\203j\262\212\010\202\030\324\200"
 142      280B836A 
 142      B28A0882 
 142      18D480
 143 01a2 8A75D412 		.ascii	"\212u\324\022;\300N\002\232\007\356<\332,R\332`\247"
 143      3BC04E02 
 143      9A07EE3C 
 143      DA2C52DA 
 143      60A7
 144 01b4 56961AE4 		.ascii	"V\226\032\344q\024\361C\337cw\242\202\024\300\257\220"
 144      7114F143 
 144      DF6377A2 
ARM GAS  C:\Users\Simone\AppData\Local\Temp\ccBgSct3.s 			page 11


 144      8214C0AF 
 144      90
 145 01c5 2249DEB6 		.ascii	"\"I\336\266\356\247\255\026\\\201c\240\310\222\031\324"
 145      EEA7AD16 
 145      5C8163A0 
 145      C89219D4 
 146 01d5 818286D6 		.ascii	"\201\202\206\326\222\362\007JJ\207\021\255\222o\373"
 146      92F2074A 
 146      4A8711AD 
 146      926FFB
 147 01e4 9DE68604 		.ascii	"\235\346\206\004\031\375\033E\303q\224\304e\360\324"
 147      19FD1B45 
 147      C37194C4 
 147      65F0D4
 148 01f3 D50FEE5E 		.ascii	"\325\017\356^@\375<\344\024\270\253s\303\021\276\346"
 148      40FD3CE4 
 148      14B8AB73 
 148      C311BEE6 
 149 0203 B1B65E8B 		.ascii	"\261\266^\213\017r\323S\256o\346\300p\333\205x\242\306"
 149      0F72D353 
 149      AE6FE6C0 
 149      70DB8578 
 149      A2C6
 150 0215 245F0FB8 		.ascii	"$_\017\270\275;`'lwk\344\025\017\365\260\006\032(;\332"
 150      BD3B6027 
 150      6C776BE4 
 150      150FF5B0 
 150      061A283B 
 151 022a 9E1DFABE 		.ascii	"\236\035\372\276F\265Ub[\276w\202<\001\032\321\361>"
 151      46B55562 
 151      5BBE7782 
 151      3C011AD1 
 151      F13E
 152 023c 374471A2 		.ascii	"7Dq\242\251\343\231\242\033g\223x~\007\333}\244\021"
 152      A9E399A2 
 152      1B679378 
 152      7E07DB7D 
 152      A411
 153 024e AB390136 		.ascii	"\2539\0016\326\015\234\012\011\327\333\243\241\346\027"
 153      D60D9C0A 
 153      09D7DBA3 
 153      A1E617
 154 025d EB0D4E42 		.ascii	"\353\015NB\032\326\257\367s\245\366\330\023\010\247"
 154      1AD6AFF7 
 154      73A5F6D8 
 154      1308A7
 155 026c 7F5DC807 		.ascii	"\177]\310\007\344cl\234\022\305\177\223\344\337G,\210"
 155      E4636C9C 
 155      12C57F93 
 155      E4DF472C 
 155      88
 156 027d A9FD7259 		.ascii	"\251\375rY\366\261G\273\357Z'\373M\304L\360\207\321"
 156      F6B147BB 
 156      EF5A27FB 
 156      4DC44CF0 
 156      87D1
 157 028f EE8EF1CD 		.ascii	"\356\216\361\315\275I\262\243\221\206\033\267?\305\020"
ARM GAS  C:\Users\Simone\AppData\Local\Temp\ccBgSct3.s 			page 12


 157      BD49B2A3 
 157      91861BB7 
 157      3FC510
 158 029e 33FC295B 		.ascii	"3\374)[\346:*\372<-\275\267\027\364\256\027S\013\247"
 158      E63A2AFA 
 158      3C2DBDB7 
 158      17F4AE17 
 158      530BA7
 159 02b1 A86BA19B 		.ascii	"\250k\241\233\34146\216e?(\031W\365\374\2113M\350+\246"
 159      E134368E 
 159      653F2819 
 159      57F5FC89 
 159      334DE82B 
 160 02c6 647F4524 		.ascii	"d\177E$\253;t\266\323\212\033\210\366<<>\320\0146=Q"
 160      AB3B74B6 
 160      D38A1B88 
 160      F63C3C3E 
 160      D00C363D 
 161 02db 0BAC6117 		.ascii	"\013\254a\027\301{\351\324w\317\226\353\373-0\231\244"
 161      C17BE9D4 
 161      77CF96EB 
 161      FB2D3099 
 161      A4
 162 02ec 2F80D54C 		.ascii	"/\200\325L\230D?x}\217[\344\036\260H)X\306P\203\014"
 162      98443F78 
 162      7D8F5BE4 
 162      1EB04829 
 162      58C65083 
 163 0301 CE20089A 		.ascii	"\316 \010\232\252+\372\036\012\342\307:\213\301Y\230"
 163      AA2BFA1E 
 163      0AE2C73A 
 163      8BC15998 
 164 0311 13E4B324 		.ascii	"\023\344\263$\214\"O%\355\302h\250\332\244gQ\247UU\244"
 164      8C224F25 
 164      EDC268A8 
 164      DAA46751 
 164      A75555A4 
 165 0325 8C5AA364 		.ascii	"\214Z\243d4\237\024\364w\264\202\346\023\215\377L\212"
 165      349F14F4 
 165      77B482E6 
 165      138DFF4C 
 165      8A
 166 0336 E7DC730E 		.ascii	"\347\334s\016O\203\236\323\024\316\241\357#I\242\032"
 166      4F839ED3 
 166      14CEA1EF 
 166      2349A21A 
 167 0346 41E27CE2 		.ascii	"A\342|\342\357\274\301\037\213 o6\221\327\206\300\014"
 167      EFBCC11F 
 167      8B206F36 
 167      91D786C0 
 167      0C
 168 0357 DAB1E9FF 		.ascii	"\332\261\351\377\265Y\323\330\333j\026\036\375\364\337"
 168      B559D3D8 
 168      DB6A161E 
 168      FDF4DF
 169 0366 1B2A6D57 		.ascii	"\033*mWc\011U\300\205\230B\355 \241\232t\241\266x{\233"
 169      630955C0 
ARM GAS  C:\Users\Simone\AppData\Local\Temp\ccBgSct3.s 			page 13


 169      859842ED 
 169      20A19A74 
 169      A1B6787B 
 170 037b 6785A95D 		.ascii	"g\205\251]\303\333\212\257\367\341m5\263\253\325\037"
 170      C3DB8AAF 
 170      F7E16D35 
 170      B3ABD51F 
 171 038b 082D2048 		.ascii	"\010- HC\327j\344\305\333I\246.\251\355\213\304\213"
 171      43D76AE4 
 171      C5DB49A6 
 171      2EA9ED8B 
 171      C48B
 172 039d 99181CE8 		.ascii	"\231\030\034\350\033\224{'\346\221{\340hec\302\344&"
 172      1B947B27 
 172      E6917BE0 
 172      686563C2 
 172      E426
 173 03af 9889A56E 		.ascii	"\230\211\245n\203\245\203\265U\343q\272\2667|Sc\265"
 173      83A583B5 
 173      55E371BA 
 173      B6377C53 
 173      63B5
 174 03c1 514D3D92 		.ascii	"QM=\222.\241\243\302%yj=\332\273\004O\3310\205\354\255"
 174      2EA1A3C2 
 174      25796A3D 
 174      DABB044F 
 174      D93085EC 
 175 03d6 3AB0ED13 		.ascii	":\260\355\023=\245%\226\234\315\321;\301\241WB+\006"
 175      3DA52596 
 175      9CCDD13B 
 175      C1A15742 
 175      2B06
 176 03e8 F4657D4F 		.ascii	"\364e}O7\015&\021\316L\013\365\251\204\324\027Vd?\330"
 176      370D2611 
 176      CE4C0BF5 
 176      A984D417 
 176      56643FD8 
 177 03fc B00C02FB 		.ascii	"\260\014\002\373q4\260\3553\003.\252&K\254#\366\012"
 177      7134B0ED 
 177      33032EAA 
 177      264BAC23 
 177      F60A
 178 040e C15D9170 		.ascii	"\301]\221pq\006\334U\2023Q\333\222}\232h4\337\010\177"
 178      7106DC55 
 178      823351DB 
 178      927D9A68 
 178      34DF087F 
 179 0422 A4EAF47D 		.ascii	"\244\352\364}a\310d\252\374\342\246k:\011\006$\266J"
 179      61C864AA 
 179      FCE2A66B 
 179      3A090624 
 179      B64A
 180 0434 D2F0830D 		.ascii	"\322\360\203\015mwj\312\233\345\325c\2652\030\304\200"
 180      6D776ACA 
 180      9BE5D563 
 180      B53218C4 
 180      80
ARM GAS  C:\Users\Simone\AppData\Local\Temp\ccBgSct3.s 			page 14


 181 0445 E7336EEA 		.ascii	"\3473n\352\\\333\270{Fs\355\232\234k\223\227\231\202"
 181      5CDBB87B 
 181      4673ED9A 
 181      9C6B9397 
 181      9982
 182 0457 4B43D3CF 		.ascii	"KC\323\317\265}{\300\320\221)\352~\034&\015EL\273\326"
 182      B57D7BC0 
 182      D09129EA 
 182      7E1C260D 
 182      454CBBD6 
 183 046b 09A42440 		.ascii	"\011\244$@\376\361\221\323\356\360\373\224\233\301\365"
 183      FEF191D3 
 183      EEF0FB94 
 183      9BC1F5
 184 047a D8D3EE86 		.ascii	"\330\323\356\206T\344\315)\323n\337]\177\203\372|\220"
 184      54E4CD29 
 184      D36EDF5D 
 184      7F83FA7C 
 184      90
 185 048b 0DC94176 		.ascii	"\015\311AvK\016\262\310\251u\033\247\326Up\373\207\367"
 185      4B0EB2C8 
 185      A9751BA7 
 185      D65570FB 
 185      87F7
 186 049d 1847DDCC 		.ascii	"\030G\335\314\350\337\002\240\213\007\275\322\322\323"
 186      E8DF02A0 
 186      8B07BDD2 
 186      D2D3
 187 04ab EDF8E3C8 		.ascii	"\355\370\343\310\312^\221\235\357Z\370\326B{\276\313"
 187      CA5E919D 
 187      EF5AF8D6 
 187      427BBECB 
 188 04bb EE2CB4BB 		.ascii	"\356,\264\273\234\016\\\314u}\221\356`\274\260 n\325"
 188      9C0E5CCC 
 188      757D91EE 
 188      60BCB020 
 188      6ED5
 189 04cd F29CA2CC 		.ascii	"\362\234\242\314\205\3238\027\344;\013]\366\017\226"
 189      85D33817 
 189      E43B0B5D 
 189      F60F96
 190 04dc 662CC958 		.ascii	"f,\311X\215VG\2763\363\363Uo\347\246g\261E\261\"2W\027"
 190      8D5647BE 
 190      33F3F355 
 190      6FE7A667 
 190      B145B122 
 191 04f3 DA97642C 		.ascii	"\332\227d,\373x\231=;\317\221S\2642\323.#\034\271\037"
 191      FB78993D 
 191      3BCF9153 
 191      B432D32E 
 191      231CB91F 
 192 0507 16E53930 		.ascii	"\026\34590h\3564i&\275\263\\\305.\364K\316X\2664u\305"
 192      68EE3469 
 192      26BDB35C 
 192      C52EF44B 
 192      CE58B634 
 193 051d 72576681 		.ascii	"rWf\2013\373\215\324W\0270\356d\246\334\314\334|g\361"
ARM GAS  C:\Users\Simone\AppData\Local\Temp\ccBgSct3.s 			page 15


 193      33FB8DD4 
 193      571730EE 
 193      64A6DCCC 
 193      DC7C67F1 
 194 0531 0C30A8B7 		.ascii	"\0140\250\267,&\012\277,\230\367\342|\216\254\225\350"
 194      2C260ABF 
 194      2C98F7E2 
 194      7C8EAC95 
 194      E8
 195 0542 FC1FD381 		.ascii	"\374\037\323\201\226\202"
 195      9682
 196              		.text
 197              		.section	.gnu.lto_chMsgRelease.ce91a60f,"",%progbits
 198 0000 789C8D53 		.ascii	"x\234\215S[HTQ\024\335\373\334;\343\370\010\244\217"
 198      5B485451 
 198      14DDFBDC 
 198      3BE3F808 
 198      A48F
 199 0012 107F1C10 		.ascii	"\020\177\034\020\223\240\234\204\250\257^\010A\037\376"
 199      93A09C84 
 199      A8AF5E08 
 199      411FFE
 200 0021 287D874E 		.ascii	"(}\207NC\012\216#3*\372!\236\231\024%0\244\007i\222"
 200      430A8E23 
 200      332AFA21 
 200      9E991425 
 200      30A40769 
 201 0036 292A9693 		.ascii	")*\226\223\217\264\207N\232c\251\211\220\026>\012\014"
 201      8FB4874E 
 201      9A63A989 
 201      90163E0A 
 201      0C
 202 0047 9DC2CA50 		.ascii	"\235\302\312PAQ\253\213\310\264\317uFtT\3602\2279\347"
 202      4151AB8B 
 202      C8B4CF75 
 202      467454F0 
 202      329739E7 
 203 005b ECBDF65E 		.ascii	"\354\275\366^{\235u%\330\375D\322{E\006\320 \000J\200"
 203      7B9D7525 
 203      D8FD44D2 
 203      7B4506D0 
 203      20004A80 
 204 006f AC7C04C0 		.ascii	"\254|\004\300\256c\210b\001\010\205\014\013\3617[fX"
 204      AE638862 
 204      0108850C 
 204      0BF1375B 
 204      6658
 205 0081 EE765684 		.ascii	"\356vV\204\3066p\316\227\034\023\021\305\021\012\003"
 205      C63670CE 
 205      971C1311 
 205      C5110A03 
 206 0091 58619B65 		.ascii	"Xa\233e\260\021c)\305\356.\033?$\035E\240uW\313\352"
 206      B0116329 
 206      C5EE2E1B 
 206      3F241D45 
 206      A07557CB 
 207 00a6 87D039A6 		.ascii	"\207\3209\2460\324\213\255\353\366P\205Vl\231,\266\375"
ARM GAS  C:\Users\Simone\AppData\Local\Temp\ccBgSct3.s 			page 16


 207      30D48BAD 
 207      EBF65085 
 207      566C992C 
 207      B6FD
 208 00b8 AD938A2E 		.ascii	"\255\223\212.\246\216s\207\273\247\235_\220\025&\341"
 208      A68E7387 
 208      BBA79D5F 
 208      901526E1 
 209 00c8 6394A81E 		.ascii	"c\224\250\036>\301Hl\302H\240#@'\306Pv\343\334b\247"
 209      3EC1486C 
 209      C248A023 
 209      4027C650 
 209      76E3DC62 
 210 00dd 241D53EB 		.ascii	"$\035S\353\376\252\232U\302\004\222\273G7\2212>\015"
 210      FEAA9A55 
 210      C20492BB 
 210      47379132 
 210      3E0D
 211 00ef 44CA80CD 		.ascii	"D\312\200\315\030#\322\227\2136>\207j\213(=|\303O\030"
 211      1823D297 
 211      8B363E87 
 211      6A8B283D 
 211      7CC34F18 
 212 0103 5B504BF3 		.ascii	"[PK\363B\353a7\367z\353Z\026&\344 \011E/\031U\034\314"
 212      42EB6137 
 212      F77AEB5A 
 212      1626E420 
 212      09452F19 
 213 011a 529A10E0 		.ascii	"R\232\020\340\007c\342_\232DG\270\250\266\342\344w%"
 213      0763E25F 
 213      9A4447B8 
 213      A8B6E2E4 
 213      7725
 214 012c E9844A64 		.ascii	"\351\204Jd~\274\266!$\272\226FX\232o\253>R\311k\034"
 214      7EBCB621 
 214      24BA9646 
 214      589A6FAB 
 214      3E52C96B 
 215 0141 E554EE3C 		.ascii	"\345T\356<*L\203\255;\031\371Tj\303h\002~+[\353@!\205"
 215      2A4C83AD 
 215      3B19F954 
 215      6AC36802 
 215      7E2B5BEB 
 216 0158 460FF88C 		.ascii	"F\017\370\214\242S\350\370^U\362\263B\273\203\257\247"
 216      A253E8F8 
 216      5E55F2B3 
 216      42BB83AF 
 216      A7
 217 0169 BF0955AA 		.ascii	"\277\011U\252+\014wN\342Y\2759\255\001l\027!\026\020"
 217      2B0C774E 
 217      E259BD39 
 217      AD016C17 
 217      211610
 218 017c 9AAC3D2B 		.ascii	"\232\254=+\332\000v\210\250\024 \001\340s\324\022\221"
 218      DA007688 
 218      A8142001 
 218      E073D412 
ARM GAS  C:\Users\Simone\AppData\Local\Temp\ccBgSct3.s 			page 17


 218      91
 219 018d 17420084 		.ascii	"\027B\000\204\267H\341\231\205\177w\244\2501|\310+\364"
 219      B748E199 
 219      857F77A4 
 219      A8317CC8 
 219      2BF4
 220 019f 0AD30AC4 		.ascii	"\012\323\012\304\275\251u{\210L\032\340K\214\002q\362"
 220      BDA9757B 
 220      884C1AE0 
 220      4B8C0271 
 220      F2
 221 01b0 A0F87E65 		.ascii	"\240\370~e\030\235\340+\224U\316\200\235(S`\270\244"
 221      189DE02B 
 221      9455CE80 
 221      9D285360 
 221      B8A4
 222 01c2 E68F1C35 		.ascii	"\346\217\0345\351C\007\211\334\217\013\203\256`\025"
 222      E9430789 
 222      DC8F0B83 
 222      AE6015
 223 01d1 DD25D0E8 		.ascii	"\335%\320\350B\031\374\002\336\350\264\367\206m\212"
 223      4219FC02 
 223      DEE8B4F7 
 223      866D8A
 224 01e0 E698F812 		.ascii	"\346\230\370\022\306\207x\221\307\353\215\332\343\372"
 224      C6877891 
 224      C7EB8DDA 
 224      E3FA
 225 01ee 7D92BDC6 		.ascii	"}\222\275\306\350\2774\206\037\337\275\346\032\010\025"
 225      E8BF3486 
 225      1FDFBDE6 
 225      1A0815
 226 01fd 78CE4970 		.ascii	"x\316IpV\352&\301\367p\200\017\334-\3002|\305b\317\306"
 226      56EA26C1 
 226      F770800F 
 226      DC2DC032 
 226      7CC562CF 
 227 0212 C85AFC4E 		.ascii	"\310Z\374N\245\212\234(\022D\007\237\314\362.\265zT"
 227      A58A9C28 
 227      1244079F 
 227      CCF22EB5 
 227      7A54
 228 0224 B5DEA0AA 		.ascii	"\265\336\240\252J\365\330\255\026V\260\316K\271Na\272"
 228      4AF5D8AD 
 228      1656B0CE 
 228      4BB94E61 
 228      BA
 229 0235 15BA6511 		.ascii	"\025\272e\021\306^,\000\242H\215\024\026\274Et\273;"
 229      C65E2C00 
 229      A2488D14 
 229      16BC4574 
 229      BB3B
 230 0247 CA1F1DC8 		.ascii	"\312\037\035\310\035n\325\0353\263\243\237t\252;\350"
 230      1D6ED51D 
 230      33B3A39F 
 230      74AA3BE8 
 231 0257 A86F7F77 		.ascii	"\250o\177w\324;\375\356\320\356\242\375V\320\016\260"
ARM GAS  C:\Users\Simone\AppData\Local\Temp\ccBgSct3.s 			page 18


 231      D43BFDEE 
 231      D0EEA2FD 
 231      56D00EB0 
 232 0267 CCF01A59 		.ascii	"\314\360\032Y\346\235\310\017\012\264L\3639\321\033"
 232      E69DC80F 
 232      0AB44CF3 
 232      39D11B
 233 0276 B07F6FCB 		.ascii	"\260\177o\313\014\250\"\014n\263L\375\242\307\245\365"
 233      0CA8220C 
 233      6EB34CFD 
 233      A2C7A5F5 
 234 0286 BBA14F75 		.ascii	"\273\241Ou\303{\325\015\201W?DW?\215v\317\2003Xp\025"
 234      C37BD50D 
 234      81573F44 
 234      573F8D76 
 234      CF803358 
 235 029c 63CE929B 		.ascii	"c\316\222\233\351\223\242\234\350\2708\003\375\214i"
 235      E993A29C 
 235      E8B83803 
 235      FD8C69
 236 02ab E9A9E916 		.ascii	"\351\251\351\026[\374\351x\203\305f\260f\033lV#\035"
 236      5BFCE978 
 236      83C566B0 
 236      661B6C56 
 236      231D
 237 02bd 9A6DD7E3 		.ascii	"\232m\327\343\214\300\262\263$ZirS2rL\361\373\000\262"
 237      8CC0B2B3 
 237      245A6972 
 237      5332724C 
 237      F1FB00B2 
 238 02d1 2CD66C9B 		.ascii	",\326l\233\341bRbBb\036E\215\026\253\351j\356\031s\\"
 238      E1625262 
 238      42621E45 
 238      8D16ABE9 
 238      6AEE1973 
 239 02e6 1A9CDA0B 		.ascii	"\032\234\332\013a\312\3136$$&_N6\244g\0323r\256\231"
 239      61CACB36 
 239      2424265F 
 239      4E36A467 
 239      1A3372AE 
 240 02fb 0C2AC268 		.ascii	"\014*\302h\276\224\223i$P\354>m\266\262\323l\3716\312"
 240      BE949369 
 240      2450EC3E 
 240      6DB6B2D3 
 240      6CF936CA 
 241 030f 0B4F4C4E 		.ascii	"\013OLN\322\247\246\330LY\326\364\343\372\230\223\300"
 241      D2A7A6D8 
 241      4C59D6F4 
 241      E3FA9893 
 241      C0
 242 0320 AC106436 		.ascii	"\254\020d6\231-\326\374\003\324\020\363\245\301\177"
 242      992DD6FC 
 242      03D410F3 
 242      A5C17F
 243 032f C8DBD1C3 		.ascii	"\310\333\321\303"
 244              		.text
 245              		.section	.gnu.lto_.symbol_nodes.ce91a60f,"",%progbits
ARM GAS  C:\Users\Simone\AppData\Local\Temp\ccBgSct3.s 			page 19


 246 0000 789C4DC8 		.ascii	"x\234M\310+\016\002A\024\005\321\272\357u\023$;`\251"
 246      2B0E0241 
 246      1405D1BA 
 246      EF751324 
 246      3B60A9
 247 0013 77048A20 		.ascii	"w\004\212 X\001A\314R\010$\010\366\200Aa\370\012\004"
 247      580141CC 
 247      52082408 
 247      F6804161 
 247      F80A04
 248 0026 81644674 		.ascii	"\201dFt\271S\011\254\030\213\233\014\353\023\330l\266"
 248      B95309AC 
 248      188B9B0C 
 248      EB13D86C 
 248      B6
 249 0037 53EA53CC 		.ascii	"S\352S\314L\334e\265?\036r\264Co9\207A\327\375\375\222"
 249      4CDC65B5 
 249      3F1E72B4 
 249      436F3987 
 249      41D7FDFD 
 250 004c 4BEB8F5C 		.ascii	"K\353\217\\\033'\225\376x\310\244\260[^\347\031\205"
 250      1B2795FE 
 250      78C8A4B0 
 250      5B5EE719 
 250      85
 251 005d C5FEA2CC 		.ascii	"\305\376\242\314\011\375\371+~%g'\353"
 251      09FDF92B 
 251      7E256727 
 251      EB
 252              		.text
 253              		.section	.gnu.lto_.refs.ce91a60f,"",%progbits
 254 0000 789C6366 		.ascii	"x\234cf``\340c\200\000F bdbb`df`\344d\000\000\002\013"
 254      6060E063 
 254      80004620 
 254      62646262 
 254      60646660 
 255 001a 0027     		.ascii	"\000'"
 256              		.text
 257              		.section	.gnu.lto_.decls.ce91a60f,"",%progbits
 258 0000 789CB55A 		.ascii	"x\234\265ZkTTW\226\256sO\025E\025\005\330\261cz9\351"
 258      6B545457 
 258      96AE734F 
 258      15451505 
 258      D8B1637A 
 259 0016 896D7AE8 		.ascii	"\211mz\350\364\254\2501\017;\335\253g%\035;\335\223"
 259      F4ACA831 
 259      0F3BDDAB 
 259      67251D3B 
 259      DD93
 260 0028 EE49271D 		.ascii	"\356I'\035;\253\177\2643\025\204R\230\360\352\252B\343"
 260      3BAB7FB4 
 260      33158452 
 260      98F0EAAA 
 260      42E3
 261 003a 5AB3668A 		.ascii	"Z\263f\212\227\362P\021\020\004\025,\004\024\344)*\017"
 261      97F25011 
 261      1004152C 
ARM GAS  C:\Users\Simone\AppData\Local\Temp\ccBgSct3.s 			page 20


 261      0414E429 
 261      2A0F
 262 004c 794A0441 		.ascii	"yJ\004A\020Q|\242B\011(\340\023\004\005\037\300\354"
 262      10517CA2 
 262      420928E0 
 262      1304051F 
 262      C0EC
 263 005e 73CEBD75 		.ascii	"s\316\275uo\225\267\324\0373,\217u\367\275\373\354\375"
 263      6F95B7D4 
 263      1F332C8F 
 263      75F7BDFB 
 263      ECFD
 264 0070 ED7DF6D9 		.ascii	"\355}\366\331g\237s/V(\024\0138\205b\026\376>~W\241"
 264      679F732F 
 264      5628140B 
 264      38856216 
 264      FE3E7E57 
 265 0085 88522B14 		.ascii	"\210R+\024J\270\367%4\004m\236\202\375\271A[\0137\326"
 265      4AB8F725 
 265      34046D9E 
 265      82FDB941 
 265      5B0B37D6 
 266 0099 43FB6F68 		.ascii	"C\373oh\221\3206@\213E\214o\006)\034\376\010\357\253"
 266      91D03640 
 266      8B458C6F 
 266      06291CFE 
 266      08EFAB
 267 00ac F0EB054D 		.ascii	"\360\353\005M\007\355\020\264?\301\275Y\304\313\004"
 267      07ED10B4 
 267      3FC1BD59 
 267      C4CB04
 268 00bb 9D4FE0DA 		.ascii	"\235O\340\332\012\255\011H%\320\032h\037\001\375\005"
 268      0AAD0948 
 268      25D01A68 
 268      1F01FD05 
 269 00cb B4FF20BF 		.ascii	"\264\377 \277p\177\026\232\026\356G\003\355\001\277"
 269      707F169A 
 269      16EE4703 
 269      ED01BF
 270 00da 16F20BF7 		.ascii	"\026\362\013\367\036\301o&\264\000h\276\320\376\025"
 270      1EC16F26 
 270      B40068BE 
 270      D0FE15
 271 00e9 9A1FB44F 		.ascii	"\232\037\264O\240\375\031\332W\320\276\201\366+h\032"
 271      A0FD19DA 
 271      57D0BE81 
 271      F62B681A 
 272 00f9 1E8F17F4 		.ascii	"\036\217\027\364\237\003m\036\264\177\340\030~b\307"
 272      9F036D1E 
 272      B47FE018 
 272      7E62C7
 273 0108 8FE1FA0D 		.ascii	"\217\341\372\015\216BR\274\305=k\013\261y\216\304\026"
 273      8E4252BC 
 273      C53D6B0B 
 273      B1798EC4 
 273      16
 274 0119 C10E296E 		.ascii	"\301\016)n\251=\202\015\004/\261\225`&v\250%\270\011"
ARM GAS  C:\Users\Simone\AppData\Local\Temp\ccBgSct3.s 			page 21


 274      A93D820D 
 274      042FB195 
 274      602676A8 
 274      25B809
 275 012c E6E53C5E 		.ascii	"\346\345<^\001\253\206\327%\305\271\224c\030?\340D\234"
 275      01AB86D7 
 275      25C5B994 
 275      63183FE0 
 275      449C
 276 013e 72FE2663 		.ascii	"r\376&c\242\345\307M\212\223\370]\212s\031\264\377\342"
 276      A2E5C74D 
 276      8A93F85D 
 276      8A7319B4 
 276      FFE2
 277 0150 FBBAF3FD 		.ascii	"\373\272\363\375\244\372>\344\330\230Ju}\3049\352\032"
 277      A4FA3EE4 
 277      D8984A75 
 277      7DC439EA 
 277      1A
 278 0161 E35075C9 		.ascii	"\343Pu\311\304I\217a\016yi\027\020\362Hrk\272\033\220"
 278      C4498F61 
 278      0E796917 
 278      10F24872 
 278      6BBA1B90 
 279 0175 3AAD9290 		.ascii	":\255\222\220\207Z\372Nzb\016\221\353\234\364kg\265"
 279      875AFA4E 
 279      7A620E91 
 279      EB9CF46B 
 279      67B5
 280 0187 6FEFB758 		.ascii	"o\357\267X,\261\226\306F$\212\250\031\212\274\244\306"
 280      2CB196C6 
 280      46248AA8 
 280      198ABCA4 
 280      C6
 281 0198 DE9469EA 		.ascii	"\336\224i\352\346\320m\204_\243\327%W\277_\007\242\334"
 281      E6D06D84 
 281      5FA3D725 
 281      57BF5F07 
 281      A2DC
 282 01aa B4D0C532 		.ascii	"\264\320\3052E\342\022\375\017\334n\353>\325\245\242"
 282      45E212FD 
 282      0FDC6EEB 
 282      3ED5A5A2 
 283 01ba F7C92D35 		.ascii	"\367\311-5pr\217\216U\225\272!\255O,\341\334\032e\321"
 283      70728F8E 
 283      5595BA21 
 283      AD4F2CE1 
 283      DC1A65D1 
 284 01ce B47A29D0 		.ascii	"\264z)\320>4\037\345\243\371\012T\206|\200\031\355G"
 284      3E341FE5 
 284      A3F90A54 
 284      867C8019 
 284      ED47
 285 01e0 6F2B5031 		.ascii	"o+P1\334,\201\233\271\3008\3326s\015Y,JT\212\264\250"
 285      DC2C819B 
 285      B9C038DA 
 285      36730D59 
ARM GAS  C:\Users\Simone\AppData\Local\Temp\ccBgSct3.s 			page 22


 285      2C4A548A 
 286 01f6 0861CA01 		.ascii	"\010a\312\001\206\272i\005h\334\245\303\331G\274\220"
 286      86BA6905 
 286      68DCA5C3 
 286      D947BC90 
 287 0206 8F96B2A7 		.ascii	"\217\226\262\247_?\365*a/\007\366B\221\035z3~y\355\007"
 287      5F3FF52A 
 287      612F07F6 
 287      42911D7A 
 287      337E79ED 
 288 021b 64B483E4 		.ascii	"d\264\203\344=g\006\342\221 \271c_\177@\224\345ct\010"
 288      3D6706E2 
 288      9120B963 
 288      5F7F4094 
 288      E5637408 
 289 022f 24178892 		.ascii	"$\027\210\222\313\237/\371\240\254d\224\3278\231\300"
 289      CB9F2FF9 
 289      A0AC6494 
 289      D73899C0 
 290 023f D111B1D2 		.ascii	"\321\021\261\3221\330_\025\377\304\235\016\311o\011"
 290      31D85F15 
 290      FFC49D0E 
 290      C96F09
 291 024e 59505E7C 		.ascii	"YP^|\227\303\331lL\006v\267\337\360\306\373\031\221"
 291      97C3D96C 
 291      4C0676B7 
 291      DFF0C6FB 
 291      1991
 292 0260 3A547C5F 		.ascii	":T|_\203\0171\342\322\226\361\255\356\270\206\021\347"
 292      830F31E2 
 292      D296F1AD 
 292      EEB88611 
 292      E7
 293 0271 136F9DD5 		.ascii	"\023o\235\325\341&F4\324O\265h\361\011Fl\212\265\265"
 293      E1264634 
 293      D44FB568 
 293      F109466C 
 293      8AB5B5
 294 0284 69713723 		.ascii	"iq7#\"\366\326lR\203\246\237h\351\270\366\355|\224\253"
 294      22F6D66C 
 294      5283A69F 
 294      68E9B8F6 
 294      ED7C94AB 
 295 0298 A1241928 		.ascii	"\241$\031(obu\353\015K\216\340\317\2566\243;:\012\026"
 295      6F6275EB 
 295      0D4B8EE0 
 295      CFAE36A3 
 295      3B3A0A16 
 296 02ac D78916FF 		.ascii	"\327\211\026\377D48\362Y\203\033\301\340\237\360\006"
 296      443438F2 
 296      59831BC1 
 296      E09FF006 
 297 02bc D7C3CD06 		.ascii	"\327\303\315\006\346\312\346\247\365\321*6\3722\235"
 297      E6CAE6A7 
 297      F5D12A36 
 297      FA329D
 298 02cb BE97E9C4 		.ascii	"\276\227\351\304\2063&y\036\031\316&\200P+B8\212\304"
ARM GAS  C:\Users\Simone\AppData\Local\Temp\ccBgSct3.s 			page 23


 298      86332679 
 298      1E19CE26 
 298      80502B42 
 298      388AC4
 299 02de E1CF1D89 		.ascii	"\341\317\035\211,T\331\007i#\033\244f\340\257\021\371"
 299      2C54D907 
 299      69231BA4 
 299      66E0AF11 
 299      F9
 300 02ef 9BD07331 		.ascii	"\233\320s1\037\223\305\214v\037{\220\355\201{\231\337"
 300      1F93C58C 
 300      761F7B90 
 300      ED817B99 
 300      DF
 301 0300 7253D38A 		.ascii	"rS\323\212Tt\204\334\011\331=8z\333\035_g\317ZN\236"
 301      547484DC 
 301      09D93D38 
 301      7ADB1D5F 
 301      67CF5A4E 
 302 0315 1E446C34 		.ascii	"\036Dl49Bg\017\234h\367\240\274?%\344\326}\215-\036"
 302      3942670F 
 302      9C68F7A0 
 302      BC3F25E4 
 302      D67D8D2D 
 303 032a F80EE33D 		.ascii	"\370\016\343=s\277\332\242\306\217(\301m>\3357\243D"
 303      73BFDAA2 
 303      C68F28C1 
 303      6D3EDD37 
 303      A344
 304 033c 3E3A8A3D 		.ascii	">:\212=\276x\374\273\010\300\336\211t\250C\304\376\205"
 304      BE78FCBB 
 304      08C0DE89 
 304      74A843C4 
 304      FE85
 305 034e 8E418F17 		.ascii	"\216A\217\027\241\243/\347\211\340O\002\370/t<7(xhi"
 305      A1A32FE7 
 305      89E04F02 
 305      F82F743C 
 305      37287868 
 306 0363 89F7C665 		.ascii	"\211\367\306e\230j\213\037\217>\252\303\007\031q\257"
 306      986A8B1F 
 306      8F3EAAC3 
 306      071971AF 
 307 0373 AE2DD31B 		.ascii	"\256-\323\033W0bxl\370\274\027\256fD\312\315\306~/\\"
 307      57306278 
 307      6CF8BC17 
 307      AE6644CA 
 307      CDC67E2F 
 308 0388 CB88F6FE 		.ascii	"\313\210\366\376\251q\035E?\207\220{\032\006\242t\270"
 308      A9711D45 
 308      3F87907B 
 308      1A06A274 
 308      B8
 309 0399 813DBBBC 		.ascii	"\201=\273\274uC\276\00671\"c\262\243\305\2332\376\210"
 309      7543BE06 
 309      37312263 
 309      B2A3C59B 
ARM GAS  C:\Users\Simone\AppData\Local\Temp\ccBgSct3.s 			page 24


 309      32FE88
 310 03ac 9045D919 		.ascii	"\220E\331\031\025\032\334\302\236\335m+\352\347\360"
 310      151ADCC2 
 310      9EDD6D2B 
 310      EAE7F0
 311 03bb 094608F9 		.ascii	"\011F\010\371GG\363\217\307DAM\266\016-d\177s\027\372"
 311      4747F38F 
 311      C744414D 
 311      B60E2D64 
 311      7F7317FA 
 312 03cf 2CB48269 		.ascii	",\264\202i\243\231\245\373\377\220\034e\311\375\021"
 312      A399A5FB 
 312      FF901C65 
 312      C9FD11
 313 03de 75401738 		.ascii	"u@\0278\240\037\315\025\315|k\276\202\216\030\030I\330"
 313      A01FCD15 
 313      CD7C6BBE 
 313      828E1818 
 313      49D8
 314 03f0 ADC5056E 		.ascii	"\255\305\005n\255\357P\326s\316\254g\221\023o\211\235"
 314      ADEF50D6 
 314      73CEAC67 
 314      91136F89 
 314      9D
 315 0401 F7BC33EF 		.ascii	"\367\2743\357\005\312\373\317v\326B;\353\031g\326\343"
 315      05CAFBCF 
 315      76D6423B 
 315      EB1967D6 
 315      E3
 316 0412 CE62F7DB 		.ascii	"\316b\367\333yO\313\363\212b\253\354\254\227\234Y{\234"
 316      794FCBF3 
 316      8A62ABEC 
 316      AC979C59 
 316      7B9C
 317 0424 58F3EDAC 		.ascii	"X\363\355\254\247d}@9\223h\262\261X>6+P\033<>A\036\267"
 317      A7647D40 
 317      399368B2 
 317      B1583E36 
 317      2B501B3C 
 318 043c F3FC100A 		.ascii	"\363\374\020\012h\020\242\342\032Z\210.C\353\203\326"
 318      6810A2E2 
 318      1A5A882E 
 318      43EB83D6 
 319 044c 0BED3AB4 		.ascii	"\013\355:\264+\320\256B\033\200fC\013idQ\265\245v\265"
 319      2BD0AE42 
 319      1B806643 
 319      0B696451 
 319      B5A576B5 
 320 0460 17E57DC4 		.ascii	"\027\345}\304\014'\221j\233\336\350fA\204G\301\207\035"
 320      0C27916A 
 320      9BDEE866 
 320      418447C1 
 320      871D
 321 0472 FF4704D9 		.ascii	"\377G\004\331\212\012N\350,\274\250n\371\241\241&@\\"
 321      8A0A4EE8 
 321      2CBCA86E 
 321      F9A1A126 
ARM GAS  C:\Users\Simone\AppData\Local\Temp\ccBgSct3.s 			page 25


 321      405C
 322 0484 0CC5C4E6 		.ascii	"\014\305\304\346\252t\322\300\2262+\320\015\244\343"
 322      AA74D2C0 
 322      96322BD0 
 322      0DA4E3
 323 0493 979F918D 		.ascii	"\227\237\221\2151\177\300\2634\232\360\321\204\244u"
 323      317FC0B3 
 323      349AF0D1 
 323      84A475
 324 04a2 08C22689 		.ascii	"\010\302&\211O\270\304\007v\005\255\240q\230\367\301"
 324      4FB8C407 
 324      7605ADA0 
 324      7198F7C1 
 325 04b2 4DF0C188 		.ascii	"M\360\301\210\304\306\321\370\223{\327\263\020\003\311"
 325      C4C6D1F8 
 325      937BD7B3 
 325      1003C9
 326 04c1 68886795 		.ascii	"h\210g\225q/\2652#\206X9\374\214\225\000\347i\352\300"
 326      712FB532 
 326      23865839 
 326      FC8C9500 
 326      E769EAC0 
 327 04d5 06771CA5 		.ascii	"\006w\034\245\244\321\335W\321<\256\301q\214\330Q65"
 327      A4D1DD57 
 327      D13CAEC1 
 327      718CD851 
 327      3635
 328 04e7 A9C5498C 		.ascii	"\251\305I\214h-\314\374\006g\320k\345\300\256\262\012"
 328      682DCCFC 
 328      0667D06B 
 328      E5C0AEB2 
 328      0A
 329 04f8 6FE4337F 		.ascii	"o\3443\177>MT\2610\317\357C\216\272\213\260d\251N\207"
 329      3E4D54B1 
 329      30CFEF43 
 329      8EBA8BB0 
 329      64A94E87 
 330 050c FB531F91 		.ascii	"\373S\037\221\007p\351N\177i\302\032M\266\340\037)\320"
 330      0770E94E 
 330      7F69C21A 
 330      4DB6E01F 
 330      29D0
 331 051e DBF3D1CF 		.ascii	"\333\363\321\317\001\346=0\213<R\2401@>\312rU\177\312"
 331      01E63D30 
 331      8B3C52A0 
 331      31403ECA 
 331      72557FCA 
 332 0532 589C4ACB 		.ascii	"X\234J\313s\307\276\210;=>=V\347\340\370q\000#:~\302"
 332      73C7BE88 
 332      3B3D3E3D 
 332      56E7E0F8 
 332      7100233A 
 333 0548 EEF87303 		.ascii	"\356\370s\003IG\021\316b\366<\235\216\336\356\215\363"
 333      494711CE 
 333      62F63C9D 
 333      8EDEEE8D 
 333      F3
ARM GAS  C:\Users\Simone\AppData\Local\Temp\ccBgSct3.s 			page 26


 334 0559 18B1FDF4 		.ascii	"\030\261\375\364\305J%.aD\374\345\202\0165\256P:,1\363"
 334      C54A252E 
 334      6144FCE5 
 334      820E35AE 
 334      503A2C31 
 335 056e D812B3A5 		.ascii	"\330\022\263\245}\307QL\311Y\232\364\222\007&\362\220"
 335      7DC7514C 
 335      C9599AF4 
 335      920726F2 
 335      90
 336 057f B014389A 		.ascii	"\260\0248\232\366\024\300\316\343\023\361#@\363\330"
 336      F614C0CE 
 336      E313F123 
 336      40F3D8
 337 058e 5E053CB6 		.ascii	"^\005<\266\321*\340\011\300\234\022s\343<q\031\260]"
 337      D12AE009 
 337      C09C1273 
 337      E33C7119 
 337      B05D
 338 05a0 C8FBB3BC 		.ascii	"\310\373\263\274\320\031WB\323c\332i\2550\015B'E\241"
 338      D0195742 
 338      D363DA69 
 338      AD300D42 
 338      2745A1
 339 05b3 4F248B8B 		.ascii	"O$\213\213-{r\215\274T\013\347Bj\307\276\276\177$Rg"
 339      2D7B728D 
 339      BC540BE7 
 339      426AC7BE 
 339      BE7F2452 
 340 05c8 41EA4351 		.ascii	"A\352CQ\352\264(\025\365\024]8\206q#\363\326\311s\351"
 340      EAB42815 
 340      F5145D38 
 340      867123F3 
 340      D6C973E9 
 341 05dc 319EB895 		.ascii	"1\236\270\225\022\334\271\351\015s\345\365E\273\320"
 341      12DCB9E9 
 341      0D73E5F5 
 341      45BBD0
 342 05eb 677D6AB1 		.ascii	"g}j\261\270+P\024\247E\221\234\254\266\201\373=\371"
 342      B82B5014 
 342      A745919C 
 342      ACB681FB 
 342      3DF9
 343 05fd 3ADCC5B4 		.ascii	":\334\305\264\345\367w&{\322\245\352-B\356\3328\361"
 343      E5F77726 
 343      7BD2A5EA 
 343      2D42EEDA 
 343      38F1
 344 060f 58892F32 		.ascii	"X\211/2\345\2076\367\305`y\355q\256\264\317P\355\261"
 344      E58736F7 
 344      C56079ED 
 344      71AEB4CF 
 344      50EDB1
 345 0622 A07DA3BC 		.ascii	"\240}\243\274\366k7\353\367*\261\215\237*\223}Mj\252"
 345      F66B37EB 
 345      F72AB18D 
 345      9F2A937D 
ARM GAS  C:\Users\Simone\AppData\Local\Temp\ccBgSct3.s 			page 27


 345      4D6AAA
 346 0635 FD1DBA30 		.ascii	"\375\035\2720^\2704\343\216\207\330\263\263\005]Vo|"
 346      5EB834E3 
 346      8E87D8B3 
 346      B3055D56 
 346      6F7C
 347 0647 9711172F 		.ascii	"\227\021\027/\035\313T\343IFTo\313o\326\341\031F|\177"
 347      1DCB54E3 
 347      4946546F 
 347      CB6FD6E1 
 347      19467C7F 
 348 065b B0E6539C 		.ascii	"\260\346S\234\244\242\327e\015\205q\032*\356\033BN\306"
 348      A4A2D765 
 348      0D85711A 
 348      2AEE1B42 
 348      4EC6
 349 066d 8CC669E9 		.ascii	"\214\306i\3512\243\243\353X\333\315^5\336\316X\313s"
 349      32A3A3EB 
 349      58DBCD5E 
 349      35DECE58 
 349      CB73
 350 067f F22A18EB 		.ascii	"\362*\030\353\307ty\332\270\375\034\207s\331\263\035"
 350      C77479DA 
 350      B8FD1C87 
 350      73D9B31D 
 351 068f 6D97BDF1 		.ascii	"m\227\275\361!v}<!\347\214\033nfD\345\235\2744\025>"
 351      21767D3C 
 351      21E78C1B 
 351      6E6644E5 
 351      9DBC3415 
 352 06a4 4909AE3C 		.ascii	"I\011\256<\2639C\303\327\031\326\315\030\241\035`t:"
 352      B33943C3 
 352      D719D6CD 
 352      18A11D60 
 352      743A
 353 06b6 F7B28560 		.ascii	"\367\262\205`\006'[\010\306\334\250J\303\270\233\351"
 353      06275B08 
 353      C6DCA84A 
 353      C3B89BE9 
 354 06c6 9BEA1CDC 		.ascii	"\233\352\034\334\257\306\227\030\221Z\273+\231!\266"
 354      AFC69718 
 354      915ABB2B 
 354      9921B6
 355 06d5 507AB477 		.ascii	"Pz\264w\353cOlc\017#ofX\021\036a\304\365\015\345\231"
 355      EB634F6C 
 355      630F236F 
 355      6658111E 
 355      61C4F50D 
 356 06eb 4A3CC688 		.ascii	"J<\306\210\264\302\314\307n\370\021#R\266\364\036\326"
 356      B4C2CCC7 
 356      6EF81123 
 356      52B6F41E 
 356      D6
 357 06fc E1083756 		.ascii	"\341\0107V\252\337\034\333\246\302\261\21480\322\263"
 357      AADF1CDB 
 357      A6C2B18C 
 357      3830D2B3 
ARM GAS  C:\Users\Simone\AppData\Local\Temp\ccBgSct3.s 			page 28


 358 070c 0827D26B 		.ascii	"\010'\322k.c\342\372\011\344\2626\333\313\311\327f\326"
 358      2E63E2FA 
 358      09E4B236 
 358      DBCBC9D7 
 358      66D6
 359 071e 04F0411E 		.ascii	"\004\360A\036\370 \227{\266\316\002\015\231W\366\356"
 359      F820977B 
 359      B6CE020D 
 359      9957F6EE 
 360 072e D6E19D4C 		.ascii	"\326\341\235L]V\304\205\024\025\336\303\210\231\234"
 360      5D56C485 
 360      1415DEC3 
 360      88999C
 361 073d 4D509BED 		.ascii	"MP\233\355e\304\265\322\241\021\016\037fDz\347\346n"
 361      65C4B5D2 
 361      A1110E1F 
 361      66447AE7 
 361      E66E
 362 074f 1D6E66C4 		.ascii	"\035nf\304\346&\333\031\025>\345\346\020\267:\026\267"
 362      E626DB19 
 362      153EE5E6 
 362      10B73A16 
 362      B7
 363 0760 0597CE1F 		.ascii	"\005\227\316\037W\343\0367\207\250\322\261\250\312\264"
 363      57E31E37 
 363      87A8D2B1 
 363      A8CAB4
 364 076f 4D5CD360 		.ascii	"M\\\323`\033{\326{,\362\274\022\337bDDcq7c\374\220\326"
 364      1B7BD67B 
 364      2CF2BC12 
 364      DF624444 
 364      63713763 
 365 0786 2FCDA913 		.ascii	"/\315\251\023\036\370\001{\026\025U\337\242\302\026"
 365      1EF8017B 
 365      161555DF 
 365      A2C216
 366 0795 B543B4E8 		.ascii	"\265C\264\350h\264\374\272\367ZN\264P\260\370\350\026"
 366      68B4FCBA 
 366      F75A4EB4 
 366      50B0F8E8 
 366      16
 367 07a6 CEF521BF 		.ascii	"\316\365!\277si\3612w\256NG\256|h-Cn\352~\310\352\032"
 367      7369F132 
 367      77AE4E47 
 367      AE7C682D 
 367      436EEA7E 
 368 07bd 1DF95FE7 		.ascii	"\035\371_\347C\377H\205\003\371\246\316\366\323\352"
 368      43FF4885 
 368      03F9A6CE 
 368      F6D3EA
 369 07cc 724B6334 		.ascii	"rKc4"
 370 07d0 A69B88CD 		.ascii	"\246\233\210\315\340\267^\356\207r\353\017]\221\267"
 370      E0B75EEE 
 370      8772EB0F 
 370      5D91B7
 371 07df 14921599 		.ascii	"\024\222\025\231x\270\0148{8\311JU\3129\226\"\243#u"
 371      78B80C38 
ARM GAS  C:\Users\Simone\AppData\Local\Temp\ccBgSct3.s 			page 29


 371      7B38C94A 
 371      55CA3996 
 371      22A32375 
 372 07f3 A32B5258 		.ascii	"\243+RX\361\304\351\220\025\370;8\327\345HYz]\325?e"
 372      F1C4E990 
 372      15F83B38 
 372      D7E54859 
 372      7A5DD53F 
 373 0808 58AC4D08 		.ascii	"X\254M\010\325\001\373\326\347\002\261\330\342\012:"
 373      D501FBD6 
 373      E702B1D8 
 373      E20A3A
 374 0817 E98A4E40 		.ascii	"\351\212N@oz\001\350\266!U\372;4\033\305\360\240\371"
 374      6F7A01E8 
 374      B62155FA 
 374      3B341BC5 
 374      F0A0F9
 375 082a 0CC28A88 		.ascii	"\014\302\212\210\015\234\260\274\216V7X=\333 {\240S"
 375      0D9CB0BC 
 375      8E563758 
 375      3DDB207B 
 375      A053
 376 083c C0942AC6 		.ascii	"\300\224*\306P\0337\367\331\202\367$\300\024\227'\000"
 376      501B37F7 
 376      D982F724 
 376      C0149727 
 376      00
 377 084d 6D5FD3D3 		.ascii	"m_\323\323\353j}\2160\247^\007\246\034\327\370\2445"
 377      EB6A7D8E 
 377      30A75E07 
 377      A61CD7F8 
 377      A435
 378 085f D361785C 		.ascii	"\323ax\\A\267+\020\335\004%\251\027F\341\272\211[\210"
 378      41B72B10 
 378      DD0425A9 
 378      1746E1BA 
 378      895B88
 379 0872 CE40BB00 		.ascii	"\316@\273\000\255\013\3329h\375\320\316B\263A\253\201"
 379      AD0BDA39 
 379      68FDD0CE 
 379      42B341AB 
 379      81
 380 0883 76035A2B 		.ascii	"v\003Z+\264\026h\327\240\015C\253\204v\036\332\010\264"
 380      B41668D7 
 380      A00D43AB 
 380      84761EDA 
 380      08B4
 381 0895 CB1CAB39 		.ascii	"\313\034\2539\210\231e\325\015O1Y\016\032@I\245\270"
 381      889965D5 
 381      0D4F3159 
 381      0E1A4049 
 381      A5B8
 382 08a7 1CF40856 		.ascii	"\034\364\010V\362\343\221\373\032\033\0172|\325\300"
 382      F2E391FB 
 382      1A1B0F32 
 382      7CD5C0
 383 08b6 36C8C916 		.ascii	"6\310\311\026&\324\307\011\373h\251\306s\366<\207s*"
ARM GAS  C:\Users\Simone\AppData\Local\Temp\ccBgSct3.s 			page 30


 383      26D4C709 
 383      FB68A9C6 
 383      73F63C87 
 383      732A
 384 08c8 4FCAD926 		.ascii	"O\312\331&\317IGc\244\256\354\217d\343t\021x\262\305"
 384      CF494763 
 384      A4AEEC8F 
 384      64E37411 
 384      78B2C5
 385 08db C1E81060 		.ascii	"\301\350\020`\312\026[\335\340\260A\336y\267\340\372"
 385      CA165BDD 
 385      E0B041DE 
 385      79B7E0FA 
 386 08eb 28672FB6 		.ascii	"(g/\266,$\306~\306lj\006\226B\347\020\356q\254\246-"
 386      2C24C67E 
 386      C66C6A06 
 386      9642E710 
 386      EE71ACA6 
 387 0900 655B4E1F 		.ascii	"e[N\037\302\021\224\237\004\304v\340o\207\337m\334|"
 387      C211949F 
 387      04C476E0 
 387      6F87DF6D 
 387      DC7C
 388 0912 1ABD4E31 		.ascii	"\032\275N1I<\306K'\243\235//]2\354V\212\334.-\215c\356"
 388      493CC64B 
 388      27A39D2F 
 388      2F5D32EC 
 388      568ADC2E 
 389 092a 20C86F03 		.ascii	" \310o\003\362\357a\330Ns\222Rq\244n\212\237PW\301{"
 389      F2EF61D8 
 389      4E739252 
 389      71A46E8A 
 389      9F5057C1 
 390 093f 7BE42714 		.ascii	"{\344'\024C/\215\253$P\220\0141\216Rx\374D\301\035P"
 390      432F8DAB 
 390      2450900C 
 390      318E5278 
 390      FC44C11D 
 391 0954 701C148C 		.ascii	"p\034\024\214\361\012\244\0352\241\003)\212Q\026\257"
 391      F10AA41D 
 391      32A10329 
 391      8A5116AF 
 392 0964 8274B807 		.ascii	"\202t\270\007\035\206\240C\025\264\023|'\351lh\220B"
 392      1D86A043 
 392      15B4137C 
 392      27E96C68 
 392      9042
 393 0976 B904CC64 		.ascii	"\271\004\314d\204\331\210\271bSHx\244\372\355\036\251"
 393      84D988B9 
 393      62534878 
 393      A4FAED1E 
 393      A9
 394 0987 0531CFF1 		.ascii	"\0051\317\361\010\315^\257\363\331\213T\315\267\234"
 394      08CD5EAF 
 394      F3D98B54 
 394      CDB79C
 395 0996 43CF797B 		.ascii	"C\317y{d{\324\314\322\006Q|D6\374${\251\315\366\230"
ARM GAS  C:\Users\Simone\AppData\Local\Temp\ccBgSct3.s 			page 31


 395      647BD4CC 
 395      D206517C 
 395      4436FC24 
 395      7BA9CDF6 
 396 09ab 3E221BD3 		.ascii	">\"\033\323\342\356\003\022\307\240\256\225$\016\022"
 396      E2EE0312 
 396      C7A0AE95 
 396      240E12
 397 09ba 570562AC 		.ascii	"W\005b\254\016J\247\024\300\315\3771\237\027\240\232"
 397      0E4AA714 
 397      C0CDFF31 
 397      9F17A09A 
 398 09ca 450F9CA5 		.ascii	"E\017\234\245:o\374v\330\001\334vf=\353\304\232I\023"
 398      3A6FFC76 
 398      D801DC76 
 398      663DEBC4 
 398      9A4913
 399 09dd 33C93607 		.ascii	"3\3116\007\234\343\256\234s`\265%\356c> \347\021-\362"
 399      9CE3AE9C 
 399      7360B525 
 399      EE633E20 
 399      E7112DF2 
 400 09f1 1E7B2637 		.ascii	"\036{&7\331C\342\030\014\303\363B\202\367F\231\256\210"
 400      D943E218 
 400      0CC3F342 
 400      82F74699 
 400      AE88
 401 0a03 7883A4C8 		.ascii	"x\203\244\310D\321\033\235\234N\361L\264\331\323^\025"
 401      44D11B9D 
 401      9C4EF14C 
 401      B4D9D35E 
 401      15
 402 0a14 8FE5FF23 		.ascii	"\217\345\377#\355\361\356\267-\342\335\377\205\016\035"
 402      EDF1EEB7 
 402      2DE2DDFF 
 402      850E1D
 403 0a23 72F6D361 		.ascii	"r\366\323aG?Y\353\351\356\363&\230\260\313u\002\227"
 403      473F59EB 
 403      E9EEF326 
 403      98B0CB75 
 403      0297
 404 0a35 C6F64587 		.ascii	"\306\366E\207\330\276\312\214M\226IR\012*\215\330y\027"
 404      D8BECA8C 
 404      4D964952 
 404      0A2A8DD8 
 404      7917
 405 0a47 EC3C0238 		.ascii	"\354<\0028+\240\015@\253\206v\005Z=\264>\011v[\037\277"
 405      2BA00D40 
 405      AB867605 
 405      5A3DB43E 
 405      09765B1F 
 406 0a5c DE91A577 		.ascii	"\336\221\245w\337\013\326\273:\272\336\221Z?Bn\275\023"
 406      DF0BD6BB 
 406      3ABADE91 
 406      5A3F426E 
 406      BD13
 407 0a6e F39BF5E9 		.ascii	"\363\233\365\351\317A$ImE<\243}\352\025;\005\315\316"
ARM GAS  C:\Users\Simone\AppData\Local\Temp\ccBgSct3.s 			page 32


 407      CF412449 
 407      6D453CA3 
 407      7DEA153B 
 407      05CDCE
 408 0a81 E3E2C4B9 		.ascii	"\343\342\304\271#\037\214\222\231\263\233\272\016\234"
 408      231F8C92 
 408      99B39BBA 
 408      0E9C
 409 0a8f BCE5454B 		.ascii	"\274\345EK\237S\366\336\317a\331\354-us\207\203\233"
 409      9F53F6DE 
 409      CF61D9EC 
 409      2D757387 
 409      839B
 410 0aa1 AF8BEBAE 		.ascii	"\257\213\353\256\255s_\247\207\005L'\245\177\274\234"
 410      AD735FA7 
 410      87054C27 
 410      A57FBC9C 
 411 0ab1 E9099C3D 		.ascii	"\351\011\234=Y\217\324\015KR\373n>\323\271N\355\326"
 411      598FD40D 
 411      4B52FB6E 
 411      3ED3B94E 
 411      EDD6
 412 0ac3 B7596A27 		.ascii	"\267Yj'\005G\211|\355#\216@\001\235\215d\202\035\224"
 412      0547897C 
 412      ED238E40 
 412      019D8D64 
 412      821D94
 413 0ad6 9F8DCC57 		.ascii	"\237\215\314WR\253\332\035\254\272\311\254\242{\376"
 413      52ABDA1D 
 413      ACBAC9AC 
 413      A27BFE
 414 0ae5 61BAE727 		.ascii	"a\272\347'\231\304q\317O\013\336{*D\253\223g\037\215"
 414      99C471CF 
 414      4F0BDE7B 
 414      2A44AB93 
 414      671F8D
 415 0af8 6E395DB6 		.ascii	"n9]\266<\022\226\317v\371\307\351u\303o\220\325\025"
 415      3C1296CF 
 415      76F9C7E9 
 415      75C36F90 
 415      D515
 416 0b0a 8647EEF1 		.ascii	"\206G\356\361H\335\340rr\362\327!\333\033\034\222\377"
 416      48DDE072 
 416      72F2D721 
 416      DB1B1C92 
 416      FF
 417 0b1b 3A29217A 		.ascii	":)!z\236yle\272k\377\310\226*\262#\331\311/<rY\206T"
 417      9E796C65 
 417      BA6BFFC8 
 417      962AB223 
 417      D9C92F3C 
 418 0b33 B68F6B66 		.ascii	"\266\217kf\265\344\365\002u\356\337\350\341\363\301"
 418      B5E4F502 
 418      75EEDFE8 
 418      E1F3C1
 419 0b42 A8FC061D 		.ascii	"\250\374\006\035\275G\"\356>Go&&\2676\342\327R\371\300"
 419      BD4722EE 
ARM GAS  C:\Users\Simone\AppData\Local\Temp\ccBgSct3.s 			page 33


 419      3E476F26 
 419      26B736E2 
 419      D752F9C0 
 420 0b56 99A3A4FC 		.ascii	"\231\243\244\374\222\023\002\3565\370\177\234S2\261"
 420      921302EE 
 420      35F87F9C 
 420      5332B1
 421 0b65 172FD58C 		.ascii	"\027/\325\214c\\\342N\253\347\253\225'\033\334\026d"
 421      635CE24E 
 421      ABE7AB95 
 421      271BDC16 
 421      64
 422 0b76 59AC65A3 		.ascii	"Y\254e\243S\247k=\267\0036\213mv\366\015\332\013=\260"
 422      53A76B3D 
 422      B703368B 
 422      6D76F60D 
 422      DA0B3DB0 
 423 0b8a E72805B9 		.ascii	"\347(\005\271\246v\240\207\334\002\350\330\0301\366"
 423      A676A087 
 423      DC02E8D8 
 423      1831F6
 424 0b99 D053AAB3 		.ascii	"\320S\252\263\323\241\354\233\244:\377\306\253L\336"
 424      D3A1EC9B 
 424      A43AFFC6 
 424      AB4CDE
 425 0ba8 78BFCD1D 		.ascii	"x\277\315\035_a*\317\336\037O\362\246*mS\003-0{,\215"
 425      5F612ACF 
 425      DE1F4FF2 
 425      A62A6D53 
 425      032D307B 
 426 0bbe B3B31FD1 		.ascii	"\263\263\037\321.hJ\242pJP\370\210*|\2617\0363ol\264"
 426      2E684AA2 
 426      704A50F8 
 426      882A7CB1 
 426      371E336F 
 427 0bd4 0DFC450A 		.ascii	"\015\374E\012Lr\000\253@O)\256'\202/\016\265>\354\363"
 427      4C7200AB 
 427      404F29AE 
 427      27822F0E 
 427      B53EECF3 
 428 0be8 C23718B0 		.ascii	"\3027\030\260'\225\275\355\032\006,\277\331\320\030"
 428      2795BDED 
 428      1A062CBF 
 428      D9D018
 429 0bf7 6D793A3B 		.ascii	"my:;\213i\0274-\3015-\340\232\241\270\016L5\\VQ\014"
 429      8B691734 
 429      2DC1352D 
 429      E09AA1B8 
 429      0E4C355C 
 430 0c0e B3765CFD 		.ascii	"\263v\\\375\251\347c\275]b\260`\202aV\300\260\255\277"
 430      A9E763BD 
 430      5D62B060 
 430      826156C0 
 430      B0ADBF
 431 0c21 ECB20A8F 		.ascii	"\354\262\012\2173\014\007n\215vj\001\203\215\004b\331"
 431      330C076E 
 431      8D766A01 
ARM GAS  C:\Users\Simone\AppData\Local\Temp\ccBgSct3.s 			page 34


 431      838D0462 
 431      D9
 432 0c32 A711391B 		.ascii	"\247\0219\033\254\324?\350\015\322\015E`\021\007\\3"
 432      ACD43FE8 
 432      0DD20D45 
 432      6011075C 
 432      33
 433 0c43 1C9198E0 		.ascii	"\034\221\230\340\330\3202}\323\333\356\013\206\243\246"
 433      D8D0327D 
 433      D3DBEE0B 
 433      86A3A6
 434 0c52 636C1AB9 		.ascii	"cl\032\271\036\244h\012$\012\363@\036\247\214\025iq"
 434      1EA4680A 
 434      240AF340 
 434      1EA78C15 
 434      6971
 435 0c64 84860249 		.ascii	"\204\206\002I\034\336\025\245\243@l\205\007\314\031"
 435      1CDE15A5 
 435      A3406C85 
 435      07CC19
 436 0c73 96EC48CB 		.ascii	"\226\354H\313\014\300\240\235P\214\004F\214\000c\003"
 436      0CC0A09D 
 436      508C0446 
 436      8C006303 
 437 0c83 85B1296E 		.ascii	"\205\261)n2^\21573!\033\233\023k\325LH\311\201o$B\210"
 437      325E8D37 
 437      33211B9B 
 437      136BD54C 
 437      48C9816F 
 438 0c9a 4F374A84 		.ascii	"O7J\204l\024\204\304R!\311\265\331\221\356l?\375*\335"
 438      6C1484C4 
 438      5221C9B5 
 438      D991EE6C 
 438      3FFD2ADD 
 439 0cae 78EE8F19 		.ascii	"x\356\217\031co\301\272\350\241\375\206KU\006\274\203"
 439      636FC1BA 
 439      E8A1FD86 
 439      4B5506BC 
 439      83
 440 0cbf E9A83C3A 		.ascii	"\351\250<:\361\003\274\227]\327LU\354\363\242\375ll"
 440      F103BC97 
 440      5DD74C55 
 440      ECF3A2FD 
 440      6C6C
 441 0cd1 6F583BFC 		.ascii	"oX;\374\200\235z\277Nw\342\323O\006\275p\031\343\255"
 441      809D7ABF 
 441      4E77E2D3 
 441      4F06BD70 
 441      19E3AD
 442 0ce4 CEAB2CF0 		.ascii	"\316\253,\360\304u\214H\336>T\356\205\333\031\021W\320"
 442      C4758C48 
 442      DE3E54EE 
 442      85DB1911 
 442      57D0
 443 0cf6 3EA0C3DD 		.ascii	">\240\303\335<[\371\341L\016\3670b(\";\323\013\333\030"
 443      3C5BF9E1 
 443      4C0EF730 
ARM GAS  C:\Users\Simone\AppData\Local\Temp\ccBgSct3.s 			page 35


 443      6228223B 
 443      D30BDB18 
 444 0d0a D1BC6DE4 		.ascii	"\321\274m\344/x\230]w\367\237\333\353\211G)\341\276"
 444      2F78985D 
 444      77F79FDB 
 444      EB894729 
 444      E1BE
 445 0d1c C7BA699F 		.ascii	"\307\272i\237\032-\234\313\366\2404\003W\235\024\227"
 445      1A2D9CCB 
 445      F6A03403 
 445      579D1497 
 446 0d2c 8954B03B 		.ascii	"\211T\260;\035\273X&\244\025\300f<\037m\301\300\260"
 446      1DBB5826 
 446      A415C066 
 446      3C1F6DC1 
 446      C0B0
 447 0d3e 95EF41B2 		.ascii	"\225\357A\262\177\026\366A;\361B\264\013\332\016h\031"
 447      7F16F641 
 447      3BF142B4 
 447      0BDA0E68 
 447      19
 448 0d4f D0B643CB 		.ascii	"\320\266C\313\304\322\003\342b\241@\332&\257L\3340\026"
 448      C4D203E2 
 448      62A140DA 
 448      26AF4CDC 
 448      3016
 449 0d61 153364A4 		.ascii	"\0253d\244NLqf>\356\2740\026,\342\027\306$\236U~a\210"
 449      4E4C7166 
 449      3EEEBC30 
 449      162CE217 
 449      C6249E55 
 450 0d78 B4EE2F16 		.ascii	"\264\356/\0262}\262\274Pq\011\255\221\370&\315\231Y"
 450      327DB2BC 
 450      507109AD 
 450      91F826CD 
 450      9959
 451 0d8a 52FAD1A4 		.ascii	"R\372\321\244\237\277\231$}`y\346\240\227;\226?sV\205"
 451      9FBF9924 
 451      7D6079E6 
 451      A0973B96 
 451      3F735685 
 452 0d9e 7CE6F2A5 		.ascii	"|\346\362\245V\255g=)\265\254 -\321\036i\264'\375\223"
 452      56AD673D 
 452      29B5AC20 
 452      2DD11E69 
 452      B427FD93 
 453 0db2 75F46E70 		.ascii	"u\364np\356\313:\032F\375J\356\205J%~\314B\240`\342"
 453      EECB3A1A 
 453      46FD4AEE 
 453      854A257E 
 453      CC42A060 
 454 0dc7 D86D8C2D 		.ascii	"\330m\214-Zv~s\260\261\315\003\2471\342\330\351\313"
 454      5A767E73 
 454      B0B1CD03 
 454      A731E2D8 
 454      E9CB
 455 0dd9 856EEC95 		.ascii	"\205n\354\225\023;-j\257\272\312\316\276~H\310\226\234"
ARM GAS  C:\Users\Simone\AppData\Local\Temp\ccBgSct3.s 			page 36


 455      133B2D6A 
 455      AFBACACE 
 455      BE7E48C8 
 455      969C
 456 0deb 816D1A5C 		.ascii	"\201m\032\\\314x\207J\"\2416\250cDZJj\245\006w2b\260"
 456      CC78874A 
 456      22A136A8 
 456      63445A4A 
 456      6AA50677 
 457 0e02 20A7DD13 		.ascii	" \247\335\023\237gDg\226\365\2207\356\245\004w\247$"
 457      9F674467 
 457      96F59037 
 457      EEA50477 
 457      A724
 458 0e14 F9B0F0EA 		.ascii	"\371\260\360\352\323v\353/\356\250\010k\321~\374\262"
 458      D376EB2F 
 458      EEA8086B 
 458      D17EFCB2 
 459 0e24 6FD40AB1 		.ascii	"o\324\012\261\354\033\265\234\356\372\303\010\0173}"
 459      EC1BB59C 
 459      EEFAC308 
 459      0F337D
 460 0e33 4DA7AAD2 		.ascii	"M\247\252\322\020M._\010\271e\262\241y\314\315e\216"
 460      104D2E5F 
 460      08B965B2 
 460      A179CCCD 
 460      658E
 461 0e45 2BA5A9A5 		.ascii	"+\245\251\245DH-5\275\343\355\032<\306\204\025\245T"
 461      44482D35 
 461      BDE3ED1A 
 461      3CC68415 
 461      A554
 462 0e57 367A389C 		.ascii	"6z8\234h\003\267\244\357\001,\276\"\343\212\272\363"
 462      6803B7A4 
 462      EF012CBE 
 462      22E38ABA 
 462      F3
 463 0e68 533D90CE 		.ascii	"S=\220\316\307\025;:\010\360\305\036\324\007\265QZ\010"
 463      C7153B3A 
 463      08F0C51E 
 463      D407B551 
 463      5A08
 464 0e7a 9272B859 		.ascii	"\222r\270Y&z\001x\204PA{&R\252=\360c\006g\277m\367#"
 464      267A0178 
 464      8450417B 
 464      2652AA3D 
 464      F0630667 
 465 0e92 2F1CE941 		.ascii	"/\034\351A\010m\375\335\210\245\020Ct\362\352\026\372"
 465      086DFDDD 
 465      88A51043 
 465      74F2EA16 
 465      FA
 466 0ea3 50716D39 		.ascii	"Pqm9\257\200\270J\210\213\275\242\270j\271@\312\205"
 466      AF80B84A 
 466      888BBDA2 
 466      B86AB940 
 466      CA85
ARM GAS  C:\Users\Simone\AppData\Local\Temp\ccBgSct3.s 			page 37


 467 0eb5 40CA2381 		.ascii	"@\312#\201T\001\240\252\371@j\200\353*\010\234zhG\240"
 467      5401A0AA 
 467      F9406A80 
 467      EB2A089C 
 467      7A6847A0 
 468 0ec9 D540ABC5 		.ascii	"\325@\253\305\016\365\367\350b\276\376\256\003\314\371"
 468      0EF5F7E8 
 468      62BEFEAE 
 468      03CCF9
 469 0ed8 A0A41ACB 		.ascii	"\240\244\032\313n\377eu\355\343\371_F\227\255\267\220"
 469      6EFF6575 
 469      EDE3F95F 
 469      4697ADB7 
 469      90
 470 0ee9 4D361222 		.ascii	"M6\022\"\305\316\212\234\337\204\365\321r\215\370\361"
 470      C5CE8A9C 
 470      DF84F5D1 
 470      728DF8F1 
 471 0ef9 903CAB64 		.ascii	"\220<\253d\0079\322\316\004C|\034vf\226\344\034\351"
 471      0739D2CE 
 471      04437C1C 
 471      766696E4 
 471      1CE9
 472 0f0b 30566269 		.ascii	"0VbiiW\207\355\005\253\365*UL\234Q \353\014\311\373"
 472      695787ED 
 472      05ABF52A 
 472      554C9C51 
 472      20EB0CC9 
 473 0f20 ADCB0924 		.ascii	"\255\313\011$!T\313$\004\224\334\324V\311\3418:\260"
 473      2154CB24 
 473      0494DCD4 
 473      56C9E138 
 473      3AB0
 474 0f32 6E935347 		.ascii	"n\223SG2\274YRf)9\275X\364D#hire\236\354~/\207\357A"
 474      32BC5952 
 474      662939BD 
 474      58F44423 
 474      68697265 
 475 0f4d 9CDE024E 		.ascii	"\234\336\002No\006G\177\017\355\030\264\243R\207\317"
 475      6F06477F 
 475      0FED18B4 
 475      A35287CF 
 476 0f5d F07E118C 		.ascii	"\360~\021\214ira\014e\216-v\034\035\031Lb\336|*\221"
 476      6972610C 
 476      658E2D76 
 476      1C1D194C 
 476      62DE7C2A 
 477 0f72 9C2F2B59 		.ascii	"\234/+YL\233O\250\227\232\344\322\346\344\255\222b\245"
 477      4C9B4FA8 
 477      979AE4D2 
 477      E6E4AD92 
 477      62A5
 478 0f84 9836ABBC 		.ascii	"\2306\253\274.\222\264\331\012\302\366HR\210\\\264\333"
 478      2E92B4D9 
 478      0AC2F648 
 478      52885CB4 
 478      DB
ARM GAS  C:\Users\Simone\AppData\Local\Temp\ccBgSct3.s 			page 38


 479 0f95 9D711C1C 		.ascii	"\235q\034\034\360\"g\220\303\336\276"
 479      F0226790 
 479      C3DEBE
 480 0fa0 9171254E 		.ascii	"\221q%N\365`_\257\314\354.u\307\273\030\321x=\346\254"
 480      F5605FAF 
 480      CCEC2E75 
 480      C7BB18D1 
 480      783DE6AC 
 481 0fb4 272E6444 		.ascii	"'.dDS\177G\202\206\244\207\250\027\275\360J\253*z\240"
 481      537F4782 
 481      86A487A8 
 481      17BDF04A 
 481      AB2A7AA0 
 482 0fc8 C135B41B 		.ascii	"\3015\264\033>\335\225{\321\035\006\030F7:\212T\361"
 482      3EDD957B 
 482      D11D0618 
 482      46373A8A 
 482      54F1
 483 0fda CB3AD89C 		.ascii	"\313:\330\234\352\000\377\234\004SN=oN9\355\267\332"
 483      EA00FF9C 
 483      04534E3D 
 483      6F4E39ED 
 483      B7DA
 484 0fec 797E6251 		.ascii	"y~bQ\027X\324\211\305m\274\355\004]\203N\3119\363\342"
 484      1758D489 
 484      C56DBCED 
 484      045D834E 
 484      C939F3E2 
 485 1000 60551187 		.ascii	"`U\021\207\346\312\277\357<\003\202\\\011\005\317\337"
 485      E6CABFEF 
 485      3C03825C 
 485      0905CFDF 
 486 1010 F6A22725 		.ascii	"\366\242'%\247\201\343\204\350\371S\202\347\301\336"
 486      A781E384 
 486      E8F95382 
 486      E7C1DE
 487 101f D9E88E2E 		.ascii	"\331\350\216.\204\233\231\233R\273\212\316\253q\033"
 487      849B999B 
 487      52BB8ACE 
 487      AB711B
 488 102e 23BA2E74 		.ascii	"#\272.t\245\"|\226\021}{\257\314*\361uJp\327&[oK\276"
 488      A5227C96 
 488      117D7BAF 
 488      CC2AF175 
 488      4A70D726 
 489 1046 8BE9A5EF 		.ascii	"\213\351\245\357\273.B|\235\177\351\005\342\202\374"
 489      BB2E427C 
 489      9D7FE905 
 489      E282FC
 490 1055 02513474 		.ascii	"\002Q4t\260\007\343;\314\373\245\245\227\376\335\325"
 490      B007E33B 
 490      CCFBA5A5 
 490      97FEDDD5 
 491 1065 8B5E05EA 		.ascii	"\213^\005\352\341\255\276\002\222.KS\337\355\276Q~?"
 491      E1ADBE02 
 491      922E4B53 
 491      DFEDBE51 
ARM GAS  C:\Users\Simone\AppData\Local\Temp\ccBgSct3.s 			page 39


 491      7E3F
 492 1077 44205D02 		.ascii	"D ]\002H=\317\211\342\251w\335\311\363g\335~\264\313"
 492      483DCF89 
 492      E2A977DD 
 492      C9F367DD 
 492      7EB4CB
 493 108a F24458FA 		.ascii	"\362DX\372m\323n\010\365\202\224s\242\201=\370yG\243"
 493      6DD36E08 
 493      F5829473 
 493      A2813DF8 
 493      7947A3
 494 109d 5701951C 		.ascii	"W\001\225\034B\260\361^gB\034\302;u\324\257\273\267"
 494      42B0F15E 
 494      67421CC2 
 494      3B75D4AF 
 494      BBB7
 495 10af 943F6255 		.ascii	"\224?bUh\030!\353F\266\326hq\026{\266m\264\352\242\006"
 495      681821EB 
 495      46B6D668 
 495      71167BB6 
 495      6DB4EAA2 
 496 10c4 173062EC 		.ascii	"\0270b\354d\3461/\\\256sx\303\272\220\275a}\2641.ZK"
 496      64E6312F 
 496      5CAE7378 
 496      C3BA90BD 
 496      617DB431 
 497 10db C959E18F 		.ascii	"\311Y\341\217\216\323\211\230\244<\235\360b\307\032"
 497      8ED38998 
 497      A43C9DF0 
 497      62C71A
 498 10ea 65F941C4 		.ascii	"e\371A\304\201\327%G~C\200k!?\006\203\220\371\257c\341"
 498      81D72547 
 498      7E43806B 
 498      213F0683 
 498      90F9AF63 
 499 10ff 6DEBC316 		.ascii	"m\353\303\026\272\341\274\001\376\033\020-^(\276\027"
 499      BAE1BC01 
 499      FE1B102D 
 499      5E28BE17 
 500 110f BD7AB86D 		.ascii	"\275z\270mZ\345Z\362\210+\311\351\315)\364{\236a\220"
 500      5AE55AF2 
 500      882BC9E9 
 500      CD29F47B 
 500      9E6190
 501 1122 DC2F4A06 		.ascii	"\334/J\006Ev\321\031\343=\255\317\001}\313\225\350\370"
 501      4576D119 
 501      E33DADCF 
 501      017DCB95 
 501      E8F8
 502 1134 E2C92FC9 		.ascii	"\342\311/\311\026\374&\210\276&\212\036\026E#\313\203"
 502      16FC2688 
 502      BE268A1E 
 502      164523CB 
 502      83
 503 1145 7389DEB4 		.ascii	"s\211\336\264hj\364$\364\345\270\244(/\352\374\213\354"
 503      686AF424 
 503      F4E5B8A4 
ARM GAS  C:\Users\Simone\AppData\Local\Temp\ccBgSct3.s 			page 40


 503      282FEAFC 
 503      8BEC
 504 1157 C5D48186 		.ascii	"\305\324\201\206I\366\345\013\015\306\236\351\263}\336"
 504      49F6E50B 
 504      0DC69EE9 
 504      B37DDE
 505 1166 5AC9EB3C 		.ascii	"Z\311\353<x \011\300{D2\204\023\272\213){\335l\351\270"
 505      782009C0 
 505      7B443284 
 505      13BA8B29 
 505      7BDD6CE9 
 506 117b E72B5BF9 		.ascii	"\347+[\371d\266 \335\213B\271\015\030\357`\302?\212"
 506      64B620DD 
 506      8B42B90D 
 506      18EF60C2 
 506      3F8A
 507 118d 5F117AD1 		.ascii	"_\021z\3217\177\361\017\272u\270\216\015\350\201s\303"
 507      377FF10F 
 507      BA75B88E 
 507      0DE88173 
 507      C3
 508 119e 1758F9F6 		.ascii	"\027X\371\366\035\251\366\277/m\354\306\322j\237\354"
 508      1DA9F6BF 
 508      2F6DECC6 
 508      D26A9FEC 
 509 11ae DCF2FFA5 		.ascii	"\334\362\377\245:\222&\037r\256{\026,\234\200\370\262"
 509      3A92261F 
 509      72AE7B16 
 509      2C9C80F8 
 509      B2
 510 11bf 9FE8498E 		.ascii	"\237\350I\216E\354\3714\035f\\\034\350\217'K\372&\276"
 510      45ECF934 
 510      1D665C1C 
 510      E88F274B 
 510      FA26BE
 511 11d2 0789C8C7 		.ascii	"\007\211\310\307\340\304G\220H\037B\233\2026\016m\022"
 511      E0C44790 
 511      481F429B 
 511      82360E6D 
 511      12
 512 11e3 DA03711E 		.ascii	"\332\003q\036Yl\355\367\224\215\351\357\020\330h\214"
 512      596CEDF7 
 512      948DE9EF 
 512      10D8688C 
 513 11f3 EF2B1883 		.ascii	"\357+\030\203\356c\307\212\177G\351\237\310\262A2|\033"
 513      EE63C78A 
 513      7F47E99F 
 513      C8B24132 
 513      7C1B
 514 1205 CF6BCFE4 		.ascii	"\317k\317\344\317\234\204\225\226\222\225\230L\247>"
 514      CF9C8495 
 514      96929598 
 514      4CA73E
 515 1214 9ED73E6D 		.ascii	"\236\327>ml\330\2117\213\362\222\374\325\355\314[\314"
 515      6CD88937 
 515      8BF292FC 
 515      D5EDCC5B 
ARM GAS  C:\Users\Simone\AppData\Local\Temp\ccBgSct3.s 			page 41


 515      CC
 516 1225 39F16E59 		.ascii	"9\361nY\002\254\2446\317\346Y\3555\270\323\234\217O"
 516      02ACA436 
 516      CFE659ED 
 516      35B8D39C 
 516      8F4F
 517 1237 24C97642 		.ascii	"$\311vBn\326\357\035,\235\025\223\255\263\017\237\202"
 517      6ED6EF1D 
 517      2C9D1593 
 517      ADB30F9F 
 517      82
 518 1248 DF5ED687 		.ascii	"\337^\326\207\302K.\357#$\003?\201^\011bTNH2\360\370"
 518      C24B2EEF 
 518      2324033F 
 518      815E0962 
 518      544E4832 
 519 125e CE6B568C 		.ascii	"\316kV\214;X L?\266v\3437\263\331^}\360\267G\363,\326"
 519      3B58204C 
 519      3FB676E3 
 519      37B3D95E 
 519      7DF0B747 
 520 1275 D8288BE5 		.ascii	"\330(\213\345\327\263\263j*c\232\311\260CR\220;D\020"
 520      D7B3B36A 
 520      2A639AC9 
 520      B0435290 
 520      3B4410
 521 1288 9AC16F92 		.ascii	"\232\301o\222t^s\265\322\361\223\232S\016\207]\263\254"
 521      745E73B5 
 521      D2F1939A 
 521      530E875D 
 521      B3AC
 522 129a 2222BFC0 		.ascii	"\"\"\277\300\235T\225\370\304\323\201\373\211C\375d"
 522      9D5495F8 
 522      C4D381FB 
 522      8943FD64 
 523 12aa 51326EF8 		.ascii	"Q2n\370\035\023?\014\363b\037\206\355\270p}\002\323"
 523      1D133F0C 
 523      F3621F86 
 523      EDB8707D 
 523      02D3
 524 12bc 98A5FBE7 		.ascii	"\230\245\373\347\370\204\003\263j\327\263%J\311\317"
 524      F88403B3 
 524      6AD7B325 
 524      4AC9CF
 525 12cb 969FD3C9 		.ascii	"\226\237\323\311\2225\234\266C\303O\026\253e\001\242"
 525      92359CB6 
 525      43C34F16 
 525      AB6501A2 
 526 12db 5FC34428 		.ascii	"_\303D(\347\243H%=EP\276\"\364\241\204\344\345\255\027"
 526      E7A34825 
 526      3D4550BE 
 526      22F4A184 
 526      E4E5AD17 
 527 12ef 7B793B99 		.ascii	"{y;\231c\273\205\250v5\255\313b\252\252\330Tv#dn\356"
 527      63BB85A8 
 527      7635ADCB 
 527      62AAAAD8 
ARM GAS  C:\Users\Simone\AppData\Local\Temp\ccBgSct3.s 			page 42


 527      54762364 
 528 1305 689AA76B 		.ascii	"h\232\247k0\261\002\230\215J\212\346N\324\255b7q\352"
 528      30B10298 
 528      8D4A8AE6 
 528      4ED4AD62 
 528      3771EA
 529 1318 32343180 		.ascii	"241\200f\003E\023G\321\30424q\024M\302\350\303\033\310"
 529      66034513 
 529      47D1C432 
 529      3471144D 
 529      C2E8C31B 
 530 132d C173D10E 		.ascii	"\301s\321\016\373\215x\336s\361\324sG3\312J\034\277"
 530      FB8D78DE 
 530      73F1D473 
 530      4733CA4A 
 530      1CBF
 531 133f B7B13870 		.ascii	"\267\2618p'\360\334\011\224\273\346I\377Y\245\313]\320"
 531      27F0DC09 
 531      94BBE649 
 531      FF59A5CB 
 531      5DD0
 532 1351 26A5F414 		.ascii	"&\245\364\024\354\350\216}\3335\370\024\013\236\374"
 532      ECE88E7D 
 532      DB35F814 
 532      0B9EFC
 533 1360 2BB357F1 		.ascii	"+\263W\361\202,KcYY\365\370\360\242\014\213\225\235"
 533      822C4B63 
 533      5959F5F8 
 533      F0A20C8B 
 533      959D
 534 1372 8D7C423A 		.ascii	"\215|B:\241\315J\361l\004\256i\370\241-Jr62xv\314\242"
 534      A1CD4AF1 
 534      6C04AE69 
 534      F8A12D4A 
 534      72363278 
 535 1389 C5119E54 		.ascii	"\305\021\236T\312\336;\265\303\032&%3\361\006v\222\222"
 535      CADE3BB5 
 535      C31A2625 
 535      33F10676 
 535      9292
 536 139b 28919228 		.ascii	"(\221\222(H\331J\245\304\026\227\325j\350\206\256\311"
 536      48D94AA5 
 536      C41697D5 
 536      6AE886AE 
 536      C9
 537 13ac 7E6A75F9 		.ascii	"~ju\371\340\314]\327\247V\311\324\226$%o\314\214-\321"
 537      E0CC5DD7 
 537      A756C9D4 
 537      9624256F 
 537      CC8C2DD1 
 538 13c0 A2C1090C 		.ascii	"\242\301\011\014F\366\310\245D-\316`\304\235\3433\007"
 538      46F6C8A5 
 538      442DCE60 
 538      C49DE333 
 538      07
 539 13d1 C98118DA 		.ascii	"\311\201\030\332FU\222\367\365)\215\023\210\242\034"
 539      465592F7 
ARM GAS  C:\Users\Simone\AppData\Local\Temp\ccBgSct3.s 			page 43


 539      F5298D13 
 539      88A21C
 540 13e0 3DF520FF 		.ascii	"=\365 \377wI\245\033\330\241\037\332\335\270UI\004\243"
 540      7749A51B 
 540      D8A11FDA 
 540      DDB85549 
 540      04A3
 541 13f2 1401294A 		.ascii	"\024\001)J\005\005\204d`\323(\330-\027\242\217x\261"
 541      05058464 
 541      60D328D8 
 541      2D17A28F 
 541      78B1
 542 1404 23362C6C 		.ascii	"#6,l?w\367\334\253r\263\037wmW\322\233E\245\273\217"
 542      3F77F7DC 
 542      AB72B31F 
 542      776D57D2 
 542      9B45A5BB 
 543 1419 BBDE9366 		.ascii	"\273\336\223fP\013\322\005\013\352R\232R\020\276\302"
 543      500BD205 
 543      0BEA529A 
 543      5210BEC2 
 544 1429 40B75DA9 		.ascii	"@\267]\251\352T1\210\351u\265_\037\315\023!\316!\035"
 544      EA543188 
 544      E975B55F 
 544      1FCD1321 
 544      CE211D
 545 143c D10E892F 		.ascii	"\321\016\211/w\010\360vRx\025=I\031:<\302\004\315T\244"
 545      7708F076 
 545      5278153D 
 545      49193A3C 
 545      C204CD54 
 546 1451 3DE68471 		.ascii	"=\346\204q\255Z\3544\"\273$Rv\011R2\251\224\254\256"
 546      AD5AEC34 
 546      22BB2452 
 546      76095232 
 546      A994ACAE 
 547 1465 AB234AFC 		.ascii	"\253#J\374\200\227\022\325\325\247\022\306\365\276\363"
 547      809712D5 
 547      D5A712C6 
 547      F5BEF3
 548 1474 B86649A4 		.ascii	"\270fI\244d\011RvS)C\365\267-\354c\345/\211\234\315"
 548      64095276 
 548      532943F5 
 548      B72DEC63 
 548      E52F899C 
 549 1489 8FC74EB2 		.ascii	"\217\307N\262\251\246\245G\277\255\333?\240\224\206"
 549      A9A6A547 
 549      BFADDB3F 
 549      A09486
 550 1498 50471E6C 		.ascii	"PG\036l\250\301\256'^\2160\361\366\260\2117\022_\220"
 550      A8C1AE27 
 550      5E8E30F1 
 550      F6B08937 
 550      125F90
 551 14ab C1394F3C 		.ascii	"\3019O<+L\274l:\361r\351\304\243\235\250\252C\373+\324"
 551      2B4CBC6C 
 551      3AF172E9 
ARM GAS  C:\Users\Simone\AppData\Local\Temp\ccBgSct3.s 			page 44


 551      C4A39DA8 
 551      AA43FB2B 
 552 14c0 52EEF1E7 		.ascii	"R\356\361\347q_ON\035\3058\302\213\235\350\245\215\036"
 552      715F4F4E 
 552      1DC538C2 
 552      8B9DE8A5 
 552      8D1E
 553 14d2 D3E27846 		.ascii	"\323\342xF\324\346\035\230\320A\222\355\262\216N\235"
 553      D4E61D98 
 553      D04192ED 
 553      B28E4E9D 
 554 14e2 1EF64CB1 		.ascii	"\036\366L\261Dn\202\272q\366\2437P\236\362\025\264\027"
 554      446E82BA 
 554      71F6A337 
 554      509EF215 
 554      B417
 555 14f4 3CF1905B 		.ascii	"<\361\220[ \021\274\217\370\003\355E\020\177\371J\222"
 555      2011BC8F 
 555      F803ED45 
 555      107FF94A 
 555      92
 556 1505 65B7A7B5 		.ascii	"e\267\247\265\357R\343t*M9\370\250wR\215\346k|\346\223"
 556      EF52E374 
 556      2A4D39F8 
 556      A877528D 
 556      E66B7CE6 
 557 151a 8FF60A95 		.ascii	"\217\366\012\225\032\305F\372\001U\344\3269\177\267"
 557      1AC546FA 
 557      0155E4D6 
 557      397FB7
 558 1529 7F4055A4 		.ascii	"\177@U\244\364\241\217`\305\001\261\305JV\264\220\317"
 558      F4A18F60 
 558      C501B1C5 
 558      4A56B490 
 558      CF
 559 153a 00E12E2A 		.ascii	"\000\341.*P:\177\006\310\004\2718\202=]\220\222\357"
 559      503A7F06 
 559      C804B938 
 559      823D5D90 
 559      92EF
 560 154c 250D4922 		.ascii	"%\015I\"CrNBc\262D\210\311\241\222\232z\035\316b\246"
 560      43724E42 
 560      63B24488 
 560      C9A1929A 
 560      7A1DCE62 
 561 1561 4FEF293B 		.ascii	"O\357);\254c1\331\373\350\251\256\210lg\310\2314\212"
 561      AC6331D9 
 561      FBE8A9AE 
 561      886C67C8 
 561      99348A
 562 1574 88FE0DE9 		.ascii	"\210\376\015\351\210\312$qP&\304\301\001\227S\246-q"
 562      88CA2471 
 562      5026C4C1 
 562      019753A6 
 562      2D71
 563 1586 539AB7EB 		.ascii	"S\232\267\353\323\340\203\024J\271\000\245\266\303Z"
 563      D3E08314 
ARM GAS  C:\Users\Simone\AppData\Local\Temp\ccBgSct3.s 			page 45


 563      4AB900A5 
 563      B6C35A
 564 1595 E68DCF33 		.ascii	"\346\215\3173(\221'\257\345z\013\323\343\351\327I\373"
 564      289127AF 
 564      E57A0BD3 
 564      E3E9D749 
 564      FB
 565 15a6 A4D3033A 		.ascii	"\244\323\003:\242C\022(\207\004(\207)\224\376\334\321"
 565      A2431228 
 565      87042887 
 565      2994FEDC 
 565      D1
 566 15b7 08A54342 		.ascii	"\010\245CB%\247\277\242\336\012>\241V\320\204\332\032"
 566      25A7BFA2 
 566      DE0A3EA1 
 566      56D084DA 
 566      1A
 567 15c8 73FB0AC6 		.ascii	"s\373\012\306\303L\355\246m\205\327Tv\017xI=\200\250"
 567      C34CEDA6 
 567      6D85D754 
 567      760F7849 
 567      3D80A8
 568 15db 944A89DA 		.ascii	"\224J\211\332JAm\025U\273s\353\231\014\266\002\006\020"
 568      4A416D15 
 568      55BB73EB 
 568      990CB602 
 568      0610
 569 15ed 51B7CBAD 		.ascii	"Q\267\313\255-\354\253}ZNN\336/|\242t\035\3735B\354"
 569      2DECAB7D 
 569      5A4E4EDE 
 569      2F7CA274 
 569      1DFB3542 
 570 1602 930F0480 		.ascii	"\223\017\004\200\275#\261\371\242\3169\366\253!:\216"
 570      BD23B1F9 
 570      A2CE39F6 
 570      AB213A8E 
 571 1612 D0A0ABA5 		.ascii	"\320\240\253\245\321\\#Ds\341\360\341R\3169\366]r\307"
 571      D15C2344 
 571      73E1F0E1 
 571      52CE39F6 
 571      5D72C7
 572 1625 249EAFD2 		.ascii	"$\236\257\322\341\207\314\342\007\021u\365\366p/zU\022"
 572      E187CCE2 
 572      071175F5 
 572      F6702F7A 
 572      5512
 573 1637 EE757CB8 		.ascii	"\356u|\270\317@\270\213\262\352\305poP\276\251P\005"
 573      CF40B88B 
 573      B2EAC570 
 573      6F50BEA9 
 573      5005
 574 1649 9BD6E8CD 		.ascii	"\233\326\350\315n\277\377\323\327\013\226+\324\201!"
 574      6EBFFFD3 
 574      D70B962B 
 574      D48121
 575 1658 E6F7DED5 		.ascii	"\346\367\336\325\2335z=\177\265\332\357W+\375\002\002"
 575      9B357A3D 
ARM GAS  C:\Users\Simone\AppData\Local\Temp\ccBgSct3.s 			page 46


 575      7FB5DAEF 
 575      572BFD02 
 575      02
 576 1669 57059ACC 		.ascii	"W\005\232\314\341\376\201\241+\315\241\241A\246\225"
 576      E1FE81A1 
 576      2BCDA1A1 
 576      41A695
 577 1678 6B42C217 		.ascii	"kB\302\027\320\253\005\276\306\340\005\206\340U\006"
 577      D0AB05BE 
 577      C6E00586 
 577      E05506
 578 1687 7F7F83FF 		.ascii	"\177\177\203\377\312\367\027\377r\301\273\357,\375\340"
 578      CAF717FF 
 578      72C1BBEF 
 578      2CFDE0
 579 1696 EFEFAD84 		.ascii	"\357\357\255\204\373\213BBC\014\213\014\276\253\002"
 579      FB8B4242 
 579      430C8B0C 
 579      BEAB02
 580 16a5 570686F8 		.ascii	"W\006\206\370\005\205\373\033V\006\373\202\254\020\303"
 580      0585FB1B 
 580      5606FB82 
 580      AC10C3
 581 16b4 4ABDBF61 		.ascii	"J\275\277a\265ox\220Yo^\037f0-\016P\374\355\377T\215"
 581      B56F7890 
 581      596F5E1F 
 581      66302D0E 
 581      50FCEDFF 
 582 16ca 69BD69A5 		.ascii	"i\275i\245\336d\366\007\033@\366\257\027/^\002\377\250"
 582      DE64F607 
 582      1B40F6AF 
 582      172F5E02 
 582      FFA8
 583 16dc F850D3D2 		.ascii	"\370P\323\322eK\227\204\232\226\030\315K\302B\215f\323"
 583      654B9784 
 583      9A9618CD 
 583      4BC2428D 
 583      66D3
 584 16ee 92DF7CF5 		.ascii	"\222\337|\365\371\362\317\277[\342\027\032\034\026\030"
 584      F9F2CFBF 
 584      5BE2171A 
 584      1C1618
 585 16fd 64309A96 		.ascii	"d0\232\226\374~\371r\340\025\200\271\233\003\214\006"
 585      FC7EF972 
 585      E01580B9 
 585      9B038C06 
 586 170d 5F7F7089 		.ascii	"_\177p\211_\200\236]\273\205\351C\014\337\231\341'\314"
 586      5F809E5D 
 586      BB85E943 
 586      0CDF99E1 
 586      27CC
 587 171f 6858AB36 		.ascii	"hX\2536\207\031\003C\365f\367p\336cZ\275^\270\244,\201"
 587      87190343 
 587      F566F770 
 587      DE635ABD 
 587      5EB8A42C 
 588 1734 A16ABFD0 		.ascii	"\241j\277\320\0203\364\360 \032\211c\375\314\337\271"
ARM GAS  C:\Users\Simone\AppData\Local\Temp\ccBgSct3.s 			page 47


 588      1033F4F0 
 588      201A8963 
 588      FDCCDFB9 
 589 1744 1B0D6B00 		.ascii	"\033\015k\000\274\336\274\350\245\320\005\370\205\032"
 589      BCDEBCE8 
 589      A5D005F8 
 589      851A
 590 1752 0D008733 		.ascii	"\015\000\2073\276\317\031?\340\214\3138\343/8\343\207"
 590      BECF193F 
 590      E08CCB38 
 590      E32F38E3 
 590      87
 591 1763 9CF197D8 		.ascii	"\234\361\227\330\270\364\035hK\271 \343\322\227\027"
 591      B8F41D68 
 591      4BB920E3 
 591      D29717
 592 1772 A55FFB8B 		.ascii	"\245_\373\213`\020\007\035\337S\205\351\001\217\232"
 592      6010071D 
 592      DF5385E9 
 592      018F9A
 593 1781 18B5CE60 		.ascii	"\030\265\316`\204\337\320 \177\203Q\351\027\340k$\226"
 593      84DFD020 
 593      7F8351E9 
 593      17E06B24 
 593      96
 594 1792 FA061BDC 		.ascii	"\372\006\033\334\315&\263\257\331\2407\253\211a\037"
 594      CD26B3AF 
 594      D9A037AB 
 594      89611F
 595 17a1 D2F0E0AF 		.ascii	"\322\360\340\257\200\235>S\233\203C\375\015\224^\035"
 595      809D3E53 
 595      9B8343FD 
 595      0D945E1D 
 596 17b1 E4BBC6A4 		.ascii	"\344\273\306\2446\033\015\253M\324\003\344\302\315\350"
 596      361B0DAB 
 596      4DD403E4 
 596      C2CDE8
 597 17c0 BF1EE2CC 		.ascii	"\277\036\342\314\335\360]\240\331\017\030\335\326\231"
 597      DDF05DA0 
 597      D90F18DD 
 597      D699
 598 17ce 4357     		.ascii	"CW"
 599 17d0 FD67D82B 		.ascii	"\375g\330+\274s\201\305`4\204\370\201\000\325:\263\331"
 599      BC7381C5 
 599      603484F8 
 599      8100D53A 
 599      B3D9
 600 17e2 18A60367 		.ascii	"\030\246\003g\233\014\301\276a\001\200\325\233q\231"
 600      9B0CC1BE 
 600      610180D5 
 600      9B7199
 601 17f1 F47F0F37 		.ascii	"\364\177\0177\204\003\313\034\373H\360\267\324\374\257"
 601      8403CB1C 
 601      FB48F0B7 
 601      D4FCAF
 602 1800 CA2F0422 		.ascii	"\312/\004\"Je\322\303/h\000\001a\356\300\033\034\016"
 602      4A65D2C3 
ARM GAS  C:\Users\Simone\AppData\Local\Temp\ccBgSct3.s 			page 48


 602      2F680001 
 602      61EEC01B 
 602      1C0E
 603 1812 CE5707F3 		.ascii	"\316W\007\363\274\301\372\320u!`'\275\013\000\203\331"
 603      BCC1FAD0 
 603      75216027 
 603      BD0B0083 
 603      D9
 604 1823 60AE3307 		.ascii	"`\2563\007\233\277\013\3630\2545\204\230\203}M\337\302"
 604      9BBF0BF3 
 604      30AC3584 
 604      98837D4D 
 604      DFC2
 605 1835 13C33A72 		.ascii	"\023\303:r\201\303\364\341^\202\272 \210O\275\331[\002"
 605      81C3F4E1 
 605      5E82BA20 
 605      884FBDD9 
 605      5B02
 606 1847 80DCD184 		.ascii	"\200\334\321\204\351\327\371\006\232\003C\326h\303\364"
 606      E9D7F906 
 606      9A0343D6 
 606      68C3F4
 607 1856 60260343 		.ascii	"`&\003C/\341\206!\314\020\002\221\270\006\270@\005\341"
 607      2FE18621 
 607      CC100291 
 607      B806B840 
 607      05E1
 608 1868 D712A7F8 		.ascii	"\327\022\247\370\006\321\320\200\233a\020\341o\271\030"
 608      06D1D080 
 608      9B6110E1 
 608      6FB918
 609 1877 3A3EA2E1 		.ascii	":>\242\341\201\311/\300\037F\354g/d\004%\300\367\366"
 609      81C92FC0 
 609      1F46EC67 
 609      2F640425 
 609      C0F7F6
 610 188a 8B05AE37 		.ascii	"\213\005\2567\011A\376b\241\340K\340\2039\360\271i\315"
 610      0941FE62 
 610      A1E04BE0 
 610      8339F0B9 
 610      69CD
 611 189c 0AB0E74D 		.ascii	"\012\260\347M\027=LF?\002\301\264f\261\037\317\375W"
 611      173D4C46 
 611      3F02C1B4 
 611      66B11FCF 
 611      FD57
 612 18ae F08C8E5E 		.ascii	"\360\214\216^}e\0102\370\232\014\236~\001+\374\002~"
 612      7D650832 
 612      F89A0C9E 
 612      7E012BFC 
 612      027E
 613 18c0 1FBA22C8 		.ascii	"\037\272\"\310`\010[\341A\251\257\300\227\353?\323\321"
 613      60085BE1 
 613      41A9AFC0 
 613      97EB3FD3 
 613      D1
 614 18d1 EBBFFA7E 		.ascii	"\353\277\372~k\010\247\017\364\004\242!\230\315=v\255"
ARM GAS  C:\Users\Simone\AppData\Local\Temp\ccBgSct3.s 			page 49


 614      6B08A70F 
 614      F404A221 
 614      98CD3D76 
 614      AD
 615 18e2 235E5FCF 		.ascii	"#^_\317\217\003H\322\213\264\332\310F\330\315H'\235"
 615      8F0348D2 
 615      8BB4DAC8 
 615      46D8CD48 
 615      279D
 616 18f4 CA48C3DA 		.ascii	"\312H\303\332\310\207\265\221\205\265\006\356\206\033"
 616      C887B591 
 616      85B506EE 
 616      861B
 617 1902 21D6CC2A 		.ascii	"!\326\314*#\351\364\352\332@\2439\3347Ho\016\014\206"
 617      23E9F4EA 
 617      DA40A339 
 617      DC37486F 
 617      0E0C86
 618 1915 C9CF0B9E 		.ascii	"\311\317\013\236\007\202e\036x;\334c\201\350pK\275\326"
 618      0782651E 
 618      783BDC63 
 618      81E8704B 
 618      BDD6
 619 1927 4CA389FC 		.ascii	"L\243\211\374\222\334\240!\240\341\001d\007\270\343"
 619      92DCA021 
 619      A0E10164 
 619      07B8E3
 620 1936 6F0832FB 		.ascii	"o\0102\373\302\305\352\360\020?=\345!Wn\204\327\327"
 620      C2C5EAF0 
 620      103F3DE5 
 620      21576E84 
 620      D7D7
 621 1948 E8013F41 		.ascii	"\350\001?A\276&3a\207[D\235\027o\276\277aU\370\032\026"
 621      BE263361 
 621      875B449D 
 621      176FBEBF 
 621      6155F81A 
 622 195d 75D23B9A 		.ascii	"u\322;\2320\337\220@?\022d\330\177\325\032m\260/\314"
 622      30DF9040 
 622      3F1264D8 
 622      7FD51A6D 
 622      B02FCC
 623 1970 481A9473 		.ascii	"H\032\224s\314\301z?\337\240\300UF_s`h\010\2502\232"
 623      CCC17A3F 
 623      DFA0C055 
 623      465F7360 
 623      6808A832 
 624 1985 E9CC700B 		.ascii	"\351\314p\013]\275\332d0\373\274p\264\315d\2609s\260"
 624      5DBDDA64 
 624      30FBBC70 
 624      B4CD64B0 
 624      3973B0
 625 1998 D664FE16 		.ascii	"\326d\376\026\004\255\011\341\323\333\262\367\355\351"
 625      04AD09E1 
 625      D3DBB2F7 
 625      EDE9
 626 19a6 8D5C7A05 		.ascii	"\215\\z\005\372\007\031\370\231\0003\200\363\013\200"
ARM GAS  C:\Users\Simone\AppData\Local\Temp\ccBgSct3.s 			page 50


 626      FA0719F8 
 626      99003380 
 626      F30B80
 627 19b5 815AB1DE 		.ascii	"\201Z\261\336\364o\241~\337\276DH\255'\241\247\2419"
 627      F46FA17E 
 627      DFBE4448 
 627      AD27A1A7 
 627      A139
 628 19c7 31087A78 		.ascii	"1\010zx\352a\312\233\365\237\374f\305\247_~\365\231"
 628      EA61CA9B 
 628      F59FFC66 
 628      C5A75F7E 
 628      F599
 629 19d9 A76FD03A 		.ascii	"\247o\320:\337\365&\310\226A\260`\274/'\015\034\275"
 629      DFF526C8 
 629      9641B060 
 629      BC2F270D 
 629      1CBD
 630 19eb 64F9E72B 		.ascii	"d\371\347+>[!\012%\231\315/\370w\340V\020\255c\371\""
 630      3E5B210A 
 630      2599CD2F 
 630      F877E056 
 630      10AD63F9 
 631 1a00 30C46430 		.ascii	"0\304d0\232=(\262\257C\210&\226\207\303\351\265\273"
 631      9A3D28B2 
 631      AF438826 
 631      9687C3E9 
 631      B5BB
 632 1a12 9E8E825E 		.ascii	"\236\216\202^\357)\\,^\366\336\262_\252\364\237\300"
 632      EF295C2C 
 632      5EF6DEB2 
 632      5FAAF49F 
 632      C0
 633 1a23 ACF4A671 		.ascii	"\254\364\246q\373\231\351K6\203?{\211\311\007\221\037"
 633      FB99E94B 
 633      36833F7B 
 633      89C90791 
 633      1F
 634 1a34 A0F801D3 		.ascii	"\240\370\001\323\274:pu(\004hp\350Z\022\364\342\014"
 634      BC3A7075 
 634      28046870 
 634      E85A12F4 
 634      E20C
 635 1a46 5821D5F5 		.ascii	"X!\325\365\213\017\377\027\005\2741\317"
 635      8B0FFF17 
 635      05BC31CF 
 636              		.text
 637              		.section	.gnu.lto_.symtab.ce91a60f,"",%progbits
 638 0000 63684D73 		.ascii	"chMsgSend\000\000\000\000\000\000\000\000\000\000\000"
 638      6753656E 
 638      64000000 
 638      00000000 
 638      00000000 
 639 0014 00760100 		.ascii	"\000v\001\000\000chMsgWait\000\000\000\000\000\000\000"
 639      0063684D 
 639      73675761 
 639      69740000 
ARM GAS  C:\Users\Simone\AppData\Local\Temp\ccBgSct3.s 			page 51


 639      00000000 
 640 0029 00000000 		.ascii	"\000\000\000\000\000y\001\000\000chMsgRelease\000\000"
 640      00790100 
 640      0063684D 
 640      73675265 
 640      6C656173 
 641 0040 00000000 		.ascii	"\000\000\000\000\000\000\000\000\000\000~\001\000\000"
 641      00000000 
 641      00007E01 
 641      0000
 642 004e 63680000 		.ascii	"ch\000\000\002\000\000\000\000\000\000\000\000\000\376"
 642      02000000 
 642      00000000 
 642      0000FE
 643 005d 01000063 		.ascii	"\001\000\000chSchGoSleepS\000\000\002\000\000\000\000"
 643      68536368 
 643      476F536C 
 643      65657053 
 643      00000200 
 644 0074 00000000 		.ascii	"\000\000\000\000\000\202\001\000\000chSchReadyI\000"
 644      00820100 
 644      00636853 
 644      63685265 
 644      61647949 
 645 0089 00020000 		.ascii	"\000\002\000\000\000\000\000\000\000\000\000\206\001"
 645      00000000 
 645      00000086 
 645      01
 646 0096 00006368 		.ascii	"\000\000chSchWakeupS\000\000\002\000\000\000\000\000"
 646      53636857 
 646      616B6575 
 646      70530000 
 646      02000000 
 647 00ac 00000000 		.ascii	"\000\000\000\000\210\001\000\000"
 647      88010000 
 648              		.text
 649              		.section	.gnu.lto_.opts,"",%progbits
 650 0000 272D666E 		.ascii	"'-fno-trapv' '-mcpu=cortex-m4' '-mno-thumb-interwor"
 650      6F2D7472 
 650      61707627 
 650      20272D6D 
 650      6370753D 
 651 0033 6B272027 		.ascii	"k' '-mthumb' '-ggdb' '-O2' '-fomit-frame-pointer' '"
 651      2D6D7468 
 651      756D6227 
 651      20272D67 
 651      67646227 
 652 0066 2D66616C 		.ascii	"-falign-functions=16' '-ffunction-sections' '-fdata"
 652      69676E2D 
 652      66756E63 
 652      74696F6E 
 652      733D3136 
 653 0099 2D736563 		.ascii	"-sections' '-fno-common' '-flto'\000"
 653      74696F6E 
 653      73272027 
 653      2D666E6F 
 653      2D636F6D 
ARM GAS  C:\Users\Simone\AppData\Local\Temp\ccBgSct3.s 			page 52


 654              		.text
 655              		.comm	__gnu_lto_v1,1,1
 656              		.comm	__gnu_lto_slim,1,1
 657              		.ident	"GCC: (GNU Tools for ARM Embedded Processors) 4.9.3 20150529 (release) [ARM/embedded-4_9-br
ARM GAS  C:\Users\Simone\AppData\Local\Temp\ccBgSct3.s 			page 53


DEFINED SYMBOLS
                            *ABS*:00000000 chmsg.c
                            *COM*:00000001 __gnu_lto_v1
                            *COM*:00000001 __gnu_lto_slim

NO UNDEFINED SYMBOLS
