ARM GAS  C:\Users\Simone\AppData\Local\Temp\cccOLMoc.s 			page 1


   1              		.syntax unified
   2              		.cpu cortex-m4
   3              		.fpu softvfp
   4              		.eabi_attribute 20, 1
   5              		.eabi_attribute 21, 1
   6              		.eabi_attribute 23, 3
   7              		.eabi_attribute 24, 1
   8              		.eabi_attribute 25, 1
   9              		.eabi_attribute 26, 1
  10              		.eabi_attribute 30, 2
  11              		.eabi_attribute 34, 1
  12              		.eabi_attribute 18, 4
  13              		.thumb
  14              		.file	"chregistry.c"
  15              		.text
  16              	.Ltext0:
  17              		.section	.gnu.lto_.profile.ce138c27,"",%progbits
  18 0000 789C6366 		.ascii	"x\234cf```a\200\000F\006Y!\000\000\300\0008"
  18      60606061 
  18      80004606 
  18      59210000 
  18      C00038
  19              		.text
  20              		.section	.gnu.lto_.jmpfuncs.ce138c27,"",%progbits
  21 0000 789C6366 		.ascii	"x\234cf\300\016\004\2404\023\010322\32632\227\203\370"
  21      C00E04A0 
  21      34130833 
  21      3232D633 
  21      329783F8 
  22 0014 0008FA01 		.ascii	"\000\010\372\001\025"
  22      15
  23              		.text
  24              		.section	.gnu.lto_.inline.ce138c27,"",%progbits
  25 0000 789C6366 		.ascii	"x\234cf\300\016\364\2414\023\003\003'\007#\003\023\317"
  25      C00EF4A1 
  25      34130303 
  25      27072303 
  25      13CF
  26 0012 835806B6 		.ascii	"\203X\006\266\005\362L\0201^Q\240\020\377\202\022\006"
  26      05F24C10 
  26      315E51A0 
  26      10FF8212 
  26      06
  27 0023 F60E7588 		.ascii	"\366\016u\210\0207\003\003\343\004?\006\000\200 \005"
  27      10370303 
  27      E3043F06 
  27      00802005 
  28 0033 47       		.ascii	"G"
  29              		.text
  30              		.section	.gnu.lto_.pureconst.ce138c27,"",%progbits
  31 0000 789C6366 		.ascii	"x\234cf```e\200\000&\006+&+\000\001{\000\201"
  31      60606065 
  31      80002606 
  31      2B262B00 
  31      017B0081 
  32              		.text
  33              		.section	.gnu.lto_chRegFirstThread.ce138c27,"",%progbits
ARM GAS  C:\Users\Simone\AppData\Local\Temp\cccOLMoc.s 			page 2


  34 0000 789C8D53 		.ascii	"x\234\215S\355KSQ\030?\317\271w\327\251\223\244\017"
  34      ED4B5351 
  34      183FCFB9 
  34      77D7A993 
  34      A40F
  35 0012 7DF08B03 		.ascii	"}\360\213\003\011\005\333\226\020\365!*B\010\372\260"
  35      0905DB96 
  35      10F5212A 
  35      4208FAB0 
  36 0022 2FFA0744 		.ascii	"/\372\007D\255\221\003\347\344\336\031\371!\272\233"
  36      AD9103E7 
  36      E4DE19F9 
  36      21BA9B
  37 0031 2B2BB2C4 		.ascii	"++\262\304\212fei\371\232ff\257Z\346J-\263WK\264\027"
  37      8A666569 
  37      F99A6666 
  37      AF5AE64A 
  37      2DB3574B 
  38 0047 D0151645 		.ascii	"\320\025\026E\013\362\255\034R\366\2343\255\271\034"
  38      0BF2AD1C 
  38      52F69C33 
  38      ADB91C
  39 0056 34B6DD7B 		.ascii	"4\266\335{\316\363\374\236\337\357y\316\357\010\344"
  39      CEF3FC9E 
  39      DFEF79CE 
  39      EF08E4
  40 0065 DF4F12FE 		.ascii	"\337O\022\376\352DB\206\361\011\002\001Z\372\224\020"
  40      EA444286 
  40      F1090201 
  40      5AFA9410 
  41 0075 979602B0 		.ascii	"\227\226\002\260\027\002d\017\205=\360\231\216Qhk\236"
  41      1702640F 
  41      853DF099 
  41      8E51686B 
  41      9E
  42 0086 7C12FF89 		.ascii	"|\022\377\211\006)\321\023\\\266\227\365z%\266\004\221"
  42      0629D113 
  42      5CB697F5 
  42      7A25B604 
  42      91
  43 0097 2D8706BD 		.ascii	"-\207\006\275C\261\2515\252\352\376\326\332\237[~\254"
  43      43B1A935 
  43      AAEAFED6 
  43      DA9F5B7E 
  43      AC
  44 00a8 1223944C 		.ascii	"\022#\224LP\002u\220\004\365\300\210\240\001RY\256\313"
  44      50027590 
  44      04F5C088 
  44      A0015259 
  44      AECB
  45 00ba 57329020 		.ascii	"W2\220 \244\003{/\272\351\352\324\245T!\316\177\250"
  45      A4037B2F 
  45      BAE9EAD4 
  45      A55421CE 
  45      7FA8
  46 00cc E6814EED 		.ascii	"\346\201N\355U=\376\331\331d\004\303\005\020\026\342"
  46      553DFED9 
ARM GAS  C:\Users\Simone\AppData\Local\Temp\cccOLMoc.s 			page 3


  46      D96404C3 
  46      051016E2 
  47 00dc D9072163 		.ascii	"\331\007!c\236\237C\361\222GU\325Dh\204\024F\202\265"
  47      9E9F43F1 
  47      924755D5 
  47      44688414 
  47      4682B5
  48 00ef 9B40027C 		.ascii	"\233@\002|\260\235KK}\352\354\354D\317\271\003k\033"
  48      B09D4B4B 
  48      7DEAECEC 
  48      44CFB903 
  48      6B1B
  49 0101 A816BBC2 		.ascii	"\250\026\273\302=\221\004\251\240a\177\204\214\"\200"
  49      3D9104A9 
  49      A0617F84 
  49      8C2280
  50 0110 B5F70115 		.ascii	"\265\367\001\025\342S\030\004w\"+<\321\250\036\023\004"
  50      E2531804 
  50      77222B3C 
  50      D1A81E13 
  50      04
  51 0121 23D7F565 		.ascii	"#\327\365e\240\252&\216\353\372\026h9\263\254\\\255"
  51      A0AA268E 
  51      EBFA1668 
  51      39B3AC5C 
  51      AD
  52 0132 749762D1 		.ascii	"t\227b\321\015\020\244\"\\\\L\0314C\012\002\337\225"
  52      0D10A422 
  52      5C5C4C19 
  52      34430A02 
  52      DF95
  53 0144 4C5D0136 		.ascii	"L]\0016\027QO\340\022F\337\202\373}E\361G\257\264@\272"
  53      17514FE0 
  53      1246DF82 
  53      FB7D45F1 
  53      47AFB440 
  54 0159 BFFB3C70 		.ascii	"\277\373<p\321\023\024\0266\345\377~pXC\240\205\205"
  54      D1131416 
  54      36E5FF7E 
  54      705843A0 
  54      8585
  55 016b 6844E855 		.ascii	"hD\350U\325:FC\3402\213\012\021\323 \320\012\022\012"
  55      D53A4643 
  55      E0328B0A 
  55      11D320D0 
  55      0A120A
  56 017e B9C24601 		.ascii	"\271\302F\001\244\0130<\022\230>*$\017@\205\352\325"
  56      A40B303C 
  56      12983E2A 
  56      240F4085 
  56      EAD5
  57 0190 07A98621 		.ascii	"\007\251\206!\216\277\235q\305\2118\003\270\012\311"
  57      8EBF9D71 
  57      C5893803 
  57      B80AC9
  58 019f 7CA227F7 		.ascii	"|\242'\367\236(\327\341\016\\\003\221k&p\035D\014\364"
  58      9E28D7E1 
ARM GAS  C:\Users\Simone\AppData\Local\Temp\cccOLMoc.s 			page 4


  58      0E5C0391 
  58      6B26701D 
  58      440CF4
  59 01b2 15577E17 		.ascii	"\025W~\027\223\207\346\320\022\313}\036\270\337\036"
  59      9387E6D0 
  59      12CB7D1E 
  59      B8DF1E
  60 01c1 CBD13718 		.ascii	"\313\3217\030\032n\342\371\277\001\367\365\266`\275"
  60      1A6EE2F9 
  60      BF01F7F5 
  60      B660BD
  61 01d0 8EF5F383 		.ascii	"\216\365\363\203\012\230u\346\345\341f\272{F\335\257"
  61      0A9875E6 
  61      E5E166BA 
  61      7B46DDAF 
  62 01e0 6A8334E6 		.ascii	"j\2034\346'\015\235\334\310\350\263~-\233M\014_\326"
  62      270D9DDC 
  62      C8E8B37E 
  62      2D9B4D0C 
  62      5FD6
  63 01f2 BB3CA7A1 		.ascii	"\273<\247\241\002N\271T\226\245\2056\330\015\355\214"
  63      024EB954 
  63      96A58536 
  63      D80DED8C 
  64 0202 1D63BF9A 		.ascii	"\035c\277\232\216\264J\206Fl\313\227\024\244\261p\013"
  64      8EB44A86 
  64      466CCB97 
  64      14A4B170 
  64      0B
  65 0213 13C7E99C 		.ascii	"\023\307\351\234\003::_\374\022C\3014\346\224\333`\030"
  65      033A3A5F 
  65      FC1243C1 
  65      34E694DB 
  65      6018
  66 0225 C731A29A 		.ascii	"\3071\242\232\0160\020<N5\201\373\001\317\035\345py"
  66      0E30103C 
  66      4E3581FB 
  66      01CF1DE5 
  66      7079
  67 0237 638FB342 		.ascii	"c\217\263B\352\304p\035\224\227\2736}\366k\002\352\300"
  67      EAC4701D 
  67      9497BB36 
  67      7DF66B02 
  67      EAC0
  68 0249 B38DC37C 		.ascii	"\263\215\303|\2703\247\341\364\344\321\327K\014\351"
  68      B833A7E1 
  68      F4E4D1D7 
  68      4B0CE9
  69 0258 411A0F9D 		.ascii	"A\032\017\235\234\236\033\315\207\024o\240\250l_\000"
  69      9C9E1BCD 
  69      87146FA0 
  69      A86C5F00 
  70 0268 421535A1 		.ascii	"B\0255\241\242\375'k\213\226\260\242\3618\374\273X\002"
  70      A2FD276B 
  70      8B96B0A2 
  70      F138FCBB 
  70      5802
ARM GAS  C:\Users\Simone\AppData\Local\Temp\cccOLMoc.s 			page 5


  71 027a 69CB784A 		.ascii	"i\313xJ\030\005\266\352\323D\247\271\367\227\246\013"
  71      1805B6EA 
  71      D344A7B9 
  71      F797A60B 
  72 028a 0C589ACC 		.ascii	"\014X\232\314{3\334\217\245g\377\313\217\335\334\217"
  72      7B33DC8F 
  72      A567FFCB 
  72      8FDDDC8F 
  73 029a 7F7AC55B 		.ascii	"\177z\305[\016=\321\3758Z;\357G\361\037[\335g\266\212"
  73      0E3DD1FD 
  73      385A3BEF 
  73      47F11F5B 
  73      DD67B68A 
  74 02ae 3069DF14 		.ascii	"0i\337\024\232\364\001\313\327D\232\364\342z\306M\240"
  74      9AF401CB 
  74      D7449AF4 
  74      E27AC64D 
  74      A0
  75 02bf 7771933E 		.ascii	"wq\223>\344&\355\0133i\365W\177\2734\357\277\036\356"
  75      E426ED0B 
  75      3369F557 
  75      7FBB34EF 
  75      BF1EEE
  76 02d2 BF47DC7F 		.ascii	"\277G\334\177\221f{\214f\033\006\227\277\272nn\366x"
  76      91667B8C 
  76      661B0697 
  76      BFBA6E6E 
  76      F678
  77 02e4 9BF13A03 		.ascii	"\233\361:\003\273\306\230\225f4\232\360k\311\261m\263"
  77      BBC69895 
  77      66349AF0 
  77      6BC9B16D 
  77      B3
  78 02f5 39948CD5 		.ascii	"9\224\214\325\031&\207b\222\235&E\266\340\246l\335a"
  78      19268762 
  78      929D2645 
  78      B6E0A66C 
  78      DD61
  79 0307 539C72A1 		.ascii	"S\234r\241\321B\2503_\263skn\2015#\012\"\337!;\025\323"
  79      D142A833 
  79      5FB3736B 
  79      6E813523 
  79      0A22DF21 
  80 031e C62C73A6 		.ascii	"\306,s\246y\027F-\016\331\272e\347\032\2731\207\254"
  80      7917462D 
  80      0ED9BA65 
  80      E71ABB31 
  80      87AC
  81 0330 5A0C61DD 		.ascii	"Z\014a\335\3454e\232\2637g\233ly\226\334\202\355V\023"
  81      E534659A 
  81      B337679B 
  81      6C7996DC 
  81      82ED5613 
  82 0344 4758EC9B 		.ascii	"GX\354\233\012\362,\010J\215B\363';G)T0/\321\234\235"
  82      0AF22C08 
  82      4A8D42F3 
  82      273B4729 
ARM GAS  C:\Users\Simone\AppData\Local\Temp\cccOLMoc.s 			page 6


  82      54302FD1 
  83 035a A5DFB655 		.ascii	"\245\337\266U\261\346\313\266\025\372\345+\011\225I"
  83      B1E6CBB6 
  83      15FAE52B 
  83      099549
  84 0369 8CDD6A77 		.ascii	"\214\335jw\310\205\3447\312\237\345\275"
  84      C885E437 
  84      CA9FE5BD 
  85              		.text
  86              		.section	.gnu.lto_chRegNextThread.ce138c27,"",%progbits
  87 0000 789C8D54 		.ascii	"x\234\215T\357OSg\024~\237\367\336^\012\024!\373\260"
  87      EF4F5367 
  87      147E9FF7 
  87      DE5E0A14 
  87      21FBB0
  88 0013 18B78426 		.ascii	"\030\267\204&\204\260\304\321\216\305\314\304\304\375"
  88      84B0C4D1 
  88      8EC5CCC4 
  88      C4FD
  89 0021 88C9927D 		.ascii	"\210\311\222}\340\213\374\001\213\326f4\001J\332b\344"
  89      E08BFC01 
  89      8BD66634 
  89      014ADA62 
  89      E4
  90 0032 03F1B6D4 		.ascii	"\003\361\266\324\271la#\300&8Q\310D\335PP\030(\214\315"
  90      B96C6123 
  90      C0263851 
  90      C844DD50 
  90      5018288C 
  91 0047 4E992013 		.ascii	"N\231 \023\205\314Q\225M;\203\206MLp\325\301\015Cv\336"
  91      85CC5195 
  91      4D3B8386 
  91      4D4C70D5 
  91      C10D4376 
  92 005c B722A540 		.ascii	"\267\"\245@\262\246\355\275\367=\3479?\236\363\234\253"
  92      B2A6EDBD 
  92      F73DE739 
  92      3F9EF39C 
  92      AB
  93 006d B0959F4D 		.ascii	"\260\225\237M\364;`b\354.]ab\340\325W\031\363\2339W"
  93      F43B6062 
  93      EC2E5D61 
  93      62E0D557 
  93      19F39B39 
  94 0082 43607A8A 		.ascii	"C`z\2122r\2051\335\242@\215\235\253\200\270a`{\271\242"
  94      32728531 
  94      DDA2408D 
  94      9DAB80B8 
  94      61607BB9 
  95 0097 622FFEE4 		.ascii	"b/\376\344\2178z\332\036\017\247Nr\2033+\243\307\336"
  95      8F387ADA 
  95      1E0FA74E 
  95      7283332B 
  95      A3C7DE
  96 00aa 9AC17A4D 		.ascii	"\232\301zM<B\025\217\341\261\372prN\213\256\007\246"
  96      3C42158F 
  96      E1B1FA70 
ARM GAS  C:\Users\Simone\AppData\Local\Temp\cccOLMoc.s 			page 7


  96      724E8BAE 
  96      07A6
  97 00bc 3BC2450D 		.ascii	";\302E\015uMd\341,\312\031\216c\003N`\203\210\3675r"
  97      754D64E1 
  97      2CCA198E 
  97      63034E60 
  97      8388F735 
  98 00d1 C8D51FAA 		.ascii	"\310\325\037\252\272\236\246l\204\200\365\267\217\031"
  98      BA9EA66C 
  98      8480F5B7 
  98      8F19
  99 00df E6ECAF08 		.ascii	"\346\354\257\010\026\032\356\320\337V\011\204o\240\304"
  99      161AEED0 
  99      DF560984 
  99      6FA0C4
 100 00ee E3441CB4 		.ascii	"\343D\034\264\"[\270w\206\346\036\250\212MB\317O\376"
 100      225BB877 
 100      86E61EA8 
 100      8A4D42CF 
 100      4FFE
 101 0100 5567C96A 		.ascii	"Ug\311j&h\244\257e\300\242\017\352\301\310\302B\246"
 101      2668A4AF 
 101      65C0A20F 
 101      EAC1C8C2 
 101      42A6
 102 0112 88707279 		.ascii	"\210pry\204\330\207 \217\202\363\341T-\250\353z\006"
 102      84D88720 
 102      8F82F3E1 
 102      542DA8EB 
 102      7A06
 103 0124 4E216B9E 		.ascii	"N!k\2363Q!\025\326\006\015t\021\207\355/\204\364\205"
 103      33512115 
 103      D6060D74 
 103      1187ED2F 
 103      84F485
 104 0137 85E8EF35 		.ascii	"\205\350\3575\237\344\264q\013\23083A\024\240\311\373"
 104      9FE4B471 
 104      0B983833 
 104      4114A0C9 
 104      FB
 105 0148 242A4831 		.ascii	"$*H1\213?\306&\010,\230\272G%\322U\031C C\344\211\266"
 105      8B3FC626 
 105      082C98BA 
 105      4725D255 
 105      19432043 
 106 015f EA758AF2 		.ascii	"\352u\212\362\272,\363\301\365\346\226\024Y\346\364"
 106      BA2CF3C1 
 106      F5E69614 
 106      59E6F4
 107 016e ECE9C32F 		.ascii	"\354\351\303/6\350M\201jJ\360\026\014\256\242}\265B"
 107      36E84D81 
 107      6A4AF016 
 107      0CAEA27D 
 107      B542
 108 0180 711A5904 		.ascii	"q\032Y\004\374\243\352I'\004\301\252\225\341\014Y\307"
 108      FCA3EA49 
 108      2704C1AA 
ARM GAS  C:\Users\Simone\AppData\Local\Temp\cccOLMoc.s 			page 8


 108      95E10C59 
 108      C7
 109 0191 11B8DBB5 		.ascii	"\021\270\333\265\377~\275\266\254\223H\177;d\003Q\216"
 109      FF7EBDB6 
 109      AC93487F 
 109      3B640351 
 109      8E
 110 01a2 E53D469E 		.ascii	"\345=F\236~|\233\206\335!L<\3014\335\274U\244a\350\024"
 110      7E7C9B86 
 110      DD214C3C 
 110      C134DDBC 
 110      55A461E8 
 111 01b7 5625811C 		.ascii	"V%\201\034\206o\241Q!]\202\026\260\001\220\371\316\324"
 111      866FA151 
 111      215D8216 
 111      B00190F9 
 111      CED4
 112 01c9 6CAD9279 		.ascii	"l\255\222y\003\215z\275\325\340&\201\370||\316\237\242"
 112      038D7ABD 
 112      D5E02681 
 112      F87C7CCE 
 112      9FA2
 113 01db 1207E846 		.ascii	"\022\007\350F\246$\370\340\276\003\015\026:\301Y\250"
 113      A624F8E0 
 113      BE030D16 
 113      3AC159A8 
 114 01eb B2668673 		.ascii	"\262f\206sP\3110\264\277\351\0375s\374\031Z\023\276"
 114      50C930B4 
 114      BFE91F35 
 114      73FC195A 
 114      13BE
 115 01fd 2353977A 		.ascii	"#S\227z\223%\272G\240\321KB\272\205@w\217\321\272N\364"
 115      9325BA47 
 115      A0D14B42 
 115      BA854077 
 115      8FD1BA4E 
 116 0212 33C345A3 		.ascii	"3\303E\243w&\256\215\232'\245\230\004\250k\366\310\303"
 116      7726AE8D 
 116      9A27A598 
 116      04A86BF6 
 116      C8C3
 117 0224 B4467CE9 		.ascii	"\264F|\351\327\365\320K\006O\232\341&|'\362\220\355"
 117      D7F5D04B 
 117      064F9AE1 
 117      267C27F2 
 117      90ED
 118 0236 D0E3DA9B 		.ascii	"\320\343\332\233\351\271\033\205\000\372\320\210\277"
 118      E9B91B85 
 118      00FAD088 
 118      BF
 119 0243 B924F37B 		.ascii	"\271$\363{\3442\232\213\236.\207L\003\244\270\354W\004"
 119      E4329A8B 
 119      9E2E874C 
 119      03A4B8EC 
 119      5704
 120 0255 6F541EFF 		.ascii	"oT\036\377B[\312s\370\227O\333x\305\234\376\221n6\270"
 120      425BCA73 
ARM GAS  C:\Users\Simone\AppData\Local\Temp\cccOLMoc.s 			page 9


 120      F8974FDB 
 120      78C59CFE 
 120      916E36B8 
 121 0269 799EB864 		.ascii	"y\236\270d\361\331\315\362\361\204?x\010\261\354\344"
 121      F1D9CDF2 
 121      F1843F78 
 121      08B1ECE4 
 122 0279 958C1F50 		.ascii	"\225\214\037P\201\363\317\262?=\371Y\207\226\333J\364"
 122      81F3CFB2 
 122      3F3DF959 
 122      8796DB4A 
 122      F4
 123 028a 85B61A3C 		.ascii	"\205\266\032<\005!Y\002b\302\253\232;V\253\311\350\241"
 123      05215902 
 123      62C2AB9A 
 123      3B56ABC9 
 123      E8A1
 124 029c 2D064FC5 		.ascii	"-\006O\305\217T\024\303\005T\310\201\337\243\001\320"
 124      8F5414C3 
 124      0554C881 
 124      DFA301D0 
 125 02ac 0A2AA2FB 		.ascii	"\012*\242\3733S\001%VUR\\\273\220\255j+[\265\340\242"
 125      33530125 
 125      5655525C 
 125      BB90AD6A 
 125      2B5BB5E0 
 126 02c1 CC2355DC 		.ascii	"\314#U\334OQo\241\262\346\303~\036\013a\216E\031=x\254"
 126      4F516FA1 
 126      B2E6C37E 
 126      1E0B618E 
 126      45193D78 
 127 02d6 325D7421 		.ascii	"2]t!\344\374\023\205\240D5\020.\011\214\256_;\315\245"
 127      E4FC1385 
 127      A0443510 
 127      2E098CAE 
 127      5F3BCDA5 
 128 02ea A53403C8 		.ascii	"\2454\003\310\235\021\204P\335\352\222\354c\324\202"
 128      9D118450 
 128      DDEA92EC 
 128      63D482
 129 02f9 2DEE40BC 		.ascii	"-\356@\274\356\253\217\374/\335\017J\335?\347\\\245"
 129      EEAB8FFC 
 129      2FDD0F4A 
 129      DD3FE75C 
 129      A5
 130 030a A3CB6BEB 		.ascii	"\243\313k\353~\242{Q\367\352\012\371\016\011\371&,\303"
 130      7EA27B51 
 130      F7EA0AF9 
 130      0E09F926 
 130      2CC3
 131 031c D0135A86 		.ascii	"\320\023Z\206\237\205\277)q\031N\275)r3\\Y}\031\206"
 131      9F85BF29 
 131      71194EBD 
 131      2972335C 
 131      597D1986 
 132 0330 E5325C8D 		.ascii	"\3452\\\215[\206\243\017#\275\332\242\316/K\235_\223"
 132      5B86A30F 
ARM GAS  C:\Users\Simone\AppData\Local\Temp\cccOLMoc.s 			page 10


 132      23BDDAA2 
 132      CE2F4B9D 
 132      5F93
 133 0342 3A4F14F5 		.ascii	":O\024\365\010\211\3727\004#G\317J\276Y\242\322\322"
 133      0889FA37 
 133      042347CF 
 133      4ABE59A2 
 133      D2D2
 134 0354 A25CC41E 		.ascii	"\242\\\304\036%%\220\224\015\276\216\335\246\367\343"
 134      25259094 
 134      0DBE8EDD 
 134      A6F7E3
 135 0363 486A6C7E 		.ascii	"Hjl~\244\236\373\200\030\007\357\273\271\213&\243\374"
 135      A49EFB80 
 135      1807EFBB 
 135      B98B26A3 
 135      FC
 136 0374 1B7E99DE 		.ascii	"\033~\231\336:\020\264S\222Wl6;}\035\205\256\235.\267"
 136      3A10B453 
 136      92576C36 
 136      3B7D1D85 
 136      AE9D2EB7 
 137 0388 37EF8D3C 		.ascii	"7\357\215<\273\333k\367\370\354^\217\203\016=\316\017"
 137      BBDB6BF7 
 137      F8EC5E8F 
 137      830E3DCE 
 137      0F
 138 0399 5C5E9FA7 		.ascii	"\\^\237\247\334\346`\334W\252\224\370JM\273w\024\225"
 138      DCE660DC 
 138      57AA94F8 
 138      4A4DBB77 
 138      1495
 139 03ab 39F3D640 		.ascii	"9\363\326@\225\272=>\257\375\235\355\371\333\362\367"
 139      95BA3D3E 
 139      AFFD9DED 
 139      F9DBF2F7 
 140 03bb 90D5E1F6 		.ascii	"\220\325\341\3668\337\337\275\271\330V\3106\255\206"
 140      38DFDFBD 
 140      B9D856C8 
 140      36AD86
 141 03ca 70EEF1D9 		.ascii	"p\356\361\331\267\345\027\274W`w\2258\212\312v9\355"
 141      B7E517BC 
 141      57607795 
 141      388ACA76 
 141      39ED
 142 03dc 12E1287E 		.ascii	"\022\341(~\267\254\304A\240\2345\322<\367.\364\226{"
 142      B7ACC441 
 142      A09C35D2 
 142      3CF72EF4 
 142      967B
 143 03ee C92F23BF 		.ascii	"\311/#\277`\273u\347\016\257\263\324\343z\325\232\375"
 143      60BB75E7 
 143      0EAFB3D4 
 143      E37AD59A 
 143      FD
 144 03ff 1AE31E96 		.ascii	"\032\343\036\226T\354,v{\312\331\177\340\354<\276"
 144      54EC2C76 
ARM GAS  C:\Users\Simone\AppData\Local\Temp\cccOLMoc.s 			page 11


 144      7BCAD97F 
 144      E0EC3CBE 
 145              		.text
 146              		.section	.gnu.lto_.symbol_nodes.ce138c27,"",%progbits
 147 0000 789C55C9 		.ascii	"x\234U\311\253\015\200@\024\005\321\271o!YI\007\024"
 147      AB0D8040 
 147      1405D1B9 
 147      6F215949 
 147      0714
 148 0012 4451771D 		.ascii	"DQw\035\226\012\010$\324C%\030>A#\3000\362L\002:\276"
 148      960A0824 
 148      D4432518 
 148      3E4123C0 
 148      30F24C02 
 149 0028 E2906158 		.ascii	"\342\220aX\301f\2342\365%\032\023\247\254\237\357\322"
 149      C1669C32 
 149      F5251A13 
 149      A7AC9FEF 
 149      D2
 150 0039 1C46B71C 		.ascii	"\034F\267\034\357\240\224L\212\212\245\337Z\036-\267"
 150      EFA0944C 
 150      8A8AA5DF 
 150      5A1E2DB7 
 151 0049 14BD     		.ascii	"\024\275"
 152              		.text
 153              		.section	.gnu.lto_.refs.ce138c27,"",%progbits
 154 0000 789C6366 		.ascii	"x\234cf``\340f\200\000F bfdbbde\000\000\001z\000\037"
 154      6060E066 
 154      80004620 
 154      62666462 
 154      62646500 
 155              		.text
 156              		.section	.gnu.lto_.decls.ce138c27,"",%progbits
 157 0000 789CB53B 		.ascii	"x\234\265;mTT\311\225]\257\272\201n\232f2N\310\034\317"
 157      6D5454C9 
 157      955DAFBA 
 157      816E9A66 
 157      324EC81C 
 158 0015 24C33259 		.ascii	"$\3032Y2Ift\234\017\223\354\316\236\231d\222\311&\331"
 158      32496674 
 158      9C0F93EC 
 158      CE9E9964 
 158      92C926D9 
 159 0029 CCCCCE4C 		.ascii	"\314\314\316L\366\354\331qO\007\241Uv\370Jw;j\316\236"
 159      F6ECD971 
 159      4F07A155 
 159      76F84A77 
 159      3B6ACE9E 
 160 003d B30F1045 		.ascii	"\263\017\020E\224oA>D\032A\001\371\024\025Q@\361\003"
 160      946F413E 
 160      441A4101 
 160      F9141551 
 160      40F103
 161 0050 14414501 		.ascii	"\024AE\001\371P\244\005\024PQP\034P\004\366V\325\353"
 161      F950A405 
 161      14505150 
 161      1C5004F6 
ARM GAS  C:\Users\Simone\AppData\Local\Temp\cccOLMoc.s 			page 12


 161      56D5EB
 162 0063 7EAFDBD7 		.ascii	"~\257\333\327\352\217\244\217\327W\367\325\255{o\335"
 162      EA8FA48F 
 162      D757F7D5 
 162      AD7B6FDD 
 163 0073 BA75EB56 		.ascii	"\272u\353V\325\003+\024\212\367\221B1\017\277\220\245"
 163      D5032B14 
 163      8AF79142 
 163      310FBF90 
 163      A5
 164 0084 0AC5720F 		.ascii	"\012\305r\017\205\002\303\273\317\024\342\217\340f\240"
 164      8502C3BB 
 164      CF14E28F 
 164      E066A0
 165 0093 590BF0BF 		.ascii	"Y\013\360\277\000\034\340\367\340\371kN\341\360#4Zx"
 165      001CE0F7 
 165      E0F96B4E 
 165      E1F02334 
 165      5A78
 166 00a5 EA14ECF9 		.ascii	"\352\024\354\371\011\340>\360<\010\3601\320\376\036"
 166      09E03EF0 
 166      3C08F031 
 166      D0FE1E
 167 00b4 E00F0077 		.ascii	"\340\017\000w\341\375V\200\017\000f\005\376cP\216\007"
 167      E1FD5680 
 167      0F006605 
 167      FE63508E 
 167      07
 168 00c5 5801E026 		.ascii	"X\001\340&\360\372\004h?\003\370\017\200\377\004\370"
 168      F0FA0468 
 168      3F03F80F 
 168      80FF04F8 
 169 00d5 2F0024C8 		.ascii	"/\000$\310\226\376\210^\336\317\220KdIe\177\3051\331"
 169      96FE885E 
 169      DECF904B 
 169      6449657F 
 169      C531D9
 170 00e8 CBE0F957 		.ascii	"\313\340\371W\304t\370\023bz\020\035\334\005\276r:\330"
 170      C474F813 
 170      627A101D 
 170      DC05BE72 
 170      3AD8
 171 00fa 6C10C83D 		.ascii	"l\020\310=\251\313\004\207v5Lm\346F8\244\323X\224\004"
 171      A9CB0487 
 171      76354C6D 
 171      E64638A4 
 171      D3589404 
 172 010e DF531337 		.ascii	"\337S\0237\343\001\270V\363k\202\026W\225\335\3410\207"
 172      E301B856 
 172      F36B8216 
 172      5795DDE1 
 172      3087
 173 0120 48393FE3 		.ascii	"H9?\343Z\207\346\215=<\317\307\362\015\335H\3441\230"
 173      5A87E68D 
 173      3D3CCFC7 
 173      F20DDD48 
 173      E43198
ARM GAS  C:\Users\Simone\AppData\Local\Temp\cccOLMoc.s 			page 13


 174 0133 DB72C31B 		.ascii	"\333r\303\033\277H\211\322\206\313\356\251\361+\264"
 174      BF4889D2 
 174      86CBEEA9 
 174      F12BB4
 175 0142 7CA87CF2 		.ascii	"|\250|\362\254'\345\355K\320\303)\2473\334(k*\251'\341"
 175      AC27E5ED 
 175      4BD0C329 
 175      A733DC28 
 175      6B2AA927 
 176 0157 7E92077E 		.ascii	"~\222\007~\215R^J\274\325\241\305?\241\345\243G\246"
 176      8D525E4A 
 176      BCD5A1C5 
 176      3FA1E5A3 
 176      47A6
 177 0169 9B34F86D 		.ascii	"\2334\370mZ\336\022km\326\340\177\246\345\310\335\265"
 177      5ADE126B 
 177      6DD6E07F 
 177      A6E5C8DD 
 177      B5
 178 017a 5BDCA1F9 		.ascii	"[\334\241\371?h\250\320\376\354\207\005j\212\022o\360"
 178      3F68A8D0 
 178      FEEC8705 
 178      6A8A126F 
 178      F0
 179 018b 8657DCE9 		.ascii	"\206W\334\351\033|\276\016\371k\012@\305\361\204\374"
 179      1B7CBE0E 
 179      F96B0A40 
 179      C5F184FC 
 180 019b 817F8DE6 		.ascii	"\201\177\215\346?D\325H\203\252\020F{\320\033\240-m"
 180      3F44D548 
 180      83AA1046 
 180      7BD01BA0 
 180      2D6D
 181 01ad 4D7EB13C 		.ascii	"M~\261<\037\305'E\363\352\323:\005*C\013Q9Z\250@\007"
 181      1FC52745 
 181      F3EAD33A 
 181      052A430B 
 181      51395AA8 
 182 01c3 903F5050 		.ascii	"\220?PPZ\264\017^\356\207\227\300\270\361\361\221\365"
 182      5AB40F5E 
 182      EE8797C0 
 182      B8F1F191 
 182      F5
 183 01d4 2AA4F197 		.ascii	"*\244\361\227oT#\323\210\252\320\027\223\342\303\363"
 183      6F5423D3 
 183      88AAD017 
 183      93E2C3F3 
 184 01e4 4A741054 		.ascii	"Jt\020T\330+\252\000\032\331L\307\025\214F\225\250l"
 184      D82BAA00 
 184      1AD94CC7 
 184      158C4695 
 184      A86C
 185 01f6 2A676E1A 		.ascii	"*gn\032XET>\014\364\225\"\375A\364T\235\017\311\352"
 185      5845543E 
 185      0CF49522 
 185      FD41F454 
 185      9D0FC9EA 
ARM GAS  C:\Users\Simone\AppData\Local\Temp\cccOLMoc.s 			page 14


 186 020a 8C724F3E 		.ascii	"\214rO>\310\363\304Ml\350\012\322\322KU\324\364\036"
 186      C8F3C44D 
 186      6CE80AD2 
 186      D24B55D4 
 186      F41E
 187 021c 046D1F1A 		.ascii	"\004m\037\032\277\355\201\317\262\272\246\263\027\206"
 187      BFED81CF 
 187      B2BAA6B3 
 187      1786
 188 022a 10F3008E 		.ascii	"\020\363\000\216\340y\203gZ<)\355\017\011\232T\330\320"
 188      E0798367 
 188      5A3C29ED 
 188      0F099A54 
 188      D8D0
 189 023c E4893B19 		.ascii	"\344\211;\031\355\305{\207xw|\215\"\\\374\205\3769%"
 189      EDC57B87 
 189      78777C8D 
 189      225CFC85 
 189      FE3925
 190 024f F2D752DD 		.ascii	"\362\327R\335{K\356\257\215\004\335O -:&\352\376\251"
 190      7B4BEEAF 
 190      8D04DD4F 
 190      202D3A26 
 190      EAFEA9
 191 0262 96A91E27 		.ascii	"\226\251\036'\252\216>\363\021\225?\016\312\177\252"
 191      AA8E3EF3 
 191      11953F0E 
 191      CA7FAA
 192 0271 15A841C0 		.ascii	"\025\250A\300\267|S\2347\316\300TZ\334\375\365\307\264"
 192      B77C539C 
 192      37CEC054 
 192      5ADCFDF5 
 192      C7B4
 193 0283 389B2177 		.ascii	"8\233!w\353\233s\274\361\016\206\214L\214\\\322\341"
 193      EB9B73BC 
 193      F10E868C 
 193      4C8C5CD2 
 193      E1
 194 0294 3C86A4DE 		.ascii	"<\206\244\336l\030\320\341\002\206\264\014L\337\327"
 194      6C18D0E1 
 194      0286B40C 
 194      4CDFD7
 195 02a3 52ED5F20 		.ascii	"R\355_ \350\316\243\203\321Z\\\310\352.'m(R\343=\014"
 195      E8CEA383 
 195      D15A5CC8 
 195      EA2E276D 
 195      2852E33D 
 196 02b8 C99C6A6D 		.ascii	"\311\234jm\362\246\204/\023\2644/\263Z\215\313Y\335"
 196      F2A6842F 
 196      13B4342F 
 196      B35A8DCB 
 196      59DD
 197 02ca 9DE6D201 		.ascii	"\235\346\322\001\016Wa\007/\326R/\366\234,\256\315\323"
 197      0E576107 
 197      2FD6522F 
 197      F69C2CAE 
 197      CDD3
ARM GAS  C:\Users\Simone\AppData\Local\Temp\cccOLMoc.s 			page 15


 198 02dc 223FF65B 		.ascii	"\"?\366[\340\347\357g\201\256\215\217\225\355\371}J"
 198      E0E7EF67 
 198      81AE8D8F 
 198      95EDF97D 
 198      4A
 199 02ed 345FF032 		.ascii	"4_\36025@#\030\240\013-\020\273\371\372B\005\0351\350"
 199      35402318 
 199      A00B2D10 
 199      BBF9FA42 
 199      051D31E8 
 200 0301 2421B794 		.ascii	"$!\267\224\025\273\235~\213\222\236q&mFN\264\345v\332"
 200      15BB9D7E 
 200      8B929E71 
 200      266D464E 
 200      B4E576DA 
 201 0315 1667DA56 		.ascii	"\026g\332VJ\373\023;i\211\235\364\2243i\2353\333=v\332"
 201      4AFB133B 
 201      69899DF4 
 201      9433699D 
 201      33DB3D76 
 202 032a 26795A91 		.ascii	"&yZ\221m\215\235\364\2343\351y'\322\";\351IY\033P\312"
 202      6D8D9DF4 
 202      9C33E979 
 202      27D2223B 
 202      E949591B 
 203 0340 6470183E 		.ascii	"dp\030>\211\347?4+\320\021\250>J\252\033\004zp\005\324"
 203      89E73F34 
 203      2BD011A8 
 203      3E4AAA1B 
 203      047A7005 
 204 0355 035E7109 		.ascii	"\003^q\011\371\2416\200\016\200v\200^\200\013\000\027"
 204      F9A13680 
 204      0E807680 
 204      5E800B00 
 204      17
 205 0366 01BA013A 		.ascii	"\001\272\001:\221\037\365,*\266\302.\366\254\274\215"
 205      911FF52C 
 205      2AB6C22E 
 205      F6ACBC8D 
 206 0376 58C789A7 		.ascii	"X\307\211\247Zg7\272\361\210\320(\004\267\023~\204\221"
 206      5A6737BA 
 206      F188D028 
 206      04B7137E 
 206      8491
 207 0388 B5B4F88C 		.ascii	"\265\264\370\214\226\027X\235\226\037\032\332\005\360"
 207      9617589D 
 207      961F1ADA 
 207      05F0
 208 0396 8BE198D8 		.ascii	"\213\341\230\330\002\225V\352\330Rb\005\272\214\264"
 208      029556EA 
 208      D8526205 
 208      BA8CB4
 209 03a5 427C1CDD 		.ascii	"B|\034\335\030\363{<L\275\011\037\333\234\274\006\201"
 209      18F37B3C 
 209      4CBD091F 
 209      DB9CBC06 
 209      81
ARM GAS  C:\Users\Simone\AppData\Local\Temp\cccOLMoc.s 			page 16


 210 03b6 DB301B44 		.ascii	"\3330\033DS\033\330\005\324\203\304>\301\006\375`\203"
 210      531BD805 
 210      D483C43E 
 210      C106FD60 
 210      83
 211 03c7 AB923E8E 		.ascii	"\253\222>\216\367\266\354^\307\\\0148\243+\002\251\214"
 211      F7B6EC5E 
 211      C75C0C38 
 211      A32B02A9 
 211      8C
 212 03d8 79692F33 		.ascii	"yi/3cH/\373\236\350%\250\3638mp\203\007\276\305\274"
 212      63482FFB 
 212      9EE825A8 
 212      F3386D70 
 212      8307BEC5 
 213 03ed BBBFBAF1 		.ascii	"\273\277\272\361\276\032O0$\253rzJ\203\0372\344tI\316"
 213      BE1A4F30 
 213      24AB727A 
 213      4A831F32 
 213      E47449CE 
 214 0401 9F71A492 		.ascii	"\237q\244\222\224\225\203\333+\253\275\221\377\302\205"
 214      949583DB 
 214      2BABBD91 
 214      FFC285
 215 0410 3450C5C2 		.ascii	"4P\305\302<\037\206\0305\210\260d1\311\200\367\323\037"
 215      3C1F8618 
 215      3588B064 
 215      31C980F7 
 215      D31F
 216 0422 900A287A 		.ascii	"\220\012(z\320'\015X\343)<~Y\201\336X\210~\014j\016"
 216      D0270D58 
 216      E3293C7E 
 216      5981DE58 
 216      887E0C6A 
 217 0437 41B74895 		.ascii	"A\267H\225\002\335\000\315\257\263X5\220:\261I\245\021"
 217      02DD00CD 
 217      AFB35835 
 217      903AB149 
 217      A511
 218 0449 A8639F45 		.ascii	"\250c\237E\235\021\227\021\253u0\374\010(#\032~\324"
 218      9D119711 
 218      AB7530FC 
 218      0828231A 
 218      7ED4
 219 045b 6EF8CEC1 		.ascii	"n\370\316\301d\210E\033h\037\320\343\331\365\333\274"
 219      6488451B 
 219      681FD0E3 
 219      D9F5DBBC 
 220 046b 713C43B6 		.ascii	"q<C\266]\350>\250\304\351\014\211\273\\\334\352\216"
 220      5DE83EA8 
 220      C4E90C89 
 220      BB5CDCEA 
 220      8E
 221 047c 77281D96 		.ascii	"w(\035\226\031\037\266\314$\264d\035\303\024\235\247"
 221      191FB6CC 
 221      24B4641D 
 221      C3149DA7 
ARM GAS  C:\Users\Simone\AppData\Local\Temp\cccOLMoc.s 			page 17


 222 048c 412F6570 		.ascii	"A/epr\027\262-\005\216]\233\000e}\204@|\007\264\271"
 222      7217B22D 
 222      058E5D9B 
 222      00657D84 
 222      407C07B4 
 223 04a1 6B5B0712 		.ascii	"k[\007\022\362\023_!\353\3008\2509&\306F\037q\031\260"
 223      F2135F21 
 223      EBC038A8 
 223      3926C646 
 223      1F7119B0 
 224 04b5 76EDFA77 		.ascii	"v\355\372wy\246\367]1\355\213i\371.az\017\230\336\026"
 224      79A6F75D 
 224      31ED8B69 
 224      F92E617A 
 224      0F98DE16 
 225 04c9 998E4B16 		.ascii	"\231\216K\026\027k\336\324Jy\256\017\\q\315,\356\377"
 225      176BDED4 
 225      4A79AE0F 
 225      5C71CD2C 
 225      EEFF
 226 04db 01E13A09 		.ascii	"\001\341:\011\\o\211\\\357\211\\Qoi\327I\214\213\230"
 226      5C6F895C 
 226      EF895C51 
 226      6F69D749 
 226      8C8B98
 227 04ee B5CE7666 		.ascii	"\265\316vf\304x\341J\212p\235\263\033\026\310\313{\350"
 227      C478E14A 
 227      8A709DB3 
 227      1B16C8CB 
 227      7BE8
 228 0500 429EE531 		.ascii	"B\236\3451\317{(\3204H\233\222\2276x\257\267H\213k\230"
 228      CF7B28D0 
 228      34489B92 
 228      973678AF 
 228      B7488B6B 
 229 0515 B4A28173 		.ascii	"\264\242\201s)^t\251z\235\240\3337N>R\342\006&|\177"
 229      295E74A9 
 229      7A9DA0DB 
 229      374E3E52 
 229      E206267C 
 230 052a 7C7F0C96 		.ascii	"|\177\014\226\227>\347J\372\034\225>\013\322\037\313"
 230      973EE74A 
 230      FA1C953E 
 230      0BD21FCB 
 231 053a 4BBF76F3 		.ascii	"K\277v\363\310n%>\315\244\367O\365\037w\247\322\337"
 231      C86E253E 
 231      CDA4F74F 
 231      F51F77A7 
 231      D2DF
 232 054c 22E8FEA6 		.ascii	"\"\350\376\246\376\263^\370<\253\253\035\216\352q\307"
 232      FEB35EF8 
 232      3CABAB1D 
 232      8EEA71C7 
 233 055c 9D0C99BE 		.ascii	"\235\014\231\2769\014#\322\307\220\362\276\023k\240"
 233      390C23D2 
 233      C790F2BE 
 233      136BA0
ARM GAS  C:\Users\Simone\AppData\Local\Temp\cccOLMoc.s 			page 18


 234 056b 919B864C 		.ascii	"\221\233\206L\370i\222\253\240\377\203\327\315\355\347"
 234      F86992AB 
 234      A0FF83D7 
 234      CDEDE7
 235 057a DB54F43D 		.ascii	"\333T\364=y\345Nz\360\360dM\205\033\353\001\377\344"
 235      79E54E7A 
 235      F0F0644D 
 235      851BEB01 
 235      FFE4
 236 058c 32BF91F3 		.ascii	"2\277\221\363\007b\326\211\365\334B\024\303\331\274"
 236      0762D689 
 236      F5DC4214 
 236      C3D9BC
 237 059b 6B30977A 		.ascii	"k0\227z\327\006N\203\2429{7\334D?\3509\220w\330\236"
 237      D7064E83 
 237      A2397B37 
 237      DC443FE8 
 237      399077D8 
 238 05b0 17F55D3F 		.ascii	"\027\365]?O\375f\023\220G\211\344\320\332\236d\310H"
 238      4FFD6613 
 238      904789E4 
 238      D0DA9E64 
 238      C848
 239 05c2 8F95910E 		.ascii	"\217\225\221\016\234w^\034\214C\366\364\245\230\245"
 239      9C775E1C 
 239      8C43F6F4 
 239      A598A5
 240 05d1 2F9B8173 		.ascii	"/\233\201s\244\310y\323\3239\307\311rFI]=s\036x\230"
 240      A4C879D3 
 240      D339C7C9 
 240      7246495D 
 240      3D731E78 
 241 05e6 D9B0A3B8 		.ascii	"\331\260\243\270\315\342\215\3570\244\273\347d\216;"
 241      CDE28DEF 
 241      30A4BBE7 
 241      648E3B
 242 05f5 9E62C8A1 		.ascii	"\236b\310\241\255E\215Z<\307\220\023\373j\177\203\223"
 242      AD458D5A 
 242      3CC79013 
 242      FB6A7F83 
 242      93
 243 0606 55B45C79 		.ascii	"U\264\\y\264d\223\232\016\326\237\011:\0253\276IC\027"
 243      B464939A 
 243      0ED69F09 
 243      3A1533BE 
 243      494317
 244 0619 712DCD12 		.ascii	"q-\315\022\232o^u\307\333\030iU\376\256jF\372!]\374"
 244      9A6F5E75 
 244      C7DB1869 
 244      55FEAE6A 
 244      46FA215D 
 245 062e 376EEBE4 		.ascii	"7n\353\344p\001\253\313j\276\354\215\367\263\362\251"
 245      7001ABCB 
 245      6ABEEC8D 
 245      F7B3F2A9 
 246 063e CDF917DD 		.ascii	"\315\371\027\335p#C\016\216\355JW\341\263\024\341\252"
 246      7023430E 
ARM GAS  C:\Users\Simone\AppData\Local\Temp\cccOLMoc.s 			page 19


 246      8EED4A57 
 246      E1B314E1 
 246      AA
 247 064f 721A33D5 		.ascii	"r\0323\325\202\031,\361\030\241,0A\306s\233 S\336\004"
 247      82192CF1 
 247      18A12C30 
 247      41C6739B 
 247      2053DE04 
 248 0663 31376AD2 		.ascii	"17j\3221ng\362\246\317\015\355q\307=\014I\253\333\236"
 248      316E67F2 
 248      A6CF0DED 
 248      71C73D0C 
 248      49ABDB9E 
 249 0677 C234E629 		.ascii	"\3024\346)>~5\351\221\027\266\262\312\250\233\231\026"
 249      3E7E35E9 
 249      9117B6B2 
 249      CAA89B99 
 249      16
 250 0688 84471972 		.ascii	"\204G\031r}CU\216\022O0$\275$\347\221\033~\310\220\324"
 250      7D43558E 
 250      124F3024 
 250      BD24E791 
 250      1B7EC890 
 251 069d 84AB07B4 		.ascii	"\204\253\007\2648\322\2159\351\315\211\255*\034\313"
 251      38D28D39 
 251      E9CD89AD 
 251      2A1CCB
 252 06ac 90BDA3BD 		.ascii	"\220\275\243\275o\342DZ\3462'\257\237A.3\337\335\234"
 252      6FE2445A 
 252      E63227AF 
 252      9F412E33 
 252      DFDD9C
 253 06bf 7CE66BD9 		.ascii	"|\346k\331\0146\330\0056(\340\236\314bAB\316\225\335"
 253      0C36D805 
 253      3628E09E 
 253      CC624142 
 253      CE95DD
 254 06d2 B990D831 		.ascii	"\271\220\3301q;\"\273RUx'C\346\362\267\324\"\274\233"
 254      713B22BB 
 254      52557827 
 254      43E6F2B7 
 254      D422BC9B 
 255 06e6 21D72A86 		.ascii	"!\327*\206G9|\200!\031\347\342\333\265\270\221!\361"
 255      47397C80 
 255      2119E7E2 
 255      DBB5B891 
 255      21F1
 256 06f8 C7AD1755 		.ascii	"\307\255\027U\370\274\233CT\320\262\250P\334s\351\224"
 256      F8BC9B43 
 256      54D0B2A8 
 256      50DC73E9 
 256      94
 257 0709 3BEE7573 		.ascii	";\356us\230\263Z6gs\254\223\327\324\330\312\352\256"
 257      98B35A36 
 257      6773AC93 
 257      D7D4D8CA 
 257      EAAE
ARM GAS  C:\Users\Simone\AppData\Local\Temp\cccOLMoc.s 			page 20


 258 071b 9E8CBAA4 		.ascii	"\236\214\272\244\304\267\030\022\331P\326\316\010\177"
 258      C4B71812 
 258      D950D6CE 
 258      087F
 259 0729 4EB3C3C6 		.ascii	"N\263\303\306\264IO\374\200\325EG\037iRa\336\335\301"
 259      B4494FFC 
 259      80D54547 
 259      1F695261 
 259      DEDDC1
 260 073c 5BB4D45B 		.ascii	"[\264\324[\336\277z-\177\275-\035\364\327\372-\360'"
 260      DEBF7A2D 
 260      7FBD2D1D 
 260      F4D7FA2D 
 260      F027
 261 074e CF053435 		.ascii	"\317\00545\\\260@\253%%\177\232)\222\227\332\227X\326"
 261      5CB040AB 
 261      25257F9A 
 261      299297DA 
 261      9758D6
 262 0761 A825FF6B 		.ascii	"\250%\377k\375\351\217\344\217\374xF\275\365\207\207"
 262      FDE98FE4 
 262      8FFC7846 
 262      BDF58787 
 263 0771 AAF886F5 		.ascii	"\252\370\206\365\230N\237x\260\333U\356%\271\325\235"
 263      984E9F78 
 263      B0DB55EE 
 263      25B9D59D 
 264 0781 E63B0925 		.ascii	"\346;\011%$\337!\026\256\004\312^N\222\007Tp\216\211"
 264      24DF2116 
 264      AE04CA5E 
 264      4E920754 
 264      708E89
 265 0794 DEF868FD 		.ascii	"\336\370h\375\370\027\2514o8\307i\221\005\350[9\327"
 265      F817A934 
 265      6F38C769 
 265      9105E85B 
 265      39D7
 266 07a6 C95E6546 		.ascii	"\311^eF}\315?f\362\226\343\010\325\003y\322S\025\341"
 266      7DCD3F66 
 266      F296E308 
 266      D50379D2 
 266      5315E1
 267 07b9 AD9B8ACF 		.ascii	"\255\233\212\317\321|\211(\275\345\031J7\017\2532\336"
 267      D17C8928 
 267      BDE5194A 
 267      370FAB32 
 267      DE
 268 07ca A2B1FE11 		.ascii	"\242\261\376\021bJ"
 268      624A
 269 07d0 0BF199A5 		.ascii	"\013\361\231\245h3\366\024m\374\320Q\213W3\304ft\036"
 269      6833F614 
 269      6DFCD051 
 269      8B5733C4 
 269      66741E
 270 07e3 88D2441F 		.ascii	"\210\322D\037j\346\026<\271\2358\013j\212\213?(m\317"
 270      6AE6163C 
 270      B99D380B 
ARM GAS  C:\Users\Simone\AppData\Local\Temp\cccOLMoc.s 			page 21


 270      6A8A8B3F 
 270      286DCF
 271 07f6 9832EAEB 		.ascii	"\2302\352\353\374\0173\243^\007\242|\327\372I3\322B"
 271      FC0F33A3 
 271      5E07A27C 
 271      D7FA4933 
 271      D242
 272 0808 A82EA219 		.ascii	"\250.\242\031)x7\321\222dc\343P>\316A\366\011\320\005"
 272      297837D1 
 272      926463E3 
 272      503ECE41 
 272      F609D005 
 273 081c D006D009 		.ascii	"\320\006\320\0110\000\320\001`\005\250\005\270\001p"
 273      3000D001 
 273      6005A805 
 273      B80170
 274 082b 1AA009E0 		.ascii	"\032\240\011\340\032\300\010\300A\200K\000\243\000\227"
 274      1AC008C0 
 274      41804B00 
 274      A30097
 275 083a 3996D191 		.ascii	"9\226\321\221nV\036:\372\030\223P|\024\204\024\213\013"
 275      6E561E3A 
 275      FA189350 
 275      7C148414 
 275      8B0B
 276 084c 50AFAD97 		.ascii	"P\257\255\227\302x\024|\217\215\007\031\276R \033\342"
 276      C278147C 
 276      8F8D0719 
 276      BE52201B 
 276      E2
 277 085d 64D33E6A 		.ascii	"d\323>j\343\315\205\3041l\224\275O\241\234\336%\245"
 277      E3CD85C4 
 277      316C94BD 
 277      4FA19CDE 
 277      25A5
 278 086f 6C96A7A4 		.ascii	"l\226\247\244\2431Z_\371\007\022\327\273\201&O\034\214"
 278      A3315A5F 
 278      F90712D7 
 278      BB81264F 
 278      1C8C
 279 0881 569B9AB2 		.ascii	"V\233\232\262\251l;\030lH0\336-(\037\343\354\251,O|"
 279      A96C3B18 
 279      6C4830DE 
 279      2D281FE3 
 279      ECA92C4F 
 280 0896 EC47AC4F 		.ascii	"\354G\254O\215@R\342\354\302\347\035\367*|e\302\205"
 280      8D4052E2 
 280      ECC2E71D 
 280      F72A7C65 
 280      C285
 281 08a8 FD3892D2 		.ascii	"\3758\222\322\023\207\330\006\364-\360\334\012\241\262"
 281      1387D806 
 281      F42DF0DC 
 281      0AA1B2
 282 08b7 EE499F24 		.ascii	"\356I\237$\026\023\270\223\321.\222\347.\031v\013\325"
 282      1613B893 
 282      D12E92E7 
ARM GAS  C:\Users\Simone\AppData\Local\Temp\cccOLMoc.s 			page 22


 282      2E19760B 
 282      D5
 283 08c8 DCCE2D9D 		.ascii	"\334\316-\235c\346 \232\337\006\315O\300\260]\340$\211"
 283      63E6209A 
 283      DF06CD4F 
 283      C0B05DE0 
 283      2489
 284 08da F868FDB4 		.ascii	"\370h\375\2640\241\372\300z;\345'\024\323^\352W\311"
 284      30A1FAC0 
 284      7A3BE527 
 284      14D35EEA 
 284      57C9
 285 08ec 20200526 		.ascii	"  \005&'J\025\364'\002\306@\300)\0200!\010\2206\310"
 285      274A15F4 
 285      2702C640 
 285      C0291030 
 285      21089036 
 286 0901 810664CB 		.ascii	"\201\006d\313\201v\010\"H\203\273\320`\030\032\324\000"
 286      81760822 
 286      4883BBD0 
 286      60181AD4 
 286      00
 287 0912 9C111A49 		.ascii	"\234\021\032Ig\303Q\251*=@LF\230\215\230+2\205\204F"
 287      67C351A9 
 287      2A3D404C 
 287      46988D98 
 287      2B328584 
 288 0927 2ADF6E91 		.ascii	"*\337n\221:`\363\024\213\320\350\365\212\020\275\310"
 288      3A60F314 
 288      8BD0E8F5 
 288      8A10BDC8 
 289 0937 9EC4EAEC 		.ascii	"\236\304\352\354z\316\233O\353\303F\0266\210\340\012"
 289      7ACE9B4F 
 289      EBC34616 
 289      3688E00A 
 290 0947 59F793EC 		.ascii	"Y\367\223\354T\343\355>]!\353\323e\322\3001\244=M\002"
 290      54E3ED3E 
 290      5D21EBD3 
 290      65D2C031 
 290      A43D4D02 
 291 095b 07F1AB62 		.ascii	"\007\361\253b\321W\207\244S\012\324-\372\276\020\027"
 291      D15787A4 
 291      530AD42D 
 291      FABE1017 
 292 096b 60AF806E 		.ascii	"`\257\200n:su\336Vg\331\025\270\346L\332\354D\232C\003"
 292      3A7375DE 
 292      5667D915 
 292      B8E64CDA 
 292      EC449A43 
 293 0980 3389367B 		.ascii	"3\2116{\235\375\256\212s \265&\0262\033\220\323\236"
 293      9DFDAE8A 
 293      7320B526 
 293      16321B90 
 293      D39E
 294 0992 5A798B3D 		.ascii	"Zy\213=\021\233\354.q\022\206\341i.!X\243R[J\254ABd"
 294      119BEC2E 
 294      711286E1 
ARM GAS  C:\Users\Simone\AppData\Local\Temp\cccOLMoc.s 			page 23


 294      692E2158 
 294      A3525B4A 
 295 09aa A2688D73 		.ascii	"\242h\215s\234V\361\204\267\331\303^\211\240\313\337"
 295      9C56F184 
 295      B7D9C35E 
 295      89A0CBDF 
 296 09ba 23EC09E6 		.ascii	"#\354\011\346\267\276)\230\377S-\332\357l\247\003\216"
 296      B7BE2998 
 296      FF532DDA 
 296      EF6CA703 
 296      8E
 297 09cb 76B21CA1 		.ascii	"v\262\034\241{\373\233\320\205\355\256\003\270\324\267"
 297      7BFB9BD0 
 297      85EDAE03 
 297      B8D4B7
 298 09da BB1D7CBB 		.ascii	"\273\035|\273\217u6E&H)(7\322\317;\320\317\303\240g"
 298      8F753645 
 298      26482928 
 298      37D2CF3B 
 298      D0CFC3A0 
 299 09ef 35C020C0 		.ascii	"5\300 \300!\200+\000G\000\372%\272[\373\205\365\216"
 299      21802B00 
 299      4700FA25 
 299      BA5BFB85 
 299      F58E
 300 0a01 2CBD85CF 		.ascii	",\275\205\317X\357\352\351zGvR\337\312\255wb|\263<\376"
 300      58EFEAE9 
 300      7A477652 
 300      DFCAAD77 
 300      627CB33C 
 301 0a16 31B024A1 		.ascii	"1\260$\241\255T0\206}\352\22599M\366)q\342\014\310;"
 301      AD543086 
 301      7DEA9539 
 301      394DF629 
 301      71E20CC8 
 302 0a2b A364E6E4 		.ascii	"\243d\346\344R\323\201\221\023\236\265\3649E\357=\034"
 302      52D38191 
 302      139EB5F4 
 302      3945EF3D 
 302      1C
 303 0a3c 968DDE52 		.ascii	"\226\215\336R3\267:\230\371\272\270\356Z\317\025\236"
 303      33B73A98 
 303      F9BAB8EE 
 303      5ACF159E 
 304 0a4c F3E4A1EB 		.ascii	"\363\344\241\353dc5/\327u\236\263\007\353\321\372\021"
 304      6463352F 
 304      D7759EB3 
 304      07EBD1FA 
 304      11
 305 0a5d 4968CF15 		.ascii	"Ih\317\025\"\235\353\320ny\203\205v\222p\224\313\347"
 305      229DEBD0 
 305      6E798385 
 305      76927094 
 305      CBE7
 306 0a6f 3EE20814 		.ascii	">\342\010\024\323\331H&\330>\371\331\310l%\355U\213"
 306      D3D94826 
 306      D83EF9D9 
ARM GAS  C:\Users\Simone\AppData\Local\Temp\cccOLMoc.s 			page 24


 306      C86C25ED 
 306      558B
 307 0a81 43AF6EB2 		.ascii	"C\257n\262^\321\023\225\021z\242B\"\211\343\211\012"
 307      5ED11395 
 307      117AA242 
 307      2289E389 
 307      0A
 308 0a92 4D78EFAA 		.ascii	"Mx\357\252\020\315N\236\254\032O\270P\371Q\024,\237"
 308      10CD4E9E 
 308      AC1A4FB8 
 308      50F95114 
 308      2C9F
 309 0aa4 2DF2D519 		.ascii	"-\362\325\031\365#\257\222\325\025\206G\256z\264~\350"
 309      F523AF92 
 309      D5158647 
 309      AE7AB47E 
 309      E8
 310 0ab5 2372AEDA 		.ascii	"#r\256\332*\333\032\014RD7\177\275OT[\230\354\272?\260"
 310      2ADB1A0C 
 310      5244377F 
 310      BD4F545B 
 310      98ECBA3F 
 311 0aca A58AEC48 		.ascii	"\245\212\354H\262\205\205G.\312@f\333\0209\361\255\327"
 311      B2858547 
 311      2ECA4066 
 311      DB1039F1 
 311      ADD7
 312 0adc F7D2047F 		.ascii	"\367\322\004\177xAI\235L\264\305=\356{\360\377WJF<X"
 312      7841499D 
 312      4CB4C53D 
 312      EE7BF0FF 
 312      574A463C 
 313 0af1 37DBA6C2 		.ascii	"7\333\246\302\345\036\354lv\256y\273\233\357\016\336"
 313      E51EEC6C 
 313      76AE79BB 
 313      9BEF0EDE 
 314 0b01 52393E7F 		.ascii	"R9>\177\241\364\245l2\271\371\307\260\323E\244\025\272"
 314      A1F4A56C 
 314      32B9F9C7 
 314      B0D345A4 
 314      15BA
 315 0b13 6F0F3D0A 		.ascii	"o\017=\012R\246\352\241I\316\027Znh\232\275\351\255"
 315      52A6EAA1 
 315      49CE175A 
 315      6E689ABD 
 315      E9AD
 316 0b25 E48435E8 		.ascii	"\344\2045\350+z1P\333:1\213\\\353\361-\325\343\001'"
 316      2B7A3150 
 316      DB3A318B 
 316      5CEBF12D 
 316      D5E30127 
 317 0b39 2852951F 		.ascii	"(R\225\037\325\205\360\010S\344\354\235\341\033\036"
 317      D585F008 
 317      53E4EC9D 
 317      E11B1E
 318 0b48 54114B2D 		.ascii	"T\021K-\3447|\303\374\374\007\244\001\232\222\2500e"
 318      E4377CC3 
ARM GAS  C:\Users\Simone\AppData\Local\Temp\cccOLMoc.s 			page 25


 318      FCFC07A4 
 318      019A92A8 
 318      3065
 319 0b5a 5361DAA5 		.ascii	"Sa\332\245\012\326\270\201;\234T\005\311\231\265\002"
 319      0AD6B881 
 319      3B9C5405 
 319      C999B502 
 320 0b6a 3DA21A3C 		.ascii	"=\242\032<\264ip\260\262k@\205\247\231\006-\235-\033"
 320      B46970B0 
 320      B26B4085 
 320      A799062D 
 320      9D2D1B
 321 0b7d 8829ACFC 		.ascii	"\210)\254\374x|\347mmF\025\177\334f\012h\206f$z\314"
 321      787CE76D 
 321      6D46157F 
 321      DC660A68 
 321      8666247A 
 322 0b92 D8F4784C 		.ascii	"\330\364xL\365H\251\313\213\362`\233\272\357\322\335"
 322      F548A9CB 
 322      8BF2609B 
 322      BAEFD2DD 
 323 0ba2 CF9E9809 		.ascii	"\317\236\230\011v]\322F\317\3457\364\324\030\360^5\333"
 323      765DD246 
 323      CFE537F4 
 323      D418F05E 
 323      35DB
 324 0bb4 7D1E9BFC 		.ascii	"}\036\233\374\016\256g\345\332\351\352B\035mge\033\224"
 324      0EAE67E5 
 324      DAE9EA42 
 324      1D6D6765 
 324      1B94
 325 0bc6 BA9107EC 		.ascii	"\272\221\007\354`\373\025\272\035\234\235\031\322\341"
 325      60FB15BA 
 325      1D9C9D19 
 325      D2E1
 326 0bd4 538CF6D0 		.ascii	"S\214\366\320\256\203\305^\270\203!)\333\206\253tx\200"
 326      AE83C55E 
 326      B8832129 
 326      DB86AB74 
 326      7880
 327 0be6 219B8A5B 		.ascii	"!\233\212[\006\265\370\246@Vu \207\303\023\014\031\216"
 327      06B5F8A6 
 327      40567520 
 327      87C3130C 
 327      198E
 328 0bf8 CCCBD1E1 		.ascii	"\314\313\321\341)\2064n\035\375\022\317\263r\373@\347"
 328      2986346E 
 328      1DFD12CF 
 328      B372FB40 
 328      E7
 329 0c09 6E2FBC51 		.ascii	"n/\274QC\020\217\235\226-\205\356\310o\001\333\010\331"
 329      43108F9D 
 329      962D85EE 
 329      C86F01DB 
 329      08D9
 330 0c1b E2FC7B42 		.ascii	"\342\374{B\234'\226\335\2041\332\202]\204+\351J\024"
 330      9C2796DD 
ARM GAS  C:\Users\Simone\AppData\Local\Temp\cccOLMoc.s 			page 26


 330      8431DA82 
 330      5D842BE9 
 330      4A14
 331 0c2d 8917A228 		.ascii	"\211\027\242(\014\004\353\205\026$\012\245`\177\224"
 331      0C04EB85 
 331      16240AA5 
 331      607F94
 332 0c3c 88FD5012 		.ascii	"\210\375P\022@\002@<\300f\200d,=\006.\263-\324\261\362"
 332      4002403C 
 332      C0668064 
 332      2C3D062E 
 332      B32DD4B1 
 333 0c51 C2C48D4B 		.ascii	"\302\304\215Ki\031\013\244$_\331\350L\\\347\034\240"
 333      69190BA4 
 333      245FD9E8 
 333      4C5CE71C 
 333      A0
 334 0c62 8BDF1402 		.ascii	"\213\337\024\002t\214@*\037\240\242,{\312l\021g\203"
 334      748C402A 
 334      1FA0A22C 
 334      7BCA6C11 
 334      6783
 335 0c74 3C533194 		.ascii	"<S1\224\327\236\025Cy\2343\261$\005\241\301\247(\236"
 335      D79E1543 
 335      799C33B1 
 335      2405A1C1 
 335      A7289E
 336 0c87 041F2079 		.ascii	"\004\037 y\3428\227;Y4\327\241B\376\013\204%\277\316"
 336      E238973B 
 336      5934D7A1 
 336      42FE0B84 
 336      25BFCE
 337 0c9a EB0859F2 		.ascii	"\353\010Y\362\267\002\267hl_\362I\313'\226|\273\241"
 337      B702B768 
 337      6C5FF249 
 337      CB27967C 
 337      BBA1
 338 0cac 53C1B8CF 		.ascii	"S\301\270\317kh\030\370+\005]\007\2258\231\016<*\236"
 338      6B6818F8 
 338      2B055D07 
 338      9538990E 
 338      3C2A9E
 339 0cbf 3C791BE3 		.ascii	"<y\033\343m\014)\337\327\320\354\211\313\030r\362\302"
 339      6D0C29DF 
 339      D7D0EC89 
 339      CB1872F2 
 339      C2
 340 0cd0 E5123776 		.ascii	"\345\0227v\261\304N-Zj\372\330\031\314K\364\336)\177"
 340      B1C44E2D 
 340      5A6AFAD8 
 340      19CC4BF4 
 340      DE297F
 341 0ce3 70AB1A9F 		.ascii	"p\253\032\237d\264\303\345Q\260Fu0$=5\355\240\032_g"
 341      64B4C3E5 
 341      51B04675 
 341      30243D35 
 341      EDA01A5F 
ARM GAS  C:\Users\Simone\AppData\Local\Temp\cccOLMoc.s 			page 27


 342 0cf8 C850717E 		.ascii	"\310Pq~\213\027\036c\310\271\035\226\375\336\370\001"
 342      8B171E63 
 342      C8B91D96 
 342      FDDEF801 
 343 0d08 45B8B1F2 		.ascii	"E\270\261\362\224\003\266\303'\353\255/=\220\005k\320"
 343      9403B6C3 
 343      27EBAD2F 
 343      3D90056B 
 343      D0
 344 0d19 0EFCBCF7 		.ascii	"\016\374\274\367f\271X\366\336,\277\375\310\001\204"
 344      66B958F6 
 344      DE2CBFFD 
 344      C80184
 345 0d28 E799BCE3 		.ascii	"\347\231\274\343\347k\322\021\215\015\237\332B\303\324"
 345      E76BD211 
 345      8D0D9FDA 
 345      42C3D4
 346 0d37 D1C60937 		.ascii	"\321\306\0117\227\241!\037\223\320\260\023\013\241\241"
 346      97A1211F 
 346      93D0B013 
 346      0BA1A1
 347 0d46 F6EAFD16 		.ascii	"\366\352\375\0265\216\365\244\314JS\0176x:\234[\003"
 347      358EF5A4 
 347      CC4A530F 
 347      36783A9C 
 347      5B03
 348 0d58 B5A4ED2E 		.ascii	"\265\244\355.,^\204q\245\355Ei\236H\353\357\212\034"
 348      2C5E8471 
 348      A5ED4569 
 348      9E48EBEF 
 348      8A1C
 349 0d6a 1582FA62 		.ascii	"\025\202\372b\013j\203\272h\0158\311nxY Z\001hl\256"
 349      0B6A83BA 
 349      680D38C9 
 349      6E785920 
 349      5A01686C 
 350 0d7f 82764EA6 		.ascii	"\202vN\246\036\362\304\311L\235=\326\334\207:\234I\021"
 350      1EF2C4C9 
 350      4C9D3DD6 
 350      DC873A9C 
 350      4911
 351 0d91 CD913B91 		.ascii	"\315\221;\221K\300\207\350\374\325\372\371Sv\315\371"
 351      4BC087E8 
 351      FCD5FAF9 
 351      5376CDF9 
 352 0da1 2F02BB12 		.ascii	"/\002\273\022\360\213,\221]\231\234#e\200#e\022G\332"
 352      F08B2C91 
 352      5D999C23 
 352      65802365 
 352      1247DA
 353 0db4 034A9509 		.ascii	"\003J\225\011\216\264\017\312\245\3408U\000\345\000"
 353      8EB40FCA 
 353      A5E03855 
 353      00E500
 354 0dc3 150095D8 		.ascii	"\025\000\225\330!\017\034_$\304\207\275\240\363v\020"
 354      210F1C5F 
 354      24C487BD 
ARM GAS  C:\Users\Simone\AppData\Local\Temp\cccOLMoc.s 			page 28


 354      A0F37610 
 355 0dd3 528665B7 		.ascii	"R\206e\267\241\262\262\262\005\372\347\221e\275Z\302"
 355      A1B2B2B2 
 355      05FAE791 
 355      65BD5AC2 
 356 0de3 261B7191 		.ascii	"&\033q\221<gA\316\367]\3754m v,\222'\225\354dF[\030"
 356      3C6741CE 
 356      F75DFD34 
 356      6D20762C 
 356      922795EC 
 357 0dfb 63F08F62 		.ascii	"c\360\217bgbI\314\221\016c\011\226\246\030{\261=q\262"
 357      676249CC 
 357      910E6309 
 357      96A6187B 
 357      B13D71B2 
 358 0e0f F451C1C4 		.ascii	"\364Q\301\304\0309\262\306\220\334b]\336L\002B\231L"
 358      1839B2C6 
 358      90DC625D 
 358      DE4C0242 
 358      994C
 359 0e21 404029C7 		.ascii	"@@)\307\233\017r\330B\007\326mj\372p\2467\213\3134*"
 359      9B0F72D8 
 359      4207D66D 
 359      6AFA70A6 
 359      378BCB34 
 360 0e36 5B33CA44 		.ascii	"[3\312DK\354\007)\325\256\272'\273\357\330&\264 F?\014"
 360      4BEC0729 
 360      D5AEBA27 
 360      BBEFD826 
 360      B420463F 
 361 0e4b 463F0486 		.ascii	"F?\004\206>\010P\003p@j\3609\301.\266\316T\273\350\014"
 361      3E085003 
 361      70406AF0 
 361      39C12EB6 
 361      CE54BBE8 
 362 0e60 258E2D73 		.ascii	"%\216-s\034\035\031\235\304\270\371X\302y\273,g1l\316"
 362      1C1D199D 
 362      C4B8F958 
 362      C279BB2C 
 362      67316CCE 
 363 0e74 502B55CB 		.ascii	"P+U\313\205\315\251[\345eJ1l\326\350\272I\330\254\003"
 363      85CDA95B 
 363      E5654A31 
 363      6CD6E8BA 
 363      49D8AC03 
 364 0e88 66E9A2B7 		.ascii	"f\351\242\267W\313y\273\335\030\265`\200g\031\203\034"
 364      57CB79BB 
 364      DD18B560 
 364      80671983 
 364      1C
 365 0e99 3AF68FDE 		.ascii	":\366\217\336W\342R6\353\362\347r+<\360>\2064\\\217"
 365      57E25236 
 365      EBF2E772 
 365      2B3CF03E 
 365      86345C8F 
 366 0ead E9F0C2C7 		.ascii	"\351\360\302\307\031r|\240u\263\232\204\207\350g]k\245"
 366      19727CA0 
ARM GAS  C:\Users\Simone\AppData\Local\Temp\cccOLMoc.s 			page 29


 366      75B39A84 
 366      87E8675D 
 366      6BA5
 367 0ebf D7943E50 		.ascii	"\327\224>P\343\213\264\031\276\320V\320\355\001\003"
 367      E38BB419 
 367      BED056D0 
 367      ED0103
 368 0ece 0CA3BB3E 		.ascii	"\014\243\273>\232d\223K[\331\234j\000\373\034\203\256"
 368      9A64934B 
 368      5BD99C6A 
 368      00FB1C83 
 368      AE
 369 0edf 9C78DA9C 		.ascii	"\234x\332\234r\312\373\217\012\364\244G'\241G\307\261"
 369      72CAFB8F 
 369      0AF4A447 
 369      27A147C7 
 369      B1
 370 0ef0 B89DB49E 		.ascii	"\270\235\264\236\241k\320\0119cv\017\325\224rh\201\374"
 370      A16BD009 
 370      3963760F 
 370      D5947268 
 370      81FC
 371 0f02 AD661330 		.ascii	"\255f\0230r\305\024,\177[\307v\354@qD\264\374\011\233"
 371      72C5142C 
 371      7F5BC776 
 371      EC407144 
 371      B4FC099B 
 372 0f16 E5A1BFF3 		.ascii	"\345\241\277\363\353[\333\020\276\302\314\224\326Vz"
 372      EB5BDB10 
 372      BEC2CC94 
 372      D6567A
 373 0f25 C91D5B19 		.ascii	"\311\035[\031\322\326\325\226\206\360-\206\364\357\276"
 373      D2D6D596 
 373      86F02D86 
 373      F4EFBE
 374 0f34 32AFC48F 		.ascii	"2\257\304\217)\302]\233:}[r3q\225\336j\265\202\177\235"
 374      29C25D9B 
 374      3A7D5B72 
 374      337195DE 
 374      6AB5827F 
 375 0f49 79EE05A2 		.ascii	"y\356\005\242E~\201(\035\336\327\213\361z-\265~EE\317"
 375      457E8128 
 375      1DDED78B 
 375      F17A2DB5 
 375      7E4545CF 
 376 0f5d 7FBBBACE 		.ascii	"\177\273\272\316\205\204R\350u\033p:/\015}\331\023\343"
 376      858452E8 
 376      751B703A 
 376      2F0D7DD9 
 376      13E3
 377 0f6f 425E4E54 		.ascii	"B^NT:\013*\235{\212\027O\277\355A\352\2374\373\2616"
 377      3A0B2A9D 
 377      7B8A174F 
 377      BFED41EA 
 377      9F34FBB1 
 378 0f84 7EC6B6F4 		.ascii	"~\306\266\364[g\335\020\272\010\\\232\305\016\236\303"
 378      5B67DD10 
ARM GAS  C:\Users\Simone\AppData\Local\Temp\cccOLMoc.s 			page 30


 378      BA085C9A 
 378      C50E9EC3 
 379 0f94 4F3BA2BB 		.ascii	"O;\242\273\000Z\311iH\022\372s"
 379      005AC969 
 379      4812FA73 
 380 0fa0 9B37215C 		.ascii	"\2337!\\E\373\210r\023\252\036\262D4\202\240\365\243"
 380      45FB8872 
 380      13AA1EB2 
 380      443482A0 
 380      F5A3
 381 0fb2 49B51A7C 		.ascii	"I\265\032|\200\325m\035\257\351V\343\006\206L\234\315"
 381      80D56D1D 
 381      AFE956E3 
 381      06864C9C 
 381      CD
 382 0fc3 39A9C3CD 		.ascii	"9\251\303\315Z\207{T?v\217\372p\343\246\365\032\212"
 382      5A877B54 
 382      3F768FFA 
 382      70E3A6F5 
 382      1A8A
 383 0fd5 CEDB7E74 		.ascii	"\316\333~t\234\316\304$\357\322\332.\030,\321\374w\""
 383      9CCEC424 
 383      EFD2DA2E 
 383      182CD1FC 
 383      7722
 384 0fe7 F7BE2239 		.ascii	"\367\276\"9z\272\014z\371\011c\320\015\221\277\007\333"
 384      7ABA0C7A 
 384      F90963D0 
 384      0D91BF07 
 384      DB
 385 0ff8 6FBDEED0 		.ascii	"o\275\356\320\317{z\301"
 385      CF7B7AC1 
 386 1000 7E5D628F 		.ascii	"~]b\217\375\304[\257\276\003\315\263*\327\234\373\\"
 386      FDC45BAF 
 386      BE03CDB3 
 386      2AD79CFB 
 386      5C
 387 1011 71EE6B4C 		.ascii	"q\356kL\245_\355\\\001\316\227D\316 \310\316:\363~\357"
 387      A55FED5C 
 387      01CE9744 
 387      CE20C8CE 
 387      3AF37EEF 
 388 1025 E9A728DD 		.ascii	"\351\247(\335\357\212uo\311\324gd+x\025Xw\212\254\257"
 388      EF8A756F 
 388      C9D46764 
 388      2B781558 
 388      778AACAF 
 389 1039 88AC11FF 		.ascii	"\210\254\021\377\2403\321\233&M\015^\004\277\274)9Z"
 389      A033D19B 
 389      264D0D5E 
 389      04BFBC29 
 389      395A
 390 104b 478DDFCD 		.ascii	"G\215\337\315.H\366\036\235b\337\267Pg\354\235\355\350"
 390      2E48F61E 
 390      9D62DFB7 
 390      5067EC9D 
 390      EDE8
ARM GAS  C:\Users\Simone\AppData\Local\Temp\cccOLMoc.s 			page 31


 391 105d F7D648AE 		.ascii	"\367\326H\256\225\240B\342\200\203\2043\270\023\032"
 391      95A042E2 
 391      80838433 
 391      B8131A
 392 106c C094BC7E 		.ascii	"\300\224\274~\276\342\276\327\213IB0\363\315\320QU\254"
 392      BEE2BED7 
 392      8B494230 
 392      F3CDD051 
 392      55AC
 393 107e A0E3354C 		.ascii	"\240\3435L\350\207\360\213\266V\364\006*\356A\273\026"
 393      E887F08B 
 393      B656F406 
 393      2AEE41BB 
 393      16
 394 108f 77B001DD 		.ascii	"w\260\001\335\3339\322\305\322\267\265$\341?Q\321\320"
 394      DB39D2C5 
 394      D2B7B524 
 394      E13F51D1 
 394      D0
 395 10a0 8EA5093F 		.ascii	"\216\245\011?\331\312\026\375\313\241(\032|\310\371"
 395      D9CA16FD 
 395      CBA1281A 
 395      7CC8F9
 396 10af E269E8E1 		.ascii	"\342i\350\341\010\370\227\375dI\262=\267\307\323\014"
 396      08F897FD 
 396      6449B23D 
 396      B7C7D30C 
 397 10bf 9871B360 		.ascii	"\230q\263`\2709r2\312\013-\350\221\014\030q\014\002"
 397      B8397232 
 397      CA0B2DE8 
 397      910C1871 
 397      0C02
 398 10d1 E94D80DB 		.ascii	"\351M\200\333\000\303\000\267\000F\305y\304[[\356*\033"
 398      00C300B7 
 398      0046C579 
 398      C45B5BEE 
 398      2A1B
 399 10e3 32DE226A 		.ascii	"2\336\"j\243\353B[[g\320\015\354\230\361gU|B\226\015"
 399      A3EB425B 
 399      5B67D00D 
 399      EC98F167 
 399      557C4296 
 400 10f8 12E1EB05 		.ascii	"\022\341\353\005Z{$\177\342D\246\242\202\254\304d:\265"
 400      5A7B247F 
 400      E244A6A2 
 400      82ACC464 
 400      3AB5
 401 110a 0BB4F669 		.ascii	"\013\264\366i\323\201\235hwPZ\022\277N9\323\226qN\264"
 401      D3819D68 
 401      77505A12 
 401      BF4E39D3 
 401      96714EB4 
 402 111e 098B8194 		.ascii	"\011\213\201\224\344\346i\002\251=\007w\232\363q\211"
 402      E4E66902 
 402      A93D0777 
 402      9AF37189 
 403 112e 24D88EC8 		.ascii	"$\330\216\310\315\372\335C\025\363b\260u\266\3418\330"
ARM GAS  C:\Users\Simone\AppData\Local\Temp\cccOLMoc.s 			page 32


 403      CDFADD43 
 403      15F362B0 
 403      75B6E138 
 403      D8
 404 113f ED796D68 		.ascii	"\355ymh\273l\361>L\"\360]h5/\236\022\216H\"\360\375"
 404      BB6CF13E 
 404      4C22F05D 
 404      68352F9E 
 404      128E4822 
 405 1155 EC6B168C 		.ascii	"\354k\026\214\007\231#\314>\262\264\343\327\362\310"
 405      079923CC 
 405      3EB2B4E3 
 405      D7F2C8
 406 1164 1637A37E 		.ascii	"\0267\243~\350\327\307v\361\226\330h\236\177\177~\336"
 406      E8D7C776 
 406      F196D868 
 406      9E7F7F7E 
 406      DE
 407 1175 9DF29860 		.ascii	"\235\362\230`\236mWIA\336\020F\350\036~\015\332\337"
 407      9E6D5749 
 407      41DE1046 
 407      E81E7E0D 
 407      DADF
 408 1187 AB49CC66 		.ascii	"\253I\314f\033\326J\312\257\357\330\211^v\365\346C\320"
 408      1BD64ACA 
 408      AFEFD889 
 408      5E76F5E6 
 408      43D0
 409 1199 84F282FB 		.ascii	"\204\362\202\373l\377\212\351\355^\336\025\210\221."
 409      6CFF8AE9 
 409      ED5EDE15 
 409      88912E
 410 11a8 3DFC5B9B 		.ascii	"=\374[\233\207?`\036\336>\236wY'x\270\205\367E\364C"
 410      873F601E 
 410      DE3E9E77 
 410      592778B8 
 410      85F745F4 
 411 11bd 15917C8A 		.ascii	"\025\221|\212:\370\2676\007\217\333\265\243P\205o\260"
 411      3AF8B736 
 411      078FDBB5 
 411      A350856F 
 411      B0
 412 11ce 7EC5D545 		.ascii	"~\305\325E\017x\341I\206d\305\027\354\361\306\217\265"
 412      0F78E149 
 412      8664C517 
 412      ECF1C68F 
 412      B5
 413 11df 0E1F95E9 		.ascii	"\016\037\225\351\330GeY]\327'1\325\220n\314\323\316"
 413      D8476559 
 413      5DD72731 
 413      D5906ECC 
 413      D3CE
 414 11f1 6427AAF0 		.ascii	"d'\252\360z/J\232t-\245]\211\343\275\034b\240/\213\201"
 414      7A2F4A9A 
 414      742DA55D 
 414      89E3BD1C 
 414      62A02F8B 
ARM GAS  C:\Users\Simone\AppData\Local\Temp\cccOLMoc.s 			page 33


 415 1206 DB6E4DEF 		.ascii	"\333nM\357\367\240\350\374<\351\033\267\263\257\355"
 415      F7A0E8FC 
 415      3CE91BB7 
 415      B3AFED
 416 1215 9ADAFEC1 		.ascii	"\232\332\376\301\342\340%z\224\023\245\324\240918\370"
 416      E2E0257A 
 416      9413A5D4 
 416      A0393138 
 416      F8
 417 1226 4AD728C8 		.ascii	"J\327(\310\015TE0\3323\3405\217\211\327D*\375\201\202"
 417      0D544530 
 417      DA33E035 
 417      8F89D744 
 417      2AFD8182 
 418 123a 859A7978 		.ascii	"\205\232yx\311+\351\275\374\276\201;\2335\366\033\377"
 418      C92BE9BD 
 418      FCBE813B 
 418      9B35F61B 
 418      FF
 419 124b C6041AD0 		.ascii	"\306\004\032\320\326\003\343Y\2211\310y\032\347hY\316"
 419      D603E359 
 419      9131C879 
 419      1AE76859 
 419      CE
 420 125c 2863786B 		.ascii	"(cxk\203\016g\260\376\305\347w~\253\306\371\014\311"
 420      830E67B0 
 420      FEC5E777 
 420      7EABC6F9 
 420      0CC9
 421 126e EC4E8205 		.ascii	"\354N\202\005\261\234!\033--\223^\3700C\216e\356\234"
 421      B19C211B 
 421      2D2D935E 
 421      F830438E 
 421      65EE9C
 422 1281 D7E1D35E 		.ascii	"\327\341\323^\016\337\335\351\330ww)\251\355\207T\270"
 422      0EDFDDE9 
 422      D8777729 
 422      A9ED8754 
 422      B8
 423 1292 83D50DA7 		.ascii	"\203\325\015\247\325\276\207\373\275\204\323\205\206"
 423      D5BE87FB 
 423      BD84D385 
 423      86
 424 129f 4A8C6F33 		.ascii	"J\214o3d\367\216l\023~\350\345pS\253c7\265\015\027\232"
 424      64F78E6C 
 424      137EE8E5 
 424      7053AB63 
 424      37B50D17 
 425 12b4 EFB9E318 		.ascii	"\357\271\343\030\035;\013i\252(R\3434\206\244m\330Y"
 425      1D3B0B69 
 425      AA2852E3 
 425      3486A46D 
 425      D859
 426 12c6 ADC23B19 		.ascii	"\255\302;\031\262\267\240xL\207+\030R=V\227\316\341"
 426      B2B7A078 
 426      4C872B18 
 426      523D5697 
ARM GAS  C:\Users\Simone\AppData\Local\Temp\cccOLMoc.s 			page 34


 426      CEE1
 427 12d8 5A86641E 		.ascii	"Z\206d\036\333\012\031\337\031\212\274\3245\273\177"
 427      DB0A19DF 
 427      198ABCD4 
 427      35BB7F
 428 12e7 BB0A2DF0 		.ascii	"\273\012-\360s\372\371\373\371\331g\233Q\201\356\203"
 428      73FAF9FB 
 428      F9D9679B 
 428      5181EE83 
 429 12f7 3D266918 		.ascii	"=&i\030HW\262\231V\010\326*V\372\241m\000E\000\371\000"
 429      4857B299 
 429      5608D62A 
 429      56FAA16D 
 429      004500F9 
 430 130c B9005900 		.ascii	"\271\000Y\000\031\000\231\0009\000\273\001v\002X\000"
 430      19009900 
 430      3900BB01 
 430      76025800 
 431 131c B2010A00 		.ascii	"\262\001\012\000v\000l\007\330\005\220\247\224d\011"
 431      76006C07 
 431      D80590A7 
 431      946409
 432 132b E533355F 		.ascii	"\34535_OD\361[^\246\037\371<\204\241#\342\204\223T\347"
 432      4F44F15B 
 432      5EA61FF9 
 432      3C84A123 
 432      E2849354 
 433 1340 5B929972 		.ascii	"[\222\231r\376\303HL)c\225\016\224,\201\236\301v\322"
 433      FEC3484C 
 433      2963950E 
 433      942C819E 
 433      C176D2
 434 1353 C722E926 		.ascii	"\307\"\351&9\3228\245\235\364\221H\272Q\216\364\015"
 434      39D238A5 
 434      9DF49148 
 434      BA518EF4 
 434      0D
 435 1364 3BE5A641 		.ascii	";\345\246Ar\332M\010\223\034\011\235\257H\342\355\204"
 435      72DA4D08 
 435      931C099D 
 435      AF48E2ED 
 435      84
 436 1375 A9728412 		.ascii	"\251r\204\022\341\263\242\360\315r\302%\275\337bg\232"
 436      E1B3A2F0 
 436      CD72C225 
 436      BDDF6267 
 436      9A
 437 1386 22C754D2 		.ascii	"\"\307T\322\371\207\"\323\015rLEEc\355<\023\344\010"
 437      F98722D3 
 437      0D724C45 
 437      4563ED3C 
 437      13E408
 438 1399 13454533 		.ascii	"\023EE3\354\224i\262\322E=\347E\351\361rL\355'\343Q"
 438      EC9469B2 
 438      D2453DE7 
 438      45E9F172 
 438      4CED27E3 
ARM GAS  C:\Users\Simone\AppData\Local\Temp\cccOLMoc.s 			page 35


 439 13ae 96E94AFE 		.ascii	"\226\351J\376\303(Lgm\214@j\237\234\257;\321n\266+\220"
 439      C3284C67 
 439      6D8C406A 
 439      9F9CAF3B 
 439      D16EB62B 
 440 13c3 2CA78038 		.ascii	",\247\2008J\011v\302\255r\204\022\213\316\211\232n\221"
 440      4A0976C2 
 440      AD728412 
 440      8BCE899A 
 440      6E91
 441 13d5 F527712F 		.ascii	"\365'q/z\033\362S\250\227\373\236\362\356\341e\015\002"
 441      7A1BF253 
 441      A897FB9E 
 441      F2EEE165 
 441      0D02
 442 13e7 974732FE 		.ascii	"\227G2\376;#\256\214cQT\036\004h4-P\312\344\3030_\223"
 442      3B23AE8C 
 442      6351541E 
 442      0468342D 
 442      50CAE4C3 
 443 13fe 734BD3B4 		.ascii	"sK\323\2648\332\233\246\217\007\356\025\246i\244k\241"
 443      38DA9BA6 
 443      8F07EE15 
 443      A669A46B 
 443      A1
 444 140f 6476A252 		.ascii	"dv\242R\230\224\177\257\011\312>\262\014\364@%D\200"
 444      98947FAF 
 444      09CA3EB2 
 444      0CF44025 
 444      4480
 445 1421 D21E5589 		.ascii	"\322\036U\211\035l\253\346\2513\345\265\332\005\202"
 445      1D6CABE6 
 445      A933E5B5 
 445      DA0582
 446 1430 6A1657AA 		.ascii	"j\026W\252)\376\246z\221\017jvf\215\272\343xo\366\351"
 446      29FEA67A 
 446      910F6A76 
 446      668DBAE3 
 446      786FF6E9 
 447 1444 D4FA4B7F 		.ascii	"\324\372K\177y5\335;\207\367\240u\333\243\222\256\222"
 447      7935DD3B 
 447      87F7A075 
 447      DBA392AE 
 447      92
 448 1455 950C56C5 		.ascii	"\225\014V\305P\202'\346\346\314\013x\200ti\323\261\245"
 448      508227E6 
 448      E6CC0B78 
 448      807469D3 
 448      B1A5
 449 1467 ED68C5C5 		.ascii	"\355h\305\305\273:V\035,]\233ulm\036\3379\361\013V\033"
 449      BB3A561D 
 449      2C5D9B75 
 449      6C6D1EDF 
 449      39F10B56 
 450 147c 46D7BEBA 		.ascii	"F\327\276\272\206l\267\245\373\371X\213/\035\307\237"
 450      866CB7A5 
 450      FBF9588B 
ARM GAS  C:\Users\Simone\AppData\Local\Temp\cccOLMoc.s 			page 36


 450      2F1DC79F 
 451 148c 2C4495CA 		.ascii	",D\225\312\205\350\247\013\321^xT\001\354\003\330\017"
 451      85E8A70B 
 451      D15E7854 
 451      01EC03D8 
 451      0F
 452 149d 70802D26 		.ascii	"p\200-&\266\225\337\207\255\374\207s\252\273\325t}<"
 452      B695DF87 
 452      ADFC8773 
 452      AABBD574 
 452      7D3C
 453 14af 41BFD6B1 		.ascii	"A\277\326\261\375\301\200\217\306\341O\023|\330\237"
 453      FDC1808F 
 453      C6E14F13 
 453      7CD89F
 454 14be 26D8BE69 		.ascii	"&\330\276i\367a\337\264\333\276\360\362\021\276\360"
 454      F761DFB4 
 454      DBBEF0F2 
 454      11BEF0
 455 14cd 12966C1F 		.ascii	"\022\226l\037\266d\333\316\036}\330\331\243m\021\362"
 455      B664DBCE 
 455      1E7DD8D9 
 455      A36D11F2 
 456 14dd 618B90ED 		.ascii	"a\213\220\355\310\334\207\035\231g\347v\335\361\242"
 456      C8DC871D 
 456      9967E776 
 456      DDF1A2
 457 14ec E8F7A98D 		.ascii	"\350\367\251\215Rg\367q\024\375\001A\307\254\255\227"
 457      5267F771 
 457      14FD0141 
 457      C7ACAD97 
 458 14fc 3C692FDB 		.ascii	"<i/\3338T\006cH\206\257Z\271\224\016!\371\274\220\014"
 458      38540663 
 458      4886AF5A 
 458      B9940E21 
 458      F9BC900C 
 459 1510 E341E824 		.ascii	"\343A\350$\031\312\032x\222\341<\004\317,\341I\206\365"
 459      19CA1A78 
 459      92E13C04 
 459      CF2CE149 
 459      86F5
 460 1522 303CC9D0 		.ascii	"0<\311\320\326\302\223\014o\035<\311\020\327\303\223"
 460      D6C2930C 
 460      6F1D3CC9 
 460      10D7C393 
 461 1532 0CF31178 		.ascii	"\014\363\021x\222\241>\012\317l\201/\031\362\006\300"
 461      92A13E0A 
 461      CF6C812F 
 461      19F206C0 
 462 1542 C9B01F83 		.ascii	"\311\260\037\203'\031\372\343\360\334%\324\347\261'"
 462      2719FAE3 
 462      F0DC25D4 
 462      E7B127
 463 1551 D1B12B35 		.ascii	"\321\261+5\355\246'\244h\225\226\361\371\013\026\257"
 463      EDA627A4 
 463      689596F1 
 463      F90B16AF 
ARM GAS  C:\Users\Simone\AppData\Local\Temp\cccOLMoc.s 			page 37


 464 1561 529294F3 		.ascii	"R\222\224\363\374\334\007\363\230j\\\316\374U\262\216"
 464      FCDC07F3 
 464      986A5CCE 
 464      FC55B28E 
 465 1571 913715CA 		.ascii	"\2217\025\312Wa\337\255\\\252@'\225$O\213\333\274w\336"
 465      5761DFAD 
 465      5CAA4027 
 465      95244F8B 
 465      DBBC77DE 
 466 1585 DD75E6D5 		.ascii	"\335u\346\325\250\0242\257\037S\221;F\322\263\324\316"
 466      A81432AF 
 466      1F53913B 
 466      46D2B3D4 
 466      CE
 467 1596 89972D60 		.ascii	"\211\227-`)P\223\362E[\033\212\220\021\313\267\336B"
 467      295093F2 
 467      455B1B8A 
 467      9011CBB7 
 467      DE42
 468 15a8 348D72A7 		.ascii	"4\215r\247\231@LM\015\333\351\270\321\341-\030O\367"
 468      99404C4D 
 468      0DDBE9B8 
 468      D1E12D18 
 468      4FF7
 469 15ba 722DBDD9 		.ascii	"r-\275\331&\3754s\245\261\350[en\342\316\206\211\207"
 469      26FD3473 
 469      A5B1E85B 
 469      656EE2CE 
 469      868987
 470 15cd 108D4E91 		.ascii	"\020\215N\2210\215\316P\361\315L\374\031*>\271&q\306"
 470      308DCE50 
 470      F1CD4CFC 
 470      192A3EB9 
 470      2671C6
 471 15e0 CBE138F6 		.ascii	"\313\3418\366\256\303\301\\\213\222\236\267\220'\311"
 471      AEC3C15C 
 471      8B929EB7 
 471      9027C9
 472 15ef 2C66063A 		.ascii	",f\006:\224.\217}[\225\322\273\261cY\205\333\324\270"
 472      942E8F7D 
 472      5B95D2BB 
 472      B1635985 
 472      DBD4B8
 473 1602 904DC0A2 		.ascii	"\220M\300\242+\363}\330w\007\337PY9:;\362f&o\211\342"
 473      2BF37DD8 
 473      7707DF50 
 473      59393A3B 
 473      F266266F 
 474 1618 E760F3FB 		.ascii	"\347`\363\373+\322\010\235U\212\367AP\246S\030\235S"
 474      2BD2089D 
 474      558AF741 
 474      50A65318 
 474      9D53
 475 162a FA9283EF 		.ascii	"\372\222\203\357\216\011^\203{\030\227\335cu#j\306e"
 475      8E095E83 
 475      7B1897DD 
 475      6375236A 
ARM GAS  C:\Users\Simone\AppData\Local\Temp\cccOLMoc.s 			page 38


 475      C665
 476 163c 2CFE0676 		.ascii	",\376\006v\342r^\302\345\274\215K\033\345\022[VY\247"
 476      E2725EC2 
 476      E5BC8D4B 
 476      1BE5125B 
 476      5659A7
 477 164f A627D8E4 		.ascii	"\246'\330\344\257P\330\021\366\345}sw\274]\366\345\""
 477      AF50D811 
 477      F6E57D73 
 477      77BC5DF6 
 477      E522
 478 1661 EDCB05A5 		.ascii	"\355\313\005\245\320\2319k\"\257\306\203L\215\274\321"
 478      D099396B 
 478      22AFC683 
 478      4C8DBCD1 
 479 1671 9E440D9E 		.ascii	"\236D\015\236`\310\330\251\271}*`\215:\250Hx\023\235"
 479      60C8D8A9 
 479      B97D2A60 
 479      8D3AA848 
 479      78139D
 480 1684 DA3089A8 		.ascii	"\3320\211\250\226\343\363\363E\037'Wl\340\351\035\034"
 480      96E3F3F3 
 480      451F2757 
 480      6CE0E91D 
 480      1C
 481 1695 CA6D4852 		.ascii	"\312mHR\022\306\250\335\246)\352\004\001\004e\312^\242"
 481      12C6A8DD 
 481      A629EA04 
 481      010465CA 
 481      5EA2
 482 16a7 CA56F726 		.ascii	"\312V\367&gj\361\376\027\330N\267:\375\021\307\230\215"
 482      676AF1FE 
 482      17D84EB7 
 482      3AFD11C7 
 482      988D
 483 16b9 CED62C2A 		.ascii	"\316\326,*\265_*F\256G\264\327]\222^w\331\030uSF;\332"
 483      B55F2A46 
 483      AE47B4D7 
 483      5D925E77 
 483      D9187553 
 484 16d0 FA4695B8 		.ascii	"\372F\225\270A`\024\335\326\257\262\331\356\236\263"
 484      416014DD 
 484      D6AFB2D9 
 484      EE9EB3
 485 16df ED7A245C 		.ascii	"\355z$\\zl\\z)\227\254\212\262\303\310\301C\266:x\310"
 485      7A6C5C7A 
 485      2997AC8A 
 485      B2C3C8C1 
 485      43B63A78 
 486 16f4 65C1432E 		.ascii	"e\301C.S\017\231\037~\360g\007br\337'\022_\021\210\257"
 486      530F991F 
 486      7EF06707 
 486      6272DF27 
 486      125F1188 
 487 1709 50E26E6B 		.ascii	"P\342nk\324\031\366G%\3364\020vG\345\272\271v\366\253"
 487      D419F647 
 487      25DE3410 
ARM GAS  C:\Users\Simone\AppData\Local\Temp\cccOLMoc.s 			page 39


 487      7647E5BA 
 487      B976F6AB 
 488 171d 3667EF63 		.ascii	"6g\357c\316~b\337\305;\036\316\316n\333\314*P?uv\332"
 488      CE7E62DF 
 488      C53B1ECE 
 488      CE6EDBCC 
 488      2A503F75 
 489 1733 88506FE9 		.ascii	"\210Po\351:\034\255\224R\217<\215\372zJ\3328\306\255"
 489      3A1CAD94 
 489      528F3C8D 
 489      FA7A4ADA 
 489      38C6AD
 490 1746 CC740FA6 		.ascii	"\314t\017\246f2=p'C\2567\225\227\271APi#A\245\316'\215"
 490      66323D70 
 490      2743AE37 
 490      9597B941 
 490      50692341 
 491 175e 8FDA0249 		.ascii	"\217\332\002I\352\374\007\257\"\253\362Et\015\3548\315"
 491      EAFC07AF 
 491      22ABF245 
 491      740DEC38 
 491      CD
 492 176f F94A180F 		.ascii	"\371J\030\017\020k\242\335\010<dP\371\232\302\303\274"
 492      106BA2DD 
 492      083C6450 
 492      F99AC2C3 
 492      BC
 493 1780 CA680808 		.ascii	"\312h\010\010\322\233\335~\373\311\237|?R\250\003W\351"
 493      D29BDD7E 
 493      FBC99F7C 
 493      3F52A803 
 493      57E9
 494 1792 D92BB708 		.ascii	"\331+\267\010}\230a\255\031\036\021F\3037\356\346\010"
 494      7D9861AD 
 494      191E1146 
 494      C337EEE6 
 494      08
 495 17a3 6370B8DE 		.ascii	"cp\270\336\354\261:8\314\374\316\333z\263F\257\267\025"
 495      ECB13A38 
 495      CCFCCEDB 
 495      7AB346AF 
 495      B715
 496 17b5 5704FED3 		.ascii	"W\004\376\323\262\300U\301\313\203M\346\325A\301\341"
 496      B2C055C1 
 496      CB834DE6 
 496      D541C1E1 
 497 17c5 CBCCE1E1 		.ascii	"\313\314\341\341!\246e+\303V\373"
 497      21A6652B 
 497      C356FB
 498 17d0 D2926F80 		.ascii	"\322\222o\2001\324\327\020\272\334\020\024d\010Z\366"
 498      31D4D710 
 498      BADC1014 
 498      64085AF6 
 499 17e0 EEA25FF8 		.ascii	"\356\242_\370\276\375\326\222\367\376\362\3162x\377"
 499      BEFDD692 
 499      F7FEF2CE 
 499      3278FF
ARM GAS  C:\Users\Simone\AppData\Local\Temp\cccOLMoc.s 			page 40


 500 17ef 66587898 		.ascii	"fXx\230\341MC\300\362\340e\301a\201!\253\203\014\313"
 500      E14D43C0 
 500      F2E065C1 
 500      618121AB 
 500      830CCB
 501 1802 42038057 		.ascii	"B\003\200W\230a\231>\310\260\"`u\210Yo^\027a0-Z\245"
 501      9861993E 
 501      C8B02260 
 501      7588596F 
 501      5E176130 
 502 1819 F8EA6F2A 		.ascii	"\370\352o*\306\264\316\264Lo2\007A\037\200\367\373\213"
 502      C6B4CEB4 
 502      4C6F3207 
 502      411F80F7 
 502      FB8B
 503 182b 162D867F 		.ascii	"\026-\206\177\224}\270i\311\322%\213\303M\213\215\346"
 503      947DB869 
 503      C9D2258B 
 503      C34D8B8D 
 503      E6
 504 183c C511E146 		.ascii	"\305\021\341F\263i\361/?\377\343G\177\\\27380<4\"8\304"
 504      B369F12F 
 504      3FFFE347 
 504      7F5CBB38 
 504      303C3422 
 505 1852 60342DFE 		.ascii	"`4-\376\355G\037\001\255M1j\242\340p\367\300\36003X"
 505      ED471F01 
 505      AD4D316A 
 505      A2E070F7 
 505      C0F03033 
 506 1867 CC9334D2 		.ascii	"\314\2234\322\003\337@\363Z\017\243a%\310\327\233\337"
 506      03DF40F3 
 506      5A0FA361 
 506      25C8D79B 
 506      DF
 507 1878 7C2E01AB 		.ascii	"|.\001\253\002\303\215\006\340\310\031\337\345\214\357"
 507      02C38D06 
 507      E0C819DF 
 507      E58CEF
 508 1887 71C6A59C 		.ascii	"q\306\245\234\361g\234\361\347\234\361\027\330\270\344"
 508      F1679CF1 
 508      E79CF117 
 508      D8B8E4
 509 1896 2D80255C 		.ascii	"-\200%\\\210q\311\363\263\322\177\363\263P`\007\015"
 509      8871C9F3 
 509      B3D27FF3 
 509      B3506007 
 509      0D
 510 18a7 DF5145E8 		.ascii	"\337QE\350A\037w2\250k\014Fx\206\207\004\031\214\312"
 510      411F7732 
 510      A86B0C46 
 510      78868704 
 510      198CCA
 511 18ba C0550146 		.ascii	"\300U\001F2\322\001\241\006\017\263\311\034`6\350\315"
 511      32D201A1 
 511      060FB3C9 
 511      1C6036E8 
ARM GAS  C:\Users\Simone\AppData\Local\Temp\cccOLMoc.s 			page 41


 511      CD
 512 18cb EE64607F 		.ascii	"\356d`\177\2567\253\331\020C\011\310i\235\27394<\310"
 512      AE37ABD9 
 512      104309C8 
 512      699DBB39 
 512      343CC8
 513 18de 40F11521 		.ascii	"@\361\025!\001+M\356f\243a\205IO\234\204\024T\241\246"
 513      012B4DEE 
 513      66A36185 
 513      494F9C84 
 513      1454A1A6 
 514 18f2 955029B8 		.ascii	"\225P)\270\0054\027Jn\306\240uP\345aX\033l\016\004\006"
 514      0534174A 
 514      6EC6A075 
 514      50E56158 
 514      1B6C0E04 
 515 1907 6E6BCCE1 		.ascii	"nk\314\341\313\377'\342E\301\367\240\251\301h\010\013"
 515      CBFF27E2 
 515      45C1F7A0 
 515      A9C16808 
 515      0B
 516 1918 04C6AA35 		.ascii	"\004\306\2525f\2631B\013Nh2\204\006D\254\202>x3*\223"
 516      66B33142 
 516      0B4E6832 
 516      840644AC 
 516      823E7833 
 517 192e FE2FAB0D 		.ascii	"\376/\253\015\253\201\344\005\273\207\012\257\334\205"
 517      AB81E405 
 517      BB870AAF 
 517      DC85
 518 193c A72A300C 		.ascii	"\247*0\014\234Ee\322\303\023$\000\203\010\017\240\015"
 518      9C4565D2 
 518      C3132400 
 518      83080FA0 
 518      0D
 519 194d 5D0D83E2 		.ascii	"]\015\203\342\036*\320\206\352\303\327\204A\377\351"
 519      1E2AD086 
 519      EAC3D784 
 519      41FFE9
 520 195c 5BD02C94 		.ascii	"[\320,\2249\371\032s\250ym\204\247\341\033C\23094\300"
 520      39F91A73 
 520      A8796D84 
 520      A7E11B43 
 520      983934C0 
 521 1970 F435D418 		.ascii	"\3645\324\030\326\220\002\216\320\257\326\331\304\205"
 521      D690028E 
 521      D0AFD6D9 
 521      C485
 522 197e 80EBE9CD 		.ascii	"\200\353\351\315\336\022\005\310\033u\204~M@\26098l"
 522      DE1205C8 
 522      1B75847E 
 522      4D40B039 
 522      386C
 523 1990 A526420F 		.ascii	"\245&B\017\335d\312\320\"\2740D\030\302\300\311V\002"
 523      DD64CAD0 
 523      22BC3044 
 523      18C2C0C9 
ARM GAS  C:\Users\Simone\AppData\Local\Temp\cccOLMoc.s 			page 42


 523      5602
 524 19a2 158820F4 		.ascii	"\025\210 \364\032b\254\200\020\3522\3602\002\234\367"
 524      1A62AC80 
 524      10EA32F0 
 524      32029CF7 
 525 19b2 7517432A 		.ascii	"u\027C*8+T\230\002W\005\301H\376\350\231\204 \004\350"
 525      382B5498 
 525      025705C1 
 525      48FEE899 
 525      842004E8 
 526 19c6 DE7836C3 		.ascii	"\336x6\303u&\233\377>\233)\330\022\350\300\362\237\033"
 526      75269BFF 
 526      3E9B29D8 
 526      12E8C0F2 
 526      9F1B
 527 19d8 567E1C6C 		.ascii	"V~\034l4\231\277\244\375w\245\266\311\030\010/\301\365"
 527      3499BFA4 
 527      FD77A5B6 
 527      C918082F 
 527      C1F5
 528 19ea A1B7C675 		.ascii	"\241\267\306u\213\002\025\336\264\345'`i\326\020\006"
 528      8B0215DE 
 528      B4E52760 
 528      69D61006 
 529 19fa F8CB5541 		.ascii	"\370\313UA\237\033B\014\001&\303O\237)>h\035\370gp "
 529      9F1B420C 
 529      0126C34F 
 529      9F293E68 
 529      1DF86770 
 530 1a0f A8E0493C 		.ascii	"\250\340I<\00347\300\224R\333\313Z\302s\2350<^\360Z"
 530      033437C0 
 530      9452DBCB 
 530      5AC2739D 
 530      303C5EF0 
 531 1a24 C4DD8D6C 		.ascii	"\304\335\215l\340\335\214t\216\252\214t\026\030\205"
 531      E0DD8C74 
 531      8EAA8C74 
 531      161885
 532 1a33 596064B3 		.ascii	"Y`d\263@\015oW\033\301\005\315*#i\364\335o\202\215\346"
 532      400D6F57 
 532      1BC105CD 
 532      2A2369F4 
 532      DD6F828D 
 533 1a48 D501217A 		.ascii	"\325\001!zsp(Lw\201\261\0170\226\251\360vx\307\374\323"
 533      7370284C 
 533      7781B10F 
 533      3096A9F0 
 533      7678C7FC 
 534 1a5d E195FB37 		.ascii	"\341\225\3737f\352d\344IB\251\232(\015\025\020L\341"
 534      66EA64E4 
 534      4942A99A 
 534      280D1510 
 534      4CE1
 535 1a6f 4D9021C4 		.ascii	"M\220!\304\034\000\205\025\253\303\002\365\224\206\224"
 535      1C008515 
 535      ABC302F5 
 535      948694
ARM GAS  C:\Users\Simone\AppData\Local\Temp\cccOLMoc.s 			page 43


 536 1a7e DC086D80 		.ascii	"\334\010m\200\321\023\036!\001&3!\207WD\234N\350~\220"
 536      D1131E21 
 536      01263321 
 536      8757449C 
 536      4EE87E90 
 537 1a92 61F9EA95 		.ascii	"a\371\352\225\314\031\245o\324\021\001a\301\201\304"
 537      CC19A56F 
 537      D4110161 
 537      C181C4
 538 1aa1 F770D0F2 		.ascii	"\367p\320\362\225\232\320\000\230\202\324\344/\230C"
 538      959AD000 
 538      9882D4E4 
 538      2F9843
 539 1ab0 F5810121 		.ascii	"\365\201\001!\301\313\215\001\346\340\3600\020e4\323"
 539      C1CB8D01 
 539      E6E0F030 
 539      106534D3 
 540 1ac0 09E316BE 		.ascii	"\011\343\026\276b\205\311`\366\177\346(\230\211\017"
 540      6285C960 
 540      F67FE628 
 540      98890F
 541 1acf 70E6508D 		.ascii	"p\346P\215\311\37450Z\031&\254\006K\337\265\257\006"
 541      C9FC3530 
 541      5A1926AC 
 541      064BDFB5 
 541      AF06
 542 1ae1 A4A80B0E 		.ascii	"\244\250\013\016\0121\010\023\004&\006\027\270\212\214"
 542      0A310813 
 542      04260617 
 542      B88A8C
 543 1af0 48701058 		.ascii	"Hp\020X7xE0\230\003\260\277\032\214\341\344i\012\376"
 543      37784530 
 543      9803B0BF 
 543      1A8CE1E4 
 543      690AFE
 544 1b03 AB81F258 		.ascii	"\253\201\362X\262\324\316\203\026\211\015\301\300\240"
 544      B2D4CE83 
 544      16890DC1 
 544      C0A0
 545 1b11 28294698 		.ascii	"()F\230\215\204\222\014>\261\004){\211\223\220\326\254"
 545      8D84920C 
 545      3EB10429 
 545      7B899390 
 545      D6AC
 546 1b23 D04337E8 		.ascii	"\320C7\350\020k\2042\214\263V(\322\301\266!t\304m\015"
 546      106B8432 
 546      8CB35628 
 546      D2C1B621 
 546      74C46D0D 
 547 1b37 48DCF316 		.ascii	"H\334\363\026\312\320\255\220\340\320`\263\326\216C"
 547      CAD0AD90 
 547      E0D060B3 
 547      D68E43
 548 1b46 C4B32134 		.ascii	"\304\263!4\334\331Z\221X\247\263\2134@\2401\333\252"
 548      DCD95A91 
 548      58A7B38B 
 548      3440A031 
ARM GAS  C:\Users\Simone\AppData\Local\Temp\cccOLMoc.s 			page 44


 548      DBAA
 549 1b58 887ECF9E 		.ascii	"\210~\317\236|\366\251\261\212,\270\302P\222`E\213/"
 549      7CF6A9B1 
 549      8A2CB8C2 
 549      50926045 
 549      8B2F
 550 1b6a 2C328607 		.ascii	",2\206\007\005\230\003\026\331^\000\315\027\353L\377"
 550      05980316 
 550      D95E00CD 
 550      17EB4CFF 
 551 1b7a 161EF8F5 		.ascii	"\026\036\370\365sL\325udJ\253\351\032\024\002-\274\364"
 551      734CD575 
 551      644AABE9 
 551      1A14022D 
 551      BCF4
 552 1b8c 104ACDFA 		.ascii	"\020J\315\372_\375\362\213\337|\366\371\357\274\002"
 552      5FFDF28B 
 552      DF7CF6F9 
 552      EFBC02
 553 1b9b 42D604AC 		.ascii	"B\326\004\2543A`\016\2015\366]9n\340\251\213?\372\343"
 553      3341600E 
 553      8135F65D 
 553      396EE0A9 
 553      8B3FFAE3 
 554 1baf 17BFFB42 		.ascii	"\027\277\373BdJV\222\300\320\217\301/\331\024\004e\376"
 554      644A5692 
 554      C0D08FC1 
 554      2FD91404 
 554      65FE
 555 1bc1 144698B3 		.ascii	"\024F\230\263\245n5-{\350\251\347\352\365^\266\302\242"
 555      A56E352D 
 555      7BE8A9E7 
 555      EAF55EB6 
 555      C2A2
 556 1bd3 A5EFFCEC 		.ascii	"\245\357\374\354\235\377\007]\261|\242"
 556      9DFF075D 
 556      B17CA2
 557              		.text
 558              		.section	.gnu.lto_.symtab.ce138c27,"",%progbits
 559 0000 63685265 		.ascii	"chRegFirstThread\000\000\000\000\000\000\000\000\000"
 559      67466972 
 559      73745468 
 559      72656164 
 559      00000000 
 560 0019 00000074 		.ascii	"\000\000\000t\001\000\000chRegNextThread\000\000\000"
 560      01000063 
 560      68526567 
 560      4E657874 
 560      54687265 
 561 0032 00000000 		.ascii	"\000\000\000\000\000\000\000\000\000x\001\000\000ch"
 561      00000000 
 561      00780100 
 561      006368
 562 0041 5F646562 		.ascii	"_debug\000\000\000\000\000\000\000\000\000\000\000\000"
 562      75670000 
 562      00000000 
 562      00000000 
ARM GAS  C:\Users\Simone\AppData\Local\Temp\cccOLMoc.s 			page 45


 562      0000
 563 0053 44020000 		.ascii	"D\002\000\000ch\000\000\002\000\000\000\000\000\000"
 563      63680000 
 563      02000000 
 563      000000
 564 0062 000000F2 		.ascii	"\000\000\000\362\001\000\000chThdRelease\000\000\002"
 564      01000063 
 564      68546864 
 564      52656C65 
 564      61736500 
 565 0078 00000000 		.ascii	"\000\000\000\000\000\000\000\000\000|\001\000\000"
 565      00000000 
 565      007C0100 
 565      00
 566              		.text
 567              		.section	.gnu.lto_.opts,"",%progbits
 568 0000 272D666E 		.ascii	"'-fno-trapv' '-mcpu=cortex-m4' '-mno-thumb-interwor"
 568      6F2D7472 
 568      61707627 
 568      20272D6D 
 568      6370753D 
 569 0033 6B272027 		.ascii	"k' '-mthumb' '-ggdb' '-O2' '-fomit-frame-pointer' '"
 569      2D6D7468 
 569      756D6227 
 569      20272D67 
 569      67646227 
 570 0066 2D66616C 		.ascii	"-falign-functions=16' '-ffunction-sections' '-fdata"
 570      69676E2D 
 570      66756E63 
 570      74696F6E 
 570      733D3136 
 571 0099 2D736563 		.ascii	"-sections' '-fno-common' '-flto'\000"
 571      74696F6E 
 571      73272027 
 571      2D666E6F 
 571      2D636F6D 
 572              		.text
 573              		.comm	__gnu_lto_v1,1,1
 574              		.comm	__gnu_lto_slim,1,1
 575              		.ident	"GCC: (GNU Tools for ARM Embedded Processors) 4.9.3 20150529 (release) [ARM/embedded-4_9-br
ARM GAS  C:\Users\Simone\AppData\Local\Temp\cccOLMoc.s 			page 46


DEFINED SYMBOLS
                            *ABS*:00000000 chregistry.c
                            *COM*:00000001 __gnu_lto_v1
                            *COM*:00000001 __gnu_lto_slim

NO UNDEFINED SYMBOLS
