ARM GAS  C:\Users\Simone\AppData\Local\Temp\ccYg8Zic.s 			page 1


   1              		.syntax unified
   2              		.cpu cortex-m4
   3              		.fpu softvfp
   4              		.eabi_attribute 20, 1
   5              		.eabi_attribute 21, 1
   6              		.eabi_attribute 23, 3
   7              		.eabi_attribute 24, 1
   8              		.eabi_attribute 25, 1
   9              		.eabi_attribute 26, 1
  10              		.eabi_attribute 30, 2
  11              		.eabi_attribute 34, 1
  12              		.eabi_attribute 18, 4
  13              		.thumb
  14              		.file	"crt1.c"
  15              		.text
  16              	.Ltext0:
  17              		.section	.gnu.lto_.profile.ce13bab0,"",%progbits
  18 0000 789C6366 		.ascii	"x\234cf```a\200\000F\006IQ\000\000\273\0007"
  18      60606061 
  18      80004606 
  18      49510000 
  18      BB0037
  19              		.text
  20              		.section	.gnu.lto_.jmpfuncs.ce13bab0,"",%progbits
  21 0000 789C6366 		.ascii	"x\234cf\300\016\004\2414+\020320010030\260\0009\000"
  21      C00E04A1 
  21      342B1033 
  21      32303031 
  21      30303330 
  22 0018 03080024 		.ascii	"\003\010\000$"
  23              		.text
  24              		.section	.gnu.lto_.inline.ce13bab0,"",%progbits
  25 0000 789C6366 		.ascii	"x\234cf\300\016\342\2414+\003\0033\023#\003\023\220"
  25      C00EE2A1 
  25      342B0303 
  25      33132303 
  25      1390
  26 0012 C9B6401E 		.ascii	"\311\266@\036D10b\2100a\2100\003y\020\021\0260\011\244"
  26      44313062 
  26      88306188 
  26      30037910 
  26      11163009 
  27 0027 445E7102 		.ascii	"D^q\002E\224\332\026\315d\204+c\000\000\376\271\006"
  27      4594DA16 
  27      CD64842B 
  27      630000FE 
  27      B906
  28 0039 9F       		.ascii	"\237"
  29              		.text
  30              		.section	.gnu.lto_.pureconst.ce13bab0,"",%progbits
  31 0000 789C6366 		.ascii	"x\234cf``\340f\200\000V\006\011F\011&\011f\023\026)"
  31      6060E066 
  31      80005606 
  31      09460926 
  31      09661316 
  32 0015 00043A00 		.ascii	"\000\004:\000\264"
  32      B4
ARM GAS  C:\Users\Simone\AppData\Local\Temp\ccYg8Zic.s 			page 2


  33              		.text
  34              		.section	.gnu.lto___core_init.ce13bab0,"",%progbits
  35 0000 789C6366 		.ascii	"x\234cf\300\004R@\\\002\304\366@\314\310\314\300\310"
  35      C0045240 
  35      5C02C4F6 
  35      40CCC8CC 
  35      C0C8
  36 0012 34E11C03 		.ascii	"4\341\034\003C#\007\023##\210\301\300\310P\317\304X"
  36      43230713 
  36      232388C1 
  36      C0C850CF 
  36      C458
  37 0024 CFF892E9 		.ascii	"\317\370\222\351#\023\343\204\003\253gp\253/mhh\370"
  37      2313E384 
  37      03AB6770 
  37      AB2F6D68 
  37      68F8
  38 0036 D07459A2 		.ascii	"\320tY\242U\342'\023\003\303g&\2101\214\313\031\325"
  38      55E22713 
  38      03C36726 
  38      88318CCB 
  38      19D5
  39 0048 19806A3E 		.ascii	"\031\200j>\266\374\275\316\315\326\002T#\000\221c\\"
  39      B6FCBDCE 
  39      CDD60254 
  39      23009163 
  39      5C
  40 0059 C1C8C608 		.ascii	"\301\310\306\010\244\327\013\035h\370\377\177\361\234"
  40      A4D70B1D 
  40      68F8FF7F 
  40      F19C
  41 0067 37975980 		.ascii	"7\227Y\200\302O\200\030d\376S&&\020\315|\217\221\021"
  41      C24F8018 
  41      64FE5326 
  41      2610CD7C 
  41      8F9111
  42 007a A41064D2 		.ascii	"\244\020d\322\023&F\220\020P\201\255\236\236>\020%g"
  42      13264690 
  42      105081AD 
  42      9E9E3E10 
  42      2567
  43 008c 642665E6 		.ascii	"d&e\346\027\033\232\031\352\347\027\353'\347\347\346"
  43      171B9A19 
  43      EAE717EB 
  43      27E7E7E6 
  44 009c E6E7E917 		.ascii	"\346\347\351\027\344\027\225\024\353;\006\371:\373V"
  44      E4179514 
  44      EB3B06F9 
  44      3AFB56
  45 00ab 80C40A32 		.ascii	"\200\304\0122sR\213\212\365\335\235\235\365\223\213"
  45      73528B8A 
  45      F5DD9D9D 
  45      F5938B
  46 00ba 4A0CF592 		.ascii	"J\014\365\222\031\000X\201=]"
  46      19005881 
  46      3D5D
  47              		.text
ARM GAS  C:\Users\Simone\AppData\Local\Temp\ccYg8Zic.s 			page 3


  48              		.section	.gnu.lto___early_init.ce13bab0,"",%progbits
  49 0000 789C6366 		.ascii	"x\234cf\300\004R@\\\004\304\366@\314\310\314\300\310"
  49      C0045240 
  49      5C04C4F6 
  49      40CCC8CC 
  49      C0C8
  50 0012 34E11C03 		.ascii	"4\341\034\003C#\007\023##\210\301\300\310P\317\304X"
  50      43230713 
  50      232388C1 
  50      C0C850CF 
  50      C458
  51 0024 CFF892E9 		.ascii	"\317\370\222\351#\023\343\204\003\253gp\253/mhh\370"
  51      2313E384 
  51      03AB6770 
  51      AB2F6D68 
  51      68F8
  52 0036 B0E9BA44 		.ascii	"\260\351\272D\253\304O&\006\206\317L\020c\030\2273\252"
  52      ABC44F26 
  52      0686CF4C 
  52      10631897 
  52      33AA
  53 0048 3300D57C 		.ascii	"3\000\325|l\371{\235\233\255\005\250F\000\"\307\270"
  53      6CF97B9D 
  53      9BAD05A8 
  53      460022C7 
  53      B8
  54 0059 82918D11 		.ascii	"\202\221\215\021H\257\027:\320\360\377\377\3439\022"
  54      48AF173A 
  54      D0F0FFFF 
  54      E33912
  55 0068 40C12740 		.ascii	"@\301'@\0142\375)\023\023\210f\276\307\310\010R\006"
  55      0C32FD29 
  55      13138866 
  55      BEC7C808 
  55      5206
  56 007a 32E70913 		.ascii	"2\347\011\023#H\010\250\300VOO\037\210\22232\2232\363"
  56      234808A8 
  56      C0564F4F 
  56      1F889233 
  56      329332F3 
  57 008e 8B0DCD0C 		.ascii	"\213\015\315\014\365\363\213\365\223\363ss\363\363\364"
  57      F5F38BF5 
  57      93F37373 
  57      F3F3F4
  58 009d 0BF28B4A 		.ascii	"\013\362\213J\212\365\035\203|\235}+@b\005\2319\251"
  58      8AF51D83 
  58      7C9D7D2B 
  58      40620599 
  58      39A9
  59 00af 45C5FAEE 		.ascii	"E\305\372\356\316\316\372\311E%\206z\311\014\000\245"
  59      CECEFAC9 
  59      4525867A 
  59      C90C00A5 
  60 00bf 6A3C24   		.ascii	"j<$"
  61              		.text
  62              		.section	.gnu.lto___late_init.ce13bab0,"",%progbits
  63 0000 789C6366 		.ascii	"x\234cf\300\004R@\\\004\304\366@\314\310\314\300\310"
ARM GAS  C:\Users\Simone\AppData\Local\Temp\ccYg8Zic.s 			page 4


  63      C0045240 
  63      5C04C4F6 
  63      40CCC8CC 
  63      C0C8
  64 0012 34E11C03 		.ascii	"4\341\034\003C#\007\023##\210\301\300\310P\317\304X"
  64      43230713 
  64      232388C1 
  64      C0C850CF 
  64      C458
  65 0024 CFF892E9 		.ascii	"\317\370\222\351#\023\343\204\003\253gp\253/mhh\370"
  65      2313E384 
  65      03AB6770 
  65      AB2F6D68 
  65      68F8
  66 0036 30E9B644 		.ascii	"0\351\266D\253\304O&\006\206\317L\020c\030\2273\252"
  66      ABC44F26 
  66      0686CF4C 
  66      10631897 
  66      33AA
  67 0048 3300D57C 		.ascii	"3\000\325|l\371{\235\233\255\005\250F\000\"\307\270"
  67      6CF97B9D 
  67      9BAD05A8 
  67      460022C7 
  67      B8
  68 0059 82918D11 		.ascii	"\202\221\215\021H\257\027:\320\360\377\377\3429\022"
  68      48AF173A 
  68      D0F0FFFF 
  68      E23912
  69 0068 40C12740 		.ascii	"@\301'@\0142\375)\023\023\210f\276\307\310\010R\006"
  69      0C32FD29 
  69      13138866 
  69      BEC7C808 
  69      5206
  70 007a 32E70913 		.ascii	"2\347\011\023#H\010\250\300VOO\037\210\22232\2232\363"
  70      234808A8 
  70      C0564F4F 
  70      1F889233 
  70      329332F3 
  71 008e 8B0DCD0C 		.ascii	"\213\015\315\014\365\363\213\365\223\363ss\363\363\364"
  71      F5F38BF5 
  71      93F37373 
  71      F3F3F4
  72 009d 0BF28B4A 		.ascii	"\013\362\213J\212\365\035\203|\235}+@b\005\2319\251"
  72      8AF51D83 
  72      7C9D7D2B 
  72      40620599 
  72      39A9
  73 00af 45C5FAEE 		.ascii	"E\305\372\356\316\316\372\311E%\206z\311\014\000y\212"
  73      CECEFAC9 
  73      4525867A 
  73      C90C0079 
  73      8A
  74 00c0 3BC8     		.ascii	";\310"
  75              		.text
  76              		.section	.gnu.lto___default_exit.ce13bab0,"",%progbits
  77 0000 789C6366 		.ascii	"x\234cf\300\004&@\\\014\304\366@\314\310\312\300\310"
  77      C0042640 
ARM GAS  C:\Users\Simone\AppData\Local\Temp\ccYg8Zic.s 			page 5


  77      5C0CC4F6 
  77      40CCC8CA 
  77      C0C8
  78 0012 34E11C03 		.ascii	"4\341\034\003C#\007\023#3\210\301\310\314\310\002\021"
  78      43230713 
  78      233388C1 
  78      C8CCC802 
  78      11
  79 0023 60810838 		.ascii	"`\201\010822\32431\2630\002\011\210\376\227L\037\231"
  79      3232D433 
  79      31B33002 
  79      0988FE97 
  79      4C1F99
  80 0036 18271C58 		.ascii	"\030'\034X=\203[}iCC\303\207Gw%Z%~210|f\202(`\\\316"
  80      3D835B7D 
  80      694343C3 
  80      87477725 
  80      5A257E32 
  81 0053 A8CE0054 		.ascii	"\250\316\000T\363\261\345\357un\266\026\240\032\001"
  81      F3B1E5EF 
  81      756EB616 
  81      A01A01
  82 0062 881CE30A 		.ascii	"\210\034\343\012F6F \275^\350@\303\377\377\217\347\356"
  82      46364620 
  82      BD5EE840 
  82      C3FFFF8F 
  82      E7EE
  83 0074 B9CF02E4 		.ascii	"\271\317\002\344>\001J1\002I&\240\335O\200\226\000-"
  83      3E014A31 
  83      024926A0 
  83      DD4F8096 
  83      002D
  84 0086 657CC2C4 		.ascii	"e|\302\304\002\245\031\301F\332\352\351\351\003QrFf"
  84      02A519C1 
  84      46DAEAE9 
  84      E9035172 
  84      4666
  85 0098 52667EB1 		.ascii	"Rf~\261\241\231\241~~\261~r~nn~\236~A~QI\261\276c\220"
  85      A199A17E 
  85      7EB17E72 
  85      7E6E6E7E 
  85      9E7E417E 
  86 00b2 AFB36F05 		.ascii	"\257\263o\005H\254 3'\265\250X\337\335\331Y?\271\250"
  86      48AC2033 
  86      27B5A858 
  86      DFDDD959 
  86      3FB9A8
  87 00c5 C4502F99 		.ascii	"\304P/\231\001\000\212D@\210"
  87      01008A44 
  87      4088
  88              		.text
  89              		.section	.gnu.lto___init_ram_areas.ce13bab0,"",%progbits
  90 0000 789C8D54 		.ascii	"x\234\215T\377oSU\024\277\347\336\327\367^\373Z\333"
  90      FF6F5355 
  90      14BFE7DE 
  90      D7F75EFB 
  90      5ADB
ARM GAS  C:\Users\Simone\AppData\Local\Temp\ccYg8Zic.s 			page 6


  91 0012 B1991012 		.ascii	"\261\231\020\022\243\311~\300_\330s\376`\014\211Q2\023"
  91      A3C97EC0 
  91      5FD873FE 
  91      600C8951 
  91      3213
  92 0024 F8057FF0 		.ascii	"\370\005\177\360/P\247\211K\2046\333~0\221eo[\225\260"
  92      2F50A789 
  92      4B8436DB 
  92      7E309165 
  92      6F5B95B0 
  93 0038 C8984448 		.ascii	"\310\230DH\023\003H\374\302\3466\006N\240\335@:\206"
  93      130348FC 
  93      C2E63606 
  93      4EA0DD40 
  93      3A86
  94 004a 74C89C21 		.ascii	"t\310\234!\226\231\250\301\205\214\251\211\232\325*"
  94      9699A8C1 
  94      858CA989 
  94      9AD52A
  95 0059 5DD5A59E 		.ascii	"]\325\245\236sn\027\273\302\214K\367\356=\347\236\373"
  95      736E17BB 
  95      C28C4BF7 
  95      EE3DE79E 
  95      FB
  96 006a 399FF339 		.ascii	"9\237\3639\357\035%\356\376;\212\377\257\231B\354\300"
  96      EF1D25EE 
  96      FE3B8AFF 
  96      AF9942EC 
  96      C0
  97 007b 15820264 		.ascii	"\025\202\002d\377\254\020]\266\004\2457\012|zc\350\315"
  97      FFAC105D 
  97      B604A537 
  97      0A7C7A63 
  97      E8CD
  98 008d A4ED93C6 		.ascii	"\244\355\223\306\233\031!\274\200\031\267\204\0274\301"
  98      9B1921BC 
  98      8019B784 
  98      1734C1
  99 009c 263F587A 		.ascii	"&?Xz\235\264mi\351s?\237\373\245\243\315\000\233\216"
  99      9DB46D69 
  99      E9733F9F 
  99      FBA5A3CD 
  99      009B8E
 100 00af 06DE1600 		.ascii	"\006\336\026\000\240U\200\350\224\312\360\231\226\355"
 100      A05580E8 
 100      94CAF099 
 100      96ED
 101 00bd 7702D069 		.ascii	"w\002\320i(\001\245R\251\223\271\3714E[/?\311\234\204"
 101      2801A552 
 101      A993B9F9 
 101      34455B2F 
 101      3FC99C84 
 102 00d1 FEF450C2 		.ascii	"\376\364P\302\331\374\201\347yK\335\271\215\257o,J!"
 102      D9FC81E7 
 102      794BDDB9 
 102      8DAF6F2C 
 102      4A21
ARM GAS  C:\Users\Simone\AppData\Local\Temp\ccYg8Zic.s 			page 7


 103 00e3 F25207C0 		.ascii	"\362R\007\300\011\330,0ft({\024\324S@\373\324\311\337"
 103      09D82C30 
 103      6674287B 
 103      14D45340 
 103      FBD4C9DF 
 104 00f7 BF707E94 		.ascii	"\277p~\224E\011\017\2219~p:a\222)\0152\277\375pe\237"
 104      45090F91 
 104      397E703A 
 104      6192290D 
 104      32BFFD70 
 105 010d AC3FEE79 		.ascii	"\254?\356y\335\363\275\231\331\2407\355\305\347K\245"
 105      DDF3BD99 
 105      D9A037ED 
 105      C5E74BA5 
 106 011d 078B52C1 		.ascii	"\007\213R\301\000(\304\205A\330\004\037\301\246\262"
 106      0028C485 
 106      41D8041F 
 106      C1A6B2
 107 012c 58782517 		.ascii	"Xx%\027_\371\3321\343H \002CP\257\223\3030\230 \204"
 107      5FF9DA31 
 107      E3482002 
 107      4350AF93 
 107      C3309820 
 108 0141 220FC674 		.ascii	"\"\017\306t\245\367gC\352i&\320\223\354\272\030\324"
 108      A5F76743 
 108      EA6926D0 
 108      93ECBA18 
 108      D4
 109 0152 29F6FF90 		.ascii	")\366\377\220\251Ha\300\310\275R\300I\206X\036\330w"
 109      A94861C0 
 109      C8BD52C0 
 109      4986581E 
 109      D877
 110 0164 41AAED0C 		.ascii	"A\252\355\014\221\371\373\316\215\373\030\342\335\276"
 110      91F9FBCE 
 110      8DFB18E2 
 110      DDBE
 111 0172 136605C0 		.ascii	"\023f\005\300\350=\001NA\375\350\206\264W*\215]\376"
 111      E83D014E 
 111      41FDE886 
 111      B4572A8D 
 111      5DFE
 112 0184 6A6FFD84 		.ascii	"jo\375\204\274\037\004\361\222\014\255\370\334\340\247"
 112      BC1F04F1 
 112      920CADF8 
 112      DCE0A7
 113 0193 CDCF00FB 		.ascii	"\315\317\000\373\035\336\007\005\302\206\360\341\013"
 113      1DDE0705 
 113      C286F0E1 
 113      0B
 114 01a0 B31DE1B3 		.ascii	"\263\035\341\263\032\362\326\262\243\216\241\204X\300"
 114      1AF2D6B2 
 114      A38EA184 
 114      58C0
 115 01ae AAAF0B71 		.ascii	"\252\257\013q[J\\\324\034t\247\017\365=\300*h\005\016"
 115      5B4A5CD4 
 115      1C74A70F 
ARM GAS  C:\Users\Simone\AppData\Local\Temp\ccYg8Zic.s 			page 8


 115      F53DC02A 
 115      68050E
 116 01c1 1FC82655 		.ascii	"\037\310&U\307_^\302\263\213\322\\\221Z\273\357\027"
 116      C75F5EC2 
 116      B38BD25C 
 116      915ABBEF 
 116      17
 117 01d2 BEBC6E93 		.ascii	"\276\274n\223\372&\233\203\007\336N\302\021x\247\253"
 117      FA269B83 
 117      07DE4EC2 
 117      1178A7AB 
 118 01e2 9FA22C38 		.ascii	"\237\242,8\015\035\3601\325\201g\307\026\006\022\016"
 118      0D1DF031 
 118      D58167C7 
 118      1606120E 
 119 01f2 03A47760 		.ascii	"\003\244w`<\214a \326\366\011t\010J\253D\334\242\264"
 119      3C8C6120 
 119      D6F60974 
 119      084AAB44 
 119      DCA2B4
 120 0205 11E65390 		.ascii	"\021\346S\220 \276\201\356\263\271+yU\325\"\244O\274"
 120      20BE81EE 
 120      B3B92B79 
 120      55D522A4 
 120      4FBC
 121 0217 B94378FF 		.ascii	"\271Cx\377\014\230\005\031\250\244\2428\335\231\345"
 121      0C980519 
 121      A8A4A238 
 121      DD99E5
 122 0226 63BF8488 		.ascii	"c\277\204\210\212\347\245\335\242\264\021\021\316\226"
 122      8AE7A5DD 
 122      A2B41111 
 122      CE96
 123 0234 A9FC7AA9 		.ascii	"\251\374z\251\357\317\360\226!/R\224~8\207<~\343\367"
 123      EFCFF096 
 123      212F5294 
 123      7E38873C 
 123      7EE3F7
 124 0247 0D92B045 		.ascii	"\015\222\260E \005\357IB\245D\210\3144\336\312(\235"
 124      2005EF49 
 124      42A54488 
 124      CC34DECA 
 124      289D
 125 0259 C8A9426E 		.ascii	"\310\251Bn\370/\344\024#\003!\217\257A>E\310\216\020"
 125      F82FE414 
 125      2303218F 
 125      AF413E45 
 125      C88E10
 126 026c 8B006B94 		.ascii	"\213\000k\224\235\357\335\273aU\\\230\200\0169`\025"
 126      9DEFDDBB 
 126      61555C98 
 126      800E3960 
 126      15
 127 027d 649D33F3 		.ascii	"d\2353\363\307s(\220!\360\243S\310\346N\357\\\352qM"
 127      C7732890 
 127      21F0A353 
 127      C8E64EEF 
ARM GAS  C:\Users\Simone\AppData\Local\Temp\ccYg8Zic.s 			page 9


 127      5CEA714D 
 128 0291 275459B7 		.ascii	"'TY\267\261\246n(\312@AJ8O\314\340\002\211\215w\017"
 128      B1A66E28 
 128      CA40414A 
 128      384FCCE0 
 128      02898D77 
 129 02a6 1E0FD1CD 		.ascii	"\036\017\321\315\252*,\216U\345\330O1\026\2411\274'"
 129      AA2A2C8E 
 129      55E5D84F 
 129      3116A131 
 129      BC27
 130 02b8 F1C6CDD4 		.ascii	"\361\306\315\324#:U\230\002\350\235\234\003\371o\021"
 130      233A5598 
 130      02E89D9C 
 130      03F96F11 
 131 02c8 611DB598 		.ascii	"a\035\265\230zTGE(ee\024\213\030\341\016\373\004\216"
 131      7A544745 
 131      28656514 
 131      8B18E10E 
 131      FB048E
 132 02db 87728BF9 		.ascii	"\207r\213\371\262\022\332\340\030\251\373=3\346\323"
 132      B212DAE0 
 132      18A9FB3D 
 132      33E6D3
 133 02ea 48C1B5B5 		.ascii	"H\301\265\265\254\257\362EV\231%K\243\3127 >\333\263"
 133      ACAFF245 
 133      5699254B 
 133      A3CA3720 
 133      3EDBB3
 134 02fd BB8C4139 		.ascii	"\273\214A9\004\351,\261\223\352\273\334\036\344b\314"
 134      04E92CB1 
 134      93EABBDC 
 134      1EE462CC 
 135 030d E45F5C04 		.ascii	"\344_\\\004\205\015P?\223#l\234\317\223\276&\275\200"
 135      850D503F 
 135      93236C9C 
 135      CF93BE26 
 135      BD80
 136 031f 188A9994 		.ascii	"\030\212\231\224\017\320a\255\012\276\264\224}O\255"
 136      0FD061AD 
 136      0ABEB494 
 136      7D4FAD
 137 032e 2B9B5196 		.ascii	"+\233Q\226m\022yT\266#\200\276Kx\302\002\315\215\227"
 137      6D127954 
 137      B62380BE 
 137      4B78C202 
 137      CD8D97
 138 0341 65ACA50B 		.ascii	"e\254\245\013w\311X\313\002\331$\020T\010d\260&\247"
 138      77C958CB 
 138      02D92410 
 138      540864B0 
 138      26A7
 139 0353 B3AB9AD4 		.ascii	"\263\253\232\324\374_M\246X\023\252\035.WiRC\260\254"
 139      FC5F4DA6 
 139      5813AA1D 
 139      2E576952 
 139      43B0AC
ARM GAS  C:\Users\Simone\AppData\Local\Temp\ccYg8Zic.s 			page 10


 140 0366 895190B6 		.ascii	"\211Q\220\266\211\235\256\265\206\371\005\363\223\000"
 140      899DAEB5 
 140      86F905F3 
 140      9300
 141 0374 CCF6D656 		.ascii	"\314\366\326V\035[\207\011\020\372\332\255\345|\220"
 141      1D5B8709 
 141      10FADAAD 
 141      E57C90
 142 0383 472C12FB 		.ascii	"G,\022\373\254\202;\177\250u\004?\3233qD\321\027\211"
 142      AC823B7F 
 142      A875043F 
 142      D3337144 
 142      D11789
 143 0396 F6BAC3A2 		.ascii	"\366\272\303\242z:\\\251\230\016\357\037:<\354\243\034"
 143      7A3A5CA9 
 143      980EEF1F 
 143      3A3CECA3 
 143      1C
 144 03a7 8E4DE6D5 		.ascii	"\216M\346\325\251\301saw\304\353\367\322[\261P\310\340"
 144      A9C17361 
 144      77C4EBF7 
 144      D25BB150 
 144      C8E0
 145 03b9 3D98D613 		.ascii	"=\230\326\023\221\246\374Tr\304\257g\311\3034\332\257"
 145      91A6FC54 
 145      72C4AF67 
 145      C9C334DA 
 145      AF
 146 03ca 828BA57E 		.ascii	"\202\213\245~\316\243\204F\231#\306L\270\215-\300Qv"
 146      CEA38446 
 146      9923C64C 
 146      B88D2DC0 
 146      5176
 147 03dc 138777EE 		.ascii	"\023\207w\356\031=-\350\014\320\211\204\236hhp\361\327"
 147      193D2DE8 
 147      0CD08984 
 147      9E686870 
 147      F1D7
 148 03ee FC72CB0B 		.ascii	"\374r\313\013-\321\266\306\307\032\335h\233\333\034"
 148      2DD1B6C6 
 148      C71ADD68 
 148      9BDB1C
 149 03fd DDB52BBA 		.ascii	"\335\265+\272\333\215E[\333\333\334m\317\356l\332\371"
 149      DB8D455B 
 149      DBDBDC6D 
 149      CFEE6CDA 
 149      F9
 150 040e 2AF9622D 		.ascii	"*\371b-\257\274\324\332\346nojr\233[\333\033\033\232"
 150      AFBCD4DA 
 150      E66E6F6A 
 150      729B5BDB 
 150      1B1B9A
 151 0421 856A7D3E 		.ascii	"\205j}>&\333c\020\373\007l\033U\205"
 151      26DB6310 
 151      FB076C1B 
 151      5585
 152              		.text
ARM GAS  C:\Users\Simone\AppData\Local\Temp\ccYg8Zic.s 			page 11


 153              		.section	.gnu.lto_.symbol_nodes.ce13bab0,"",%progbits
 154 0000 789C55CA 		.ascii	"x\234U\312WR\002a\024D\341>\377\314(\212\001\025\023"
 154      57520261 
 154      1444E13E 
 154      FFCC288A 
 154      011513
 155 0013 2AB81397 		.ascii	"*\270\023\227v\315\230E0\007\230\025\261!s\227\017B"
 155      76CD9845 
 155      30079815 
 155      B1217397 
 155      0F42
 156 0025 BF7C55A7 		.ascii	"\277|U\247:\223\264\203\376\226>\024Rg(E\250_V\224>"
 156      3A93B483 
 156      FE963E14 
 156      52672845 
 156      A85F5694 
 157 003a 158C852F 		.ascii	"\025\214\205/E\032\013\337\212\354?\344J\273D>\372("
 157      451A0BDF 
 157      8AEC3FE4 
 157      4ABB443E 
 157      FA28
 158 004c DEA53245 		.ascii	"\336\2452EV\354A-T\354\223\314\001\2319$7G\024\346\230"
 158      56EC412D 
 158      54EC93CC 
 158      01993924 
 158      374714E6 
 159 0061 09D366D2 		.ascii	"\011\323f\322\234P1\247L\2313\246\3159Us\301\214\271"
 159      9C5031A7 
 159      4C9933A6 
 159      CD395573 
 159      C18CB9
 160 0074 64D65C31 		.ascii	"d\326\\1g\256\2317\035j\346\206\005\323e\321\364X2\267"
 160      67AE9937 
 160      1D6AE686 
 160      05D365D1 
 160      F45832B7 
 161 0088 D4CD1DCB 		.ascii	"\324\315\035\313\346\236\025\363\300\252yd\315<\261"
 161      E69E15F3 
 161      C0AA7964 
 161      CD3CB1
 162 0097 6E9E6998 		.ascii	"n\236i\230\0276\314+\233\346\215-\323\247i\006\264L"
 162      1736CC2B 
 162      9BE68D2D 
 162      D3A76906 
 162      B44C
 163 00a9 C9F62FFA 		.ascii	"\311\366/\372\001\034\217BT"
 163      011C8F42 
 163      54
 164              		.text
 165              		.section	.gnu.lto_.refs.ce13bab0,"",%progbits
 166 0000 789C25C1 		.ascii	"x\234%\301[\032\201P\030\000\300\377\233:\024\241(\227"
 166      5B1A8150 
 166      1800C0FF 
 166      9B3A14A1 
 166      2897
 167 0012 90E3B61A 		.ascii	"\220\343\266\032\373\337\217\207f\212\210\370\305L)"
 167      FBDF8F87 
ARM GAS  C:\Users\Simone\AppData\Local\Temp\ccYg8Zic.s 			page 12


 167      668A88F8 
 167      C54C29
 168 0021 91A69C2C 		.ascii	"\221\246\234,,Uj+k\215\215\255\235Vg\357\24078:9\273"
 168      2C556A2B 
 168      6B8D8DAD 
 168      9D5667EF 
 168      A037383A 
 169 0037 185DDDDC 		.ascii	"\030]\335\334M\036\262\247\227\267\217o\374\001}Z\003"
 169      4D1EB2A7 
 169      97B78F6F 
 169      FC017D5A 
 169      03
 170 0048 98       		.ascii	"\230"
 171              		.text
 172              		.section	.gnu.lto_.decls.ce13bab0,"",%progbits
 173 0000 789CAD98 		.ascii	"x\234\255\230{LTW\036\307\347\33433\3008\014F\323G\334"
 173      7B4C5457 
 173      1EC7E7DC 
 173      3333C038 
 173      0C46D347 
 174 0015 A44B3531 		.ascii	"\244K51\373h\265\370\300l\223m\273k6mv\373\332M6\331"
 174      FB68B5F8 
 174      C06C936D 
 174      BB6B366D 
 174      76FBDA4D 
 175 002b A424130A 		.ascii	"\244$\023\012\323-Y\204\026\306l\373G\223Q\224\002*"
 175      D32D5984 
 175      16C66CFB 
 175      47935194 
 175      022A
 176 003d 202AF210 		.ascii	" *\362\020\030@*\225\247\010*\357\367K@TP\241\300\000"
 176      18402A95 
 176      A7082AEF 
 176      F74B4054 
 176      50A1C000 
 177 0051 5645CA20 		.ascii	"VE\312  XPQ\366w\317\371\335\213s/\356\376\263\023\177"
 177      20585051 
 177      F677CFF9 
 177      DD8B732F 
 177      EEFEB313 
 178 0066 9E7BEEFC 		.ascii	"\236{\356\374~\237\357\357\236\357\271wf\240\032\215"
 178      7E9FEFEF 
 178      9EEFB977 
 178      66A01A8D 
 179 0076 A6896834 		.ascii	"\246\211h4K\360z\353\005\215\246\222j4z8\367\261f\371"
 179      4BF07AEB 
 179      058DA692 
 179      6A347A38 
 179      F7B166F9 
 180 008a A5832884 		.ascii	"\245\203(\2048\003Q\012Q\016Q\011\361*\304\373P\353"
 180      3803510A 
 180      510E5109 
 180      F12AC4FB 
 180      50EB
 181 009c 807114E2 		.ascii	"\200q\024\342\026\304\030\304\004\304=\210\031\2109"
 181      16C418C4 
 181      04C43D88 
ARM GAS  C:\Users\Simone\AppData\Local\Temp\ccYg8Zic.s 			page 13


 181      198839
 182 00ab 8887108B 		.ascii	"\210\207\020\213\020K\020\002\344\273A\030 <!VC\274"
 182      104B1002 
 182      E4BB4118 
 182      203C2156 
 182      43BC
 183 00bd 00F132C4 		.ascii	"\000\3612\304/ ^\201\330\000\261\021\342\327\020\257"
 183      2F205E81 
 183      D800B111 
 183      E2D710AF 
 184 00cd 41F8406C 		.ascii	"A\370@l\203\330\001\361&\304\333\020\177\204\370\023"
 184      83D801F1 
 184      26C4DB10 
 184      7F84F813 
 185 00dd C47B44E3 		.ascii	"\304{D\343\362\022\373$\317\364O\360\234\362uf\205\274"
 185      F212FB24 
 185      CFF44FF0 
 185      9CF27566 
 185      85BC
 186 00ef 332BE495 		.ascii	"3+\344\225\256\220W\272B^\371\012y\345+\344\211\353"
 186      AE9057BA 
 186      425EF90A 
 186      79E52BE4 
 186      89EB
 187 0101 66C43C13 		.ascii	"f\304<\023\036\177\000\311-\032\276\236\037\302\361"
 187      1E7F00C9 
 187      2D1ABE9E 
 187      1FC2F1
 188 0110 008CD720 		.ascii	"\000\214\327 >\202\343&\030\377\014\241\205\270\004"
 188      3E82E326 
 188      18FF0CA1 
 188      85B804
 189 011f D1097119 		.ascii	"\321\011q\031\242\0135*q|_\261\0163\002)/\234\353Zu"
 189      A20B352A 
 189      717C5FB1 
 189      0E330229 
 189      2F9CEB5A 
 190 0134 57202683 		.ascii	"W &\203\2678\255HhK\322\303\324h\320\212\323\312\307"
 190      B738AD48 
 190      684BD2C3 
 190      D468D08A 
 190      D3CAC7
 191 0147 377BB52F 		.ascii	"7{\265/\035\263\301+>\302\266ZK>~\221\234\"\353H.Y\007"
 191      1DB3C12B 
 191      3EC2B65A 
 191      4B3E7E91 
 191      9C22EB48 
 192 015e C4EFC94B 		.ascii	"\304\357\311K\360\377'ZN\372!\275\247\305\235\202up"
 192      F0FF275A 
 192      4EFA21BD 
 192      A7C59D82 
 192      7570
 193 0170 9C9D34DA 		.ascii	"\234\2354\332kx\3554\224E\331\352\246\311\262\334\017"
 193      6B78ED34 
 193      9445D9EA 
 193      A6C9B2DC 
 193      0F
ARM GAS  C:\Users\Simone\AppData\Local\Temp\ccYg8Zic.s 			page 14


 194 0181 1151F7BD 		.ascii	"\021Q\367\275\350\013,i\377\245\211\373T+hH>\241\374"
 194      E80B2C69 
 194      FFA589FB 
 194      542B6848 
 194      3EA1FC
 195 0194 DDB8989A 		.ascii	"\335\270\230\232j/\357t\233\335>]Q\034C\223m\366\006"
 195      6A2FEF74 
 195      9BDD3E5D 
 195      511C4393 
 195      6DF606
 196 01a7 DBD3A525 		.ascii	"\333\323\245%\302\244\310iBI\036y\015$\013\210V#N\371"
 196      C2A4C869 
 196      42491E79 
 196      0D240B88 
 196      56234EF9 
 197 01bb 2216126F 		.ascii	"\"\026\022o\250m8|\177\222\320\177<\207\274\307\321"
 197      A86D387C 
 197      7F92D07F 
 197      3C87BCC7 
 197      D1
 198 01cc 9A6E6264 		.ascii	"\232nbd{e\216\276-\276ni\351m\006-\222\241\305\"\264"
 198      7B658EBE 
 198      2DBE6E69 
 198      E96D062D 
 198      92A1C522 
 199 01e1 48829E61 		.ascii	"H\202\236a\320\304\353ic\036\324\362\034h\371\340];"
 199      D0C4EB69 
 199      631ED4F2 
 199      1C68F9E0 
 199      5D3B
 200 01f3 E1D07E17 		.ascii	"\341\320~\027h\211\014=+BK$h)\203\026;b\357\273\321"
 200      68890C3D 
 200      2B424B24 
 200      68298316 
 200      3B62EFBB 
 201 0208 2F19B47F 		.ascii	"/\031\264\177t\274\327\215\332\010\233d$\245\3370\212"
 201      74BCD78D 
 201      DA089B64 
 201      24A5DF30 
 201      8A
 202 0219 0AE72405 		.ascii	"\012\347$\005G\377\321\012\017I\223\234'\314\224\306"
 202      47FFD10A 
 202      0F49939C 
 202      27CC94C6 
 203 0229 C309A382 		.ascii	"\303\011\243\202(\233i\277\347\"[&\313^\020e\313$\331"
 203      289B69BF 
 203      E7225B26 
 203      CB5E1065 
 203      CB24D9
 204 023c 72265B9A 		.ascii	"r&[\232ug\310\215Fs\251\261\310\246\277\212\210b{\324"
 204      7567C88D 
 204      4673A9B1 
 204      C8A6BF8A 
 204      88627BD4 
 205 0250 297D9B4D 		.ascii	")}\233MFTH\010(\253\220\352+Y\375\261\252\023\011\036"
 205      46544808 
 205      28AB90EA 
ARM GAS  C:\Users\Simone\AppData\Local\Temp\ccYg8Zic.s 			page 15


 205      2B59FDB1 
 205      AA13091E 
 206 0264 6CA7D818 		.ascii	"l\247\330\030\242\343\346\302\254\221m\225\325\342\264"
 206      A2E3E6C2 
 206      AC916D95 
 206      D5E2B4
 207 0273 B666A1C5 		.ascii	"\266f\241\305@S8\376`\324H\273\201f\363\311\236\357"
 207      405338FE 
 207      60D448BB 
 207      8166F3C9 
 207      9EEF
 208 0285 2A0FBA41 		.ascii	"*\017\272A\342\253\006vM\303\251\017Oz\260\251\3708"
 208      E2AB0676 
 208      4DC3A90F 
 208      4F7AB0A9 
 208      F838
 209 0297 F1825342 		.ascii	"\361\202SB\333\035[\266\211l4\234\204\0153\355\310\271"
 209      DB1D5BB6 
 209      896C349C 
 209      840D33ED 
 209      C8B9
 210 02a9 F95E84ED 		.ascii	"\371^\204\355\035\322H\014\244Vn\207U\213\257(\233m"
 210      1DD2480C 
 210      A4566E87 
 210      558BAF28 
 210      9B6D
 211 02bb AFB8193D 		.ascii	"\257\270\031=\332L\032y/\222\006\262\0212X.\251\203"
 211      DA4C1A79 
 211      2F9206B2 
 211      1132582E 
 211      A983
 212 02cd 93F57012 		.ascii	"\223\365p\022\300\315\2135\373t\304\260q\345\242\346"
 212      C0CD8B35 
 212      FB74C4B0 
 212      71E5A2E6 
 213 02dd 158A580B 		.ascii	"\025\212X\013\005\321\011/\332lZ\322\004-\324,\267\000"
 213      05D1092F 
 213      DA6C5AD2 
 213      042DD42C 
 213      B700
 214 02ef 1DC91B79 		.ascii	"\035\311\033yj82Og\214Y\346\262\344\345{\243\205\030"
 214      6A38324F 
 214      678C59E6 
 214      B2E4E57B 
 214      A38518
 215 0302 3133BA79 		.ascii	"13\272y\246HKg\370\215q\260\254\376\216\211\332(\233"
 215      A6484B67 
 215      F88D71B0 
 215      ACFE8E89 
 215      DA289B
 216 0315 9CBB9D9C 		.ascii	"\234\273\235\234\244\2431|r\362Xb\276\216-\247\2738"
 216      A4A3317C 
 216      72F25862 
 216      BE8E2DA7 
 216      BB38
 217 0327 B5E7144C 		.ascii	"\265\347\024L\351\3511\366\236\376\\\354\323\024/\262"
 217      E9E931F6 
ARM GAS  C:\Users\Simone\AppData\Local\Temp\ccYg8Zic.s 			page 16


 217      9EFE5CEC 
 217      D3142FB2 
 218 0337 7EFDFAB5 		.ascii	"~\375\372\265\3537\332Ar\272bp\234\210w\007\021uH\033"
 218      EB37DA41 
 218      72BA6270 
 218      9C887707 
 218      1175481B 
 219 034b B4D84DD6 		.ascii	"\264\330M\326._\330\257\304\016N\211}h\304t\373B\211"
 219      2E5FD8AF 
 219      C40E4E89 
 219      7D68C474 
 219      FB4289
 220 035e ED9D7D94 		.ascii	"\355\235}\224\345v(s/\022E\362\344rr\353\212\340\337"
 220      E5762873 
 220      2F1245F2 
 220      E47272EB 
 220      8AE0DF
 221 0371 88A987D9 		.ascii	"\210\251\207\3313\301f{\307\252!U\360v5\303\210\311"
 221      33C1667B 
 221      C7AA2155 
 221      F07635C3 
 221      88C9
 222 0383 B058E40A 		.ascii	"\260X\344\012\254\354%\262\236tB\\\206\350\"\353\331"
 222      ACEC25B2 
 222      9E74425C 
 222      86E822EB 
 222      D9
 223 0394 C23181A9 		.ascii	"\3021\201\251e\201\366\225\273a\012\242\023#\316-\356"
 223      6581F695 
 223      BB610AA2 
 223      1323CE2D 
 223      EE
 224 03a5 628246DA 		.ascii	"b\202F\332\224\362\372O\317\226\216\272\323,\266>BW"
 224      94F2FA4F 
 224      CF968EBA 
 224      D32CB63E 
 224      4257
 225 03b7 FCF81137 		.ascii	"\374\370\0217\262v\343JM\221^\350\345\177\365\305\264"
 225      B276E34A 
 225      4D915EE8 
 225      E57FF5C5 
 225      B4
 226 03c8 1EEA09E9 		.ascii	"\036\352\011\351\201\304\253\313\216\213\322\222bb\331"
 226      81C4ABCB 
 226      8E8BD292 
 226      6262D9
 227 03d7 C5CC556B 		.ascii	"\305\314UkQ\302\376<\011\315\212|\361v\351\310\177\231"
 227      51C2FE3C 
 227      09CD8A7C 
 227      F176E9C8 
 227      7F99
 228 03e9 DF3DCC5F 		.ascii	"\337=\314_\351n2\342\3354\237=2A\330\334M\234\216<\215"
 228      E96E32E2 
 228      DD349F3D 
 228      3241D8DC 
 228      4D9C8E3C 
 229 03fe B77919A2 		.ascii	"\267y\031\242\360\301+n/\343\263\273\253_\334\211\340"
ARM GAS  C:\Users\Simone\AppData\Local\Temp\ccYg8Zic.s 			page 17


 229      F0C12B6E 
 229      2FE3B3BB 
 229      AB5FDC89 
 229      E0
 230 040f 06E963FB 		.ascii	"\006\351c\373\234d$\234\234\361X\023\217\227\357me\327"
 230      9C64249C 
 230      9CF15813 
 230      8F97EF6D 
 230      65D7
 231 0421 711DD26F 		.ascii	"q\035\322o\260\364\037\310\032\251H\314\276\322x\255"
 231      B0F41FC8 
 231      1AA948CC 
 231      BED278AD 
 232 0431 40F76CF6 		.ascii	"@\367l\366\265\377\226\035Q\334\233\343IK\370.M\234"
 232      B5FF961D 
 232      51DC9BE3 
 232      494BF82E 
 232      4D9C
 233 0443 381A61A0 		.ascii	"8\032a\240U|RVT\220L6d\332F\366\216De_4\332\333`\021"
 233      557C5256 
 233      54904C36 
 233      64DA46F6 
 233      8E44655F 
 234 045c 97967EC9 		.ascii	"\227\226~\311\356\204!\276\210\317\364<\304\037'Pw&"
 234      EE8421BE 
 234      88CFF43C 
 234      C41F2750 
 234      7726
 235 046e 29B1DFEB 		.ascii	")\261\337\353\233\307\360\3310R\035\301\267\260\203"
 235      9BC7F0D9 
 235      30521DC1 
 235      B7B083
 236 047d 6C606FC5 		.ascii	"l`o\3058\206\366{\322n\316\257N\351}K\302\367\270\342"
 236      3886F67B 
 236      D26ECEAF 
 236      4EE97D4B 
 236      C2F7B8E2 
 237 0491 4754F811 		.ascii	"GT\370\021\031?\337\374\3508A<<VD\374(\342\313\317\247"
 237      193FDFFC 
 237      E838413C 
 237      3C5644FC 
 237      28E2CBCF 
 238 04a6 CDB9D121 		.ascii	"\315\271\321!\216\277~/\377\266\324~\304\200+\377G\025"
 238      8EBF7E2F 
 238      FFB6D47E 
 238      C4802BFF 
 238      4715
 239 04b8 FF47997F 		.ascii	"\377G\231\177t \306\351&\361_d\374[\310\217,\316\236"
 239      7420C6E9 
 239      26F15F64 
 239      FC5BC88F 
 239      2CCE9E
 240 04cb 375027E7 		.ascii	"7P'\347'=\032\037\246\022? \331\226\271\327f\023\237"
 240      273D1A1F 
 240      A6123F20 
 240      D996B9D7 
 240      66139F
ARM GAS  C:\Users\Simone\AppData\Local\Temp\ccYg8Zic.s 			page 18


 241 04de B34CE08E 		.ascii	"\263L\340\216J\340\216,pm:w\214\242@\343+L`\014\005"
 241      4AE08E2C 
 241      706D3A77 
 241      8CA240E3 
 241      2B4C600C 
 242 04f3 F2E623A2 		.ascii	"\362\346#\242=|KmQvo\346\232\270\331\206\3117l\303\335"
 242      3D7C4B6D 
 242      51766FE6 
 242      9AB8D986 
 242      C9376CC3 
 243 0508 8451DC74 		.ascii	"\204Q\334t\267a\204\215G\356\222o\304\222\266\326\354"
 243      B761848D 
 243      47EE926F 
 243      C492B6D6 
 243      EC
 244 0519 075E7491 		.ascii	"\007^t\221\3674\271\317\231k\344=\035PZ\366\223\252"
 244      F734B9CF 
 244      996BE43D 
 244      1D505AF6 
 244      93AA
 245 052b A59FE496 		.ascii	"\245\237\344\226\256L\336\016\344\035\325\242c\023\330"
 245      AE4CDE0E 
 245      E41DD5A2 
 245      6313D8
 246 053a 514B4FDF 		.ascii	"QKO\337\230;\215\3232\374\360pC#\225\360\012\313&U\370"
 246      983B8DD3 
 246      32FCF070 
 246      432395F0 
 246      0ACB2655 
 247 054f 49195FE3 		.ascii	"I\031_\343\270\325\213W\\\213\226\335C\376@[\304\003"
 247      B8D58B57 
 247      5C8B96DD 
 247      43FE405B 
 247      C403
 248 0561 0F9AC6F9 		.ascii	"\017\232\306\371\275\003\0219:\344+-\233V\361\247e\376"
 248      BD031139 
 248      3AE42B2D 
 248      9B56F1A7 
 248      65FE
 249 0573 DCB74B83 		.ascii	"\334\267K\203D\342s\313f\220\237\345X\312\366\242\371"
 249      44E273CB 
 249      66909FE5 
 249      58CAF6A2 
 249      F9
 250 0584 9C7FF4D0 		.ascii	"\234\177\364\320\375\323z\211\257\264lV%0+\013T\024"
 250      FDD37A89 
 250      AFB46C56 
 250      25302B0B 
 250      5414
 251 0596 279F37A1 		.ascii	"'\2377\241\000Z6\207\002s\243\255\223\356\012\313\234"
 251      005A3687 
 251      0273A3AD 
 251      93EE0ACB 
 251      9C
 252 05a7 68D9145A 		.ascii	"h\331\024Zv\037-{\300-K\271q{\216\262\207\205\300\356"
 252      761F2D7B 
 252      C02D4BB9 
ARM GAS  C:\Users\Simone\AppData\Local\Temp\ccYg8Zic.s 			page 19


 252      717B8EB2 
 252      8785C0EE 
 253 05bb B3AEAC87 		.ascii	"\263\256\254\207ZZ\305[<\264\330Pb\340-\306*\035\\P"
 253      5A5AC55B 
 253      3CB4D850 
 253      62E02DC6 
 253      2A1D5C50 
 254 05cf 75B82077 		.ascii	"u\270 w\030_\023[b\344\035^D\013\037b\207\0259\223\375"
 254      185F135B 
 254      62E41D5E 
 254      440B1F62 
 254      87153993 
 255 05e4 3ADACDF9 		.ascii	":\332\315\371e\207\027\312t\022_a\341c\025\377\261\314"
 255      658717CA 
 255      74125F61 
 255      E16315FF 
 255      B1CC
 256 05f6 9FBD9574 		.ascii	"\237\275\225tC@>Z\270\210\374C\015Ug=\350\020\3477\347"
 256      43403E5A 
 256      B888FC43 
 256      0D55673D 
 256      E810E737 
 257 060b 75DEC525 		.ascii	"u\336\305%\216UZ\370T\305\177*\363\007\023b\226\244"
 257      8E555AF8 
 257      54C57F2A 
 257      F3071362 
 257      96A4
 258 061d FED1C225 		.ascii	"\376\321\302%\344\347\347\327e\013\324\311\371\367\222"
 258      E4E7E7D7 
 258      650BD4C9 
 258      F9F792
 259 062c CA2BA9C4 		.ascii	"\312+\251\304WZ\270GP\012\300\031\024p\234\310\215C"
 259      575AB847 
 259      500AC019 
 259      14709CC8 
 259      8D43
 260 063e 0B2FA285 		.ascii	"\013/\242\205{\005.\320\275\360hZ\253\260\360\021Z\370"
 260      7B052ED0 
 260      BDF0685A 
 260      ABB0F011 
 260      5AF8
 261 0650 042DB409 		.ascii	"\004-\264\011\334\302\010\201Y\030[xr\326\213YH\305"
 261      DCC20881 
 261      59185B78 
 261      72D68B59 
 261      48C5
 262 0662 E9D08DF1 		.ascii	"\351\320\215\361+nt\221\267x\353\301\003\\\201d\245"
 262      2B6E7491 
 262      B778EBC1 
 262      035C8164 
 262      A5
 263 0673 8391AA06 		.ascii	"\203\221\252\006#\345\006#\257\246W\342&\356B\007\277"
 263      23E50623 
 263      AFA657E2 
 263      26EE4207 
 263      BF
 264 0684 C50687F2 		.ascii	"\305\006\207\362c\313\004\032\247c\370\302\362\341\013"
ARM GAS  C:\Users\Simone\AppData\Local\Temp\ccYg8Zic.s 			page 20


 264      63CB041A 
 264      A763F8C2 
 264      F2E10B
 265 0693 3A89AF70 		.ascii	":\211\257p0Z\305\217\226\371\335\007\"S\361\271\326"
 265      305AC58F 
 265      96F9DD07 
 265      2253F1B9 
 265      D6
 266 06a4 850EC620 		.ascii	"\205\016\306 \277h$?\325\223\246q~B\345\276\015\210"
 266      BF68243F 
 266      D593A671 
 266      7E42E5BE 
 266      0D88
 267 06b6 571A7850 		.ascii	"W\032xP\205?(\343[\262\343zd<7\360\020\342\367-\216"
 267      853F28E3 
 267      5BB2E37A 
 267      643C37F0 
 267      10E2F72D 
 268 06cb 0C519ACF 		.ascii	"\014Q\232\317\361\343\025Wn\012\022_i`\234J N\026\230"
 268      F1E31557 
 268      6E0A125F 
 268      69609C4A 
 268      204E1698 
 269 06df 1F7FF2BD 		.ascii	"\037\177\362\275;\012\240\201\361(\220\331\333\330\244"
 269      3B0AA081 
 269      F12890D9 
 269      DBD8A4
 270 06ee 34304AE0 		.ascii	"40J\340\006\036\020\270\201\261h\340an\240\364K\310"
 270      061E10B8 
 270      81B168E0 
 270      616EA0F4 
 270      4BC8
 271 0700 C47F09B5 		.ascii	"\304\177\011\265T?h\021h\025o\261\275\255?}\025o\361"
 271      543F6811 
 271      68156FB1 
 271      BDAD3F7D 
 271      156FF1
 272 0713 84D2C1A3 		.ascii	"\204\322\301\243\252\016\217\312\035\0265;Gt\274\303"
 272      AA0E8FCA 
 272      1D16353B 
 272      4774BCC3 
 273 0723 3E74F018 		.ascii	">t\360\030v\230S\334R'\320n\316\257M|\322\356)\361\025"
 273      769853DC 
 273      5227D06E 
 273      CEAF4D7C 
 273      D2EE29F1 
 274 0738 0E1E57F1 		.ascii	"\016\036W\361\217\313\374\216\252\336D=\362\321\301"
 274      8FCBFC8E 
 274      AADE443D 
 274      F2D1C1
 275 0747 24E4E78E 		.ascii	"$\344\347\216\306Ti\351\020\347O\355\271\177\036\237"
 275      C65469E9 
 275      10E74FED 
 275      B97F1E9F 
 276 0757 21279416 		.ascii	"!'\224\026\246\250\370)2\277&\275GZ\341>\2640\025\371"
 276      A6A8F829 
 276      32BF26BD 
ARM GAS  C:\Users\Simone\AppData\Local\Temp\ccYg8Zic.s 			page 21


 276      475AE13E 
 276      B43015F9 
 277 076b A712320A 		.ascii	"\247\0222\012VQ'\347g\345U\034!\022_ia\232J M\026\270"
 277      565127E7 
 277      67E5551C 
 277      21125F69 
 277      619A4A20 
 278 0782 F9F0DC65 		.ascii	"\371\360\334eO\024@\013\323Q \373\320H\212\240\2600"
 278      4F14400B 
 278      D35120FB 
 278      D0488AA0 
 278      B030
 279 0794 112D4C46 		.ascii	"\021-LF\013O\240\205\031\334BgOj\205\221Y\250\023\247"
 279      0B4FA085 
 279      19DC4267 
 279      4F6A8591 
 279      59A813A7 
 280 07a8 079226FA 		.ascii	"\007\222&\372V\321E\336\242\263\240\261\337\215\267"
 280      56D145DE 
 280      A2B3A0B1 
 280      DF8DB7
 281 07b7 98A1B430 		.ascii	"\230\241\2640K\325a\226\334a}Ba\033~w\031@\013\263\261"
 281      4BD56196 
 281      DC617D42 
 281      611B7E77 
 281      19400BB3 
 282 07cc C3D9C192 		.ascii	"\303\331\301\222"
 283 07d0 091D8DD3 		.ascii	"\011\035\215\3233~IV\362\024\225\370\012\013sT\374\234"
 283      337E4956 
 283      F21495F8 
 283      0A0B7354 
 283      FC9C
 284 07e2 E54D7CF1 		.ascii	"\345M|\361H\016Z8\200\026~\207\374\237\027\035\321\360"
 284      480E5A38 
 284      80167E87 
 284      FC9F171D 
 284      D1F0
 285 07f4 49C8F9CE 		.ascii	"I\310\371\316\323\035\323ha\206\322\302\\\025?W\346"
 285      D31DD368 
 285      6186D2C2 
 285      5C153F57 
 285      E6
 286 0805 97DC4C7D 		.ascii	"\227\334L}h\222\370\334\302\357\221\357\354\370\361"
 286      6892F8DC 
 286      C2EF91EF 
 286      ECF8F1
 287 0814 B007CDE7 		.ascii	"\260\007\315\347|\373|\372\021A\342+-\314S\011\344\311"
 287      7CFB7CFA 
 287      1141E22B 
 287      2DCC5309 
 287      E4C9
 288 0826 02EDC3D1 		.ascii	"\002\355\303\321\327\361\243|\000-\314G\201\312\352"
 288      D7F1A37C 
 288      002DCC47 
 288      81CAEA
 289 0835 D6799DC2 		.ascii	"\326y\235\302\302\223h\341)\264\3604ZX\300-L\330\177"
 289      C29368E1 
ARM GAS  C:\Users\Simone\AppData\Local\Temp\ccYg8Zic.s 			page 22


 289      29B4F034 
 289      5A58C02D 
 289      4CD87F
 290 0848 E1828959 		.ascii	"\341\202\211Y\250\027\247\235)=\263\236\264\212\267"
 290      A817A79D 
 290      293DB39E 
 290      B48AB7
 291 0857 18772C2A 		.ascii	"\030w,*\301\235\267xZia\261\252\303b\271\303\332\316"
 291      C19DB778 
 291      5A6961B1 
 291      AAC362B9 
 291      C3DACE
 292 086a B672ECD0 		.ascii	"\266r\354\320\201\026\236\301\016\367\366\325F\300'"
 292      81169EC1 
 292      0EF7F6D5 
 292      46C027
 293 0879 21E76716 		.ascii	"!\347g\026V\357\367\224\370\012\013\317\252\370ge\376"
 293      56EFF794 
 293      F80A0BCF 
 293      AAF86765 
 293      FE
 294 088a 7446E751 		.ascii	"tF\347Q|N;\320\302R\344\237<\233\332\256\247C\234?V"
 294      7C4E3BD0 
 294      C252E49F 
 294      3C9BDAAE 
 294      A7439C3F 
 295 089f 9EF717C4 		.ascii	"\236\367\027\304+\035<\247\302\237\223\361\027:\353"
 295      2B1D3CA7 
 295      C29F93F1 
 295      173AEB
 296 08ae 5B643C77 		.ascii	"[d<w\360<\342\247\272.?q\243N\216\277\025Y\326!H|\245"
 296      F03CE2A7 
 296      BA2E3F71 
 296      A34E8EBF 
 296      1559D621 
 297 08c5 83E52A81 		.ascii	"\203\345*\201rY\240\353\336b<nq\007:X\201\002I\263W"
 297      7259A0EB 
 297      DE623C6E 
 297      71073A58 
 297      810249B3 
 298 08da 9F9A140E 		.ascii	"\237\232\024\016\226\240\203e\350\340\005t\260\222;"
 298      96A08365 
 298      E8E00574 
 298      B0923B
 299 08e9 28FDB031 		.ascii	"(\375\2601\361\0376\271I7\012\005\272\310[\314\273z"
 299      F11F36B9 
 299      49370A05 
 299      BAC85BCC 
 299      BB7A
 300 08fb A502BF8D 		.ascii	"\245\002\277\215\026(\035\254QuX#w\350\254\312qb\207"
 300      16281DAC 
 300      51755823 
 300      77E8ACCA 
 300      716287
 301 090e E3E8602D 		.ascii	"\343\350`-v\030\323\335Q\011_G\335\030\277/~\366\274"
 301      7618D3DD 
 301      51095F47 
ARM GAS  C:\Users\Simone\AppData\Local\Temp\ccYg8Zic.s 			page 23


 301      DD18BF2F 
 301      7EF6BC
 302 0921 49E22B1C 		.ascii	"I\342+\034\254W\361\353e\376\334\275\274s\270C\306\321"
 302      AC57F1EB 
 302      65FEDCBD 
 302      BC73B843 
 302      C6D1
 303 0933 C106E926 		.ascii	"\301\006\351&\317w~Ki\032\347\227V\327\327i\221\257"
 303      CF777E4B 
 303      691AE797 
 303      56D7D769 
 303      91AF
 304 0945 B4B049C5 		.ascii	"\264\260I\305o\222\371\327\273K\256\353%>\267\260\031"
 304      6F92F9D7 
 304      BB4BAEEB 
 304      253EB7B0 
 304      19
 305 0956 F9F6DAEA 		.ascii	"\371\366\332\352F#\315\347\374\211\306\211x\275\304"
 305      4623CDE7 
 305      FC89C689 
 305      78BDC4
 306 0965 575AD8AA 		.ascii	"WZ\330\252\022h\225\005\236,\014\326J\027\200\026\266"
 306      12689505 
 306      9E2C0CD6 
 306      4A178016 
 306      B6
 307 0976 A1C04CD2 		.ascii	"\241\300L\322\361q7\205\205uha#Z\330\202\026\266s\013"
 307      F1713785 
 307      85756861 
 307      235AD882 
 307      16B6730B 
 308 098a DB8ACEB4 		.ascii	"\333\212\316\264p\327\353\010\031 k\340\3679\031'\276"
 308      70D7EB08 
 308      19206BE0 
 308      F7391927 
 308      BE
 309 099b E4B7EBC8 		.ascii	"\344\267\353\310\3170\314C\003\373\004_\262_XG\022`"
 309      CF30CC43 
 309      03FB045F 
 309      B25F5847 
 309      1260
 310 09ad 3C02A31D 		.ascii	"<\002\243\035\306L\030\013a,\202\261\012\306j\030/\012"
 310      C64C180B 
 310      612C82B1 
 310      0AC66A18 
 310      2F0A
 311 09bf BE22312A 		.ascii	"\276\"1*9*R\334\233\227\355#U\215\037\331\244u\023\331"
 311      392A52DC 
 311      9B97ED23 
 311      558D1FD9 
 311      A47513D9 
 312 09d3 83F81D70 		.ascii	"\203\370\035p\371\367\350\240\370\035\220t@%\351\024"
 312      F9F7E8A0 
 312      F81D9074 
 312      4025E914 
 313 09e3 3640F5D9 		.ascii	"6@\365\331\216\372F\275\313\337^\256=\3637\004\015\351"
 313      8EFA46BD 
ARM GAS  C:\Users\Simone\AppData\Local\Temp\ccYg8Zic.s 			page 24


 313      CBDF5EAE 
 313      3DF33704 
 313      0DE9
 314 09f5 12D8DF5E 		.ascii	"\022\330\337^\304Q\3740\232\274[\257u\311\026e\226\263"
 314      C451FC30 
 314      9ABC5BAF 
 314      75C91665 
 314      96B3
 315 0a07 2F61F625 		.ascii	"/a\366%\226=\352\330\233*H\331Q\317\375\273\016\351"
 315      963DEAD8 
 315      9B2A48D9 
 315      51CFFDBB 
 315      0EE9
 316 0a19 86AA5566 		.ascii	"\206\252Ufs@h\230\305\034\024\022d\325\277\373\341\337"
 316      73406898 
 316      C51C1412 
 316      64D5BFFB 
 316      E1DF
 317 0a2b BD776AB4 		.ascii	"\275wj\264\377\266\370\377\353\367\2336m\206\177\001"
 317      FFB6F8FF 
 317      EBF79B36 
 317      6D867F01 
 318 0a3b 9F077D1A 		.ascii	"\237\007}\032\024\032\356\343\353\26394|s@\350\256]"
 318      141AEEE3 
 318      EBB33934 
 318      7C7340E8 
 318      AE5D
 319 0a4d A1219BBF 		.ascii	"\241!\233\277\010\015\263\206o\376\303\337>\330\371"
 319      080DB386 
 319      6FFEC3DF 
 319      3ED8F9
 320 0a5c C157E2B9 		.ascii	"\301W\342\271/\202\202-a\341\233\337\335\271ss@\230"
 320      2F82822D 
 320      61E19BDF 
 320      DDB97373 
 320      4098
 321 0a6e D5675380 		.ascii	"\325gS\200\306h6[\374\303\202\277fX\220\010\366\267"
 321      C668365B 
 321      FCC382BF 
 321      66589008 
 321      F6B7
 322 0a80 720993D9 		.ascii	"r\011\223\331\034h\371\314\177w\260\325l\371*\310\352"
 322      1C68F9CC 
 322      7F77B0D5 
 322      6CF92AC8 
 322      EA
 323 0a91 1E02DAD6 		.ascii	"\036\002\332\326\335a!\253\315\354ms\230\377.\263\177"
 323      DD6121AB 
 323      CDEC6D73 
 323      98FF2EB3 
 323      7F
 324 0aa2 98C53FDC 		.ascii	"\230\305?\334}wP\210u\353\026\263\325`6K\207\237\005"
 324      7D775088 
 324      75EB16B3 
 324      D560364B 
 324      879F05
 325 0ab5 BCE9C71A 		.ascii	"\274\351\307\032\012\267\356\016\014\012\365\263\206"
ARM GAS  C:\Users\Simone\AppData\Local\Temp\ccYg8Zic.s 			page 25


 325      0AB7EE0E 
 325      0C0AF5B3 
 325      86
 326 0ac2 860687FB 		.ascii	"\206\006\207\373\3753d\2677;\362\366\017\333\345m\331"
 326      FD3364B7 
 326      373BF2F6 
 326      0FDBE56D 
 326      D9
 327 0ad3 F5A92530 		.ascii	"\365\251%0\320\022\350\267m\323\357\274\267\274\341"
 327      D012E8B7 
 327      6DD3EFBC 
 327      B7BCE1
 328 0ae2 B3FDCBAD 		.ascii	"\263\375\313\255~p\376\365\220\320\020\313\353\026\377"
 328      7E70FEF5 
 328      90D010CB 
 328      EB16FF
 329 0af1 4F83FC82 		.ascii	"O\203\374\202B\002\202w\007Z\374v\371\003+\304\342'"
 329      42028277 
 329      075AFC76 
 329      F9032BC4 
 329      E227
 330 0b03 3764FDFA 		.ascii	"7d\375\372\013K\370\246\3175\237\374_e\302\277\016\367"
 330      0B4BF8A6 
 330      CF359FFC 
 330      5F65C2BF 
 330      0EF7
 331 0b15 33875B03 		.ascii	"3\207[\003\341\032\200mbWi\265|ee\227\351\301\246\342"
 331      E11A806D 
 331      625769B5 
 331      7C656597 
 331      E9C1A6E2 
 332 0b29 91212018 		.ascii	"\221! \030V\214\035\032CB\315\362y/qE\344\231\331\352"
 332      568C1D1A 
 332      4342CDF2 
 332      792F7145 
 332      E499D9EA 
 333 0b3d 21AFD01A 		.ascii	"!\257\320\032\263\270Zo\230\227\211f\317gO\231M8\343"
 333      B3B85A6F 
 333      98978966 
 333      CF674F99 
 333      4D38E3
 334 0b50 64B3174E 		.ascii	"d\263\027NCB\371\333\274\336G]\357\343R\357\343Z\357"
 334      4342F9DB 
 334      BCDE475D 
 334      EFE352EF 
 334      E35AEF
 335 0b63 A3A8DFA2 		.ascii	"\243\250\337\242\256\337\342R\277\305\265~\213\242~"
 335      AEDFE252 
 335      BFC5B57E 
 335      8BA27E
 336 0b72 ABBA7EAB 		.ascii	"\253\272~\253K\375V\327\372\255\212\372m\352\372m.\365"
 336      4BFD56D7 
 336      FAAD8AFA 
 336      6DEAFA6D 
 336      2EF5
 337 0b84 DB5CEBB7 		.ascii	"\333\\\353\267)\352\267\253\353\267\273\324ow\255\337"
 337      29EAB7AB 
ARM GAS  C:\Users\Simone\AppData\Local\Temp\ccYg8Zic.s 			page 26


 337      EBB7BBD4 
 337      6F77ADDF 
 338 0b94 AEA8F755 		.ascii	"\256\250\367U\327\373\272\324\373\272\326\373*\352w"
 338      D7FBBAD4 
 338      FBBAD6FB 
 338      2AEA77
 339 0ba3 A8EB77B8 		.ascii	"\250\353w\270\324\357p\255\337!\327\377\0076:\266\356"
 339      D4EF70AD 
 339      DF21D7FF 
 339      07363AB6 
 339      EE
 340              		.text
 341              		.section	.gnu.lto_.symtab.ce13bab0,"",%progbits
 342 0000 5F5F636F 		.ascii	"__core_init\000\000\001\000\000\000\000\000\000\000"
 342      72655F69 
 342      6E697400 
 342      00010000 
 342      00000000 
 343 0015 0000AE00 		.ascii	"\000\000\256\000\000\000__early_init\000\000\001\000"
 343      00005F5F 
 343      6561726C 
 343      795F696E 
 343      69740000 
 344 002b 00000000 		.ascii	"\000\000\000\000\000\000\000\000\261\000\000\000__l"
 344      00000000 
 344      B1000000 
 344      5F5F6C
 345 003a 6174655F 		.ascii	"ate_init\000\000\001\000\000\000\000\000\000\000\000"
 345      696E6974 
 345      00000100 
 345      00000000 
 345      000000
 346 004d 00B40000 		.ascii	"\000\264\000\000\000__default_exit\000\000\001\000\000"
 346      005F5F64 
 346      65666175 
 346      6C745F65 
 346      78697400 
 347 0065 00000000 		.ascii	"\000\000\000\000\000\000\000\271\000\000\000__init_"
 347      000000B9 
 347      0000005F 
 347      5F696E69 
 347      745F
 348 0077 72616D5F 		.ascii	"ram_areas\000\000\000\000\000\000\000\000\000\000\000"
 348      61726561 
 348      73000000 
 348      00000000 
 348      00000000 
 349 008b 00BB0000 		.ascii	"\000\273\000\000\000__ram0_init_text__\000\000\002\000"
 349      005F5F72 
 349      616D305F 
 349      696E6974 
 349      5F746578 
 350 00a6 00000000 		.ascii	"\000\000\000\000\000\000\000\000\336\000\000\000__r"
 350      00000000 
 350      DE000000 
 350      5F5F72
 351 00b5 616D305F 		.ascii	"am0_init__\000\000\002\000\000\000\000\000\000\000\000"
ARM GAS  C:\Users\Simone\AppData\Local\Temp\ccYg8Zic.s 			page 27


 351      696E6974 
 351      5F5F0000 
 351      02000000 
 351      00000000 
 352 00ca 00E10000 		.ascii	"\000\341\000\000\000__ram0_clear__\000\000\002\000\000"
 352      005F5F72 
 352      616D305F 
 352      636C6561 
 352      725F5F00 
 353 00e2 00000000 		.ascii	"\000\000\000\000\000\000\000\344\000\000\000__ram0_"
 353      000000E4 
 353      0000005F 
 353      5F72616D 
 353      305F
 354 00f4 6E6F696E 		.ascii	"noinit__\000\000\002\000\000\000\000\000\000\000\000"
 354      69745F5F 
 354      00000200 
 354      00000000 
 354      000000
 355 0107 00E70000 		.ascii	"\000\347\000\000\000__ram1_init_text__\000\000\002\000"
 355      005F5F72 
 355      616D315F 
 355      696E6974 
 355      5F746578 
 356 0122 00000000 		.ascii	"\000\000\000\000\000\000\000\000\353\000\000\000__r"
 356      00000000 
 356      EB000000 
 356      5F5F72
 357 0131 616D315F 		.ascii	"am1_init__\000\000\002\000\000\000\000\000\000\000\000"
 357      696E6974 
 357      5F5F0000 
 357      02000000 
 357      00000000 
 358 0146 00EE0000 		.ascii	"\000\356\000\000\000__ram1_clear__\000\000\002\000\000"
 358      005F5F72 
 358      616D315F 
 358      636C6561 
 358      725F5F00 
 359 015e 00000000 		.ascii	"\000\000\000\000\000\000\000\361\000\000\000__ram1_"
 359      000000F1 
 359      0000005F 
 359      5F72616D 
 359      315F
 360 0170 6E6F696E 		.ascii	"noinit__\000\000\002\000\000\000\000\000\000\000\000"
 360      69745F5F 
 360      00000200 
 360      00000000 
 360      000000
 361 0183 00F40000 		.ascii	"\000\364\000\000\000__ram2_init_text__\000\000\002\000"
 361      005F5F72 
 361      616D325F 
 361      696E6974 
 361      5F746578 
 362 019e 00000000 		.ascii	"\000\000\000\000\000\000\000\000\371\000\000\000__r"
 362      00000000 
 362      F9000000 
 362      5F5F72
ARM GAS  C:\Users\Simone\AppData\Local\Temp\ccYg8Zic.s 			page 28


 363 01ad 616D325F 		.ascii	"am2_init__\000\000\002\000\000\000\000\000\000\000\000"
 363      696E6974 
 363      5F5F0000 
 363      02000000 
 363      00000000 
 364 01c2 00FC0000 		.ascii	"\000\374\000\000\000__ram2_clear__\000\000\002\000\000"
 364      005F5F72 
 364      616D325F 
 364      636C6561 
 364      725F5F00 
 365 01da 00000000 		.ascii	"\000\000\000\000\000\000\000\377\000\000\000__ram2_"
 365      000000FF 
 365      0000005F 
 365      5F72616D 
 365      325F
 366 01ec 6E6F696E 		.ascii	"noinit__\000\000\002\000\000\000\000\000\000\000\000"
 366      69745F5F 
 366      00000200 
 366      00000000 
 366      000000
 367 01ff 00020100 		.ascii	"\000\002\001\000\000__ram3_init_text__\000\000\002\000"
 367      005F5F72 
 367      616D335F 
 367      696E6974 
 367      5F746578 
 368 021a 00000000 		.ascii	"\000\000\000\000\000\000\000\000\007\001\000\000__r"
 368      00000000 
 368      07010000 
 368      5F5F72
 369 0229 616D335F 		.ascii	"am3_init__\000\000\002\000\000\000\000\000\000\000\000"
 369      696E6974 
 369      5F5F0000 
 369      02000000 
 369      00000000 
 370 023e 000A0100 		.ascii	"\000\012\001\000\000__ram3_clear__\000\000\002\000\000"
 370      005F5F72 
 370      616D335F 
 370      636C6561 
 370      725F5F00 
 371 0256 00000000 		.ascii	"\000\000\000\000\000\000\000\015\001\000\000__ram3_"
 371      0000000D 
 371      0100005F 
 371      5F72616D 
 371      335F
 372 0268 6E6F696E 		.ascii	"noinit__\000\000\002\000\000\000\000\000\000\000\000"
 372      69745F5F 
 372      00000200 
 372      00000000 
 372      000000
 373 027b 00100100 		.ascii	"\000\020\001\000\000__ram4_init_text__\000\000\002\000"
 373      005F5F72 
 373      616D345F 
 373      696E6974 
 373      5F746578 
 374 0296 00000000 		.ascii	"\000\000\000\000\000\000\000\000\025\001\000\000__r"
 374      00000000 
 374      15010000 
ARM GAS  C:\Users\Simone\AppData\Local\Temp\ccYg8Zic.s 			page 29


 374      5F5F72
 375 02a5 616D345F 		.ascii	"am4_init__\000\000\002\000\000\000\000\000\000\000\000"
 375      696E6974 
 375      5F5F0000 
 375      02000000 
 375      00000000 
 376 02ba 00180100 		.ascii	"\000\030\001\000\000__ram4_clear__\000\000\002\000\000"
 376      005F5F72 
 376      616D345F 
 376      636C6561 
 376      725F5F00 
 377 02d2 00000000 		.ascii	"\000\000\000\000\000\000\000\033\001\000\000__ram4_"
 377      0000001B 
 377      0100005F 
 377      5F72616D 
 377      345F
 378 02e4 6E6F696E 		.ascii	"noinit__\000\000\002\000\000\000\000\000\000\000\000"
 378      69745F5F 
 378      00000200 
 378      00000000 
 378      000000
 379 02f7 001E0100 		.ascii	"\000\036\001\000\000__ram5_init_text__\000\000\002\000"
 379      005F5F72 
 379      616D355F 
 379      696E6974 
 379      5F746578 
 380 0312 00000000 		.ascii	"\000\000\000\000\000\000\000\000#\001\000\000__ram5"
 380      00000000 
 380      23010000 
 380      5F5F7261 
 380      6D35
 381 0324 5F696E69 		.ascii	"_init__\000\000\002\000\000\000\000\000\000\000\000"
 381      745F5F00 
 381      00020000 
 381      00000000 
 381      0000
 382 0336 00260100 		.ascii	"\000&\001\000\000__ram5_clear__\000\000\002\000\000"
 382      005F5F72 
 382      616D355F 
 382      636C6561 
 382      725F5F00 
 383 034e 00000000 		.ascii	"\000\000\000\000\000\000\000)\001\000\000__ram5_noi"
 383      00000029 
 383      0100005F 
 383      5F72616D 
 383      355F6E6F 
 384 0363 6E69745F 		.ascii	"nit__\000\000\002\000\000\000\000\000\000\000\000\000"
 384      5F000002 
 384      00000000 
 384      00000000 
 384      00
 385 0374 2C010000 		.ascii	",\001\000\000__ram6_init_text__\000\000\002\000\000"
 385      5F5F7261 
 385      6D365F69 
 385      6E69745F 
 385      74657874 
 386 038f 00000000 		.ascii	"\000\000\000\000\000\000\0001\001\000\000__ram6_ini"
ARM GAS  C:\Users\Simone\AppData\Local\Temp\ccYg8Zic.s 			page 30


 386      00000031 
 386      0100005F 
 386      5F72616D 
 386      365F696E 
 387 03a4 745F5F00 		.ascii	"t__\000\000\002\000\000\000\000\000\000\000\000\000"
 387      00020000 
 387      00000000 
 387      000000
 388 03b3 34010000 		.ascii	"4\001\000\000__ram6_clear__\000\000\002\000\000\000"
 388      5F5F7261 
 388      6D365F63 
 388      6C656172 
 388      5F5F0000 
 389 03cb 00000000 		.ascii	"\000\000\000\000\000\0007\001\000\000__ram6_noinit_"
 389      00003701 
 389      00005F5F 
 389      72616D36 
 389      5F6E6F69 
 390 03e3 5F000002 		.ascii	"_\000\000\002\000\000\000\000\000\000\000\000\000:\001"
 390      00000000 
 390      00000000 
 390      003A01
 391 03f2 00005F5F 		.ascii	"\000\000__ram7_i"
 391      72616D37 
 391      5F69
 392 03fc 6E69745F 		.ascii	"nit_text__\000\000\002\000\000\000\000\000\000\000\000"
 392      74657874 
 392      5F5F0000 
 392      02000000 
 392      00000000 
 393 0411 003F0100 		.ascii	"\000?\001\000\000__ram7_init__\000\000\002\000\000\000"
 393      005F5F72 
 393      616D375F 
 393      696E6974 
 393      5F5F0000 
 394 0429 00000000 		.ascii	"\000\000\000\000\000\000B\001\000\000__ram7_clear__"
 394      00004201 
 394      00005F5F 
 394      72616D37 
 394      5F636C65 
 395 0441 00000200 		.ascii	"\000\000\002\000\000\000\000\000\000\000\000\000E\001"
 395      00000000 
 395      00000000 
 395      4501
 396 044f 00005F5F 		.ascii	"\000\000__ram7_noinit__\000\000\002\000\000\000\000"
 396      72616D37 
 396      5F6E6F69 
 396      6E69745F 
 396      5F000002 
 397 0467 00000000 		.ascii	"\000\000\000\000\000H\001\000\000"
 397      00480100 
 397      00
 398              		.text
 399              		.section	.gnu.lto_.opts,"",%progbits
 400 0000 272D666E 		.ascii	"'-fno-trapv' '-mcpu=cortex-m4' '-mno-thumb-interwor"
 400      6F2D7472 
 400      61707627 
ARM GAS  C:\Users\Simone\AppData\Local\Temp\ccYg8Zic.s 			page 31


 400      20272D6D 
 400      6370753D 
 401 0033 6B272027 		.ascii	"k' '-mthumb' '-ggdb' '-O2' '-fomit-frame-pointer' '"
 401      2D6D7468 
 401      756D6227 
 401      20272D67 
 401      67646227 
 402 0066 2D66616C 		.ascii	"-falign-functions=16' '-ffunction-sections' '-fdata"
 402      69676E2D 
 402      66756E63 
 402      74696F6E 
 402      733D3136 
 403 0099 2D736563 		.ascii	"-sections' '-fno-common' '-flto'\000"
 403      74696F6E 
 403      73272027 
 403      2D666E6F 
 403      2D636F6D 
 404              		.text
 405              		.comm	__gnu_lto_v1,1,1
 406              		.comm	__gnu_lto_slim,1,1
 407              		.ident	"GCC: (GNU Tools for ARM Embedded Processors) 4.9.3 20150529 (release) [ARM/embedded-4_9-br
ARM GAS  C:\Users\Simone\AppData\Local\Temp\ccYg8Zic.s 			page 32


DEFINED SYMBOLS
                            *ABS*:00000000 crt1.c
                            *COM*:00000001 __gnu_lto_v1
                            *COM*:00000001 __gnu_lto_slim

NO UNDEFINED SYMBOLS
