ARM GAS  C:\Users\Simone\AppData\Local\Temp\ccWA9diw.s 			page 1


   1              		.syntax unified
   2              		.cpu cortex-m4
   3              		.fpu softvfp
   4              		.eabi_attribute 20, 1
   5              		.eabi_attribute 21, 1
   6              		.eabi_attribute 23, 3
   7              		.eabi_attribute 24, 1
   8              		.eabi_attribute 25, 1
   9              		.eabi_attribute 26, 1
  10              		.eabi_attribute 30, 2
  11              		.eabi_attribute 34, 1
  12              		.eabi_attribute 18, 4
  13              		.thumb
  14              		.file	"hal.c"
  15              		.text
  16              	.Ltext0:
  17              		.section	.gnu.lto_.profile.ce13b558,"",%progbits
  18 0000 789C6366 		.ascii	"x\234cf```a\200\000F\006{\016\000\000\372\000P"
  18      60606061 
  18      80004606 
  18      7B0E0000 
  18      FA0050
  19              		.text
  20              		.section	.gnu.lto_.jmpfuncs.ce13b558,"",%progbits
  21 0000 789C6366 		.ascii	"x\234cf\300\016\324\2414#\214f\372\310\3048\255\377"
  21      C00ED4A1 
  21      34238C66 
  21      FAC8C438 
  21      ADFF
  22 0012 CA0EE6DA 		.ascii	"\312\016\346\332\337\0153\0328~21\374e\002\211/g\254"
  22      DF0D331A 
  22      387E3231 
  22      FC650289 
  22      2F67AC
  23 0025 055200C1 		.ascii	"\005R\000\301\340\012\017"
  23      E00A0F
  24              		.text
  25              		.section	.gnu.lto_.inline.ce13b558,"",%progbits
  26 0000 789C6366 		.ascii	"x\234cf\300\016\214\2414#\003\003\227=#\003\023\220"
  26      C00E8CA1 
  26      34230303 
  26      973D2303 
  26      1390
  27 0012 C9B6409E 		.ascii	"\311\266@\236\011,\304\205I0q\203\224\202\231\014\000"
  27      092CC485 
  27      49307183 
  27      9482990C 
  27      00
  28 0023 3E4A0190 		.ascii	">J\001\220"
  29              		.text
  30              		.section	.gnu.lto_.pureconst.ce13b558,"",%progbits
  31 0000 789C6366 		.ascii	"x\234cf```f\200\000F\006\011\000\000x\000 "
  31      60606066 
  31      80004606 
  31      09000078 
  31      0020
  32              		.text
ARM GAS  C:\Users\Simone\AppData\Local\Temp\ccWA9diw.s 			page 2


  33              		.section	.gnu.lto_halInit.ce13b558,"",%progbits
  34 0000 789C7590 		.ascii	"x\234u\220AK\002Q\020\307\347?\253\333\222\004\321)"
  34      414B0251 
  34      10C7E73F 
  34      ABDB9204 
  34      D129
  35 0012 3C46E0CD 		.ascii	"<F\340\315\305K\037\242S_\241\274(\004B\236\027w\323"
  35      C54B1FA2 
  35      535FA1BC 
  35      2804429E 
  35      1777D3
  36 0025 43A79410 		.ascii	"C\247\224\020\221\242:D\244YZ\235\274\004\373\011\222"
  36      91A23A44 
  36      A4595A9D 
  36      BC04FB09 
  36      92
  37 0036 32E82275 		.ascii	"2\350\"u1(\350\220xZ\302l\336\032!\244\217\367\230\367"
  37      3128E890 
  37      785AC26C 
  37      DE1A21A4 
  37      8FF798F7 
  38 004a E6FF7B33 		.ascii	"\346\377{3\177F\243\377+,\347\001D\313\022\241\021\270"
  38      7F46A3FF 
  38      2B2CE701 
  38      44CB12A1 
  38      11B8
  39 005c 7047E418 		.ascii	"pG\344\030\014\250\013\2012\214\014\336\271\307(\270"
  39      0CA80B81 
  39      328C0CDE 
  39      B9C728B8 
  40 006c B5722872 		.ascii	"\265r(rj\333\366\347v\313Ys\3411Q\237Gup\206\010\011"
  40      6ADBF6E7 
  40      76CB5973 
  40      E131519F 
  40      47757086 
  41 0082 D4CB0D9E 		.ascii	"\324\313\015\236BzN\240\371\221\206\012t\251O\215\005"
  41      427A4EA0 
  41      F991860A 
  41      74A94F8D 
  41      05
  42 0093 D71E0E4F 		.ascii	"\327\036\016OJ\037\355\200A\324\025I5xeVQ\353 \353\016"
  42      4A1FED80 
  42      41D41549 
  42      35786556 
  42      51EB20EB 
  43 00a8 E614AB8A 		.ascii	"\346\024\253\212\034\265w\353l}\331;\266\3411\372,\377"
  43      1CB577EB 
  43      6C7DD93B 
  43      B6E131FA 
  43      2CFF
  44 00ba 5185459E 		.ascii	"Q\205E\236\320\035\344\334=}\"\251\365E'\234\013)R)"
  44      D01DE4DC 
  44      3D7D22A9 
  44      F545279C 
  44      0B295229 
  45 00ce FFD8D444 		.ascii	"\377\330\324D*+)0P^$\373\322m\335\033o,\031\377Y\315"
  45      2A2B2930 
ARM GAS  C:\Users\Simone\AppData\Local\Temp\ccWA9diw.s 			page 3


  45      505E24FB 
  45      D26DDD1B 
  45      6F2C19FF 
  46 00e4 179B38C4 		.ascii	"\027\2338\304\201SPT\0205X\270@\330\327\216\273\225"
  46      81535054 
  46      103558B8 
  46      40D8D78E 
  46      BB95
  47 00f6 72480A2C 		.ascii	"rH\012,\012\214K\241\374\246\250\303\362X'\345\370{"
  47      0A8C4BA1 
  47      FCA6A8C3 
  47      F25827E5 
  47      F87B
  48 0108 B20F71AC 		.ascii	"\262\017q\254\211\217\306\237\343\254[\234\231F\212"
  48      898FC69F 
  48      E3AC5B9C 
  48      99468A
  49 0117 0F5C8D91 		.ascii	"\017\\\215\221\373\263\323\310\240\220\327cds*\251\013"
  49      FBB3D3C8 
  49      A090D763 
  49      64732AA9 
  49      0B
  50 0128 79F34B3E 		.ascii	"y\363K>\303qoW}\222\324\334\241\346-\303X\212FM\331"
  50      C3716F57 
  50      7D92D4DC 
  50      A1E62DC3 
  50      588A464D 
  51 013d F1447223 		.ascii	"\361Dr#\231J\307Vbf*m&\3267\315\364V\\\305h\234~\000"
  51      994AC756 
  51      62662A6D 
  51      26D637CD 
  51      F4565CC5 
  52 0155 5A0FAF93 		.ascii	"Z\017\257\223"
  53              		.text
  54              		.section	.gnu.lto_.symbol_nodes.ce13b558,"",%progbits
  55 0000 789C4DC8 		.ascii	"x\234M\310\273\015\302@\024D\321\273\263^\343\220\216"
  55      BB0DC240 
  55      1444D1BB 
  55      B35EE390 
  55      8E
  56 0011 C70105D8 		.ascii	"\307\001\005\330\346\227!\002G\324\341\230\032@\242"
  56      E6972102 
  56      47D4E198 
  56      1A40A2
  57 0020 0E0B5808 		.ascii	"\016\013X\010\336$Gw2p\343?\0152\014w\260\271\\;\312"
  57      DE244777 
  57      3270E33F 
  57      0D320C77 
  57      B0B95C3B 
  58 0035 5E6C4D3A 		.ascii	"^lM:\313\351\367\323\367\035\351$+\366Q\316\261\017"
  58      CBE9F7D3 
  58      F71DE924 
  58      2BF651CE 
  58      B10F
  59 0047 72137B92 		.ascii	"r\023{\222K\354QnCg6\314\2175eZ\226j\341Um\330=\277"
  59      4BEC516E 
  59      436736CC 
ARM GAS  C:\Users\Simone\AppData\Local\Temp\ccWA9diw.s 			page 4


  59      8F35655A 
  59      966AE155 
  60 005f 66E6AA58 		.ascii	"f\346\252X>\362\006\271U.&"
  60      3EF206B9 
  60      552E26
  61              		.text
  62              		.section	.gnu.lto_.refs.ce13b558,"",%progbits
  63 0000 789C6366 		.ascii	"x\234cf```c\200\000F\006&F&\006\000\000\261\000\020"
  63      60606063 
  63      80004606 
  63      26462606 
  63      0000B100 
  64              		.text
  65              		.section	.gnu.lto_.decls.ce13b558,"",%progbits
  66 0000 789CAD55 		.ascii	"x\234\255U{LSW\030\277\247\247\264\264V4\222\2501fc"
  66      7B4C5357 
  66      18BFA7A7 
  66      B4B45634 
  66      92A83166 
  67 0015 3AC95C94 		.ascii	":\311\\\224\012\272E\367\317t\276f\342\224l3\373\303"
  67      0ABA45F7 
  67      CF74BE66 
  67      E2946C33 
  67      FBC3
  68 0027 265DA145 		.ascii	"&]\241E\232\000\355\332\262\351\177G\305\004\021\265"
  68      9A00EDDA 
  68      B2E97F47 
  68      C50411B5 
  69 0037 C874E236 		.ascii	"\310t\3426\255\212\362\020E\361-\025\220)\342\203M\247"
  69      AD8AF210 
  69      45F12D15 
  69      9029E283 
  69      4DA7
  70 0049 A24ED482 		.ascii	"\242N\324\202\362\022\2217\302D\331w\316\271}\320\224"
  70      F2129137 
  70      C244D977 
  70      CEB97DD0 
  70      94
  71 005a B825BBE9 		.ascii	"\270%\273\351w\317\375\316\371}\277\357y{\261 \010\331"
  71      77CFFDCE 
  71      F97DBFEF 
  71      797BB120 
  71      08D9
  72 006c 20837035 		.ascii	" \203p5+\004\241E\"\010\360\023\242A\020H\235\300/9"
  72      2B04A145 
  72      2208F013 
  72      A2411048 
  72      9DC02F39 
  73 0080 483D4823 		.ascii	"H=H#H3H\013H+H\007H\227\210\355\021\206^\365\242\035"
  73      4833480B 
  73      482B4807 
  73      489788ED 
  73      11865EF5 
  74 0096 E5EA0579 		.ascii	"\345\352\005y\002\362R\344\254\005i\363\343\356\022"
  74      02F252E4 
  74      AC0569F3 
  74      E3EE12
ARM GAS  C:\Users\Simone\AppData\Local\Temp\ccWA9diw.s 			page 5


  75 00a5 F95A45FE 		.ascii	"\371ZE\376f\321_ \356\016\011r\266\245\337\014n\222"
  75      66D15F20 
  75      EE0E0972 
  75      B6A5DF0C 
  75      6E92
  76 00b7 A0106599 		.ascii	"\240\020e\231\222\352\331\327\354Y\010t\2252\027Q}\377"
  76      92EAD9D7 
  76      EC590874 
  76      95321751 
  76      7DFF
  77 00c9 CEDADBCA 		.ascii	"\316\332\333\312i\371\204\220TR6\332kW\334w*'\204\331"
  77      69F98490 
  77      545236DA 
  77      6B57DC77 
  77      2A2784D9 
  78 00dd B918AEC8 		.ascii	"\271\030\256\310\331\3243\212\331M\244\352\343\222\342"
  78      D9D4338A 
  78      D94DA4EA 
  78      E392E2
  79 00ec 061956B0 		.ascii	"\006\031V\260\243\263G\272\253F0h\030U\317m\253\334"
  79      A3B347BA 
  79      AB463068 
  79      1855CF6D 
  79      ABDC
  80 00fe 29634829 		.ascii	")cH)UKK\372*\224x\"C\246\247\272\256(\361\024\366\274"
  80      554B4BFA 
  80      2A947822 
  80      43A6A7BA 
  80      AE28F114 
  81 0114 F66071BA 		.ascii	"\366`q\272\034`\357)\231\277\307?\367g+\230J\213<\012"
  81      1C60EF29 
  81      99BFC73F 
  81      F7672B98 
  81      4A8B3C0A 
  82 0128 B624950D 		.ascii	"\266$\225\015d\177\010\012WfCp\355M\333*&\022\"E'\220"
  82      647F080A 
  82      57664370 
  82      ED4DDB2A 
  82      26122245 
  83 013e 121D4518 		.ascii	"\022\035E\030\345\241i4ijM\257TB\326\021\373z\242\250"
  83      E5A16934 
  83      696A4DAF 
  83      5442D611 
  83      FB7AA2A8 
  84 0152 0C11D061 		.ascii	"\014\021\320a4\001\035A\023\004t\034\205\003\202a\321"
  84      34011D41 
  84      1304741C 
  84      85038261 
  84      D1
  85 0163 31D82C82 		.ascii	"1\330,\202M \2764P\222\022\204\224\341\201\215N\005"
  85      4D20BE34 
  85      50921284 
  85      94E1818D 
  85      4E05
  86 0175 30622114 		.ascii	"0b!\024n\3306\226\206p\022B(\364\206\000\021y\2526p"
  86      6ED83696 
  86      86701242 
ARM GAS  C:\Users\Simone\AppData\Local\Temp\ccWA9diw.s 			page 6


  86      28F48600 
  86      1179AA36 
  87 018a 75D75915 		.ascii	"u\327Y\025\356B,\303=\366_z\202p?W\366w\337\350\010"
  87      EE422CC3 
  87      3DF65F7A 
  87      82703F57 
  87      F677DFE8 
  88 019f C644C294 		.ascii	"\306D\302\224\354\355;\012\202X\211\202\251\272\257"
  88      ECED3B0A 
  88      82588982 
  88      A9BAAF
  89 01ae F0EC3738 		.ascii	"\360\35478\225\037\235p\024\\\306x\013W\256\325\365"
  89      951F9D70 
  89      145CC678 
  89      0B57AED5 
  89      F5
  90 01bf 75A9186E 		.ascii	"u\251\030n4U\313[\017m\012\301\333\370Y\356\201\315"
  90      3455CB5B 
  90      0F6D0AC1 
  90      DBF859EE 
  90      81CD
  91 01d1 8D18FFC4 		.ascii	"\215\030\377\304\225\254\227\327+xw\306\203\252\330"
  91      95AC97D7 
  91      2B7877C6 
  91      83AAD8
  92 01e0 7821A541 		.ascii	"x!\245A\205&\361+4\334\001y\266;\363\336,\311\\O\262"
  92      8526F12B 
  92      34DC0179 
  92      B63BF3DE 
  92      2CC95C4F 
  93 01f5 C7B3F8CF 		.ascii	"\307\263\370\317@\374\225(\324\233\365\007\023\004V"
  93      40FC9528 
  93      D49BF507 
  93      130456
  94 0204 03C883C2 		.ascii	"\003\310\203\302\035\2039\262\312\031\014\352\364\207"
  94      1D8339B2 
  94      CA190CEA 
  94      F487
  95 0212 9EA728F4 		.ascii	"\236\247(\364\241\007\332\346\201\236\016\310\352E\276"
  95      A107DAE6 
  95      819E0EC8 
  95      EA45BE
  96 0221 F6208BFD 		.ascii	"\366 \213\375\221\347\220_\000\033\363\334\330\222\300"
  96      91E7905F 
  96      001BF3DC 
  96      D892C0
  97 0230 01F8605F 		.ascii	"\001\370`_yx\317\006\346\365\206\260\311C[\352\017-"
  97      7978CF06 
  97      E6F586B0 
  97      C9435BEA 
  97      0F2D
  98 0242 F34233A0 		.ascii	"\363B3\240\337\304N\310\\\233\200\362\341\374\020;\242"
  98      DFC44EC8 
  98      5C9B80F2 
  98      E1FC103B 
  98      A2
  99 0253 68683ABA 		.ascii	"hh:\272\002\023\362\033\232\204.\200T\200\\\004)\007"
ARM GAS  C:\Users\Simone\AppData\Local\Temp\ccWA9diw.s 			page 7


  99      0213F21B 
  99      9A842E80 
  99      54805C04 
  99      2907
 100 0265 B9047219 		.ascii	"\271\004r\031Mb\303@'\306\325\232##\210\232\011\342"
 100      4D62C340 
 100      27C6D59A 
 100      2323889A 
 100      09E2
 101 0277 B078DE2F 		.ascii	"\260x\336/Iz\325\216\364\221(4<\220't\015\034\374gg"
 101      497AD58E 
 101      F4912834 
 101      3C902774 
 101      0D1CFC67 
 102 028c E9C66074 		.ascii	"\351\306`t\025\214\012\274\243I=\273G\363\316\353\252"
 102      158C0ABC 
 102      A3493DBB 
 102      47F3CEEB 
 102      AA
 103 029d 7770351F 		.ascii	"wp5\037\027\327k\373\211 \374\220+?^\315\370\026?\345"
 103      17D76BFB 
 103      8920FC90 
 103      2B3F5ECD 
 103      F8163FE5 
 104 02b1 CF6BCB0E 		.ascii	"\317k\313\016\337\222\2639\232M\325\202\002\373\016"
 104      DF92B339 
 104      9A4DD582 
 104      02FB0E
 105 02c0 396EE167 		.ascii	"9n\341g\215%\317\211\204\235ES\265\271\264\3319\002"
 105      8D25CF89 
 105      849D4553 
 105      B5B9B4D9 
 105      3902
 106 02d2 77F2B33D 		.ascii	"w\362\263=[\212\372\371;o\246\352\256{\251!\270_\034"
 106      5B8AFAF9 
 106      3B6FA6EA 
 106      AE7BA921 
 106      B85F1C
 107 02e5 E8D2E39D 		.ascii	"\350\322\343\235|\206S\251\036\374bs\372\031\031\012"
 107      7C8653A9 
 107      1EFC6273 
 107      FA19190A 
 108 02f5 E5B33924 		.ascii	"\345\2639$\375\034H?\227\025\272Z\314\375!\344~\027"
 108      FD1C483F 
 108      9715BA5A 
 108      CCFD21E4 
 108      7E17
 109 0307 F27C0072 		.ascii	"\362|\000r\017\244\006\344/\220\373b\336\016\232wn\336"
 109      0FA406E4 
 109      2F90FB62 
 109      DE0E9A77 
 109      6EDE
 110 0319 32022DA5 		.ascii	"2\002-\245\251_\207\324\251\255\247\220C\346\2178\316"
 110      A95F87D4 
 110      A9ADA790 
 110      43E68F38 
 110      CE
ARM GAS  C:\Users\Simone\AppData\Local\Temp\ccWA9diw.s 			page 8


 111 032a 4C1581BF 		.ascii	"L\025\201\277\373\003\377@C\2215n\344m\177\344\235\241"
 111      FB03FF40 
 111      4391356E 
 111      E46D7FE4 
 111      9DA1
 112 033c C3471C95 		.ascii	"\303G\034\225n\350\237\376\320[~\244\005nd\225?\262"
 112      6EE89FFE 
 112      D05B7EA4 
 112      056E6495 
 112      3FB2
 113 034e CC9FD4E9 		.ascii	"\314\237\324\351\206\336\360\207\336\364\201\262\276"
 113      86DEF087 
 113      DEF481B2 
 113      BE
 114 035b FF9A4787 		.ascii	"\377\232G\207\254:\300\220\241\275\335\005\247\345\230"
 114      AC3AC090 
 114      A1BDDD05 
 114      A7E598
 115 036a 605A7849 		.ascii	"`ZxIW\323\321t\005\012\017eF\177\303\260\270\200\366"
 115      57D3D174 
 115      050A0F65 
 115      467FC3B0 
 115      B880F6
 116 037d 917758AA 		.ascii	"\221wX\252\335\303\022\250'\3501\264\342\337\266\205"
 116      DDC312A8 
 116      27E831B4 
 116      E2DFB685 
 117 038d 7E769E37 		.ascii	"~v\2367=R\205\212L\216\341\230\204\267\321\\J\253y "
 117      3D52858A 
 117      4C8EE198 
 117      84B7D15C 
 117      4AAB7920 
 118 03a1 53A579FF 		.ascii	"S\245y\377\247Q\255\317\033+\240:\244\242H\272\322o"
 118      A751ADCF 
 118      1B2BA03A 
 118      A4A248BA 
 118      D26F
 119 03b3 D6ABBADB 		.ascii	"\326\253\272\333\322q\333\231\323\365d\264\024E\217"
 119      D271DB99 
 119      D3F564B4 
 119      14458F
 120 03c2 F5C13E41 		.ascii	"\365\301>A\343\340\276R\312\231\353\312r\032G\3414V"
 120      E3E0BE52 
 120      CA99EBCA 
 120      721A47E1 
 120      3456
 121 03d4 1A742423 		.ascii	"\032t$#+G\036\266\2338\216\266\347o\336\215\263\210"
 121      2B471EB6 
 121      9B388EB6 
 121      E76FDE8D 
 121      B388
 122 03e6 631D7933 		.ascii	"c\035y38\210\230\021z\352\251\221@\237Yl\250\036\205"
 122      38889811 
 122      7AEAA991 
 122      409F596C 
 122      A81E85
 123 03f9 81A1E374 		.ascii	"\201\241\343tJ\247\024\237\344,\256\006g\037\006\026"
ARM GAS  C:\Users\Simone\AppData\Local\Temp\ccWA9diw.s 			page 9


 123      4AA7149F 
 123      E42CAE06 
 123      671F0616 
 124 0409 17691FA8 		.ascii	"\027i\037\250j\231\233\261\336\236M\\\203\203\357r\226"
 124      6A999BB1 
 124      DE9E4D5C 
 124      8383EF72 
 124      96
 125 041a 061F9606 		.ascii	"\006\037\226\0067K#c\311\337\263\365\216\034\327q\226"
 125      374B2363 
 125      C9DFB3F5 
 125      8E1CD771 
 125      96
 126 042b FCCCFAAE 		.ascii	"\374\314\372\256\021\214\345hMa\321\330,\262\3277\226"
 126      118CE568 
 126      4D61D1D8 
 126      2CB2D737 
 126      96
 127 043c 261F9626 		.ascii	"&\037\226&7K3cqV\247\272\344\370\200\224\261tm\277\337"
 127      374B3363 
 127      7156A7BA 
 127      E4F88094 
 127      B1746DBF 
 128 0451 AF10598E 		.ascii	"\257\020Y\216\365\275\357\307\362\314\207\345\231\233"
 128      F5BDEFC7 
 128      F2CC87E5 
 128      999B
 129 045f A585B114 		.ascii	"\245\205\261\024e\036;.\307\325\234%#\245\367&\342,"
 129      651E3B2E 
 129      C7D59C25 
 129      23A5F726 
 129      E22C
 130 0471 25C707A6 		.ascii	"%\307\007\246\370\261<\367ay\356fie,\007_^L\226Jxch"
 130      F8B13CF7 
 130      6179EE66 
 130      69652C07 
 130      5F5E4C96 
 131 0489 C9E947EE 		.ascii	"\311\351G\356\334\300\276\340a\233\323\306\232\363\002"
 131      DCC0BEE0 
 131      619BD3C6 
 131      9AF302
 132 0498 B9BB937B 		.ascii	"\271\273\223{\267X\2167\004\261(\312I\223]\314\305\331"
 132      B7588E37 
 132      04B128CA 
 132      49935DCC 
 132      C5D9
 133 04aa 5CA4F289 		.ascii	"\\\244\362\211\002\254P\273O\024\355\356(:X\024[\355"
 133      02AC50BB 
 133      4F14EDEE 
 133      283A5814 
 133      5BED
 134 04bc ADF045CA 		.ascii	"\255\360E\312\344,5\347k;Gq\226\312\223\216E\231C\273"
 134      E42C35E7 
 134      6B3B4771 
 134      96CA938E 
 134      459943BB 
 135 04d0 D3E9C3D2 		.ascii	"\323\351\303\322\351f\351b,w\033\237\356\301\370>g9"
ARM GAS  C:\Users\Simone\AppData\Local\Temp\ccWA9diw.s 			page 10


 135      E966E962 
 135      2C771B9F 
 135      EEC1F83E 
 135      6739
 136 04e2 5FDAB670 		.ascii	"_\332\266p\362^\322N\332\235W\012Ug\326\221\362\024"
 136      F25ED24E 
 136      DA9D570A 
 136      5567D691 
 136      F214
 137 04f4 42DE7C3A 		.ascii	"B\336|:\210\331`vs\026\237\177\262n\316\205z\320d\260"
 137      88D96076 
 137      73169F7F 
 137      B26ECE85 
 137      7AD064B0 
 138 0508 7EB4B32C 		.ascii	"~\264\263,M:d\234\251oo\025z\305q\356e\343\374\354b"
 138      4D3A649C 
 138      A96F6F15 
 138      7AC571EE 
 138      65E3FCEC 
 139 051d B61FBA6D 		.ascii	"\266\037\272m\010\372\245\210\246\253l\361\262\025a"
 139      08FAA588 
 139      A6AB6CF1 
 139      B21561
 140 052c F3853156 		.ascii	"\363\2051V[\342\314(\355*\263\321\244\265\032l\311f"
 140      5BE2CC28 
 140      ED2AB3D1 
 140      A4B51A6C 
 140      C966
 141 053e AD2D38D9 		.ascii	"\255-8\331\230d\203=\233R\253u?\306\305~\242\211\215"
 141      9864833D 
 141      9B52AB75 
 141      3FC6C57E 
 141      A2898D
 142 0551 37C618AD 		.ascii	"7\306\030\255\266d\275\321\244\261\231L\011V\315\252"
 142      B664BDD1 
 142      A4B1994C 
 142      0956CDAA 
 143 0561 A4E430F6 		.ascii	"\244\3440\366\024\246\263$\206\031\022c\014z\275A\257"
 143      14A6B324 
 143      86191263 
 143      0C7ABD41 
 143      AF
 144 0572 99153127 		.ascii	"\231\0251',jF\344G\337\315\324\300\376\364$S\222a\272"
 144      2C6A46E4 
 144      47DFCDD4 
 144      C0FEF424 
 144      539261BA 
 145 0586 411763D4 		.ascii	"A\027c\324\030\223b\023\222\365\006M\242\016\270\222"
 145      18936213 
 145      92F5064D 
 145      A20EB892 
 146 0596 0C1AADDE 		.ascii	"\014\032\255\336\020\247KN\260imk\314\006kD\274\260"
 146      10A74B4E 
 146      B0696D6B 
 146      CC066B44 
 146      BCB0
 147 05a8 F27F7563 		.ascii	"\362\177uc]c\325h\2556=\344\000\334A\211&\275\301\""
ARM GAS  C:\Users\Simone\AppData\Local\Temp\ccWA9diw.s 			page 11


 147      5D63D568 
 147      AD363DE4 
 147      00DC4189 
 147      26BDC122 
 148 05bc 33515F16 		.ascii	"3Q_\026\271\311j6\030\364\226 s\262Yo\301&\275E\252"
 148      B9C96A36 
 148      18F49620 
 148      73B2596F 
 148      C126BD45 
 149 05d1 8BB324D0 		.ascii	"\213\263$\320[\374\234\210\0105\374X\034&k\344\307\221"
 149      5BFC9C88 
 149      0835FC58 
 149      1C266BE4 
 149      C791
 150 05e3 6A93551D 		.ascii	"j\223U\035\257KP\233M\026\233U\375\325\327_\314\214"
 150      AF4B509B 
 150      4D169B55 
 150      FDD5D75F 
 150      CC8C
 151 05f5 522F5DBA 		.ascii	"R/]\272@\2758z\311\362\357\243\324f]\2026!A\017.d\321"
 151      40BD387A 
 151      C9F2EFA3 
 151      D4665D82 
 151      3621410F 
 152 060c F316E86C 		.ascii	"\363\026\350l:Y\364g|\231\317\227\005|Y\310\227\317"
 152      3A59F467 
 152      7C99CF97 
 152      057C59C8 
 152      97CF
 153 061e E9A2889E 		.ascii	"\351\242\210\236\267t\276))\316\270J\016\314K\222\214"
 153      B774BE29 
 153      29CEB84A 
 153      0ECC4B92 
 153      8C
 154 062f B649C379 		.ascii	"\266I\303y\265Zb\351\032\021+\310\2546\212\2342\034"
 154      B55A62E9 
 154      1A112BC8 
 154      AC368A9C 
 154      321C
 155 0641 52CC5B6D 		.ascii	"R\314[m\245\351*bL:\213\236\342g\017\207g\010\232\220"
 155      A5E92A62 
 155      4C3A8B9E 
 155      E2670F87 
 155      67089A90 
 156 0655 76D98AF9 		.ascii	"v\331\212\371K\027.\327.\2325#\362\313\205|\237\246"
 156      4B172ED7 
 156      2E9A3523 
 156      F2CB857C 
 156      9FA6
 157 0667 6365F653 		.ascii	"ce\366S\337\352\317`1B\200\361\202\334\374C\"\265\010"
 157      DFEACF60 
 157      314280F1 
 157      82DCFC43 
 157      22B508
 158 067a 7F9B05E0 		.ascii	"\177\233\005\340\000>R+\226Nk\004#U\274\2172l\314\276"
 158      003E522B 
 158      964E6B04 
ARM GAS  C:\Users\Simone\AppData\Local\Temp\ccWA9diw.s 			page 12


 158      2355BC8F 
 158      326CCCBE 
 159 068e 3D60F745 		.ascii	"=`\367E\263V\257V\307{Z0\206R\272\307*\226U\370\037"
 159      B356AF56 
 159      C77B5A30 
 159      8652BAC7 
 159      2A9655F8 
 160 06a3 67370721 		.ascii	"g7\007!"
 161              		.text
 162              		.section	.gnu.lto_.symtab.ce13b558,"",%progbits
 163 0000 68616C49 		.ascii	"halInit\000\000\000\000\000\000\000\000\000\000\000"
 163      6E697400 
 163      00000000 
 163      00000000 
 163      0000
 164 0012 00E50000 		.ascii	"\000\345\000\000\000pal_default_config\000\000\002\000"
 164      0070616C 
 164      5F646566 
 164      61756C74 
 164      5F636F6E 
 165 002d 00000000 		.ascii	"\000\000\000\000\000\000\000\000\365\000\000\000stI"
 165      00000000 
 165      F5000000 
 165      737449
 166 003c 6E697400 		.ascii	"nit\000\000\002\000\000\000\000\000\000\000\000\000"
 166      00020000 
 166      00000000 
 166      000000
 167 004b E7000000 		.ascii	"\347\000\000\000boardInit\000\000\002\000\000\000\000"
 167      626F6172 
 167      64496E69 
 167      74000002 
 167      00000000 
 168 005f 00000000 		.ascii	"\000\000\000\000\000\351\000\000\000sdInit\000\000\002"
 168      00E90000 
 168      00736449 
 168      6E697400 
 168      0002
 169 0071 00000000 		.ascii	"\000\000\000\000\000\000\000\000\000\353\000\000\000"
 169      00000000 
 169      00EB0000 
 169      00
 170 007e 70776D49 		.ascii	"pwmInit\000\000\002\000\000\000\000\000\000\000\000"
 170      6E697400 
 170      00020000 
 170      00000000 
 170      0000
 171 0090 00ED0000 		.ascii	"\000\355\000\000\000_pal_lld_init\000\000\002\000\000"
 171      005F7061 
 171      6C5F6C6C 
 171      645F696E 
 171      69740000 
 172 00a7 00000000 		.ascii	"\000\000\000\000\000\000\000\361\000\000\000hal_lld"
 172      000000F1 
 172      00000068 
 172      616C5F6C 
 172      6C64
ARM GAS  C:\Users\Simone\AppData\Local\Temp\ccWA9diw.s 			page 13


 173 00b9 5F696E69 		.ascii	"_init\000\000\002\000\000\000\000\000\000\000\000\000"
 173      74000002 
 173      00000000 
 173      00000000 
 173      00
 174 00ca F3000000 		.ascii	"\363\000\000\000"
 175              		.text
 176              		.section	.gnu.lto_.opts,"",%progbits
 177 0000 272D666E 		.ascii	"'-fno-trapv' '-mcpu=cortex-m4' '-mno-thumb-interwor"
 177      6F2D7472 
 177      61707627 
 177      20272D6D 
 177      6370753D 
 178 0033 6B272027 		.ascii	"k' '-mthumb' '-ggdb' '-O2' '-fomit-frame-pointer' '"
 178      2D6D7468 
 178      756D6227 
 178      20272D67 
 178      67646227 
 179 0066 2D66616C 		.ascii	"-falign-functions=16' '-ffunction-sections' '-fdata"
 179      69676E2D 
 179      66756E63 
 179      74696F6E 
 179      733D3136 
 180 0099 2D736563 		.ascii	"-sections' '-fno-common' '-flto'\000"
 180      74696F6E 
 180      73272027 
 180      2D666E6F 
 180      2D636F6D 
 181              		.text
 182              		.comm	__gnu_lto_v1,1,1
 183              		.comm	__gnu_lto_slim,1,1
 184              		.ident	"GCC: (GNU Tools for ARM Embedded Processors) 4.9.3 20150529 (release) [ARM/embedded-4_9-br
ARM GAS  C:\Users\Simone\AppData\Local\Temp\ccWA9diw.s 			page 14


DEFINED SYMBOLS
                            *ABS*:00000000 hal.c
                            *COM*:00000001 __gnu_lto_v1
                            *COM*:00000001 __gnu_lto_slim

NO UNDEFINED SYMBOLS
