ARM GAS  C:\Users\Simone\AppData\Local\Temp\ccl3aaus.s 			page 1


   1              		.syntax unified
   2              		.cpu cortex-m4
   3              		.fpu softvfp
   4              		.eabi_attribute 20, 1
   5              		.eabi_attribute 21, 1
   6              		.eabi_attribute 23, 3
   7              		.eabi_attribute 24, 1
   8              		.eabi_attribute 25, 1
   9              		.eabi_attribute 26, 1
  10              		.eabi_attribute 30, 2
  11              		.eabi_attribute 34, 1
  12              		.eabi_attribute 18, 4
  13              		.thumb
  14              		.file	"hal_lld.c"
  15              		.text
  16              	.Ltext0:
  17              		.section	.gnu.lto_.profile.ce138bbf,"",%progbits
  18 0000 789C6366 		.ascii	"x\234cf```a\200\000F\206\2100\000\001z\000\267"
  18      60606061 
  18      80004686 
  18      88300001 
  18      7A00B7
  19              		.text
  20              		.section	.gnu.lto_.jmpfuncs.ce138bbf,"",%progbits
  21 0000 789C6366 		.ascii	"x\234cf\300\0168\2404\023\0203\0021\000\0014\000\017"
  21      C00E38A0 
  21      34131033 
  21      02310001 
  21      34000F
  22              		.text
  23              		.section	.gnu.lto_.inline.ce138bbf,"",%progbits
  24 0000 789C6366 		.ascii	"x\234cf\300\016\264\2414\023\003\203\274\034#\003\223"
  24      C00EB4A1 
  24      34130383 
  24      BC1C2303 
  24      93
  25 0011 C582F5CC 		.ascii	"\305\202\365\314\014l\013\344\231@\202\214\014\326k"
  25      0C6C0BE4 
  25      9940828C 
  25      0CD66B
  26 0020 99808205 		.ascii	"\231\200\202\005\027v\251\300\005\031\000\221\033\006"
  26      1776A9C0 
  26      05190091 
  26      1B06
  27 002e 95       		.ascii	"\225"
  28              		.text
  29              		.section	.gnu.lto_.pureconst.ce138bbf,"",%progbits
  30 0000 789C6366 		.ascii	"x\234cf```e\200\000&\006)F)\000\000\371\000@"
  30      60606065 
  30      80002606 
  30      29462900 
  30      00F90040 
  31              		.text
  32              		.section	.gnu.lto_hal_lld_init.ce138bbf,"",%progbits
  33 0000 789C9D95 		.ascii	"x\234\235\225KL\023Q\024\206\357\2713\035\0124\320\310"
  33      4B4C1351 
  33      1486EFB9 
ARM GAS  C:\Users\Simone\AppData\Local\Temp\ccl3aaus.s 			page 2


  33      331D0A34 
  33      D0C8
  34 0012 ABC11897 		.ascii	"\253\301\030\227\254J\203\030c\\\2602.L\\\030\335\033"
  34      AC4A8318 
  34      635CB032 
  34      2E4C5C18 
  34      DD1B
  35 0024 C5052424 		.ascii	"\305\005$$\020q\301\216\251T\342\002\221G\242&\300\306"
  35      1071C18E 
  35      A954E202 
  35      9147A226 
  35      C0C6
  36 0036 68001101 		.ascii	"h\000\021\001Q@y\025T\020A\260\224\207\240<\014%\021"
  36      51407915 
  36      541041B0 
  36      9487A03C 
  36      0C2511
  37 0049 E3A20808 		.ascii	"\343\242\010\010\015\012\336s\357\320\241\270q\332\320"
  37      0D0ADE73 
  37      EFD0A1B8 
  37      71DAD0
  38 0058 3374E6CE 		.ascii	"3t\346\316\367\377\347\234;g$\362\357'\235}\317\233"
  38      F7FFE79C 
  38      3B6724F2 
  38      EF279D7D 
  38      CF9B
  39 006a 0939C58E 		.ascii	"\0119\305\216`\"@\313F\011q\232)\225\2062\210\032%\017"
  39      602240CB 
  39      4609719A 
  39      29958632 
  39      881A250F 
  40 007e C612D522 		.ascii	"\306\022\325\"\201,N\313\000\370\017\001RH%\031\012"
  40      812C4ECB 
  40      00F80F01 
  40      52482519 
  40      0A
  41 008f 6185AE52 		.ascii	"a\205\256R(s7\334\217Ny\244\252\252\377A\267\355\246"
  41      287337DC 
  41      8F4E79A4 
  41      AAAAFF41 
  41      B7EDA6
  42 00a2 2D400959 		.ascii	"-@\011Y\243\202\017\265\220B\330\232U\327\237\351h\305"
  42      A3820FB5 
  42      9042D89A 
  42      55D79FE9 
  42      68C5
  43 00b4 C5D658C5 		.ascii	"\305\326X\3055\250\003\005\330\261\351\220[\335\335"
  43      35A80305 
  43      D8B1E990 
  43      5BDDDD
  44 00c3 5DAAAEF6 		.ascii	"]\252\256\366\312G(\011Pf\202\0053\206H\014\026\014"
  44      CA472809 
  44      50668205 
  44      3386480C 
  44      160C
  45 00d5 B118AC18 		.ascii	"\261\030\254\030\3420\304cH\300\220\210!\011\203\015"
  45      E230C463 
ARM GAS  C:\Users\Simone\AppData\Local\Temp\ccl3aaus.s 			page 3


  45      48C09088 
  45      2109830D 
  46 00e5 03213EC6 		.ascii	"\003!>\306F\213\313\224\342Q\232\205\376\266\226\315"
  46      468BCB94 
  46      E2519A85 
  46      FEB696CD 
  47 00f5 3454DBA4 		.ascii	"4T\333\244hv\253s\316+\177\243\001JU\377-UFo\013\276"
  47      6876AB73 
  47      CE2B7FA3 
  47      014A55FF 
  47      2D55466F 
  48 010b 318F999F 		.ascii	"1\217\231\237\"\370\263xg!`\252\201*\010P\011\352!\031"
  48      22F8B378 
  48      672160AA 
  48      812A0850 
  48      09EA2119 
  49 011f 1E4332BF 		.ascii	"\036C2\277P^\261Q\031eoP]Ns\200\312\320\0005\360\223"
  49      505EB151 
  49      19656F50 
  49      5D4E7380 
  49      CAD00035 
  50 0135 A7094FC0 		.ascii	"\247\011O\300N\230R\036\312\030 4\352\204\247`G'U\201"
  50      4E98521E 
  50      CA182034 
  50      EA84A760 
  50      47275581 
  51 0149 8791E804 		.ascii	"\207\221\350\004v\331'\226@\023\273\321\020\030\220"
  51      76D92796 
  51      4013BBD1 
  51      101890
  52 0158 DBAC735B 		.ascii	"\333\254s[\004w/C\231\235z&\230m\236M\020e1\031\260"
  52      04772F43 
  52      999D7A26 
  52      986D9E4D 
  52      10653119 
  53 016d DCCAD1D8 		.ascii	"\334\312\321\3308x\036^\322/tB\033\330\303\314\260]"
  53      38781E5E 
  53      D22F7442 
  53      1BD8C3CC 
  53      B05D
  54 017f 877430C8 		.ascii	"\207t0\310^J\345\277\265\224\314\006\014\275\344,\276"
  54      5E4AE5BF 
  54      B594CC06 
  54      0CBDE42C 
  54      BE
  55 0190 275FF194 		.ascii	"'_\361\224\212\326\025A\211\024\240\365\222\037\277"
  55      8AD61541 
  55      8914A0F5 
  55      921FBF
  56 019f 94605762 		.ascii	"\224`Wb\010t\012\271\0120\230z\227\256\324\015v\306"
  56      08740AB9 
  56      0A30987A 
  56      97AED40D 
  56      76C6
  57 01b1 0F23F31E 		.ascii	"\017#\363\036\235\321\273/s\317^\346\026\003~\334\234"
  57      9DD1BB2F 
  57      73CF5EE6 
ARM GAS  C:\Users\Simone\AppData\Local\Temp\ccl3aaus.s 			page 4


  57      16037EDC 
  57      9C
  58 01c2 2521AB2F 		.ascii	"%!\253/\274f\366\353\204\327a7\363\215\016y\273\277"
  58      BC66F6EB 
  58      84D76137 
  58      F38D0E79 
  58      BBBF
  59 01d4 993B5A4A 		.ascii	"\231;ZJ\261\006\014\015p\226\214\254\301\320fZ\005h"
  59      B1060C0D 
  59      70968CAC 
  59      C1D0665A 
  59      0568
  60 01e6 E8C6D272 		.ascii	"\350\306\322r4o&\233E*\020x\027f3\207t\245\367\330L"
  60      346F269B 
  60      452A1078 
  60      17663387 
  60      74A5F7D8 
  61 01fb 2B37BDDA 		.ascii	"+7\275\332u8d\332\271w\007\201\317\2725\266[\017\314"
  61      753864DA 
  61      B9770781 
  61      CFBA35B6 
  61      5B0FCC
  62 020e 41180685 		.ascii	"A\030\006\205\335=\202\356\342\330\265\242q\357itfR"
  62      DD3D82EE 
  62      E2D8B5A2 
  62      71EF6974 
  62      6652
  63 0220 179D0726 		.ascii	"\027\235\007&\223\211;h\374^{/\206Ys\226\251\314\202"
  63      93893B68 
  63      FC5E7B2F 
  63      86597396 
  63      A9CC82
  64 0233 021F98BB 		.ascii	"\002\037\230\273Q\315]\345pwi\204\356n\214\2733\011"
  64      51CD5DE5 
  64      70776984 
  64      EE6E8CBB 
  64      3309
  65 0245 0DF8A895 		.ascii	"\015\370\250\225\242x\264]\022z\361B\262s\244\276\211"
  65      A278B45D 
  65      127AF142 
  65      B273A4BE 
  65      89
  66 0256 8A6A5002 		.ascii	"\212jP\002\236`)Fx)\014\350\215\207\350y\261 \361\242"
  66      9E602946 
  66      78290CE8 
  66      8D87E879 
  66      B120F1A2 
  67 026a 8B194230 		.ascii	"\213\031B0\201\335\263T\322\261\020\031\344\205V\267"
  67      81DDB354 
  67      D2B11019 
  67      E48556B7 
  68 027a A1B6764A 		.ascii	"\241\266vJ\011n\211\011\216S4\334\244\260\277U<A\005"
  68      096E8909 
  68      8E5334DC 
  68      A4B0BF55 
  68      3C4105
  69 028d 2C51F006 		.ascii	",Q\360\006VzJ-\302=[5\305H\223\340\232)J\326\026\261"
ARM GAS  C:\Users\Simone\AppData\Local\Temp\ccl3aaus.s 			page 5


  69      567A4A2D 
  69      C23D5B35 
  69      C54893E0 
  69      9A294AD6 
  70 02a3 1577FC9E 		.ascii	"\025w\374\236\333b\240\262\202\3024j\021|9Hd(\003\337"
  70      DB62A0B2 
  70      82C2346A 
  70      117C3948 
  70      642803DF 
  71 02b7 0DFEE6DE 		.ascii	"\015\376\346\336\243Z\262\377e\316\351\266\241\275O"
  71      A35AB2FF 
  71      65CEE9B6 
  71      A1BD4F
  72 02c6 21F666F8 		.ascii	"!\366f\370\214\275\273QW\257h\033\213i\315\212Z\372"
  72      8CBDBB51 
  72      57AF681B 
  72      8B69CD8A 
  72      5AFA
  73 02d8 FD61097C 		.ascii	"\375a\011|\016\021\370\242=\025\350\\\016\276\326V}"
  73      0E11F8A2 
  73      3D15E85C 
  73      0EBED656 
  73      7D
  74 02e9 7D5A3393 		.ascii	"}Z3\223\214\365j\216\303#4\370\274V\\E\260l\002W\271"
  74      8CF56A8E 
  74      C32334F8 
  74      BC565C45 
  74      B06C0257 
  75 02fe DDBE1225 		.ascii	"\335\276\022%f\3366\177\023-\204\2777\026C\364\276\342"
  75      66DE367F 
  75      132D84BF 
  75      371643F4 
  75      BEE2
  76 0310 DEB09179 		.ascii	"\336\260\221yp\272[\317\342\223\201\035\361\261\247"
  76      70BA5BCF 
  76      E293811D 
  76      F1B1A7
  77 031f 83E5C5C6 		.ascii	"\203\345\305\306\332\311\324T\007\373\313\314\312\276"
  77      DAC9D454 
  77      07FBCBCC 
  77      CABE
  78 032d 929D9B9F 		.ascii	"\222\235\233\237v\"\315\221\233\357\310\272\234\343"
  78      7622CD91 
  78      9BEFC8BA 
  78      9CE3
  79 033b C8CBBD76 		.ascii	"\310\313\275v=\337q\341\342\271\364c\"\2369^P\200W."
  79      3DDF71E1 
  79      E2B9F463 
  79      229E395E 
  79      5080572E 
  80 034f E5E45C4D 		.ascii	"\345\344\\M\315$\177\001/\352\345\232"
  80      CD247F01 
  80      2FEAE59A 
  81              		.text
  82              		.section	.gnu.lto_stm32_clock_init.ce138bbf,"",%progbits
  83 0000 789C9D57 		.ascii	"x\234\235W]lTE\024\2363w\357\336\375\353\376\264\333"
  83      5D6C5445 
ARM GAS  C:\Users\Simone\AppData\Local\Temp\ccl3aaus.s 			page 6


  83      149E3377 
  83      EFDEFDEB 
  83      FEB4DB
  84 0013 D0B4A190 		.ascii	"\320\264\241\220\320P\032h\033\224\030b|ib|\363E}\361"
  84      D0501A68 
  84      1B941862 
  84      7C69627C 
  84      F3457DF1 
  85 0027 C928C640 		.ascii	"\311(\306@\322\004c}\340\215\273\375!6\341\001\213\030"
  85      D204637D 
  85      E08DBBFD 
  85      2136E101 
  85      8B18
  86 0039 A229698C 		.ascii	"\242)i\214?h\253\375\001\253\200h-\205\012\224\326\266"
  86      3F68ABFD 
  86      01AB8068 
  86      2D850A94 
  86      D6B6
  87 004b AC4BD152 		.ascii	"\254K\321R\240\273\332\"\310n\001\333%B\23533wg\273"
  87      A0BBDA22 
  87      C86E01DB 
  87      25429D33 
  87      337767BB 
  88 005f 8D66779B 		.ascii	"\215fw\233\346\233\355\234\273\337|\347|gfn5\262\372"
  88      E69BED9C 
  88      BBDF7CE7 
  88      7C67666E 
  88      35B2FA
  89 0072 A71808A9 		.ascii	"\247\030\010\251- \344i\366\031\212\011\320\003\243"
  89      2D20E469 
  89      F6198A09 
  89      D003A3
  90 0081 84841C14 		.ascii	"\204\204\034\0244\361A\243\301\375\303\204\230.[\263"
  90      34F141A3 
  90      C1FDC384 
  90      982E5BB3 
  91 0091 414C4F50 		.ascii	"ALOP\314\327\331@\027q\235\026\211\270\235\307\213\304"
  91      CCD7D940 
  91      17719D16 
  91      89B89DC7 
  91      8BC4
  92 00a3 7C9D1D0C 		.ascii	"|\235\035\014\0217h\241\210;x\274P\314\3279\300)\342"
  92      113768A1 
  92      883B78BC 
  92      50CCD739 
  92      C029E2
  93 00b6 4E1A1071 		.ascii	"N\032\020q\027\217\007\304|\235\013\2748\202\227\372"
  93      178F07C4 
  93      7C9D0BBC 
  93      388297FA 
  94 00c6 45D8CDC3 		.ascii	"E\330\315\303~1]\347\006\217\370\272\207\372D\274\200"
  94      7E315DE7 
  94      068FF8BA 
  94      87FA44BC 
  94      80
  95 00d7 C77D62BE 		.ascii	"\307}b\276\256\000\000G\002d/\325\2026\275\310n\024"
  95      AE000047 
ARM GAS  C:\Users\Simone\AppData\Local\Temp\ccl3aaus.s 			page 7


  95      02642FD5 
  95      8236BDC8 
  95      6E14
  96 00e9 3A9C0197 		.ascii	":\234\001\227\327\357\366\370\012`\257\241\211\354u"
  96      D7EFF6F8 
  96      0A60AFA1 
  96      89EC75
  97 00f8 31186270 		.ascii	"1\030bp\212\301+\006\217\030\346i\202\302\201\201\316"
  97      8AC12B06 
  97      8F18E669 
  97      82C28181 
  97      CE
  98 0109 C3EECA4F 		.ascii	"\303\356\312OL\323\214\177\024.i)IRB\356Q\361\000|\006"
  98      4CD38C7F 
  98      142E6929 
  98      495242EE 
  98      51F1007C 
  99 011e 95843D93 		.ascii	"\225\204=\223h~\024q\333\233\3313~\021\203\243`g\325"
  99      687E1471 
  99      DB9BD933 
  99      7E1183A3 
  99      6067D5
 100 0131 25DD8503 		.ascii	"%\335\205\003\346\362\362\354\221\221Cz\215\215$)\350"
 100      E6F2F2EC 
 100      9191437A 
 100      8D8D2429 
 100      E8
 101 0142 08068203 		.ascii	"\010\006\202\003\301\211\340B\360 x\021|\010~\204\000"
 101      C189E042 
 101      F0207811 
 101      7C087E84 
 101      00
 102 0153 4210A118 		.ascii	"B\020\241\030a\015B\011B)B\031\302Z\204r\204u\010\353"
 102      610D4209 
 102      42294219 
 102      C25A8472 
 102      847508EB 
 103 0167 11362054 		.ascii	"\0216 T lD\250D\330\204P\205\260\031a\013\002!Q\246"
 103      206C44A8 
 103      44D88450 
 103      85B01961 
 103      0B022151 
 104 017c 95152F46 		.ascii	"\225\025/F)\033\264\2530\030\357\2114\352(\236%\265"
 104      291BB4AB 
 104      3018EF89 
 104      34EA289E 
 104      25B5
 105 018e 746A7AD2 		.ascii	"tjz\3226G\223\224\232\361wL\033\3469\023\035\033w\360"
 105      36479394 
 105      9AF1774C 
 105      1BE63913 
 105      1D1B77F0 
 106 01a2 29827FEE 		.ascii	")\202\177\356{<\223\324\333\341\303\220i\016\330\223"
 106      7B3C93D4 
 106      DBE1C390 
 106      690ED893 
 107 01b2 5483CFA1 		.ascii	"T\203\317\241\024\276`\3520\370n\333\203\203\256\352"
ARM GAS  C:\Users\Simone\AppData\Local\Temp\ccl3aaus.s 			page 8


 107      14BE60EA 
 107      30F86EDB 
 107      8383AEEA 
 108 01c2 4EB31992 		.ascii	"N\263\031\222\324\006\235\320\016\013\274j\320\005\325"
 108      D4069DD0 
 108      0E0BBC6A 
 108      D005D5
 109 01d1 2C7CBE71 		.ascii	",|\276q6\346F*`U3\201\300\227\354{\\\301t\237&\0254"
 109      36E6462A 
 109      60553381 
 109      C097EC7B 
 109      5CC1749F 
 110 01e8 4D4C3E8B 		.ascii	"ML>\213\217\350\346\365P\206\000\235\257\0219\331z\303"
 110      8FE8E6F5 
 110      5086009D 
 110      AF1139D9 
 110      7AC3
 111 01fa AE04D8E1 		.ascii	"\256\004\330\341+&\240[\012\350;\024\015+\001=\\\000"
 111      2B26A05B 
 111      0AE83B14 
 111      0D2B013D 
 111      5C00
 112 020c 7A02BD5C 		.ascii	"z\002\275\\@d\260\353ed\262\231&%\320'V\357OD\305\352"
 112      4064B0EB 
 112      6564B299 
 112      2625D027 
 112      56EF4F44 
 113 0222 8BD49696 		.ascii	"\213\324\226\226 \374gr!\007\222\037\343\344\334\370"
 113      20FC6772 
 113      2107921F 
 113      E3E4DCF8 
 114 0232 E350CD88 		.ascii	"\343P\315\210\232\356\333\005\213.\210\206\333\347\372"
 114      9AEEDB05 
 114      8B2E8886 
 114      DBE7FA
 115 0241 782D8165 		.ascii	"x-\201e\372\265X\253\015d\232\331\256\322\257V\371\006"
 115      FAB558AB 
 115      0D649AD9 
 115      AED2AF56 
 115      F906
 116 0253 AA17B106 		.ascii	"\252\027\261\006\314:\215\260vG\357\372{c\013R\273\221"
 116      CC3A8DB0 
 116      7647EFFA 
 116      7B630B52 
 116      BB91
 117 0265 152BAFCB 		.ascii	"\025+\257\313\267\212\364\204\220\276\264/J\005\215"
 117      B78AF484 
 117      90BEB42F 
 117      4A058D
 118 0274 43307D10 		.ascii	"C0}\020\211\335\327\270xV\250\223\214%\014\315W\232"
 118      89DDD7B8 
 118      7856A893 
 118      8C250CCD 
 118      579A
 119 0286 DE90CFB0 		.ascii	"\336\220\317\260\007B\237\236\332o\360\007\030\313)"
 119      07429F9E 
 119      DA6FF007 
ARM GAS  C:\Users\Simone\AppData\Local\Temp\ccl3aaus.s 			page 9


 119      18CB29
 120 0295 5C86606F 		.ascii	"\\\206`o\005\011\333\237\020\2436\331\\\375\275\267"
 120      0509DB9F 
 120      10A336D9 
 120      5CFDBDB7 
 121 02a5 27A44067 		.ascii	"'\244@g\016i\177\307\025\342\256\205\323R\241,\256K"
 121      0E697FC7 
 121      15E2AE85 
 121      D352A12C 
 121      AE4B
 122 02b7 10C5461B 		.ascii	"\020\305F\033[\013\370\362\377,//\373\010|\237g\201"
 122      5B0BF8F2 
 122      FF2C2F2F 
 122      FB087C9F 
 122      6781
 123 02c9 7F502B0D 		.ascii	"\177P+\015`\201]\274%\306o\313rxr\240\372QQ\015r\321"
 123      60815DBC 
 123      25C66FCB 
 123      727872A0 
 123      FA51510D 
 124 02df B9AB39A3 		.ascii	"\271\2539\243(\206P\215\207\333\255+\273\357\334\224"
 124      2886508D 
 124      87DBAD2B 
 124      BBEFDC94 
 125 02ef D5F4666F 		.ascii	"\325\364fo\367YEz\316\262\333\312\317'\230\026[\342"
 125      F759457A 
 125      CEB2DBCA 
 125      CF279816 
 125      5BE2
 126 0301 AD2E5E4E 		.ascii	"\255.^N\017\201aa\367\224e\267/\315\337\"\351\257=\345"
 126      0F816161 
 126      F79465B7 
 126      2FCDDF22 
 126      E9AF3DE5 
 127 0315 EF5D6BF3 		.ascii	"\357]k\363\370s\310\363'\325\201\347W\372\033\020D}"
 127      F873C8F3 
 127      27D581E7 
 127      57FA1B10 
 127      447D
 128 0327 8F7A0E8A 		.ascii	"\217z\016\212\243\"\311v\317\205<\315\275\250\226\031"
 128      A322C976 
 128      CF853CCD 
 128      BDA89619 
 129 0337 C17206F8 		.ascii	"\301r\006\370i\023\277;\241e\020eq\232]RU\034\345\207"
 129      6913BF3B 
 129      A1651065 
 129      719A5D52 
 129      551CE587 
 130 034b 49EA5CB2 		.ascii	"I\352\\\262\261\2511y\226\364\016\235\221\345\010\346"
 130      B1A93179 
 130      96F40E9D 
 130      91E508E6 
 131 035b A0F367CE 		.ascii	"\240\363g\316mC\356\361\225gI1#\312\373\360\230P\264"
 131      6D43EEF1 
 131      95674931 
 131      23CAFBF0 
 131      9850B4
ARM GAS  C:\Users\Simone\AppData\Local\Temp\ccl3aaus.s 			page 10


 132 036e 93987E31 		.ascii	"\223\230~1\357&#\325M\211\241Y)vM\366\335tY\221\206"
 132      EF2623D5 
 132      4D89A159 
 132      29764DF6 
 132      DD745991 
 133 0383 330F8F12 		.ascii	"3\017\217\022\306\264\352\264(Ik\237B\331>\016\353\356"
 133      C6B4EAB4 
 133      28496B9F 
 133      42D93E0E 
 133      EBEE
 134 0395 890F37E9 		.ascii	"\211\0177\351\271{\361\013\327\200g!D\270\027G\272\246"
 134      B97BF10B 
 134      D7806721 
 134      44B81747 
 134      BAA6
 135 03a7 2FEADC8B 		.ascii	"/\352\334\213\003G[\266\023\270b\035\355#\307d\206\245"
 135      03475BB6 
 135      13B8621D 
 135      ED23C764 
 135      86A5
 136 03b9 39D46D4A 		.ascii	"9\324mJ\265\315\325\225v\224\011\242\266\023S\373]\326"
 136      B5CDD595 
 136      769409A2 
 136      B61353FB 
 136      5DD6
 137 03cb 45E620F0 		.ascii	"E\346 \360k\236\006\375\246\026\232F\203\312\270ANe"
 137      6B9E06FD 
 137      A6169A46 
 137      83CAB841 
 137      4E65
 138 03dd D0A865D0 		.ascii	"\320\250e\320\332\264\233\017\376\377\326\273\306I\355"
 138      DAB49B0F 
 138      FEFFD6BB 
 138      C649ED
 139 03ec 483A9369 		.ascii	"H:\223iP\271`zpzy\301\322\317\266\327\365\014\307\312"
 139      50B9607A 
 139      707A79C1 
 139      D2CFB6D7 
 139      F50CC7CA 
 140 0400 D31C0B70 		.ascii	"\323\034\013p\307\242\354\\d\216\305\250\027\265\001"
 140      C7A2EC5C 
 140      648EC5A8 
 140      17B501
 141 040f D776ED9E 		.ascii	"\327v\355\236\324\266.\373\346\271\241\022\276\231\251"
 141      D4B62EFB 
 141      E6B9A112 
 141      BE99A9
 142 041e 6DBD641A 		.ascii	"m\275d\032\233\233\327\254\332\372\011\314f\210[\237"
 142      9B9BD7AC 
 142      DAFA09CC 
 142      66885B9F 
 143 042e 26CE2FDB 		.ascii	"&\316/\333\311\235j\247\305\311<\266vTm\355\030o\247"
 143      C99D6AA7 
 143      C5C93CB6 
 143      76546DED 
 143      186FA7
 144 0441 87EF8D5D 		.ascii	"\207\357\215]0\304\213BG\307\220F\340w\371\242\022?"
ARM GAS  C:\Users\Simone\AppData\Local\Temp\ccl3aaus.s 			page 11


 144      30C48B42 
 144      47C79046 
 144      E077F9A2 
 144      123F
 145 0453 17B5F83B 		.ascii	"\027\265\370;\216\367\234\347\327\273a.e\276*\031|\221"
 145      8EF79CE7 
 145      D7BB612E 
 145      65BE2A19 
 145      7C91
 146 0465 C713E12B 		.ascii	"\307\023\341+T*`\257\220\016\370\203)\230\223\012\022"
 146      542A60AF 
 146      900EF883 
 146      2998930A 
 146      12
 147 0476 EDD16752 		.ascii	"\355\321gR\002\346\271\000|-\205[\\@\367\255\303C\342"
 147      02E6B900 
 147      7C2D855B 
 147      5C40F7AD 
 147      C343E2
 148 0489 F86BF412 		.ascii	"\370k\364\022\370\323\352\346K\227e\3117\344\320d\267"
 148      F8D3EAE6 
 148      4B9765C9 
 148      37E4D064 
 148      B7
 149 049a 55767756 		.ascii	"UvwVvs\005#\342\3335\237\336\375K\321\336\305\336\255"
 149      76730523 
 149      E2DB359F 
 149      DEFD4BD1 
 149      DEC5DEAD 
 150 04ae E0BDEB51 		.ascii	"\340\275\353QW\325hT\212\335\230}\177\304\025i\"\363"
 150      57D56854 
 150      8ADD987D 
 150      7FC41569 
 150      22F3
 151 04c0 AAAA644C 		.ascii	"\252\252dL\253\356\246JF\361\361\241\367\273\370\346"
 151      ABEEA64A 
 151      46F1F1A1 
 151      F7BBF8E6 
 152 04d0 67EFD7B0 		.ascii	"g\357\327\260\220j\016\237l\216\002\353\252J\204\267"
 152      906A0E9F 
 152      6C8E02EB 
 152      AA4A84B7 
 153 04e0 892F6DCA 		.ascii	"\211/m\312!\315{\\\221\003\025\335_Y\275*F\304\267N"
 153      21CD7B5C 
 153      910315DD 
 153      5F59BD2A 
 153      46C4B74E 
 154 04f4 3ED57BA0 		.ascii	">\325{\240h\377\306\352Uq\203A0o\316\201h\221\023\341"
 154      68FFC6EA 
 154      55718341 
 154      306FCE81 
 154      689113E1 
 155 0508 BF32B0B4 		.ascii	"\2772\260\264R\337\026F\224\267\276\244\242}\210\372"
 155      52DF1646 
 155      94B7BEA4 
 155      A27D88FA 
 156 0518 B6906B10 		.ascii	"\266\220k\020\032\230z\001iDy\201\225\225m\344\3555"
ARM GAS  C:\Users\Simone\AppData\Local\Temp\ccl3aaus.s 			page 12


 156      1A987A01 
 156      69447981 
 156      95956DE4 
 156      ED35
 157 052a 35B5EC77 		.ascii	"5\265\354w\307\316]\257\355\332\335\260\365\251\255"
 157      C7CE5DAF 
 157      EDDADDB0 
 157      F5A9AD
 158 0539 B5BB1B6A 		.ascii	"\265\273\033jw\276Z_\373\346\356\267\336n\250}\361\245"
 158      77BE5A5F 
 158      FBE6EEB7 
 158      DE6EA87D 
 158      F1A5
 159 054b E79F7C42 		.ascii	"\347\237|B\340s\333\366\354\301\310+\365\365\257\327"
 159      E073DBF6 
 159      ECC1C82B 
 159      F5F5AFD7 
 160 055b EC20FF02 		.ascii	"\354 \377\002R=\241\205"
 160      523DA185 
 161              		.text
 162              		.section	.gnu.lto_.symbol_nodes.ce138bbf,"",%progbits
 163 0000 789C6366 		.ascii	"x\234cf``\320a\200\002\246IL\365\014\014\023\31610\324"
 163      6060D061 
 163      8002A649 
 163      4CF50C0C 
 163      13CE3130 
 164 0015 D733CC5B 		.ascii	"\3273\314[\300\301\3004\231\251\236\021Y\200u\002\023"
 164      C0C1C034 
 164      99A99E11 
 164      59807502 
 164      13
 165 0026 C3429022 		.ascii	"\303B\220\"\000\013J\013Y"
 165      000B4A0B 
 165      59
 166              		.text
 167              		.section	.gnu.lto_.refs.ce138bbf,"",%progbits
 168 0000 789C6366 		.ascii	"x\234cf```d\200\002\000\000=\000\005"
 168      60606064 
 168      80020000 
 168      3D0005
 169              		.text
 170              		.section	.gnu.lto_.decls.ce138bbf,"",%progbits
 171 0000 789CCD57 		.ascii	"x\234\315WkPTG\026\276}{f\030\206\001,\331\230\024\225"
 171      6B505447 
 171      16BE7D7B 
 171      66188601 
 171      2CD99814 
 172 0015 AA10524B 		.ascii	"\252\020RK\271I\004\001\223J\362g5\343\263\326$\324"
 172      B9490401 
 172      934AF267 
 172      35E3B3D6 
 172      24D4
 173 0027 8CFBAA50 		.ascii	"\214\373\252PE\020\306uJ\036\256\014U\370\357\362P@"
 173      4510C675 
 173      4A1EAE0C 
 173      55F8EFF2 
 173      5040
ARM GAS  C:\Users\Simone\AppData\Local\Temp\ccl3aaus.s 			page 13


 174 0039 511E3E02 		.ascii	"Q\036>\002>'\002\362\230\001\024\014\256B\200\350\202"
 174      3E2702F2 
 174      9801140C 
 174      AE4280E8 
 174      82
 175 004a F8225930 		.ascii	"\370\"Y0\340+B\320\010*(*\312K\231=\335=\367\316p\231"
 175      E02B42D0 
 175      082A282A 
 175      CA4B993D 
 175      DD3DF7CE 
 176 0060 ECA36A7F 		.ascii	"\354\243j\177\354\2559\323}\372|\347\3649\247O\367\355"
 176      ECAD39D3 
 176      7DFA7CE7 
 176      F439A74F 
 176      F7ED
 177 0072 8B398E53 		.ascii	"\2139\216S \216\263\303\3236\207\343\236\362\034\207"
 177      208EB3C3 
 177      D33687E3 
 177      9EF21C87 
 178 0082 612C8273 		.ascii	"a,\202s>0\304\331\200\252\201\000\312\235\346f>D\346"
 178      3E30C4D9 
 178      80AA8100 
 178      CA9DE666 
 178      3E44E6
 179 0095 E1D07913 		.ascii	"\341\320y\023h.\200\346\0005A\337\037\332\327\200\324"
 179      682E80E6 
 179      003541DF 
 179      1FDAD780 
 179      D4
 180 00a6 D0D740AB 		.ascii	"\320\327@\253\005\032\201\3764\320\024\320\257\200\037"
 180      051A81FE 
 180      34D014D0 
 180      AF801F
 181 00b5 83F615E4 		.ascii	"\203\366\025\344\234\347u\304\315z\310\334\236\377f"
 181      9CE775C4 
 181      CD7AC8DC 
 181      9EFF66
 182 00c4 8E50A010 		.ascii	"\216P\240\020 \215\213\355\307\3047h\237A;\351\230\347"
 182      208D8BED 
 182      C7C43768 
 182      9F413BE9 
 182      98E7
 183 00d6 6DC402B1 		.ascii	"m\304\002\261;\342\251\236=\035\367\230G\247\252G/{"
 183      3BE2A99E 
 183      3D1DF798 
 183      47A7AA47 
 183      2F7B
 184 00e8 0DF2C847 		.ascii	"\015\362\310G\023@\330\323\005\355\205*`\265\032\005"
 184      1340D8D3 
 184      05ED852A 
 184      60B51A05 
 185 00f8 611BA6FA 		.ascii	"a\033\246\372\257(^\335#\300\223\227.\314Q\240\210y"
 185      AF285EDD 
 185      23C09397 
 185      2ECC51A0 
 185      8879
 186 010a A80CF9A3 		.ascii	"\250\014\371\243r\344\017V+\320\253\360\377\271\202"
ARM GAS  C:\Users\Simone\AppData\Local\Temp\ccl3aaus.s 			page 14


 186      72E40F56 
 186      2BD0ABF0 
 186      FFB982
 187 0119 59CACD1B 		.ascii	"Y\312\315\033>\2110\217H\277\270\360\247+\232w+A-Kh"
 187      3E89308F 
 187      48BFB8F0 
 187      A72B9A77 
 187      2B412D4B 
 188 012e 1947CEE9 		.ascii	"\031G\316\351zJsR\265\001\207\004\313\261\221\352+\231"
 188      7A4A7352 
 188      B5018704 
 188      CBB191EA 
 188      2B99
 189 0140 B848B0A4 		.ascii	"\270H\260\244\011\323v;\242\306P%\302\310\212\336%X"
 189      09D3763B 
 189      A2C65025 
 189      C2C88ADE 
 189      2558
 190 0152 D2A74AC8 		.ascii	"\322\247J\310\206\002@\261\254\254\273J\211?\243\326"
 190      860240B1 
 190      ACACBB4A 
 190      893FA3D6 
 191 0162 9FB4F45E 		.ascii	"\237\264\364^\307\324\210\245\262T\325.\264\330\355"
 191      C7D488A5 
 191      B254D52E 
 191      B4D8ED
 192 0171 BFA5FA55 		.ascii	"\277\245\372U.\372U\242~5\325on\032o\323\340/\250~N"
 192      2EFA55A2 
 192      7E35D56F 
 192      6E1A6FD3 
 192      E02FA87E 
 193 0186 56DF790D 		.ascii	"V\337y\0156\321~\352\321\206\034\017\010\370M\015\365"
 193      36D17EEA 
 193      D1861C0F 
 193      08F84D0D 
 193      F5
 194 0197 AF77FF44 		.ascii	"\257w\377D\211'eI\255\370\302\020\337~W(\366AA\232\022"
 194      89276549 
 194      ADF8C210 
 194      DF7E5728 
 194      F641419A 
 195 01ac 886664A8 		.ascii	"\210fd\250\270\177e\272\260\030\235@\032tL\232\215j"
 195      B87F65BA 
 195      B0189D40 
 195      1A744C9A 
 195      8D6A
 196 01be 93274B10 		.ascii	"\223'K\020\322H\246<\333}8)Q\250\016\005\001\202b\321"
 196      D248A63C 
 196      DB7D3829 
 196      51A80E05 
 196      018262D1 
 197 01d2 7118AC85 		.ascii	"q\030\254\205A0\334\372\242)C\2114A\356\225\352\335"
 197      4130DCFA 
 197      A2294389 
 197      3441EE95 
 197      EADD
 198 01e4 2851171A 		.ascii	"(Q\027\0322\013\346\011\202\002}\015.\3248]\000\217"
ARM GAS  C:\Users\Simone\AppData\Local\Temp\ccl3aaus.s 			page 15


 198      320BE609 
 198      82027D0D 
 198      2ED4385D 
 198      008F
 199 01f6 A42CFF3C 		.ascii	"\244,\377<d\355\324\340\223l-\332F\033\262Uo\234\343"
 199      64EDD4E0 
 199      936C2DDA 
 199      461BB255 
 199      6F9CE3
 200 0209 0F0A6A2A 		.ascii	"\017\012j*\254\273q\366\231\032B\004}ar\353|\232\320"
 200      ACBB71F6 
 200      991A4204 
 200      7D6172EB 
 200      7C9AD0
 201 021c 67E5999A 		.ascii	"g\345\231\232\267\276\022,GF\252\017\231\350\242\010"
 201      B7BE122C 
 201      4746AA0F 
 201      99E8A208 
 202 022c 24A7748E 		.ascii	"$\247t\216\223l\016\227u'#\177Cop\350\024q\3644z\013"
 202      936C0E97 
 202      7527237F 
 202      436F70E8 
 202      1471F434 
 203 0242 4CF40F0C 		.ascii	"L\364\017\014\244ii\035\265\250\211\311\023\315uO\264"
 203      A469691D 
 203      B5A889C9 
 203      13CD754F 
 203      B4
 204 0253 B490B2A8 		.ascii	"\264\220\262\250\027\373:z\262\225\370G\346\322\360"
 204      17FB3A7A 
 204      B295F847 
 204      E6D2F0
 205 0262 9992140D 		.ascii	"\231\222\024\015\204\235\376\237\205\015\032i\337\017"
 205      849DFE9F 
 205      850D1A69 
 205      DF0F
 206 0270 DDF6C5F7 		.ascii	"\335\366\305\367\230\372\325[}-^x\2101B\356@\006\306"
 206      98FAD55B 
 206      7D2D5E78 
 206      883142EE 
 206      4006C6
 207 0283 A38C29D9 		.ascii	"\243\214)\331\263\327\246\244\263R'\262\013\322\007"
 207      B3D7A6A4 
 207      B35227B2 
 207      0BD207
 208 0292 D47882C9 		.ascii	"\324x\202\311jj\247\016{\342\227\214\271\330?\376\224"
 208      6A6AA70E 
 208      7BE2978C 
 208      B9D83FFE 
 208      94
 209 02a3 B93787B0 		.ascii	"\2717\207\260\007\333Z;Ux+\246\262\307\335\365\357\340"
 209      07DB5A3B 
 209      55782BA6 
 209      B2C7DDF5 
 209      EFE0
 210 02b5 5CD62F1A 		.ascii	"\\\326/\032\273\324\346Kq\257Q\373Ws\017`\\\310d\023"
 210      BBD4E64B 
ARM GAS  C:\Users\Simone\AppData\Local\Temp\ccl3aaus.s 			page 16


 210      71AF51FB 
 210      57730F60 
 210      5CC86413 
 211 02c9 1D035F63 		.ascii	"\035\003_c|\2041\342>\322\262}\324U\236\227\245\306"
 211      7C8431E2 
 211      3ED2B27D 
 211      D4559E97 
 211      A5C6
 212 02db 5626AB2D 		.ascii	"V&\253-.\255\367\244\271YL\330m\333\217\333=H\370\202"
 212      2EADF7A4 
 212      B9594CD8 
 212      6DDB8FDB 
 212      3D48F882 
 213 02ef 237C5072 		.ascii	"#|Pr\311n\007YH4\337\037\375\206F\236z\260\264\017\317"
 213      C96E0759 
 213      4834DF1F 
 213      FD86469E 
 213      7AB0B40F 
 214 0304 CDA3688B 		.ascii	"\315\243h\213\020`\246kr\031\320g(\372;4W\324!\350\016"
 214      1060A66B 
 214      7219D067 
 214      28FA3B34 
 214      57D421E8 
 215 0319 A130CF07 		.ascii	"\2410\317\007\237`\363\226\367w\024xS\237\350*W\336"
 215      9F60F396 
 215      F7771478 
 215      539FE82A 
 215      57DE
 216 032b 9A4A57E2 		.ascii	"\232JW\342&&\353\035\353=\343Ae\013\011{\256\264\346"
 216      2626EB1D 
 216      EB3DE341 
 216      650B097B 
 216      AEB4E6
 217 033e B00AB731 		.ascii	"\260\012\2671\331\271\007\317\357#\334\301\230\324\226"
 217      D9B907CF 
 217      EF23DCC1 
 217      98D496
 218 034d AA2E06FC 		.ascii	"\252.\006\374\200\260w\253\332\212}p7\223]+\313\334"
 218      80B077AB 
 218      DA8A7D70 
 218      37935D2B 
 218      CBDC
 219 035f A5C67D33 		.ascii	"\245\306}3\243\324\262([{\266\336S\341A&\263\327\027"
 219      A3D4B228 
 219      5B7BB6DE 
 219      53E14126 
 219      B3D717
 220 0372 9EF7C623 		.ascii	"\236\367\306#\216T\035\317\233\360\241\300\225\2642"
 220      8E541DCF 
 220      9BF0A1C0 
 220      95B432
 221 0381 DAD35A95 		.ascii	"\332\323Z\225x\222\311\006\232\206\004\236\312\"\010"
 221      7892C906 
 221      9A86049E 
 221      CA2208
 222 0390 BBE38EA5 		.ascii	"\273\343\216\245X\2153\024l-\206\357\346\252\360N\306"
 222      588D3314 
ARM GAS  C:\Users\Simone\AppData\Local\Temp\ccl3aaus.s 			page 17


 222      6C2D86EF 
 222      E6AAF04E 
 222      C6
 223 03a1 6435EE3E 		.ascii	"d5\356>\312f\373\023a\247\246+\036y\343B&\263\226\011"
 223      CA66FB13 
 223      61A7A62B 
 223      1E79E342 
 223      26B39609 
 224 03b5 F3F011D6 		.ascii	"\363\360\021\326?\326l\315f\270/\350\332V\336*\367\305"
 224      3FD66CCD 
 224      66B82FE8 
 224      DA56DE2A 
 224      F7C5
 225 03c7 3626EB6E 		.ascii	"6&\353n\275~\323\033\3273f\177^g\021\253\210\365\204"
 225      BD7ED31B 
 225      D733667F 
 225      5E6711AB 
 225      88F584
 226 03da CD2FDDBD 		.ascii	"\315/\335\275\225\307-Lvxg\355\004;\0257\022\266\271"
 226      95C72D4C 
 226      767867ED 
 226      043B1537 
 226      12B6B9
 227 03ed ADE38827 		.ascii	"\255\343\210'ne\262\311\234\2726\036\237g\314\361\037"
 227      6E65B2C9 
 227      9CBA361E 
 227      9F67CCF1 
 227      1F
 228 03fe 067B3414 		.ascii	"\006{4\024\230BXKWs\205\026w1\331\236\306\003\005\314"
 228      9842584B 
 228      57738516 
 228      7731D99E 
 228      C60305CC 
 229 0412 1381F2F7 		.ascii	"\023\201\362\367\353\246o+\3615*\014h\033\335\336\340"
 229      EBA66F2B 
 229      F1352A0C 
 229      681BDDDE 
 229      E0
 230 0423 81021D8F 		.ascii	"\201\002\035\217_\240\333'\310\"d\244\217\\\252\033"
 230      5FA0DB27 
 230      C82264A4 
 230      8F5CAA1B 
 231 0433 0DAEA815 		.ascii	"\015\256\250\025Z20j\202R\270\000\233q\034\3719w\320"
 231      5A32306A 
 231      8252B800 
 231      9B711CF9 
 231      3977D0
 232 0446 455A176F 		.ascii	"EZ\027o\303\037G\360\226\313VU\373B\012m\226C\347\317"
 232      C31F47F0 
 232      96CB5655 
 232      FB420A6D 
 232      9643E7CF 
 233 045a 44665789 		.ascii	"DfW\211\310a9\362\241\314\350#\311\350\217r\350-W\250"
 233      C86139F2 
 233      A1CCE823 
 233      C9E88F72 
 233      E82D57A8 
ARM GAS  C:\Users\Simone\AppData\Local\Temp\ccl3aaus.s 			page 18


 234 046e 20585EBE 		.ascii	" X^\276\003H(St\327\201\024\213\027\015\310\214\332"
 234      03482853 
 234      74D78114 
 234      8B170DC8 
 234      8CDA
 235 0480 25A3F7E5 		.ascii	"%\243\367\345F\357Qh\031\222\254f-pX} \267:$\263:-Y"
 235      46EF5168 
 235      1992AC66 
 235      2D70587D 
 235      20B73A24 
 236 0498 1D746F95 		.ascii	"\035to\225B\363\351\006\023\204\305f\0165\200\274\221"
 236      42F3E906 
 236      1384C566 
 236      0E3580BC 
 236      91
 237 04a9 8A089A9C 		.ascii	"\212\010\232\234}\271|\020z\214\002\321$P&\037\210v"
 237      7DB97C10 
 237      7A8C02D1 
 237      2450261F 
 237      8876
 238 04bb 006D03CA 		.ascii	"\000m\003\312\001\332\016\224\0014\002\262i\2404\350"
 238      01DA0E94 
 238      013402B2 
 238      69A034E8 
 239 04cb A703ED04 		.ascii	"\247\003\355\004\312\006\312\002\232\202q\001\332-@"
 239      CA06CA02 
 239      9A827101 
 239      DA2D40
 240 04da 4FA1BF15 		.ascii	"O\241\277\025\332\011h_\002\245B\337\016\355(\320\030"
 240      DA09685F 
 240      02A542DF 
 240      0EED28D0 
 240      18
 241 04eb D033A0E7 		.ascii	"\3203\240\347@O\200^\240@z\246\323@&\244@\372\344\201"
 241      404F805E 
 241      A0407AA6 
 241      D34026A4 
 241      40FAE481 
 242 04ff FC248BB9 		.ascii	"\374$\213\271C\202\266\270]s1\221\000\035\222\240W\345"
 242      4382B6B8 
 242      5D733191 
 242      001D92A0 
 242      57E5
 243 0511 D06B32AB 		.ascii	"\320k2\253\333\244\372x\344\276>\244\365I\263LR\263"
 243      DBA4FA78 
 243      E4BE3EA4 
 243      F549B34C 
 243      52B3
 244 0523 E4ACEA77 		.ascii	"\344\254\352w\357\254\213\013\267$\027.\271/f\027\354"
 244      EFAC8B0B 
 244      B724172E 
 244      B92F6617 
 244      EC
 245 0534 0B09FBB3 		.ascii	"\013\011\373\263\034{G\216\035\226\260\327\335\207\346"
 245      1C7B478E 
 245      1D96B0D7 
 245      DD87E6
ARM GAS  C:\Users\Simone\AppData\Local\Temp\ccl3aaus.s 			page 19


 246 0543 829D92B0 		.ascii	"\202\235\222\260\267\335\333u\026t\257X\320\337\313"
 246      B7DDDB75 
 246      1674AF58 
 246      D0DFCB
 247 0552 4BEF1FB2 		.ascii	"K\357\037\262\204\015JF;\345F\273f\030M\263\334\224"
 247      840D4A46 
 247      3BE546BB 
 247      66184DB3 
 247      DC94
 248 0564 F2755E0E 		.ascii	"\362u^\016m\227\327\376C\321\201\033r\007n\312\034\030"
 248      6D97D7FE 
 248      43D1811B 
 248      72076ECA 
 248      1C18
 249 0576 971CE875 		.ascii	"\227\034\350u\277M]2\360\235\204\375V\216=#s\366\201"
 249      BF4D5D32 
 249      F09D84FD 
 249      568E3D23 
 249      73F681
 250 0589 E46C8F1C 		.ascii	"\344l\217\034\332-7{_2\373\203{\254\323\333k\022\364"
 250      DA2D377B 
 250      5F32FB83 
 250      7BACD3DB 
 250      6B12F4
 251 059c EF7268AB 		.ascii	"\357rh\253\014zC\202\236s\237.'\364\272\004mso\325\305"
 251      0C7A4382 
 251      9E739F2E 
 251      27F4BA04 
 251      6D736FD5 
 252 05b1 D9AB12F6 		.ascii	"\331\253\022\366\254\373\034\270`\357I\330+\356\027"
 252      ACFB1CB8 
 252      60EF49D8 
 252      2BEE17
 253 05c0 9761C99D 		.ascii	"\227a\311\235\255\357\242U% \202\341\304\373\251xW\343"
 253      ADEFA255 
 253      252082E1 
 253      C4FBA978 
 253      57E3
 254 05d2 AF675EAC 		.ascii	"\257g^\254\324 \277 w\007\020\312\207s\347\377\345\014"
 254      D420BF20 
 254      770710CA 
 254      8773E7FF 
 254      E50C
 255 05e4 A281E4C4 		.ascii	"\242\201\344\304\253Q\036\357\207\276q^<IT\342\305\263"
 255      AB511EEF 
 255      87BE715E 
 255      3C4954E2 
 255      C5B3
 256 05f6 FBE178A3 		.ascii	"\373\341x\243R\273\315y\241\245`\347\335\246\200\327"
 256      52BBCD79 
 256      A1A560E7 
 256      DDA680D7 
 257 0606 D23B39B4 		.ascii	"\322;9\264\200\036:[4\201\361!%y\003*\354/R;\275\340"
 257      801E3A5B 
 257      3481F121 
 257      2579032A 
 257      EC2F523B 
ARM GAS  C:\Users\Simone\AppData\Local\Temp\ccl3aaus.s 			page 20


 258 061c 0DE847DF 		.ascii	"\015\350G\337r}\015\326\013Z\301\345\275\265\227\377"
 258      727D0DD6 
 258      0B5AC1E5 
 258      BDB597FF 
 259 062c E5F756E3 		.ascii	"\345\367V\343\214\367\306l$[\210|\307\025\212$\330y"
 259      8CF7C66C 
 259      245B887C 
 259      C7158A24 
 259      D879
 260 063e 7F226892 		.ascii	"\177\"h\222\335/!\273\273!\013{x\227hO\321e\003\310"
 260      DD2F21BB 
 260      BB210B7B 
 260      7897684F 
 260      D16503C8 
 261 0652 EC65BBBB 		.ascii	"\354e\273\273ob\247s\331fZEE`\354_\032\376f\203\032"
 261      6F62A773 
 261      D9665A45 
 261      4560EC5F 
 261      1AFE6683 
 262 0667 15026017 		.ascii	"\025\002`\027/\245\221\314\"\246\361\366\267\2356\325"
 262      2FA591CC 
 262      22A6F1F6 
 262      B79D36D5 
 263 0677 8C3416CE 		.ascii	"\2144\026\316H\343>G\032\367\3214\036\256\275\360@\201"
 263      48E33E47 
 263      1AF7D134 
 263      1EAEBDF0 
 263      4081
 264 0689 2B95ECBA 		.ascii	"+\225\354\2726\375e\2727|\033\265\300\007\326\315d\351"
 264      36FD65BA 
 264      377C1BB5 
 264      C007D6CD 
 264      64E9
 265 069b FB8AA7DF 		.ascii	"\373\212\247\337G\373y\347\367\021\364\331\367\321\001"
 265      47FB79E7 
 265      F711F4D9 
 265      F7D101
 266 06aa 9E7C1F35 		.ascii	"\236|\0375\214\327\227\371\320;j\037\273\3155\016>c"
 266      8CD797F9 
 266      D03B6A1F 
 266      BBCD350E 
 266      3E63
 267 06bc 17DFD7E9 		.ascii	"\027\337\327\351\375\273e\313s\036\267\2629\006w\026"
 267      FDBB65CB 
 267      731EB7B2 
 267      39067716 
 268 06cc A67BE32E 		.ascii	"\246{\343.\306\234i\337U\343\205{\030s\355\302\3752"
 268      C69C69DF 
 268      55E3857B 
 268      1873EDC2 
 268      FD32
 269 06de 15BEC998 		.ascii	"\025\276\311\230\243\273\307\262}\361\035\306\214M\015"
 269      A3BBC7B2 
 269      7DF11DC6 
 269      8C4D0D
 270 06ed 7F840758 		.ascii	"\177\204\007X\177\357\245\376|\017<L\031\317-\223\326"
 270      7FEFA5FE 
ARM GAS  C:\Users\Simone\AppData\Local\Temp\ccl3aaus.s 			page 21


 270      7C0F3C4C 
 270      19CF2D93 
 270      D6
 271 06fe 7C6FC7CD 		.ascii	"|o\307\315\307/(\320q\305)\371\265\313\025\347+p\333"
 271      C72F28D0 
 271      71C529F9 
 271      B5CB15E7 
 271      2B70DB
 272 0711 F60BAB4A 		.ascii	"\366\013\253J\013\300Z!\026@\261\034:k\333VI\330\022"
 272      0BC05A21 
 272      1640B11C 
 272      3A6BDB56 
 272      49D812
 273 0724 3976D671 		.ascii	"9v\326qP)a\217\270\267\353\254\301r\011jq\353\255\023"
 273      5029618F 
 273      B8B7EBAC 
 273      C172096A 
 273      71EBAD13 
 274 0738 592D214B 		.ascii	"Y-!K\345H\227\243\313\36588\310\373\243C<\021\331\034"
 274      E54897A3 
 274      CBF53838 
 274      C8FBA343 
 274      3C11D91C 
 275 074c 45550545 		.ascii	"EU\005EU\011Eu\024\250\002\250\014\250\032\250\034\310"
 275      55094575 
 275      14A802A8 
 275      0CA81AA8 
 275      1CC8
 276 075e EA5A6887 		.ascii	"\352Zh\207*H\005\333fU0\335c\266\212\231{\314M2\250"
 276      2A4805DB 
 276      665530DD 
 276      63B68A99 
 276      7BCC4D32 
 277 0773 2F50EE3B 		.ascii	"/P\356;lEcj\331)%\272\205\216\2017\377\265g5&5\252\001"
 277      6C45636A 
 277      D92925BA 
 277      858E8137 
 277      FFB56735 
 278 078b A5C3CE2D 		.ascii	"\245\303\316-`s\331\002\305\017\037\236\366\232\261"
 278      6073D902 
 278      C50F1F9E 
 278      F69AB1
 279 079a 056A666C 		.ascii	"\005jfl\201\343\216-@Z\355\372\350\270\250\270\270\330"
 279      81E38E2D 
 279      405AEDFA 
 279      E8B8A8B8 
 279      B8D8
 280 07ac 285382C9 		.ascii	"(S\202\311\254Z\361\351\357\003t\334\007\301\301!\360"
 280      AC5AF1E9 
 280      EF0374DC 
 280      07C1C121 
 280      F0
 281 07bd 8B596F5A 		.ascii	"\213YoZkJL\012}?4$1)\004p!\033\023"
 281      6B4A4C0A 
 281      7D3F3424 
 281      31290470 
 281      211B13
ARM GAS  C:\Users\Simone\AppData\Local\Temp\ccl3aaus.s 			page 22


 282 07d0 37999342 		.ascii	"7\231\223B\014k>\011\017c\377\313\027\245\244\2048,"
 282      0C6B3E09 
 282      0F63FFCB 
 282      17A5A484 
 282      382C
 283 07e2 04C77073 		.ascii	"\004\307ps\222\314\361\341aQ1q\2111\033\250Au\262)\301"
 283      92CCF1E1 
 283      61513171 
 283      89311BA8 
 283      4175B229 
 284 07f7 0C23664D 		.ascii	"\014#fMT\224\330]\027\363Q$5\235dN\2165%F\232\023\023"
 284      5494D85D 
 284      17F35124 
 284      359D644E 
 284      8E352546 
 285 080e E39222FF 		.ascii	"\343\222\"\377\222\220\034@{\001\321\233\342\003\214"
 285      92901C40 
 285      7B01D19B 
 285      E2038C
 286 081d F16B8DB1 		.ascii	"\361k\215\261\261\306\330\310E\301\037\006\204-\014"
 286      B1C6D8C8 
 286      45C11F06 
 286      842D0C
 287 082c 7DEFAFE1 		.ascii	"}\357\257\341\2210\276 !1\301\270\300\030\275\326\024"
 287      9130BE20 
 287      2131C1B8 
 287      C018BDD6 
 287      14
 288 083d 694A8889 		.ascii	"iJ\210\211K\2165F\306G\203\255\004cdT\254q]tr\2349\312"
 288      4B8E3546 
 288      C64783AD 
 288      04636454 
 288      AC715D74 
 289 0855 BC79A331 		.ascii	"\274y\2431)x=\367\371\377t\232\244\315I\221QI\346X\210"
 289      29783DF7 
 289      F9FF749A 
 289      A4CD4991 
 289      5149E658 
 290 086a 016CFB1A 		.ascii	"\001l\373\0326'\231\215\361\272\304MF\035\211\365\225"
 290      3627998D 
 290      F1BAC44D 
 290      461D89F5 
 290      95
 291 087b E0D86873 		.ascii	"\340\330hst\260l\324K\257\323E\255\001w\226\032\327"
 291      74B06CD4 
 291      4BAFD345 
 291      AD017796 
 291      1AD7
 292 088d F13ABD47 		.ascii	"\361:\275G\304\352\325\272\345+\364\012\362\207u\253"
 292      C4EAD5BA 
 292      E52BF40A 
 292      F28775AB 
 293 089d F4EA252B 		.ascii	"\364\352%+?\016\325\033\326\320N\230\330\011'\035O\375"
 293      3F0ED51B 
 293      D6D04E98 
 293      D809271D 
 293      4FFD
ARM GAS  C:\Users\Simone\AppData\Local\Temp\ccl3aaus.s 			page 23


 294 08af 32C332FD 		.ascii	"2\3032\375\037\226-]\250^\022!\202\"\030H\222\205z\020"
 294      1F962D5D 
 294      A85E1221 
 294      82221848 
 294      92857A10 
 295 08c3 03CB3ED5 		.ascii	"\003\313>\325\2236\314\321\206C+!\302<\2106\225DP\204"
 295      9336CCD1 
 295      86432B21 
 295      C23C8836 
 295      95445084 
 296 08d7 2409F724 		.ascii	"$\011\367$\272\253#\310\030\321\226z\341\254'\342\026"
 296      BAAB23C8 
 296      18D1967A 
 296      E1AC27E2 
 296      16
 297 08e8 79120B0E 		.ascii	"y\022\013\016i\204\210\023\245\357)>^\252\203X\014\316"
 297      69848813 
 297      A5EF293E 
 297      5EAA8358 
 297      0CCE
 298 08fa A1F79506 		.ascii	"\241\367\225\006\203n\205^\003\301\256\0123\220P?tW"
 298      836E855E 
 298      03C1AE0A 
 298      3390503F 
 298      7457
 299 090c 4DC61473 		.ascii	"M\306\024s\210\356\023\303*\003\324\221K)\321\372Y\267"
 299      88EE13C3 
 299      2A03D491 
 299      4B29D1FA 
 299      59B7
 300 091e 6861688A 		.ascii	"hah\212\021\322\354\025\361G\275\230@\177\261N\327F"
 300      11D2EC15 
 300      F147BD98 
 300      407FB14E 
 300      D746
 301 0930 C76C48DE 		.ascii	"\307lH\336\030\025\233\030\037mJ\240E\346\275|\365\022"
 301      18159B18 
 301      1F6D4AA0 
 301      45E6BD7C 
 301      F512
 302 0942 C34A1188 		.ascii	"\303J\021\210\227\350\364\212\337-\373\263\336\343\263"
 302      97E8F48A 
 302      DF2DFBB3 
 302      DEE3B3
 303 0951 8835A4E5 		.ascii	"\2105\244\345\015z%tuz\025\375\017\375'\253\277\263"
 303      0D7A2574 
 303      757A15FD 
 303      0FFD27AB 
 303      BFB3
 304 0963 0F       		.ascii	"\017"
 305              		.text
 306              		.section	.gnu.lto_.symtab.ce138bbf,"",%progbits
 307 0000 68616C5F 		.ascii	"hal_lld_init\000\000\000\000\000\000\000\000\000\000"
 307      6C6C645F 
 307      696E6974 
 307      00000000 
 307      00000000 
ARM GAS  C:\Users\Simone\AppData\Local\Temp\ccl3aaus.s 			page 24


 308 0016 0000AC00 		.ascii	"\000\000\254\000\000\000stm32_clock_init\000\000\000"
 308      00007374 
 308      6D33325F 
 308      636C6F63 
 308      6B5F696E 
 309 002f 00000000 		.ascii	"\000\000\000\000\000\000\000\000\000\256\000\000\000"
 309      00000000 
 309      00AE0000 
 309      00
 310 003c 53797374 		.ascii	"SystemCoreClock\000\000\000\000\000\000\000\000\000"
 310      656D436F 
 310      7265436C 
 310      6F636B00 
 310      00000000 
 311 0054 000000BA 		.ascii	"\000\000\000\272\000\000\000"
 311      000000
 312              		.text
 313              		.section	.gnu.lto_.opts,"",%progbits
 314 0000 272D666E 		.ascii	"'-fno-trapv' '-mcpu=cortex-m4' '-mno-thumb-interwor"
 314      6F2D7472 
 314      61707627 
 314      20272D6D 
 314      6370753D 
 315 0033 6B272027 		.ascii	"k' '-mthumb' '-ggdb' '-O2' '-fomit-frame-pointer' '"
 315      2D6D7468 
 315      756D6227 
 315      20272D67 
 315      67646227 
 316 0066 2D66616C 		.ascii	"-falign-functions=16' '-ffunction-sections' '-fdata"
 316      69676E2D 
 316      66756E63 
 316      74696F6E 
 316      733D3136 
 317 0099 2D736563 		.ascii	"-sections' '-fno-common' '-flto'\000"
 317      74696F6E 
 317      73272027 
 317      2D666E6F 
 317      2D636F6D 
 318              		.text
 319              		.comm	__gnu_lto_v1,1,1
 320              		.comm	__gnu_lto_slim,1,1
 321              		.ident	"GCC: (GNU Tools for ARM Embedded Processors) 4.9.3 20150529 (release) [ARM/embedded-4_9-br
ARM GAS  C:\Users\Simone\AppData\Local\Temp\ccl3aaus.s 			page 25


DEFINED SYMBOLS
                            *ABS*:00000000 hal_lld.c
                            *COM*:00000001 __gnu_lto_v1
                            *COM*:00000001 __gnu_lto_slim

NO UNDEFINED SYMBOLS
