ARM GAS  C:\Users\Simone\AppData\Local\Temp\ccDzk6wA.s 			page 1


   1              		.syntax unified
   2              		.cpu cortex-m4
   3              		.fpu softvfp
   4              		.eabi_attribute 20, 1
   5              		.eabi_attribute 21, 1
   6              		.eabi_attribute 23, 3
   7              		.eabi_attribute 24, 1
   8              		.eabi_attribute 25, 1
   9              		.eabi_attribute 26, 1
  10              		.eabi_attribute 30, 2
  11              		.eabi_attribute 34, 1
  12              		.eabi_attribute 18, 4
  13              		.thumb
  14              		.file	"memstreams.c"
  15              		.text
  16              	.Ltext0:
  17              		.section	.gnu.lto_.profile.ce13b8c0,"",%progbits
  18 0000 789C6366 		.ascii	"x\234cf```a\200\000F\206\000K\000\001M\000\222"
  18      60606061 
  18      80004686 
  18      004B0001 
  18      4D0092
  19              		.text
  20              		.section	.gnu.lto_.jmpfuncs.ce13b8c0,"",%progbits
  21 0000 789C6366 		.ascii	"x\234cf\300\016\354\2414+\003\023##s}=#\020\32431\003"
  21      C00EECA1 
  21      342B0313 
  21      2323737D 
  21      3D2310D4 
  22 0017 49F67AC6 		.ascii	"I\366z\306zf\346rFF\260<3\\\010\310\206\010\262\260"
  22      7A66E672 
  22      4646B03C 
  22      335C08C8 
  22      8608B2B0 
  23 002b 8014F3D7 		.ascii	"\200\024\363\327\003\001\003\000\323a\007\002"
  23      03010300 
  23      D3610702 
  24              		.text
  25              		.section	.gnu.lto_.inline.ce13b8c0,"",%progbits
  26 0000 789C6366 		.ascii	"x\234cf\300\016\212\031!4+\003\003/\017#3\003#\003\263"
  26      C00E8A19 
  26      21342B03 
  26      032F0F23 
  26      33032303 
  27 0015 03884800 		.ascii	"\003\210H\000\021\012\\l\023\364\0308.\350110\276`g"
  27      110A5C6C 
  27      13F41838 
  27      2EE83131 
  27      30BE6067 
  28 0029 81902082 		.ascii	"\201\220 \202\003\314\344``Y \317\303\300x\203]\200"
  28      03CCE460 
  28      605920CF 
  28      C3C07883 
  28      5D80
  29 003b 094C3230 		.ascii	"\011L20m\340\227\000\231\306\310\300\303\0151\014lN"
  29      6DE09700 
  29      99C6C8C0 
ARM GAS  C:\Users\Simone\AppData\Local\Temp\ccDzk6wA.s 			page 2


  29      C30D310C 
  29      6C4E
  30 004d 0323C434 		.ascii	"\003#\3044\346\016q\006\366\037jXLc\236!\216\3334&\006"
  30      E60E7106 
  30      F61F6A58 
  30      4C639E21 
  30      8EDB3426 
  31 0062 41494616 		.ascii	"AIF\026$\323\230\030\301v0+p\003\2650p|\300\351>\246"
  31      24D39818 
  31      C176302B 
  31      7003B530 
  31      707CC0E9 
  32 0078 0BFC3C20 		.ascii	"\013\374< ce@\\\005\260\240\002HP\003d,\013/\003\003"
  32      6365405C 
  32      05B0A002 
  32      48500364 
  32      2C0B2F03 
  33 008d F3043F10 		.ascii	"\363\004?\020d\206\333\000\361<\325-`a\340`gd`b\355"
  33      6486DB00 
  33      F13CD52D 
  33      6061E060 
  33      67646062 
  34 00a2 5067E05E 		.ascii	"Pg\340^\341\306\004\016r\000\014\0123\273"
  34      E1C6040E 
  34      72000C0A 
  34      33BB
  35              		.text
  36              		.section	.gnu.lto_.pureconst.ce13b8c0,"",%progbits
  37 0000 789C6366 		.ascii	"x\234cf``\340f\200\000V\006)F)&)f)\026)\000\004\026"
  37      6060E066 
  37      80005606 
  37      29462926 
  37      29662916 
  38 0018 00A0     		.ascii	"\000\240"
  39              		.text
  40              		.section	.gnu.lto_put.ce13b8c0,"",%progbits
  41 0000 789C8D53 		.ascii	"x\234\215S\337KSQ\034?\237s\356\356\335\332\374A\010"
  41      DF4B5351 
  41      1C3F9F73 
  41      EEEEDDDA 
  41      FC4108
  42 0013 C11E2A10 		.ascii	"\301\036*\020\2210\035\202\024A\017\376+*\202\003\207"
  42      91301D82 
  42      14410FFE 
  42      2B2A8203 
  42      87
  43 0024 D27AE8CD 		.ascii	"\322z\350\315;\035\206\364\"\323JS+\223\3142\265\271"
  43      3B1D86F4 
  43      22D34A53 
  43      2B93CC32 
  43      B5B9
  44 0036 34B55F0B 		.ascii	"4\265_\013\312$V\352Ce?(\0033\213\242f\302\332C\255"
  44      CA2456EA 
  44      43653F28 
  44      03338BA2 
  44      66C2DA43 
  45 004b EFF7DE81 		.ascii	"\357\367\336\201J\017y\331\3169\367{\317\347\327\367"
ARM GAS  C:\Users\Simone\AppData\Local\Temp\ccDzk6wA.s 			page 3


  45      4A0F79D9 
  45      CE39F77B 
  45      CFE7D7F7 
  46 005b 9EABC4BF 		.ascii	"\236\253\304\277W\005\375\347\225\020Gi\206C@\266?\023"
  46      5705FDE7 
  46      95104769 
  46      864340B6 
  46      3F13
  47 006d 22E49452 		.ascii	"\"\344\224R\273\000a\356R\311\204\020\246GA\263\353"
  47      BB0061EE 
  47      52C98410 
  47      A64741B3 
  47      EB
  48 007e 1AC00B01 		.ascii	"\032\300\013\001\321$\225\206&|\226I\211\351\321\215"
  48      D1249586 
  48      267C9649 
  48      89E9D18D 
  49 008e A7EE3599 		.ascii	"\247\3565\231\226b\277\240\333\231\310\\\227\316\267"
  49      9662BFA0 
  49      DB99C85C 
  49      97CEB7
  50 009d D0F8F64D 		.ascii	"\320\370\366M{\346Kn\361e\3234\177\\\212\236\350\356"
  50      7BE64B6E 
  50      F165D334 
  50      7F5C8A9E 
  50      E8EE
  51 00af BC484FA4 		.ascii	"\274HO\244\370)\005\256\300\213!x\231\357*\212ikd\251"
  51      F82905AE 
  51      C08B2178 
  51      99EF2A8A 
  51      696B64A9 
  52 00c3 C7501560 		.ascii	"\307P\025`\324\367\365\205\230,\0320\315\346\370\324"
  52      D4F7F585 
  52      982C1A30 
  52      CDE6F8D4 
  53 00d3 B859A9A5 		.ascii	"\270Y\251\245\245\3025\250\2550*\011\014\243\210v\237"
  53      A5C235A8 
  53      AD302A09 
  53      0CA38876 
  53      9F
  54 00e4 5F7B3B05 		.ascii	"_{;\005u\330B.,\264u\302F&F\315J\244\245\206\3536\362"
  54      75D8422E 
  54      2CB475C2 
  54      462646CD 
  54      4AA4A586 
  55 00fb A0170718 		.ascii	"\240\027\007\030\247\011\214\240\2107\247\037~:\351"
  55      A7098CA0 
  55      8837A71F 
  55      7E3AE9
  56 010a 51472C60 		.ascii	"QG,`\353\351\301\016Ga?\001\227O\015<\361\230sfx9\223"
  56      EBE9C10E 
  56      47613F01 
  56      974F0D3C 
  56      F1987366 
  57 0121 D997960E 		.ascii	"\331\227\226\016\214nW\266/\202$\303\277_\272\3650e"
  57      8C6E57B6 
  57      2F8224C3 
ARM GAS  C:\Users\Simone\AppData\Local\Temp\ccDzk6wA.s 			page 4


  57      BF5FBAF5 
  57      3065
  58 0133 CBC7180A 		.ascii	"\313\307\030\0129\025\205\271\001\0354\217\355\216\233"
  58      391585B9 
  58      011D348F 
  58      ED8E9B
  59 0142 994CEC51 		.ascii	"\231L\354Q\262\255\244[\346\202t)\003\033v\320R\327"
  59      B2ADA45B 
  59      E6827429 
  59      031B76D0 
  59      52D7
  60 0154 79306830 		.ascii	"y0h0\234<\270\300\226\334\\\364\360 \304\012qq\263?"
  60      9C3CB8C0 
  60      96DC5CF4 
  60      F020C40A 
  60      7171B33F 
  61 0168 52B76856 		.ascii	"R\267hV/\320\034?;[`\261\223V\212\322\277F\363dr\266"
  61      2FD01C3F 
  61      3B5B60B1 
  61      93568AD2 
  61      BF46F364 
  62 017e 5F712D25 		.ascii	"_q-%\035d\350\375\312\374\242\223{\357\260\374M\374"
  62      1D64E8FD 
  62      CAFCA293 
  62      7BEFB0FC 
  62      4DFC
  63 0190 BAF02DA7 		.ascii	"\272\360-\247\017=\324\004'\001\020e\363T\357\335\350"
  63      0F3DD404 
  63      27011065 
  63      F354EFDD 
  63      E8
  64 01a1 7895575A 		.ascii	"x\225WZ\222\226.\214\243\017\353l[ \206R\213\262\177"
  64      92962E8C 
  64      A30FEB6C 
  64      5B208652 
  64      8BB27F
  65 01b4 8F4DA8EF 		.ascii	"\217M\250\357\214\341\246\305\300\2111A\014\317\021"
  65      8CE1A6C5 
  65      C0893141 
  65      0CCF11
  66 01c3 5E6AF166 		.ascii	"^j\361f-\2458\211\340\020J\320YR\226\343\307\241\254"
  66      2DA53889 
  66      E0104AD0 
  66      595296E3 
  66      C7A1AC
  67 01d6 63632702 		.ascii	"cc'\002\006&-\001\253\265\267,\213-]\255\011iS\020\306"
  67      06262D01 
  67      ABB5B72C 
  67      8B2D5DAD 
  67      09695310 
  68 01eb 6011223E 		.ascii	"`\021\">\363a/\327\266v\301\330\326\205\220i\306\025"
  68      F3612FD7 
  68      B676C1D8 
  68      D6859069 
  68      C615
  69 01fd BD7D4261 		.ascii	"\275}Ba\212e0M\314)\351\262RG\023\017\262\266\334\377"
  69      8A65304D 
ARM GAS  C:\Users\Simone\AppData\Local\Temp\ccDzk6wA.s 			page 5


  69      CC29E9B2 
  69      5247130F 
  69      B2B6DCFF 
  70 0211 B5354C6F 		.ascii	"\2655Lo\334\311\331g6\263\337\266\255Et\233\304c\363"
  70      DCC9D967 
  70      36B3DFB6 
  70      AD45749B 
  70      C463F3
  71 0224 2C9E1B6C 		.ascii	",\236\033l\311c+.\010\334!\022\222\212 \353s\207\"w"
  71      C9632B2E 
  71      08DC2112 
  71      928A20EB 
  71      73872277 
  72 0238 3745EEA1 		.ascii	"7E\356\241\224\250\255\206j\326\251x\207P\276H\361\303"
  72      94A8AD86 
  72      6AD6A978 
  72      8750BE48 
  72      F1C3
  73 024a 5580A0AB 		.ascii	"U\200\240\253C#\2039\254'\377d\262\027}\246\367\341"
  73      43238339 
  73      AC27FF64 
  73      B2177DA6 
  73      F7E1
  74 025c 955FA305 		.ascii	"\225_\243\005[[C\355D\034^\325\033\363\320Q\003\223"
  74      5B5B43ED 
  74      441C5ED5 
  74      1BF3D051 
  74      0393
  75 026e 51A9BCAC 		.ascii	"Q\251\274\254\314G\277\232:\177\265\277!X~\250\334\327"
  75      CC47BF9A 
  75      3A7FB5BF 
  75      21587EA8 
  75      DCD7
  76 0280 10F4D555 		.ascii	"\020\364\325U\325\373\352\375\325\276\340\361c\265U"
  76      D5FBEAFD 
  76      D5BEE0F1 
  76      63B555
  77 028f 81A02F50 		.ascii	"\201\240/P\033\310.\313j\204\3647\242Z\005\202\215\177"
  77      1BC82ECB 
  77      6A84F437 
  77      A25A0582 
  77      8D7F
  78 02a1 01400666 		.ascii	"\001@\006fA"
  78      41
  79              		.text
  80              		.section	.gnu.lto_get.ce13b8c0,"",%progbits
  81 0000 789C8D53 		.ascii	"x\234\215S]K\024Q\030>\3179\2633\273\356\232\022\322"
  81      5D4B1451 
  81      183ECF39 
  81      B333BBEE 
  81      9A12D2
  82 0013 C5DE1488 		.ascii	"\305\336\024\210H\244.\202$AD\177EEp\301Ei\273\350\316"
  82      48A42E82 
  82      2441447F 
  82      454570C1 
  82      4569BBE8 
  83 0028 5117852E 		.ascii	"Q\027\205.B\326\004[\277\022\313,S\323uM-a\215\020\011"
ARM GAS  C:\Users\Simone\AppData\Local\Temp\ccDzk6wA.s 			page 6


  83      42D6045B 
  83      BF12CB2C 
  83      53D3754D 
  83      2D618D10 
  84 003d B3842CFB 		.ascii	"\263\204,\373\300\214\324,\212\322$\333\213\332\336"
  84      C08CD42C 
  84      8AD224DB 
  84      8BDADE
  85 004c 77662BA5 		.ascii	"wf+\245\213\034v\316\231\363\356y>\336g\316(\361\357"
  85      8B1C76CE 
  85      99F3EE79 
  85      3EDE67CE 
  85      28F1EF
  86 005f 554477BF 		.ascii	"UDw\277\022\342$\315p\010\310\246y!j\235Rj]\020f\232"
  86      12E224CD 
  86      7008C8A6 
  86      79216A9D 
  86      526A5D10 
  87 0075 DA9C13C2 		.ascii	"\332\234\023\302\364(hv]\003\370A@\324H\245\241\006"
  87      F4286876 
  87      5D03F841 
  87      40D448A5 
  87      A106
  88 0087 EFE5A6C4 		.ascii	"\357\345\246\304\304\340\366C\367\206LHqD\320r2<\333"
  88      C4E0F643 
  88      F7864C48 
  88      7144D072 
  88      323CDB
  89 009a AAF3121A 		.ascii	"\252\363\022\032/_6%?\034\310\275j\232\346\227{\321"
  89      2F5F3625 
  89      3F1CC8BD 
  89      6A9AE697 
  89      7BD1
  90 00ac 73972E5E 		.ascii	"s\227.^\246\177\244\370*\005\256\301\213>x\231\357:"
  90      A67FA4F8 
  90      2A05AEC1 
  90      8B3E7899 
  90      EF3A
  91 00be 72696B78 		.ascii	"rikx\251\315PE`\324\347\255\307Q\231\323c\232u\361\361"
  91      A9CD5045 
  91      60D4E7AD 
  91      C75199D3 
  91      639A75F1 
  92 00d3 11F3B496 		.ascii	"\021\363\264\226\220\0127\240v\303\250$\320\217\034"
  92      900A37A0 
  92      76C3A824 
  92      D08F1C
  93 00e2 DEDEB9F1 		.ascii	"\336\336\271\361j\034\252\330\202^\2710\332\"\263\273"
  93      6A1CAAD8 
  93      825EB930 
  93      DA22B3BB 
  94 00f2 09BAD2F1 		.ascii	"\011\272\322\361v\306m\266\232\241\225d\362pBj\270i"
  94      76C66DB6 
  94      9AA19564 
  94      F270426A 
  94      B869
  95 0104 33E47971 		.ascii	"3\344yq\324\233J\200\000\211\373\357\032=\352\204\005"
ARM GAS  C:\Users\Simone\AppData\Local\Temp\ccDzk6wA.s 			page 7


  95      D49B4A80 
  95      0089FBEF 
  95      1A3DEA84 
  95      05
  96 0115 6E68E96D 		.ascii	"nh\351mv\330\340\316\236\007\036s\3667\330\201\301\275"
  96      76D8E0CE 
  96      9E071E73 
  96      F637D881 
  96      C1BD
  97 0127 F27FE09B 		.ascii	"\362\177\340\233\241\037\317\334z\210\032\314\304\000"
  97      A11FCFDC 
  97      7A881ACC 
  97      C400
  98 0135 B231846C 		.ascii	"\2621\204ln\217\272\272\005\0354qu\350`\334L&\243\363"
  98      6E8FBABA 
  98      051D3471 
  98      75E860DC 
  98      4C26A3F3 
  99 0149 D38DC511 		.ascii	"\323\215\305\021\231\0162O\015\261{\007=\352:\017\006"
  99      990E324F 
  99      0DB17B07 
  99      3DEA3A0F 
  99      06
 100 015a 0D869307 		.ascii	"\015\206\223\007\227`H\032\027=\274S\210U\2729\3715"
 100      9760481A 
 100      173DBC53 
 100      8855BA39 
 100      F935
 101 016c 5AD0AC9E 		.ascii	"Z\320\254\236\242.>5\223e)\220\336\016E\361\002uc\303"
 101      A22E3E35 
 101      93652990 
 101      DE0E45F1 
 101      027563C3 
 102 0180 4FBA15D7 		.ascii	"O\272\025\327v\244\203\214\275^}\264\340\344\027\341"
 102      76A4838C 
 102      BD5E7DB4 
 102      E0E417E1 
 103 0190 B07CC6BE 		.ascii	"\260|\306\276w}J\357@\033\022\322I\000\014s\023To\337"
 103      777D4AEF 
 103      401B12D2 
 103      49000C73 
 103      13546FDF 
 104 01a4 6E7E9E91 		.ascii	"n~\236\221\177,!]\030A\007\266\330\272@\024\371\026"
 104      7F2C215D 
 104      184107B6 
 104      D8BA4014 
 104      F916
 105 01b6 E59B4336 		.ascii	"\345\233C6\241\276?\206Q\213\001\314\020#\206E\204\226"
 105      A1BE3F86 
 105      518B01CC 
 105      10238645 
 105      8496
 106 01c8 EABD294B 		.ascii	"\352\275)KDbe\266Fn\351`)\313\361\342t\312\261\261\037"
 106      446265B6 
 106      466EE960 
 106      29CBF1E2 
 106      74CAB1B1 
ARM GAS  C:\Users\Simone\AppData\Local\Temp\ccDzk6wA.s 			page 8


 107 01dd 01036396 		.ascii	"\001\003c\226\200\025\357m\313b}k\303GiS\020\306`\021"
 107      8015EF6D 
 107      CB627D6B 
 107      C3476953 
 107      10C66011 
 108 01f1 22FE763E 		.ascii	"\"\376v>\317\256\271v\007a\354\011\242\3264\343\006"
 108      CFAEB976 
 108      0761EC09 
 108      A2D634E3 
 108      06
 109 0202 1D0B0262 		.ascii	"\035\013\002b\234\2250A\344\202\2625\335V\262\003\234"
 109      9C953041 
 109      E482B235 
 109      DD56B203 
 109      9C
 110 0213 AC8B35C2 		.ascii	"\254\2135\302\015\313\221S6a\232\235\305B\244\267>\203"
 110      0DCB9153 
 110      36619A9D 
 110      C542A4B7 
 110      3E83
 111 0225 395D1098 		.ascii	"9]\020\230$4\211\206\301[\376\333G?\035\025'\003\357"
 111      24348986 
 111      C15BFEDB 
 111      473F1D15 
 111      2703EF
 112 0238 FC0DEB2E 		.ascii	"\374\015\353.\362\211\232I\226\033\327#\272-\345au\316"
 112      F2899A49 
 112      961BD723 
 112      BA2DE561 
 112      75CE
 113 024a 4BB35EFA 		.ascii	"K\263^\3722j3\305\016\357_\007\210m\275o\2407\235-\310"
 113      326A33C5 
 113      0EEF5F07 
 113      886DBD6F 
 113      A0379D2D 
 114 025f 9FC9D445 		.ascii	"\237\311\324E\237\344\024\274\262=\226Eh5\027\363\320"
 114      9FE414BC 
 114      B23D9645 
 114      683517F3 
 114      D0
 115 0270 C9018329 		.ascii	"\311\001\203)\260\302\202\002\037\375\312*\374\245\376"
 115      B0C28202 
 115      1FFDCA2A 
 115      FCA5FE
 116 027f AA60E1F1 		.ascii	"\252`\341\361B_U\320WQR\351\253\364\227\372\202g\317"
 116      425F55D0 
 116      575152E9 
 116      ABF497FA 
 116      8267CF
 117 0292 94970482 		.ascii	"\224\227\004\202\276@y \365XP&\244\277\032\245*\020"
 117      BE407920 
 117      F5585026 
 117      A4BF1AA5 
 117      2A10
 118 02a4 ACFE0578 		.ascii	"\254\376\005x'Y\376"
 118      2759FE
 119              		.text
ARM GAS  C:\Users\Simone\AppData\Local\Temp\ccDzk6wA.s 			page 9


 120              		.section	.gnu.lto_reads.ce13b8c0,"",%progbits
 121 0000 789C8D52 		.ascii	"x\234\215R[O\023A\024\2363\263\273\335\2266\240\017"
 121      5B4F1341 
 121      149E33B3 
 121      BBDD9636 
 121      A00F
 122 0012 3E34DE22 		.ascii	">4\336\"!\304\030\330\020\215&\306D\037\375\033\200"
 122      21C418D8 
 122      108D26C6 
 122      441FFD1B 
 122      80
 123 0023 2434A142 		.ascii	"$4\241B\254\257\204\245\324\312\2231E\223&\210\227\030"
 123      ACAF84A5 
 123      D4CA9331 
 123      45932688 
 123      9718
 124 0035 BCA14540 		.ascii	"\274\241E@P\240`\037\210\372\200w\204j\214J\004/1Z\012"
 124      50A0601F 
 124      88FA8077 
 124      846A8C4A 
 124      042F315A 
 125 004a 247563B4 		.ascii	"$uc\264\2363\203\242\370 \233\3353;g\316\367\315\367"
 125      9E3383A2 
 125      F8209BDD 
 125      333B67CE 
 125      F7CDF7
 126 005d 9D19C1FE 		.ascii	"\235\031\301\376}\266\343\227\027\214\355\305\021t\006"
 126      7DB6E397 
 126      178CEDC5 
 126      117406
 127 006c FCF803C6 		.ascii	"\374\370\003\306\232M\316\305\204\305l\217\226\334\310"
 127      9A4DCEC5 
 127      84C56C8F 
 127      96DCC8
 128 007b 6CAF004D 		.ascii	"l\257\000M\2455\000\372a\300\232\270\320\240\011>\362"
 128      A53500FA 
 128      61C09AB8 
 128      D0A0093E 
 128      F2
 129 008c 2C87C1C4 		.ascii	",\207\301\304\342\375\202\017\334\341l3\303\351P\354"
 129      E2FD820F 
 129      DCE16C33 
 129      C3E950EC 
 130 009c 5EDCA029 		.ascii	"^\334\240)h4\235\232\214O\271K;m;<\027\316\334\365\036"
 130      68349D9A 
 130      8C4FB94B 
 130      3B6D3B3C 
 130      17CEDCF5 
 131 00b1 D9EF70CE 		.ascii	"\331\357p\316\0268\203\213\340\207K\340'\272\313P\212"
 131      1638838B 
 131      E0874BE0 
 131      27BACB50 
 131      8A
 132 00c2 95B174BB 		.ascii	"\225\261t\273K\354\000\002e\346\037\365\361\222\363"
 132      4BEC0002 
 132      65E61FF5 
 132      F192F3
ARM GAS  C:\Users\Simone\AppData\Local\Temp\ccDzk6wA.s 			page 10


 133 00d1 084A0DF7 		.ascii	"\010J\015\367\332\3734\207\013\270\002\342O\030\246"
 133      DAFB3487 
 133      0BB802E2 
 133      4F18A6
 134 00e0 18744109 		.ascii	"\030tA\011V'\222\2219C\354\222\310\351Hk\332\253\220"
 134      56279291 
 134      3943EC92 
 134      C8E9486B 
 134      DAAB90
 135 00f3 6985D4E0 		.ascii	"i\205\324\340\352J\244\306\340\232DN\244\337F5\261["
 135      EA4AA4C6 
 135      E09A444E 
 135      A4DF4635 
 135      B15B
 136 0105 22FB4712 		.ascii	"\"\373G\022w\012\025\362\223B\"\363J$N\272\241\204\312"
 136      770A15F2 
 136      934222F3 
 136      4A244EBA 
 136      A184CA
 137 0118 9DB1F747 		.ascii	"\235\261\367G\275b\217\204FO^h\323\213\317!\364\215"
 137      BD628F84 
 137      464F5E68 
 137      D38BCF21 
 137      F48D
 138 012a F3E4402A 		.ascii	"\363\344@*r\326\376\221\317\203\303u\270\3767\201z\020"
 138      72D6FE91 
 138      CF83C375 
 138      B8FE3781 
 138      7A10
 139 013c 918D7C9F 		.ascii	"\221\215|\237*0\"\266m\027A\017\024SC\260\017\275`\000"
 139      2A3022B6 
 139      6D17410F 
 139      145343B0 
 139      0FBD6000 
 140 0150 8EDD6B53 		.ascii	"\216\335kSv>\337\227\374\022\337\262\246\020\344\216"
 140      763EDF97 
 140      FC12DFB2 
 140      A610E48E 
 141 0160 1CC8AB86 		.ascii	"\034\310\253\206\012\014\235\202A\301\005\264d\222!"
 141      0A0C9D82 
 141      41C105B4 
 141      649221
 142 016f 37069707 		.ascii	"7\006\227\007\310\226\227\226|\024\030\233AZ:\261Y\024"
 142      C8969796 
 142      7C14189B 
 142      415A3AB1 
 142      5914
 143 0181 8EA39884 		.ascii	"\216\243\230\204pj\241\023\344F\270m\016\323/ <\220"
 143      706AA113 
 143      E446B86D 
 143      0ED32F20 
 143      3C90
 144 0193 1DF1532A 		.ascii	"\035\361S*\3075\224\366z\346\341c\223\316O\227J\373"
 144      C73594F6 
 144      7AE6E163 
 144      93CE4F97 
 144      4AFB
ARM GAS  C:\Users\Simone\AppData\Local\Temp\ccDzk6wA.s 			page 11


 145 01a5 BF9EF9EC 		.ascii	"\277\236\371\354\353\200v\264cb=\364\221\015\314\237"
 145      EB8076B4 
 145      63623DF4 
 145      910DCC9F 
 146 01b5 5A6C7B5E 		.ascii	"Zl{^X\266\215\272t\003:`\236\0140\350\2072\3118\275"
 146      58B68DBA 
 146      74033A60 
 146      9E0C30E8 
 146      8732C938 
 147 01ca 4E11EAAB 		.ascii	"N\021\352\253c\030\220\014\344\035nJ\206\226\023\321"
 147      6318900C 
 147      E41D6E4A 
 147      869613D1 
 148 01da 31AE2848 		.ascii	"1\256(H\026\022\261g\020\031o\361\377\316\271d+g\361"
 148      1612B167 
 148      10196FF1 
 148      FFCEB964 
 148      2B67F1
 149 01ed 164C58D2 		.ascii	"\026LX\322\227\263A\332\302\216\344\310:.i\277<\027"
 149      97B341DA 
 149      C28EE4C8 
 149      3A2E69BF 
 149      3C17
 150 01ff 319506E5 		.ascii	"1\225\006\345vt\253b1W#N\203[R\234<\240A%.\036]\257"
 150      7674AB62 
 150      3157234E 
 150      835B529C 
 150      3CA04125 
 151 0217 18DC3942 		.ascii	"\030\3349B\351\354%n\214\011\002\236~z,\301\033\277"
 151      E9EC256E 
 151      8C09029E 
 151      7E7A2CC1 
 151      1BBF
 152 0229 D9ADB6E9 		.ascii	"\331\255\266\351p\367\002\231\202!hd9\356\221\365\270"
 152      70F70299 
 152      82216864 
 152      39EE91F5 
 152      B8
 153 023a 9147CAE8 		.ascii	"\221G\312\350\271\275I\221x\377+\243\013\357\211I}\032"
 153      B9BD4991 
 153      78FF2BA3 
 153      0BEF8949 
 153      7D1A
 154 024c 5EEE5352 		.ascii	"^\356SRI\211\031\212\304\207<K\006c\362|WO:\262L:\012"
 154      4989198A 
 154      C4873C4B 
 154      0663F27C 
 154      574F3AB2 
 155 0263 6548C55E 		.ascii	"eH\305^As*\357S\304\230\177\007\200\375\346\030\014"
 155      41732AEF 
 155      53C4987F 
 155      0780FDE6 
 155      180C
 156 0275 319E01BC 		.ascii	"1\236\001\274U@\235\305\216T\224\227[\370V\327\006\252"
 156      55409DC5 
 156      8E549497 
 156      5BF856D7 
ARM GAS  C:\Users\Simone\AppData\Local\Temp\ccDzk6wA.s 			page 12


 156      06AA
 157 0287 02F5A18A 		.ascii	"\002\365\241\212\235\025V}\310\252\255\254\263\352\002"
 157      9D15567D 
 157      C8AAADAC 
 157      B3EA02
 158 0296 5556E8F0 		.ascii	"UV\350\360\241\232\312`\310\012\326\004\227~\313\253"
 158      A19ACA60 
 158      C80AD604 
 158      977ECBAB 
 159 02a6 190F34F0 		.ascii	"\031\0174\360\252\0068(\202\241\206\237\230\002h{"
 159      AA063828 
 159      82A1869F 
 159      9802687B 
 160              		.text
 161              		.section	.gnu.lto_writes.ce13b8c0,"",%progbits
 162 0000 789C8D52 		.ascii	"x\234\215RYOSA\030\235o\346\336\333\333\322\006\342"
 162      594F5341 
 162      189D6FE6 
 162      DEDBDBD2 
 162      06E2
 163 0012 8B491563 		.ascii	"\213I\025cB\010\017\006n\210F\023c\242\217\376\015\212"
 163      42080F06 
 163      6E884613 
 163      63A28FFE 
 163      0D8A
 164 0024 2434A142 		.ascii	"$4\241B\254\257\204\013\324\312\2231E\023\022D%\006"
 164      ACAF840B 
 164      D4CA9331 
 164      45131244 
 164      2506
 165 0036 37B095A5 		.ascii	"7\260\225\245(X\264\017F}\300\235\245.\021\027p\211"
 165      2858B40F 
 165      467DC09D 
 165      A52E1117 
 165      7089
 166 0048 21B225F5 		.ascii	"!\262%\365j\260~\337\014\212\342\203\334\264\263|3\347"
 166      6AB07EDF 
 166      0C8AE283 
 166      DCB4B37C 
 166      33E7
 167 005a CC396746 		.ascii	"\3149gF\260\177\277\355\370\317\011\306\366b\017:\003"
 167      B07FBFED 
 167      F8CF09C6 
 167      F6620F3A 
 167      03
 168 006b 7EFC0163 		.ascii	"~\374\001c\215&\347b\314b\266GKma\266W\200\246\312\032"
 168      8D26E762 
 168      CC62B647 
 168      4B6D61B6 
 168      5780A6CA 
 169 0080 000D18B0 		.ascii	"\000\015\030\260\006.4h\200O|\236\303P|\351~\336G\356"
 169      062E3468 
 169      804F7C9E 
 169      C3507CE9 
 169      7EDE47EE 
 170 0094 70B695E1 		.ascii	"p\266\225\341t8v\257\315\240)h4\235\234h\233t\227t\331"
 170      743876AF 
ARM GAS  C:\Users\Simone\AppData\Local\Temp\ccDzk6wA.s 			page 13


 170      CDA02968 
 170      349D9C68 
 170      9B749774 
 171 00a9 76D3DCDB 		.ascii	"v\323\334\333\317w\275G\366;\234\263E\316\340\002\370"
 171      CF77BD47 
 171      F63B9CB3 
 171      45CEE002 
 171      F8
 172 00ba E122F889 		.ascii	"\341\"\370\211\356\022\224\340\316X\246\335%v\000\201"
 172      EE1294E0 
 172      CE58A6DD 
 172      25760081 
 173 00ca BE2C3CEA 		.ascii	"\276,<\352\347\305\347\020\224N\365\331\3734\207\013"
 173      E7C5E710 
 173      944EF5D9 
 173      FB34870B 
 174 00da B80CE24F 		.ascii	"\270\014\342O\030\226\030tC1\356\216\247\"s\206\330"
 174      18961874 
 174      4331EE8E 
 174      A7227386 
 174      D8
 175 00eb 25916F22 		.ascii	"%\221o\"-\031\257BN)\244\006=k\221\032\203+\0229\226"
 175      2D19AF42 
 175      4E29A406 
 175      3D6B911A 
 175      832B1239 
 176 0100 7917D5C4 		.ascii	"y\027\325\304n\211L\216\304\357\344+\3447\205D\346\265"
 176      6E894C8E 
 176      C4EFE42B 
 176      E4378544 
 176      E6B5
 177 0112 489C24A0 		.ascii	"H\234$\240\230\266;\267?\034\365\212=\022\032=y\276"
 177      98B63BB7 
 177      3F1CF58A 
 177      3D121A3D 
 177      79BE
 178 0124 552FEA44 		.ascii	"U/\352D\350\353\251'\007\322\221\263\366\217\\\016\034"
 178      E8EBA927 
 178      07D291B3 
 178      F68F5C0E 
 178      1C
 179 0135 AEC3D5BF 		.ascii	"\256\303\325\277\011\324\207\210\371\310\362d\236\021"
 179      09D48788 
 179      F9C8F264 
 179      9E11
 180 0143 B16DBB00 		.ascii	"\261m\273\000z\241\210\002\301\034\372\300\000\354\023"
 180      7AA18802 
 180      C11CFAC0 
 180      00EC13
 181 0152 1BD2762E 		.ascii	"\033\322v.\327\237X\316l\202|\220'r \257\032*0tj\014"
 181      D79F58CE 
 181      6C827C90 
 181      277220AF 
 181      1A2A3074 
 182 0168 6A5C404B 		.ascii	"j\\@K&\016]n\312\303\003d\313KK>j\030\233FZ\272\261"
 182      260E5D6E 
 182      CAC30364 
ARM GAS  C:\Users\Simone\AppData\Local\Temp\ccDzk6wA.s 			page 14


 182      CB4B4B3E 
 182      6A189B46 
 183 017f 19148EBD 		.ascii	"\031\024\216\275\230\200\246\364\255.\220\007\341\261"
 183      9880A6F4 
 183      AD2E9007 
 183      E1B1
 184 018d 592C3F87 		.ascii	"Y,?\207\246\301\371\001?\225\262\\CiS\323\017\037\233"
 184      A6C1F901 
 184      3F95B25C 
 184      436953D3 
 184      0F1F9B
 185 01a0 747FBA54 		.ascii	"t\177\272T\232\374zf\326\327\001\355h\307\304\375\320"
 185      9AFC7A66 
 185      D6D701ED 
 185      68C7C4FD 
 185      D0
 186 01b1 4F36B07E 		.ascii	"O6\260~j\251\365Y~\3516Ji\000:`\201\0140HB\251d\354"
 186      6AA9F559 
 186      7EE9364A 
 186      69003A60 
 186      810C3048 
 187 01c9 DCA808F5 		.ascii	"\334\250\010\365\3651\014J\006\362\016\327$C\363\211"
 187      F5310C4A 
 187      06F20ED7 
 187      2443F389 
 188 01d9 E8285714 		.ascii	"\350(W\024$\013\211\3308DF\233\375\277k.\031\345\014"
 188      240B89D8 
 188      3844469B 
 188      FDBF6B2E 
 188      19E50C
 189 01ec BE82314B 		.ascii	"\276\2021K\372\032/\224\2660\221,Y\307%\355\227\347"
 189      FA1A2F94 
 189      B630912C 
 189      59C725ED 
 189      97E7
 190 01fe 02A6CAA0 		.ascii	"\002\246\312\240\334&\013\025\213\271\036q.\270.\305"
 190      DC260B15 
 190      8BB91E71 
 190      2EB82EC5 
 191 020e C90B1A52 		.ascii	"\311\013\032R\342\332\242\233\025\203;K(\235\275\304"
 191      E2DAA29B 
 191      15833B4B 
 191      289DBDC4 
 192 021e 83B140C0 		.ascii	"\203\261@\300\323O\217\305y\375w\273\3056\035\356^$"
 192      D34F8FC5 
 192      79FD77BB 
 192      C5361DEE 
 192      5E24
 193 0230 53300CF5 		.ascii	"S0\014\365Ln\366\240\006\207{\244\214\336\301\025\022"
 193      4C6EF6A0 
 193      06877BA4 
 193      8CDEC115 
 193      12
 194 0241 EF7F6574 		.ascii	"\357\177et\343;1)\247\033\2539\245\224\224\230\241H"
 194      E33B3129 
 194      A71BAB39 
 194      A5949498 
ARM GAS  C:\Users\Simone\AppData\Local\Temp\ccDzk6wA.s 			page 15


 194      A148
 195 0253 7CC8B362 		.ascii	"|\310\263b0&\357w\375\244#\253\2447\241\024\251\330"
 195      3026EF77 
 195      FDA423AB 
 195      A437A114 
 195      A9D8
 196 0265 2B684CBF 		.ascii	"+hL\277\360)b\254\277\007\300\27496\206\350\231\005"
 196      F02962AC 
 196      BF07C0BC 
 196      393686E8 
 196      9905
 197 0277 7C5540C9 		.ascii	"|U@\311b\"\345ee\026\376*\253\203\201`m\270|g\271U\033"
 197      6222E565 
 197      6516FE2A 
 197      AB838160 
 197      6DB87C67 
 198 028e B6AA2B6A 		.ascii	"\266\252+j\254\232`\300\012\037>TU\021\012[\241\252"
 198      AC9A60C0 
 198      0A1F3E54 
 198      55110A5B 
 198      A1AA
 199 02a0 D0CAB0AC 		.ascii	"\320\312\260\254\222\361`\035\017\324\301A\021\012\327"
 199      92F1601D 
 199      0FD4C141 
 199      110AD7
 200 02af FD04F52D 		.ascii	"\375\004\365-h\002"
 200      6802
 201              		.text
 202              		.section	.gnu.lto_msObjectInit.ce13b8c0,"",%progbits
 203 0000 789C9591 		.ascii	"x\234\225\221\337K\024Q\024\307\357\367\336\331q`\015"
 203      DF4B1451 
 203      14C7EFF7 
 203      DED97160 
 203      0D
 204 0011 A327D9A7 		.ascii	"\243'\331\247^D\"t\021\"z\252\036\002\3737TV\\p1\234"
 204      5E442274 
 204      11227AAA 
 204      1E02FB37 
 204      54565C70 
 205 0027 8208C4BB 		.ascii	"\202\010\304\273bH\020(\375\260\205Z|\220H\263\374\231"
 205      62481028 
 205      FDB0855A 
 205      7C9048B3 
 205      FC99
 206 0039 E58FCA29 		.ascii	"\345\217\312){\310\2074!\322\012RhE{0wU\262\251\304"
 206      7BC88734 
 206      21D20A52 
 206      68457B30 
 206      7755B2A9 
 207 004e CEB9BB44 		.ascii	"\316\271\273DX\0179\314p\357\231s\276\237{\356\367("
 207      580F39CC 
 207      70EF9973 
 207      BE9F7BEE 
 207      F728
 208 0060 F1F713A2 		.ascii	"\361\367\023\242\357\274\022\242\234V(\001\3316-D\334"
 208      EFBC12A2 
 208      9C562801 
ARM GAS  C:\Users\Simone\AppData\Local\Temp\ccDzk6wA.s 			page 16


 208      D9362D44 
 208      DC
 209 0071 91006F04 		.ascii	"\221\000o\004D\243D#>\313\214D\233\327\223\010\026\337"
 209      44A34423 
 209      3ECB8C44 
 209      9BD79308 
 209      16DF
 210 0083 D65AA7D7 		.ascii	"\326Z\247\327G\013/\026\372R\210\015\231\305\340\016"
 210      470B2F16 
 210      FA52880D 
 210      99C5E00E 
 211 0093 8AA9C47F 		.ascii	"\212\251\304\177\261\334\222\257\216@\320~\264w\363"
 211      B1DC92AF 
 211      8E40D07E 
 211      B477F3
 212 00a2 557045FA 		.ascii	"UpE\372\022\0079\034\273\3622as(-\016g\227\026\323y"
 212      1207391C 
 212      BBF23261 
 212      73282D0E 
 212      679716D3 
 213 00b7 459D5A37 		.ascii	"E\235Z7yS\203\372\244\345K\205.(\342\241\033!\334EH"
 213      795383FA 
 213      A4E54B85 
 213      2E28E2A1 
 213      1B21DC45 
 214 00cc D02F811E 		.ascii	"\320/\201\036\024Q\365\247\211\376\357Au\314p\347.]"
 214      1451F5A7 
 214      89FEEF41 
 214      75CC70E7 
 214      2E5D
 215 00de 5EC92917 		.ascii	"^\311)\027\262J\013\367v+-\201\373F\371z*\376\241@\235"
 215      B24A0BF7 
 215      762B2D81 
 215      FB46F97A 
 215      2AFEA140 
 216 00f3 30CACDB5 		.ascii	"0\312\315\265\311\371|\243\\\234\237\234\316\327\247"
 216      C9F97CA3 
 216      5C9C9F9C 
 216      CED7A7
 217 0102 7D1940EF 		.ascii	"}\031@\357ni@\240\317H'W\207\256C\2352R}c#\351d\017"
 217      6E6940A0 
 217      CF482757 
 217      87AE439D 
 217      32527D63 
 218 011a 9DC91E1A 		.ascii	"\235\311\036\032@\377?\224\003(\342\362L\363\366\\\320"
 218      40FF3F94 
 218      0328E2F2 
 218      4CF3F65C 
 218      D0
 219 012b 6E26ABF6 		.ascii	"n&\253\366g-\302 l\320\332w\300\323;;\235\275?\307\255"
 219      672DC220 
 219      6CD0DA77 
 219      C0D33B3B 
 219      9DBD3FC7 
 220 0140 20794CB7 		.ascii	" yL\267\263\300\235\332\340C\035\030\200H\221\204\355"
 220      B3C09DDA 
 220      E0431D18 
ARM GAS  C:\Users\Simone\AppData\Local\Temp\ccDzk6wA.s 			page 17


 220      80489184 
 220      ED
 221 0151 5F929257 		.ascii	"_\222\222W\365\036M_[\336&\2173\205\350\013\251\231"
 221      F51E4D5F 
 221      5BDE268F 
 221      3385E80B 
 221      A999
 222 0163 5987ADA4 		.ascii	"Y\207\255\244\271Q8\374\255cu_\0227\343Z{\266/\355-"
 222      B95138FC 
 222      AD63755F 
 222      1237E35A 
 222      7BB62FED 
 223 0178 2931440D 		.ascii	")1D\015q\356\326\346\325w\005%\207}\231\207\007Hb\335"
 223      71EED6E6 
 223      D5770525 
 223      877D9987 
 223      074862DD 
 224 018c 8C0BC328 		.ascii	"\214\013\303(\241\\{\353\233\021\325\360C'\264C\371"
 224      A15C7BEB 
 224      9B11D5F0 
 224      4327B443 
 224      F9
 225 019d 6D4EFD09 		.ascii	"mN\375\011\3173aw\353\265\0210\274\215\253\034<D\003"
 225      CF336177 
 225      EBB51130 
 225      BC8DAB1C 
 225      3C4403
 226 01b0 1EE5E01D 		.ascii	"\036\345\340\035\251\256D\320\000\274C|\002\027\022"
 226      A9AE44D0 
 226      00BC437C 
 226      021712
 227 01bf 7D140D82 		.ascii	"}\024\015\202:n\317\254fT\256\343\377j\321\302\230i"
 227      3A6ECFAC 
 227      6654AEE3 
 227      FF6AD1C2 
 227      9869
 228 01d1 917DC238 		.ascii	"\221}\3028J\266h\212\314\031\370\2627N\000\217\015\307"
 228      4AB6688A 
 228      CC19F8B2 
 228      374E008F 
 228      0DC7
 229 01e3 F8FE8439 		.ascii	"\370\376\2049v\266\237=s\236\032\216b\316\004s\034\346"
 229      76B69F3D 
 229      739E1A8E 
 229      62CE0473 
 229      1CE6
 230 01f5 A4FBD7F6 		.ascii	"\244\373\327\366\312\361\014\307b\3163c\375o\223\003"
 230      CAF10CC7 
 230      62CE3363 
 230      FD6F9303 
 231 0205 F4EB3909 		.ascii	"\364\3539\011>\"\356M\2243\225\007\224\"\017h\356t\201"
 231      3E22EE4D 
 231      94339507 
 231      94220F68 
 231      EE7481
 232 0218 B2D2D230 		.ascii	"\262\322\3220\275U5\321\312h\235[v\264,\\\347\206k*"
 232      BD5535D1 
ARM GAS  C:\Users\Simone\AppData\Local\Temp\ccDzk6wA.s 			page 18


 232      CA689D5B 
 232      76B42C5C 
 232      E7866B2A 
 233 022c 6AC3B5D1 		.ascii	"j\303\265\321\312\260{\266>R\021s\303\261H,\267-\255"
 233      CAB07BB6 
 233      3E521173 
 233      C3B1482C 
 233      B72DAD
 234 023f 122AE69E 		.ascii	"\022*\346\236\261+\317UWG\352-7z!\242\"u\356/@\007Q"
 234      B12BCF55 
 234      5747EA2D 
 234      377A21A2 
 234      2275EE2F 
 235 0256 B5       		.ascii	"\265"
 236              		.text
 237              		.section	.gnu.lto_.symbol_nodes.ce13b8c0,"",%progbits
 238 0000 789C55CA 		.ascii	"x\234U\312\275\011\200@\024\003\340\\\236\312\025\356"
 238      BD098040 
 238      1403E05C 
 238      9ECA15EE 
 239 0010 E0A81104 		.ascii	"\340\250\021\004\261<\177+\221+\235\306),\035BA-.M\340"
 239      B13C7F2B 
 239      912B9DC6 
 239      292C1D42 
 239      412D2E4D 
 240 0025 4B0C4083 		.ascii	"K\014@\203/\034( \034\200\204u\357Jp\244\\*=\305T\002"
 240      2F1C2820 
 240      1C808475 
 240      EF4A70A4 
 240      5C2A3DC5 
 241 003b 65A9CC54 		.ascii	"e\251\314T\366\313\026=\362\211\210\317\313-T\376\016"
 241      F6CB163D 
 241      F28988CF 
 241      CB2D54FE 
 241      0E
 242 004c A86B0F63 		.ascii	"\250k\017c\201\263\275*\263\267q\003\314\"%/"
 242      81B3BD2A 
 242      B3B77103 
 242      CC22252F 
 243              		.text
 244              		.section	.gnu.lto_.refs.ce13b8c0,"",%progbits
 245 0000 789C6366 		.ascii	"x\234cf``\020`\200\000F\026&VF\026V&f&&&\006&F\006\000"
 245      60601060 
 245      80004616 
 245      26564616 
 245      56266626 
 246 001b 03590038 		.ascii	"\003Y\0008"
 247              		.text
 248              		.section	.gnu.lto_.decls.ce13b8c0,"",%progbits
 249 0000 789CAD57 		.ascii	"x\234\255WkPTW\022\276}\317<d\030\006\2534\272e~H\221"
 249      6B505457 
 249      12BE7DCF 
 249      3C641806 
 249      AB34BA65 
 250 0017 2A6A1F06 		.ascii	"*j\037\0064\356Z\273[[\265\246\254J\334\037\256\331"
 250      34EE5ABB 
 250      5B5BB5A6 
ARM GAS  C:\Users\Simone\AppData\Local\Temp\ccDzk6wA.s 			page 19


 250      AC4ADC1F 
 250      AED9
 251 0029 57FE842A 		.ascii	"W\376\204*\212\307E&\3050,sY\343VY{\035|\240Qy\010\006"
 251      8AC74526 
 251      C5302C73 
 251      59E35659 
 251      7B1D7CA0 
 252 0041 157510D4 		.ascii	"\025u\020\324\250\370\004T|D\0201LF\203\210\253\"( "
 252      A8F80454 
 252      7C441031 
 252      4C468388 
 252      AB222820 
 253 0055 F1818AA0 		.ascii	"\361\201\212\240\240\"\004\330>\347\334;\017\034\335"
 253      A02204D8 
 253      3EE7DC3B 
 253      0F1CDD
 254 0064 DD54A6E8 		.ascii	"\335T\246\350\341\234>\335_\367\371\272o_ \202 L\024"
 254      E19C3EDD 
 254      5FF7F9BA 
 254      6F5F2082 
 254      204C14
 255 0077 05610C3F 		.ascii	"\005a\014?]a\202\320\211k\003\352>\022|\037\272\257"
 255      5D6182D0 
 255      896B03EA 
 255      3E127C1F 
 255      BAAF
 256 0089 45A94769 		.ascii	"E\251GiBiA\321\201 LF\301\037a\032\010\001\037jkB\261"
 256      426941D1 
 256      81204C46 
 256      C11F611A 
 256      08011F6A 
 257 00a0 A098512A 		.ascii	"\240\230Q*Q\026\242\234D\031A\231\217\342A\031Fq\243"
 257      5116A29C 
 257      44194199 
 257      8FE24119 
 257      4671A3
 258 00b3 10941728 		.ascii	"\020\224\027(\203(\317\005\216Y+\274\372\251\377\001"
 258      8328CF05 
 258      8E592BBC 
 258      FAA9FF01 
 259 00c3 B81473C8 		.ascii	"\270\024s\310\017\267>\010.\275S\250\037\256[\305\365"
 259      0FB73E08 
 259      2EBD53A8 
 259      1FAE5BC5 
 259      F5
 260 00d4 F8E17EA0 		.ascii	"\370\341~\240\342\276\215 \026x\025[Tq&\303+\360\214"
 260      E2BE8D20 
 260      1678155B 
 260      547126C3 
 260      2BF08C
 261 00e7 AF60F8CD 		.ascii	"\257`\370\315A\362\366\307\367\347DTq\202\341\323Z\204"
 261      41F2F6C7 
 261      F7E74454 
 261      7182E1D3 
 261      5A84
 262 00f9 08BC665A 		.ascii	"\010\274fZ\214\021\025\323\255\342>F\351A\321\243\014"
 262      8C1115D3 
ARM GAS  C:\Users\Simone\AppData\Local\Temp\ccDzk6wA.s 			page 20


 262      ADE23E46 
 262      E941D1A3 
 262      0C
 263 010a A8981AFE 		.ascii	"\250\230\032\376\220\312\215\3565\365|\"B\365\201\201"
 263      90CA8DEE 
 263      35F57C22 
 263      42F58181 
 264 011a 8BA1F745 		.ascii	"\213\241\367E\260\230\"\350\366D~C\221\001\267f\223"
 264      B09822E8 
 264      F6447E43 
 264      9101B766 
 264      93
 265 012b 8E6E2BCF 		.ascii	"\216n+\317\267_\014#\"\320uiQ\347\025\323\214\275\212"
 265      B75F0C23 
 265      22D07569 
 265      51E715D3 
 265      8CBD8A
 266 013e A2642B35 		.ascii	"\242d+55\340\2038y\317\331b$\341\314h\360\301\275G@"
 266      35E08338 
 266      79CFD962 
 266      24E1CC68 
 266      F0C1BD47 
 267 0153 A6B2F581 		.ascii	"\246\262\365\201\233u\213\021\312`B\027e\220\366!\374"
 267      9B758B11 
 267      CA604217 
 267      6590F621 
 267      FC
 268 0164 0BD5EEE6 		.ascii	"\013\325\356\346\306Kz\246\247*#Z\212/\317\035?h\000"
 268      C64B7AA6 
 268      A72A235A 
 268      8A2FCF1D 
 268      3F6800
 269 0177 535436B5 		.ascii	"ST6\265\314\315RB\032,\002\354\206i\360%L\023\340\020"
 269      CCCD5242 
 269      1A2C02EC 
 269      8669F025 
 269      4C13E010 
 270 018b 44A131EC 		.ascii	"D\2411\354\205\031\002\354G\345\001T\226\241a\237{\264"
 270      851902EC 
 270      47E50154 
 270      96A1619F 
 270      7BB4
 271 019d 13144507 		.ascii	"\023\024E\007\007\301\004\345@\230\005^\324`\322R\023"
 271      07C104E5 
 271      4098055E 
 271      D460D252 
 271      13
 272 01ae 5BAA4A4E 		.ascii	"[\252JNX \312\304\314\213\3564\276E\315\217\240\371"
 272      5820CAC4 
 272      CC8BEE34 
 272      BE45CD8F 
 272      A0F9
 273 01c0 3E9F397A 		.ascii	">\2379zs\373\340\321\017\007\211\216\310;.w\255\001"
 273      73FBE0D1 
 273      0F07898E 
 273      C83B2E77 
 273      AD01
ARM GAS  C:\Users\Simone\AppData\Local\Temp\ccDzk6wA.s 			page 21


 274 01d2 0DF9C2EE 		.ascii	"\015\371\302\356\333)Y\312\\\250D\344=>\344#oF\256\010"
 274      DB2959CA 
 274      5CA844E4 
 274      3D3EE423 
 274      6F46AE08 
 275 01e6 8A0C5F34 		.ascii	"\212\014_4]?\246#%\234\3645\255{.\030\311\036\276Y\266"
 275      5D3FA623 
 275      259CF435 
 275      AD7B2E18 
 275      C91EBE59 
 276 01fb EBE45A23 		.ascii	"\353\344Z#27\305\304x_\357\331\\K\330v\214\036\213\371"
 276      3237C5C4 
 276      785FEFD9 
 276      5C4BD876 
 276      8C1E8BF9 
 277 020f 5D033B81 		.ascii	"]\003;\201\263\350T\372\362\025\362\023\001fL\203\237"
 277      B3E854FA 
 277      F215F213 
 277      01664C83 
 277      9F
 278 0220 61A81318 		.ascii	"a\250\023\030j\212\032\352\030\206:\356\245p\250\203"
 278      6A8A1AEA 
 278      18863AEE 
 278      A570A883 
 279 0230 51588D99 		.ascii	"QX\215\231\037\365e>\305Ga\307\265\235\177\012\016z"
 279      1FF5653E 
 279      C54761C7 
 279      B59D7F0A 
 279      0E7A
 280 0242 EA75A045 		.ascii	"\352u\240E+<\214\350\223\010Z\345\003\255\006/*l{\272"
 280      2B3C8CE8 
 280      93085AE5 
 280      03AD062F 
 280      2A6C7BBA 
 281 0256 79FD041D 		.ascii	"y\375\004\035\366>3\372\2045\333\312\243\337\336\005"
 281      F63E33FA 
 281      8435DBCA 
 281      A3DFDE05 
 282 0266 A65B6886 		.ascii	"\246[h\206\323\300t\256\202\362\253\342\324B\225\277"
 282      D3C074AE 
 282      82F2ABE2 
 282      D44295BF 
 283 0276 893A46B1 		.ascii	"\211:F\261\306\240\000g`*~\177\205\266\014usm\336\241"
 283      C6A00067 
 283      602A7E7F 
 283      85B60C75 
 283      736DDEA1 
 284 028a 7052C1D9 		.ascii	"pR\301\331\312\315\333\276M\214\330\246\324\034\352"
 284      CACDDBBE 
 284      4D8CD8A6 
 284      D41CEA
 285 0299 EB75DF4E 		.ascii	"\353u\337N\317\313R\312\224\216\261\261\351\314\013"
 285      CFCB52CA 
 285      948EB1B1 
 285      E9CC0B
 286 02a8 6ABC7909 		.ascii	"j\274y\011t\315\362\202Z\210@\307\263\215\3077z\363"
 286      74CDF282 
ARM GAS  C:\Users\Simone\AppData\Local\Temp\ccDzk6wA.s 			page 22


 286      5A8840C7 
 286      B38DC737 
 286      7AF3
 287 02ba E0A9559D 		.ascii	"\340\251U\235\331\3249\341\365i\324\2614\316ji\344U"
 287      D9D439E1 
 287      F569D4B1 
 287      34CE6A69 
 287      E455
 288 02cc DE5B6522 		.ascii	"\336[e\"\335<\215\372\201\352Q#K\303U\\jhPj\306\306"
 288      DD3C8DFA 
 288      81EA5123 
 288      4BC3555C 
 288      6A68506A 
 289 02e2 7E4F1DE0 		.ascii	"~O\035\340\234_\006\347\264\014\352Y\006\247v\035\326"
 289      9C5F06E7 
 289      B40CEA59 
 289      06A7761D 
 289      D6
 290 02f3 939EC0A2 		.ascii	"\223\236\300\242\317\347Eo\337\362\262,\204m\351\323"
 290      CFE7456F 
 290      DFF2B22C 
 290      846DE9D3 
 291 0303 134E2BD4 		.ascii	"\023N+\324\270\257\242\323\254\225\350\225.\373\006"
 291      B8AFA2D3 
 291      AC95E895 
 291      2EFB06
 292 0312 AB345FAD 		.ascii	"\2534_\255\322\327\250l\320\252\364\350\363\207K\234"
 292      D2D7A86C 
 292      D0AAF4E8 
 292      F3874B9C 
 293 0322 D8B46EBC 		.ascii	"\330\264n\274\312y_\225\346\373\212\324\332\266\266"
 293      CA795F95 
 293      E6FB8AD4 
 293      DAB6B6
 294 0331 00CC6B7C 		.ascii	"\000\314k|\260\254X\276k{\300\254Z>zY\322kf\224\271"
 294      B0AC58BE 
 294      6B7BC0AC 
 294      5A3E7A59 
 294      D26B6694 
 295 0346 BDE57466 		.ascii	"\275\345tf?}\311K\214vp\201\327\263eC\357\240Q\343\366"
 295      3F7DC94B 
 295      8C767081 
 295      D7B36543 
 295      EFA051E3 
 296 035b 22D77D57 		.ascii	"\"\327}W\326\3541\373\223\353\016\210\322\310\310\375"
 296      D6EC31FB 
 296      93EB0E88 
 296      D2C8C8FD 
 297 036b 5623B77B 		.ascii	"V#\267{\327\265\323\241\244\2050r\362r\352r\302\324"
 297      D7B5D3A1 
 297      A4853072 
 297      F272EA72 
 297      C2D4
 298 037d 1AAFBE15 		.ascii	"\032\257\276\025\276Iq9\225Q\2343\314\013.\3711|Ic\270"
 298      BE497139 
 298      95519C33 
 298      CC0B2EF9 
ARM GAS  C:\Users\Simone\AppData\Local\Temp\ccDzk6wA.s 			page 23


 298      317C4963 
 299 0392 89319CD3 		.ascii	"\2111\234\323\334P\2557\251M\235\375_\232\032\355\273"
 299      DC50AD37 
 299      A94D9DFD 
 299      5F9A1AED 
 299      BB
 300 03a3 AA4AF758 		.ascii	"\252J\367X\002\250\270\034\220d\363\033\2518\260\256"
 300      02A8B81C 
 300      9064F31B 
 300      A938B0AE 
 301 03b3 7B19BF35 		.ascii	"{\031\2775\332\301\025~\355S\027Jr\274T\374\233\353"
 301      DAC1157E 
 301      ED53174A 
 301      72BC54FC 
 301      9BEB
 302 03c5 36D4DE70 		.ascii	"6\324\336pZ^O\3055F\305U\215\212\362\334c\317\215\244"
 302      5A5E4FC5 
 302      3546C555 
 302      8D8AF2DC 
 302      63CF8DA4 
 303 03d9 9D5371D0 		.ascii	"\235Sq\320YS\007\274\317n\035Q\346.W\276\037\033#\324"
 303      595307BC 
 303      CF6E1D51 
 303      E62E57BE 
 303      1F1B23D4 
 304 03ed 03AEFBD1 		.ascii	"\003\256\373\321p]\243\241\205\321p\256\251u\237\201"
 304      705DA3A1 
 304      85D170AE 
 304      A9759F81 
 305 03fd 4D7F1703 		.ascii	"M\177\027\003)\364\034\277ib\343\1772\335\2665\236."
 305      29F41CBF 
 305      6962E37F 
 305      32DDB635 
 305      9E2E
 306 040f D093BB3C 		.ascii	"\320\223\273<@\341\251\342\374\020f\253\260\275\347"
 306      40E1A9E2 
 306      FC1066AB 
 306      B0BDE7
 307 041e F660BF99 		.ascii	"\366`\277\231\331N\244\333\303\313\363[\303H?\267\255"
 307      D94EA4DB 
 307      C3CBF35B 
 307      C3483FB7 
 307      AD
 308 042f AE1BD91E 		.ascii	"\256\033\331\036\022@\027M\304w\221\016/]W.\367*\204"
 308      1240174D 
 308      C477910E 
 308      2F5D572E 
 308      F72A84
 309 0442 E0B0603C 		.ascii	"\340\260`<\325m\3157\007\2705\006\270\335\366\272\255"
 309      D56DCD37 
 309      07B83506 
 309      B8DDF6BA 
 309      AD
 310 0453 2D2B7E18 		.ascii	"-+~\030JVr7g\347h\263>\300\355L\200\333w^\267\262\302"
 310      4A567237 
 310      67E768B3 
 310      3EC0ED4C 
ARM GAS  C:\Users\Simone\AppData\Local\Temp\ccDzk6wA.s 			page 24


 310      80DB775E 
 311 046a 8DE57A96 		.ascii	"\215\345z\226\363\004\272\275^\337\272=<\300\261.\300"
 311      F304BABD 
 311      5EDFBA3D 
 311      3CC0B12E 
 311      C0
 312 047b F1AEE668 		.ascii	"\361\256\346h(j\357(\265@dd\344\244\310(\027\332\367"
 312      286AEF28 
 312      B5406464 
 312      E4A4C828 
 312      17DAF7
 313 048e 6D393CF8 		.ascii	"m9<\3706\266\333Y\240\350l\232<\200I\276\247\356\016"
 313      36B6DB59 
 313      A0E86C9A 
 313      3C8049BE 
 313      A7EE0E
 314 04a1 F3FF397E 		.ascii	"\363\3779~\011\324\\AS\321@\361\330c\037\304t7\214\263"
 314      09D45C41 
 314      53D140F1 
 314      D8631FC4 
 314      74378CB3 
 315 04b5 C5BB42D7 		.ascii	"\305\273B\327x\333\237\372L\363X\223(\312\\Y\200\233"
 315      78DB9FFA 
 315      4CF35893 
 315      28CA5C59 
 315      809B
 316 04c7 787E8B9E 		.ascii	"x~\213\236\267\253\016Xnx\204\235\374\020\"\241\033"
 316      B7AB0E58 
 316      6E78849D 
 316      FC1022A1 
 316      1B
 317 04d8 E51ECA7D 		.ascii	"\345\036\312}\210d\245\367\213\201e\200\316\2401X\346"
 317      8864A5F7 
 317      8B816580 
 317      CEA03158 
 317      E6
 318 04e9 744C748C 		.ascii	"tLt\214\314\234@\317\005\255\205\274\323\241\177C\343"
 318      CC9C40CF 
 318      05AD85BC 
 318      D3A17F43 
 318      E3
 319 04fa 03E32435 		.ascii	"\003\343$5\015\327\353\322\020\202\346\200\356O\372"
 319      0DD7EBD2 
 319      1082E680 
 319      EE4FFA
 320 0509 9729A600 		.ascii	"\227)\246\000\356{\374\262\020\340\261\267h\373J\326"
 320      EE7BFCB2 
 320      10E0B1B7 
 320      68FB4AD6 
 321 0519 B58791D3 		.ascii	"\265\207\221\323\274\326]g\016\015\205\222Z\276\271"
 321      BCD65D67 
 321      0E0D8592 
 321      5ABEB9
 322 0528 E45ED61A 		.ascii	"\344^\326\032N\032\370\246\256\247\242\020\310E\276"
 322      4E1AF8A6 
 322      AEA7A210 
 322      C845BE
ARM GAS  C:\Users\Simone\AppData\Local\Temp\ccDzk6wA.s 			page 25


 323 0537 29BF5771 		.ascii	")\277Wq\203\220&\2661\366w5m3\003\226.22*\222^\277\243"
 323      839026B6 
 323      31F67735 
 323      6D330396 
 323      2E32322A 
 324 054f A8AED1AC 		.ascii	"\250\256\321\2544\314\244A\240\027\223}\026\234\000"
 324      34CCA441 
 324      A017937D 
 324      169C00
 325 055e 7F8E6FE0 		.ascii	"\177\216o\340q+\313\354\231J\360K$x\000/\365\034\345"
 325      712BCBEC 
 325      994AF04B 
 325      2478002F 
 325      F51CE5
 326 0571 05CA20CA 		.ascii	"\005\312 \312\220\037\311\035\233\272\222j\226\0236"
 326      901FC91D 
 326      9BBA926A 
 326      961336
 327 0580 FEFA8206 		.ascii	"\376\372\202\006y\245\350\364q\1772\3364x/Q\323\247"
 327      79A5E8F4 
 327      717F32DE 
 327      34782F51 
 327      D3A7
 328 0592 C14D392C 		.ascii	"\301M9,\253\336\372R\203\002\324f\\\375\374\363\243"
 328      ABDEFA52 
 328      8302D466 
 328      5CFDFCF3 
 328      A3
 329 05a3 48FDE391 		.ascii	"H\375\343\221n\371\202\342+fo}\366Y\013L\212\012F\010"
 329      6EF982E2 
 329      2B666F7D 
 329      F6590B4C 
 329      8A0A4608 
 330 05b7 7C8F3CFC 		.ascii	"|\217<\374/\234\320\204\\\233\011\3000\032\267\371\336"
 330      2F9CD084 
 330      5C9B09C0 
 330      301AB7F9 
 330      DE
 331 05c8 38343BAD 		.ascii	"84;\255+\256\015\254\360\350\002\272b8\240+F\3368g\357"
 331      2BAE0DAC 
 331      F0E802BA 
 331      6238A02B 
 331      46DE3867 
 332 05dd EE28BF6A 		.ascii	"\356(\277j\364\352F\371L=rtu\245\357=4\306\225\015\005"
 332      F4EA46F9 
 332      4C3D7274 
 332      75A5EF3D 
 332      34C6950D 
 333 05f2 37FB0853 		.ascii	"7\373\010S\"\"(\"S\272\217\257}\246\367\237\276\037"
 333      22222822 
 333      53BA8FAF 
 333      7DA6F79F 
 333      BE1F
 334 0604 4DF10BED 		.ascii	"M\361\013\355\024\351\360]&\252\303\367i\375\005\217"
 334      14E9F05D 
 334      26AAC3F7 
 334      69FD058F 
ARM GAS  C:\Users\Simone\AppData\Local\Temp\ccDzk6wA.s 			page 26


 335 0614 855CE7ED 		.ascii	"\205\\\347\355\266\177\325\323\373t\370\272\360=\324"
 335      B67FD5D3 
 335      FB74F8BA 
 335      F03DD4
 336 0623 DD3FD3EF 		.ascii	"\335?\323\357=\204^\220%\372\0060\256\371\000^.\322"
 336      3D845E90 
 336      25FA0630 
 336      AEF9005E 
 336      2ED2
 337 0635 017CBAAC 		.ascii	"\001|\272\254\256/\204\334\341('\036\267\275\260\220"
 337      AE2F84DC 
 337      E128271E 
 337      B7BDB090 
 338 0645 1EBEE9D9 		.ascii	"\036\276\351\331Q\335c\236\376L\267U\231\300\342\015"
 338      51DD639E 
 338      FE4CB755 
 338      99C0E20D 
 339 0655 97EC2CE5 		.ascii	"\227\354,\345\031\257\022\2473M\301\356\234#a\250\201"
 339      19AF12A7 
 339      334DC1EE 
 339      9C2361A8 
 339      81
 340 0666 95889F4D 		.ascii	"\225\210\237M\363\242\217\304\263=N\023U\256\300@\260"
 340      F3A28FC4 
 340      B33D4E13 
 340      55AEC040 
 340      B0
 341 0677 9A5F2C18 		.ascii	"\232_,\030W\373w4\355\345\272\017\314\3609\267{\361"
 341      57FB7734 
 341      EDE5BA0F 
 341      CCF039B7 
 341      7BF1
 342 0689 F5D6FD7A 		.ascii	"\365\326\375z\355\225\264\226\353<\355#\361\376\234"
 342      ED95B496 
 342      EB3CED23 
 342      F1FE9C
 343 0698 E089CA09 		.ascii	"\340\211\312\011\254A\013X\317hY\247\321\322\346Z\177"
 343      AC410B58 
 343      CF6859A7 
 343      D1D2E65A 
 343      7F
 344 06a9 52242FF8 		.ascii	"R$/\370\035r\367\266U\031\310(\337\234wV\266\231\310"
 344      1D72F7B6 
 344      5519C828 
 344      DF9C7756 
 344      B699C8
 345 06bc 4A3DDB14 		.ascii	"J=\333\024/\357\270\306\322\314c|\320\027Ao\365\232"
 345      2FEFB8C6 
 345      D2CC637C 
 345      D017416F 
 345      F59A
 346 06ce 10AAC9A5 		.ascii	"\020\252\311\245\211\347\363\340\3039\305w\314\310k"
 346      89E7F3E0 
 346      C339C577 
 346      CCC86B
 347 06dd 476EDF96 		.ascii	"Gn\337\226\252S\357\347e\345\362\277\341\262\024\327"
 347      AA53EFE7 
ARM GAS  C:\Users\Simone\AppData\Local\Temp\ccDzk6wA.s 			page 27


 347      65E5F2BF 
 347      E1B214D7 
 348 06ed 2F6864C8 		.ascii	"/hd\310\321\250\205\0154\231\034\215\335\002\306\356"
 348      D1A8850D 
 348      34991C8D 
 348      DD02C6EE 
 349 06fd C14DCDC7 		.ascii	"\301M\315\307`\3510\376\303\202ey8_\317\006\036\276"
 349      60E930FE 
 349      C3826579 
 349      385FCF06 
 349      1EBE
 350 070f F958C015 		.ascii	"\371X\300\025\353\206\216\205\261\303\032+\233\266M"
 350      EB868E85 
 350      B1C31A2B 
 350      9BB64D
 351 071e EA41CFD5 		.ascii	"\352A\317\325\356\373\006~\360\031\233\356\265\352A"
 351      EEFB067E 
 351      F0199BEE 
 351      B5EA41
 352 072d C58DAFB6 		.ascii	"\305\215\257\266\213\374`)\233\345\365\352\301\256\307"
 352      8BFC6029 
 352      9BE5F5EA 
 352      C1AEC7
 353 073c C5A3A173 		.ascii	"\305\243\241s*\225lW\004\233bt\344\025\212K\331\330"
 353      2A956C57 
 353      049B6274 
 353      E4158A4B 
 353      D9D8
 354 074e DB88BFE9 		.ascii	"\333\210\277\351\350\373\002\177\343\370\203\"q)u\351"
 354      E8FB027F 
 354      E3F88322 
 354      712975E9 
 355 075e 3C783FEA 		.ascii	"<x?\352\235\022\345\222\253\346\033'}[\263va\316\275"
 355      9D12E592 
 355      ABE61B27 
 355      7D5BB376 
 355      61CEBD
 356 0771 FCC9F04E 		.ascii	"\374\311\360NS\201j\360{\2238G\200\315\342;\350\374"
 356      53816AF0 
 356      7B933847 
 356      80CDE23B 
 356      E8FC
 357 0783 65E5606F 		.ascii	"e\345`o\340_#\224\013_\253n\021\331S\302~\353m\216E"
 357      E05F2394 
 357      0B5FAB6E 
 357      11D953C2 
 357      7EEB6D8E 
 358 0798 71B2E1C3 		.ascii	"q\262\341\303?\376-b\236`\264\246\311\263\337\213\223"
 358      3FFE2D62 
 358      9E60B4A6 
 358      C9B3DF8B 
 358      93
 359 07a9 43E2E2D4 		.ascii	"C\342\342\324Ur\342oc\023S\254\011V\207\234\231d\265"
 359      5572E26F 
 359      631353AC 
 359      0956879C 
 359      9964B5
ARM GAS  C:\Users\Simone\AppData\Local\Temp\ccDzk6wA.s 			page 28


 360 07bc C7CA767B 		.ascii	"\307\312v{\252#vQZf\004[E\304g\330\"$[\202"
 360      AA237651 
 360      5A66045B 
 360      45C467D8 
 360      22245B82 
 361 07d0 94942425 		.ascii	"\224\224$%\305\3762\3727\021\357\315\234\365\253\277"
 361      C5FE32FA 
 361      3711EFCD 
 361      9CF5ABBF 
 362 07e0 CF8E45FD 		.ascii	"\317\216E\375\273i\3664\351])>\301\032kMKL\315L\222"
 362      BB69F634 
 362      E95D293E 
 362      C11A6B4D 
 362      4B4CCD4C 
 363 07f5 626DF188 		.ascii	"bm\361\210\225&\305\306%I\311\361\231\251r\234\274$"
 363      9526C5C6 
 363      2549C9F1 
 363      99A9729C 
 363      BC24
 364 0807 5D7244A7 		.ascii	"]rD\247\010\237\374\250a\034K\034\261q\0169\011\357"
 364      089FFCA8 
 364      611C4B1C 
 364      B1710E39 
 364      09EF
 365 0819 80D8BF8B 		.ascii	"\200\330\277\213\216\216\301\037\006ow\314\2323+\306"
 365      8E8EC11F 
 365      066F77CC 
 365      9A332BC6 
 366 0829 EE88C990 		.ascii	"\356\210\311\220c\322\355\031\262#\346\375?/\230\267"
 366      63D2ED19 
 366      B223E6FD 
 366      3F2F98B7 
 367 0839 E0B39844 		.ascii	"\340\263\230D\273-\335\232*e8b>\2347\017m\265\304\214"
 367      BB2DDD9A 
 367      2A653862 
 367      3E9C370F 
 367      6DB5C48C 
 368 084d 9908F26B 		.ascii	"\231\010\362k\306\210\272\"\351\231\362\254`\220)\361"
 368      C688BA22 
 368      E999F2AC 
 368      609029F1 
 369 085d A931A9D6 		.ascii	"\2511\251\326\204\030\207\234!\305\333\03416\311\246"
 369      8418879C 
 369      21C5DB1C 
 369      3136C9A6 
 370 086d 2EA31305 		.ascii	".\243\023\005\262H\222\015\016\353?\24589\351\007\336"
 370      B248920D 
 370      0EEB3FA5 
 370      3839E907 
 370      DE
 371 087e 15B16317 		.ascii	"\025\261c\027%&\216\2733\032D\317\366\335\\F\257d\314"
 371      25268EBB 
 371      331A44CF 
 371      F6DD5C46 
 371      AF64CC
 372 0891 5B8F8193 		.ascii	"[\217\201\223\034\206\305\031VYr\230\027H6{\306\222"
 372      1C86C519 
ARM GAS  C:\Users\Simone\AppData\Local\Temp\ccDzk6wA.s 			page 29


 372      56597298 
 372      1748367B 
 372      C692
 373 08a3 BFB06CE8 		.ascii	"\277\260l\350\206\257>^\360W=3\320Q\343\377\367N)\002"
 373      86AF3E5E 
 373      F0573D33 
 373      D051E3FF 
 373      F74E2902 
 374 08b7 F9874D36 		.ascii	"\371\207M6$d&'K\031:z5\"\331\035\006{r\262C\222\315"
 374      24642627 
 374      4B193A7A 
 374      3522D91D 
 374      067B72B2 
 375 08ce 36C7C284 		.ascii	"6\307\302\204O\245D\371\017iV\331\210\331\246e\246\246"
 375      4FA544F9 
 375      0F6956D9 
 375      88D9A665 
 375      A6A6
 376 08e0 1A93D322 		.ascii	"\032\223\323\"\034\351R\"\3142 Nb\372\022<\220S2\354"
 376      1CE95222 
 376      CC32204E 
 376      62FA123C 
 376      905332EC 
 377 08f4 8B75A952 		.ascii	"\213u\251R|\362\307?n\013\310\031\326\264E\230\344\177"
 377      7CF2C73F 
 377      6E0BC819 
 377      D6B44598 
 377      E47F
 378 0906 0095CC5B 		.ascii	"\000\225\314[\032"
 378      1A
 379              		.text
 380              		.section	.gnu.lto_.symtab.ce13b8c0,"",%progbits
 381 0000 6D734F62 		.ascii	"msObjectInit\000\000\000\000\000\000\000\000\000\000"
 381      6A656374 
 381      496E6974 
 381      00000000 
 381      00000000 
 382 0016 00000401 		.ascii	"\000\000\004\001\000\000"
 382      0000
 383              		.text
 384              		.section	.gnu.lto_.opts,"",%progbits
 385 0000 272D666E 		.ascii	"'-fno-trapv' '-mcpu=cortex-m4' '-mno-thumb-interwor"
 385      6F2D7472 
 385      61707627 
 385      20272D6D 
 385      6370753D 
 386 0033 6B272027 		.ascii	"k' '-mthumb' '-ggdb' '-O2' '-fomit-frame-pointer' '"
 386      2D6D7468 
 386      756D6227 
 386      20272D67 
 386      67646227 
 387 0066 2D66616C 		.ascii	"-falign-functions=16' '-ffunction-sections' '-fdata"
 387      69676E2D 
 387      66756E63 
 387      74696F6E 
 387      733D3136 
 388 0099 2D736563 		.ascii	"-sections' '-fno-common' '-flto'\000"
ARM GAS  C:\Users\Simone\AppData\Local\Temp\ccDzk6wA.s 			page 30


 388      74696F6E 
 388      73272027 
 388      2D666E6F 
 388      2D636F6D 
 389              		.text
 390              		.comm	__gnu_lto_v1,1,1
 391              		.comm	__gnu_lto_slim,1,1
 392              		.ident	"GCC: (GNU Tools for ARM Embedded Processors) 4.9.3 20150529 (release) [ARM/embedded-4_9-br
ARM GAS  C:\Users\Simone\AppData\Local\Temp\ccDzk6wA.s 			page 31


DEFINED SYMBOLS
                            *ABS*:00000000 memstreams.c
                            *COM*:00000001 __gnu_lto_v1
                            *COM*:00000001 __gnu_lto_slim

NO UNDEFINED SYMBOLS
