ARM GAS  C:\Users\Simone\AppData\Local\Temp\ccwfHSSj.s 			page 1


   1              		.syntax unified
   2              		.cpu cortex-m4
   3              		.fpu softvfp
   4              		.eabi_attribute 20, 1
   5              		.eabi_attribute 21, 1
   6              		.eabi_attribute 23, 3
   7              		.eabi_attribute 24, 1
   8              		.eabi_attribute 25, 1
   9              		.eabi_attribute 26, 1
  10              		.eabi_attribute 30, 2
  11              		.eabi_attribute 34, 1
  12              		.eabi_attribute 18, 4
  13              		.thumb
  14              		.file	"nvic.c"
  15              		.text
  16              	.Ltext0:
  17              		.section	.gnu.lto_.profile.ce91b918,"",%progbits
  18 0000 789C6366 		.ascii	"x\234cf```a\200\000F\006)1\000\000\276\0009"
  18      60606061 
  18      80004606 
  18      29310000 
  18      BE0039
  19              		.text
  20              		.section	.gnu.lto_.jmpfuncs.ce91b918,"",%progbits
  21 0000 789C6366 		.ascii	"x\234cf\300\016\244\2404\013\003\023##s}=#\020\3243"
  21      C00EA4A0 
  21      340B0313 
  21      2323737D 
  21      3D2310D4 
  22 0015 41D8CC20 		.ascii	"A\330\314 6\003\000(\334\0036"
  22      36030028 
  22      DC0336
  23              		.text
  24              		.section	.gnu.lto_.inline.ce91b918,"",%progbits
  25 0000 789C6D8C 		.ascii	"x\234m\214\313\015\2000\014C\235\017i\340\302\010\335"
  25      CB0D8030 
  25      0C439D0F 
  25      69E0C208 
  25      DD
  26 0011 801199A5 		.ascii	"\200\021\231\245#1\012#`\240\2528`)J\"\373\331\360\257"
  26      23310A23 
  26      60A0AA38 
  26      60294A22 
  26      FBD9F0AF 
  27 0025 BD6F0796 		.ascii	"\275o\007\226YT\2047\307\343\334\020\255*\364X\035\374"
  27      59548437 
  27      C7E3DC10 
  27      AD2AF458 
  27      1DFC
  28 0037 9246D2CA 		.ascii	"\222F\322\312\302\014\023\346\255\276\011\232\3764("
  28      C20C13E6 
  28      ADBE099A 
  28      FE3428
  29 0046 2617B92B 		.ascii	"&\027\271+\214\324\007\247\014%:8\274\001\342\002F;"
  29      8CD407A7 
  29      0C253A38 
  29      BC01E202 
ARM GAS  C:\Users\Simone\AppData\Local\Temp\ccwfHSSj.s 			page 2


  29      463B
  30 0058 0CFC     		.ascii	"\014\374"
  31              		.text
  32              		.section	.gnu.lto_.pureconst.ce91b918,"",%progbits
  33 0000 789C6366 		.ascii	"x\234cf``\340d\200\000\026\006)F)&)f)\000\002\305\000"
  33      6060E064 
  33      80001606 
  33      29462926 
  33      29662900 
  34 0017 7F       		.ascii	"\177"
  35              		.text
  36              		.section	.gnu.lto_nvicEnableVector.ce91b918,"",%progbits
  37 0000 789C9552 		.ascii	"x\234\225R\337K\223Q\030>\317\371\276\355\333\017\265"
  37      DF4B9351 
  37      183ECFF9 
  37      BEEDDB0F 
  37      B5
  38 0011 E8265844 		.ascii	"\350&XD\335\014\257\364C\002\351\"\250\010\272\023\244"
  38      DD0CAFF4 
  38      4302E922 
  38      A808BA13 
  38      A4
  39 0022 FFA076E3 		.ascii	"\377\240v\343 7\321\210\356<\233c^\024(\336(\311n\322"
  39      2037D188 
  39      EE3C9B63 
  39      5E1428DE 
  39      28C96ED2 
  40 0036 E8C772A6 		.ascii	"\350\307r\246e\345\232\360!X^\22462\222!J\264@\253\213"
  40      65E59AF0 
  40      21585E94 
  40      36329221 
  40      4AB440AB 
  41 004b 34610E2A 		.ascii	"4a\016*{\337\263E\027zQc;\347\274?\236\367y\236sf\210"
  41      7BDFB345 
  41      177A5163 
  41      3BE7BC3F 
  41      9EF7799E 
  42 0062 BD9F00FD 		.ascii	"\275\237\000\375N\033B\234\242\035\206\200\354_\020"
  42      4E1B429C 
  42      A21D8680 
  42      EC5F10
  43 0071 22E69100 		.ascii	"\"\346\221\000\037\004D\267D76\344\246D\277\223\036"
  43      1F0444B7 
  43      443736E4 
  43      A644BF93 
  43      1E
  44 0082 F2D7DF56 		.ascii	"\362\327\337VJ}\033X\214\265:(K!\276\313\312\034\334"
  44      4A7D1B58 
  44      8CB53A28 
  44      4B21BECB 
  44      CA1CDC
  45 0095 413DF52C 		.ascii	"A=\365,-\177L\232F3\004\235\2473\333\257\375\353\262"
  45      2D7F4C9A 
  45      4633049D 
  45      A733DBAF 
  45      FDEBB2
  46 00a8 2C719CC3 		.ascii	",q\234\303\354\300\374\220\233Cir85\223yq 8\242T\334"
ARM GAS  C:\Users\Simone\AppData\Local\Temp\ccwfHSSj.s 			page 3


  46      ECC0FC90 
  46      9B436972 
  46      38359379 
  46      712038A2 
  47 00be 999F5467 		.ascii	"\231\237Tg\314\2624p\027\006\315\303=\004p\037\001A"
  47      CCB23470 
  47      1706CDC3 
  47      3D04701F 
  47      0141
  48 00d0 29813482 		.ascii	")\2014\202\324\375\346\346\366\222i\234\324s\363\231"
  48      D4FDE6E6 
  48      F692699C 
  48      D473F399 
  49 00e0 574B55E4 		.ascii	"WKU\344\312\037\344\203}\220c\010r\373f\342\347{\277"
  49      CA1FE483 
  49      7D906308 
  49      72FB66E2 
  49      E77BBF
  50 00f3 3B41B20F 		.ascii	";A\262\017V\324\"\0037h\037?\344\250\335\335\221\251"
  50      56D42203 
  50      37681F3F 
  50      E4A8DDDD 
  50      91A9
  51 0105 DC84590B 		.ascii	"\334\204Y\013p\273$\240i\360\342\002\023[ttyhq{y\361"
  51      70BB24A0 
  51      69F0E202 
  51      135B7474 
  51      7968717B 
  52 011b D1620951 		.ascii	"\321b\011Q\244!|9\237\244\344\335( \276\334\373\253"
  52      A4217C39 
  52      9FA4E4DD 
  52      2820BEDC 
  52      FBAB
  53 012d 64F0DC92 		.ascii	"d\360\334\222\224%\011Q@\317\212\273\022\033\224\"\025"
  53      94250951 
  53      40CF8ABB 
  53      121B9422 
  53      15
  54 013e A3F9B5BC 		.ascii	"\243\371\265\274\301\356=\246\3008I,`v\000\334B\305"
  54      C1EE3DA6 
  54      C038492C 
  54      607600DC 
  54      42C5
  55 0150 AD2F2A65 		.ascii	"\255/*er\321\253f{T\035\253^+.\346=:%8\274\365n\347"
  55      72D1AB66 
  55      7B541DAB 
  55      5E2B2EE6 
  55      3D3A2538 
  56 0168 735D0AC3 		.ascii	"s]\012\3031\245\034\253,}xHN'h\014\027\313\2437\374"
  56      31A51CAB 
  56      2C7D7848 
  56      4E27680C 
  56      17CBA337 
  57 017d 0D6995A0 		.ascii	"\015i\225\240\007\361c\022)l\351G\241\312\365\301\374"
  57      07F16312 
  57      296CE947 
  57      A1CAF5C1 
ARM GAS  C:\Users\Simone\AppData\Local\Temp\ccwfHSSj.s 			page 4


  57      FC
  58 018e 8EC71E53 		.ascii	"\216\307\036S\211\230s\204\250\361\010\015%\351\322"
  58      89987384 
  58      A8F1080D 
  58      25E9D2
  59 019d EFF51836 		.ascii	"\357\365\0306\211c\245\253\311\205\241\326\212X\213"
  59      8963A5AB 
  59      C985A1D6 
  59      8A588B
  60 01ac AA04FBFA 		.ascii	"\252\004\373\372v8[\303\344n\227\300\224\026\033_\355"
  60      76385BC3 
  60      E46E97C0 
  60      94161B5F 
  60      ED
  61 01bd FD212B4D 		.ascii	"\375!+M\036\036A\270\235\252C/\245\010\224\353\353\233"
  61      1E1E41B8 
  61      9DAA432F 
  61      A50894EB 
  61      EB9B
  62 01cf B334E898 		.ascii	"\2634\350\230\300\023\015\352YI\026\253\327\342\243"
  62      C0130DEA 
  62      594916AB 
  62      D7E2A3
  63 01de 8E97A9F5 		.ascii	"\216\227\251\365Im\323\202\300S\004\010\252\257\341"
  63      496DD382 
  63      C0530408 
  63      AAAFE1
  64 01ed C3E1EA3D 		.ascii	"\303\341\352=\374\253\313\032<\323.\261\307\345\321"
  64      FCABCB1A 
  64      3CD32EB1 
  64      C7E5D1
  65 01fc B2ACC534 		.ascii	"\262\254\3054\273\264\264\313,\273\364i\226\211\271"
  65      BBB4B4CB 
  65      2CBBF469 
  65      9689B9
  66 020b 4DD77FF3 		.ascii	"M\327\177\363<\327<r\177\236\334_\236\231\012\317*b"
  66      3CD73C72 
  66      7F9EDC5F 
  66      9E990ACF 
  66      2A62
  67 021d CEE07966 		.ascii	"\316\340yf\341l\221\004\322\037\204\320'\032\033m\372"
  67      E16C9104 
  67      D21F84D0 
  67      271A1B6D 
  67      FA
  68 022e 86DAC297 		.ascii	"\206\332\302\227\302\321\256\246\346&;\332e\267]\274"
  68      C2D1AEA6 
  68      E6263BDA 
  68      65B75DBC 
  69 023e 6C77443B 		.ascii	"lwD;\257t\331\241h{{4b\237\275\320r\256\345\232\035"
  69      AF74D9A1 
  69      687B7B34 
  69      629FBDD0 
  69      72AEE59A 
  70 0253 B91A0E35 		.ascii	"\271\032\0165\206\004\"fGg8\372\033\245\0111\005"
  70      86042266 
  70      476738FA 
ARM GAS  C:\Users\Simone\AppData\Local\Temp\ccwfHSSj.s 			page 5


  70      1BA50931 
  70      05
  71              		.text
  72              		.section	.gnu.lto_nvicDisableVector.ce91b918,"",%progbits
  73 0000 789C8D51 		.ascii	"x\234\215QMk\023Q\024}\347\276\311$5\241\212\033KDt"
  73      4D6B1351 
  73      147DE7BE 
  73      C92435A1 
  73      8A1B4B44 
  74 0015 53BA6A1E 		.ascii	"S\272j\036E\250\333\212\340\256 \376\003\315\246\001"
  74      45A8DB8A 
  74      E0AE20FE 
  74      03CDA601 
  75 0025 9B1123E2 		.ascii	"\233\021#\342\256/ML\027\012-\335X)\331\264~\247Mkj"
  75      AE2F4D4C 
  75      170A2DDD 
  75      5829D9B4 
  75      7EA74D6B 
  76 003a FC280A43 		.ascii	"\374(\012C\301\257\205J\261E)\022\021\243\324\217ES"
  76      C1AF854A 
  76      B1452912 
  76      11A3D48F 
  76      4553
  77 004c 0BCD8052 		.ascii	"\013\315\200R\357\233q!t\3430s\337\273\367\235s\317"
  77      EF9B7121 
  77      74E33073 
  77      DFBBF79D 
  77      73CF
  78 005e B9F3A4D8 		.ascii	"\271\363\244\330\376\304\371K\221\020\207x\205\024\240"
  78      FEC4F94B 
  78      91108778 
  78      8514A0
  79 006d 91574264 		.ascii	"\221WBd#\004\230\215\200\030 \014\340+5\010#ni,\332"
  79      2304988D 
  79      8018200C 
  79      E02B3508 
  79      236E692C 
  80 0082 714D6BBD 		.ascii	"qMk\27561\327v\241\315c\332O\012\332\340\006:\030\262"
  80      3631D776 
  80      A1CD63DA 
  80      4F0ADAE0 
  80      063A18B2 
  81 0096 F4EE53C1 		.ascii	"\364\356S\301\222\335\020\274\177X\336x\031]%\217p\300"
  81      92DD10BC 
  81      7F58DE78 
  81      195D258F 
  81      70C0
  82 00a8 A4F3A3CF 		.ascii	"\244\363\243\317\307l\223\222e\322\352\343\362\323\235"
  82      C76C9392 
  82      65D2EAE3 
  82      F2D39D
  83 00b7 ED935A0F 		.ascii	"\355\223Z\017\272/*\272\307\362H\342&$\367\303-\304"
  83      BA2F2ABA 
  83      C7F248E2 
  83      2624F7C3 
  83      2DC4
  84 00c9 711B71C1 		.ascii	"q\033q\301%\201\022\332\015\274\221\377\3756j\347Y{"
ARM GAS  C:\Users\Simone\AppData\Local\Temp\ccwfHSSj.s 			page 6


  84      258112DA 
  84      0DBC91FF 
  84      FD366AE7 
  84      597B
  85 00db 57A08929 		.ascii	"W\240\211)\330\340uf\267\253\267\266&\257OU\255\026"
  85      D8E07566 
  85      B7ABB7B6 
  85      26AF4F55 
  85      AD16
  86 00ed C0C08989 		.ascii	"\300\300\211\211\226\344\020\262L\010q\260\205\2503"
  86      96E410B2 
  86      4C0871B0 
  86      85A833
  87 00fc C94CF499 		.ascii	"\311L\364\231\310\254r\005\271Z\341\313\225c\246\317"
  87      C8AC7205 
  87      B95AE1CB 
  87      9563A6CF 
  88 010c 26D1264B 		.ascii	"&\321&K\020~\274\031\237\217\031\217\314\3024[X\301"
  88      107EBC19 
  88      9F8F198F 
  88      CCC2345B 
  88      58C1
  89 011e 606DE817 		.ascii	"`m\350\027\005 \311 \256\344\232v\220[\\b\322\243\341"
  89      0520C920 
  89      AEE49A76 
  89      905B5C62 
  89      D2A3E1
  90 0131 E127619F 		.ascii	"\341'a\237\264_\240\354\223r\357\013u\031\200B\214x"
  90      B45FA0EC 
  90      9372EF0B 
  90      75198042 
  90      8C78
  91 0143 565CAD58 		.ascii	"V\\\255X\006\301\2161\2038S\031\2640\372q\217\3010`"
  91      06C18E31 
  91      83385319 
  91      B430FA71 
  91      8FC13060 
  92 0157 FDBB2EFA 		.ascii	"\375\273.\372\200\260^\310\351V3\360\207\372\353\305"
  92      80B05EC8 
  92      E95633F0 
  92      87FAEBC5 
  93 0167 885F1226 		.ascii	"\210_\022&\235Xn~k-b<\253\265\033\366(\202Y\376IwX\314"
  93      9D586E7E 
  93      6B2D623C 
  93      ABB51BF6 
  93      288259FE 
  94 017f 1C7A572F 		.ascii	"\034zW/E;K:\017\217ZPA\021\353\376\255\360\311\305\313"
  94      453B4B3A 
  94      0F8F5A50 
  94      4111EBFE 
  94      ADF0C9C5 
  95 0194 8BCD889A 		.ascii	"\213\315\210\232\326\371\254\273\317\243\035\230C'\017"
  95      D6F9ACBB 
  95      CFA31D98 
  95      43270F
  96 01a3 EB5FD85D 		.ascii	"\353_\330](vg|\254\315.5\344_'\377\253\023E\325\327"
  96      2876677C 
ARM GAS  C:\Users\Simone\AppData\Local\Temp\ccwfHSSj.s 			page 7


  96      ACCD2E35 
  96      E45F27FF 
  96      AB1345D5 
  97 01b8 C1369DBD 		.ascii	"\3016\235\275\036\305p\317\350\300\327\271\017\365\357"
  97      1EC570CF 
  97      E8C0D7B9 
  97      0FF5EF
  98 01c7 38312E3D 		.ascii	"81.=\340~5d\335\345\243F\325\240\352\014\346[ag\007"
  98      E07E3564 
  98      DDE5A346 
  98      D5A0EA0C 
  98      E65B6167 
  99 01dc 1309C56F 		.ascii	"\023\011\305o\262/u2\345d\272\272\273\224\223Q}'N\251"
  99      B22F7532 
  99      E564BABA 
  99      BB949351 
  99      7D274EA9 
 100 01f0 D3CE99B3 		.ascii	"\323\316\231\263\031\225t\372\373\235\264:|\274\367"
 100      199574FA 
 100      FB9DB43A 
 100      7CBCF7
 101 01ff 48EF7995 		.ascii	"H\357y\225>\227J&\222\002\351?\023\362\351\010"
 101      3E974A26 
 101      9202E93F 
 101      13F2E908 
 102              		.text
 103              		.section	.gnu.lto_nvicSetSystemHandlerPriority.ce91b918,"",%progbits
 104 0000 789C6D51 		.ascii	"x\234mQ=hSQ\024>\337\271//\321\250\025\247\022\027\227"
 104      3D685351 
 104      143EDFB9 
 104      2F2FD1A8 
 104      15A71217 
 105 0015 D0A97914 		.ascii	"\320\251y\024\241\243h\035\234\2728\272\325($\320\346"
 105      A1A3681D 
 105      9CBA38BA 
 105      D52824D0 
 105      E6
 106 0026 9544C4AD 		.ascii	"\225D\304\2557\355\023\027)\245S\251\006\301(V\323\246"
 106      37ED1317 
 106      29A553A9 
 106      06C12856 
 106      D3A6
 107 0038 B60AA2D3 		.ascii	"\266\012\242\323\323AJ\321j\240P\011\305P\210\242\270"
 107      D3414AD1 
 107      6AA05009 
 107      C55088A2 
 107      B8
 108 0049 D81F080F 		.ascii	"\330\037\010\017Z\343\271/t\322\313\375;?\337w\276s"
 108      5AE3B92F 
 108      74D2CBFD 
 108      3B3FDF77 
 108      BE73
 109 005b AFA27F47 		.ascii	"\257\242\177GB\326\026\210\006\344\204\"\360\324\032"
 109      42D61688 
 109      06E48422 
 109      F0D41A
 110 006a 5131C680 		.ascii	"Q1\306\200\271\020h\2141\206\237\274\315\230\362+3\361"
ARM GAS  C:\Users\Simone\AppData\Local\Temp\ccwfHSSj.s 			page 8


 110      B910688C 
 110      31869FBC 
 110      CD98F22B 
 110      33F1
 111 007c 9EC75AEB 		.ascii	"\236\307Z\353\337\017_u\337\356\016\230h\227;4x\202"
 111      DF0F5F75 
 111      DFEE0E98 
 111      68973B34 
 111      7882
 112 008e 1E497930 		.ascii	"\036Iy0\2671\337\245\372Ar\177]\335\373\030\377\301"
 112      B731DFA5 
 112      FA41727F 
 112      5DDDFB18 
 112      FFC1
 113 00a0 01E38C31 		.ascii	"\001\343\2141\337L\257\314\330\306d\313\230K\373\336"
 113      DF4CAFCC 
 113      D8C664CB 
 113      984BFBDE 
 114 00b0 3E9265AD 		.ascii	">\222e\255\307\375\315e}\336\012Xa\016J\370\360\024"
 114      C7FDCD65 
 114      7DDE0A58 
 114      610E4AF8 
 114      F014
 115 00c2 093C4382 		.ascii	"\011<C\202\304E\250 )\331\237g\367\326-u.\344\255U?"
 115      C445A820 
 115      29D99F67 
 115      F7D62D75 
 115      2EE4AD55 
 116 00d7 AC777590 		.ascii	"\254wu\220\177\016\221\363\377A. i\322\267\275\203\215"
 116      7F0E91F3 
 116      FF412E20 
 116      69D2B7BD 
 116      838D
 117 00e9 B8ED89EA 		.ascii	"\270\355\211\352\223\007\207\202Q\205-=\323\342)_\267"
 117      93078782 
 117      51852D3D 
 117      D3E2295F 
 117      B7
 118 00fa DBE5F76F 		.ascii	"\333\345\367oKQD\001\003a\001[\312l\021\230\342DMA\230"
 118      4B514401 
 118      0361015B 
 118      CA6C1198 
 118      E2444D41 
 119 010f B7F8C66C 		.ascii	"\267\370\306lNU\307\370\227;\337\357_1$-\346\026\203"
 119      4E55C7F8 
 119      973BDFEF 
 119      5F31242D 
 119      E61683
 120 0122 EA98D8B4 		.ascii	"\352\230\330\264;\266\022\227T}Tk\324\224\3516b\021"
 120      3BB61297 
 120      547D546B 
 120      D494E936 
 120      6211
 121 0134 1645521D 		.ascii	"\026ER\035\357\246aR$\370kg\262q\324\004m]\237\320'"
 121      EFA66152 
 121      24F86B67 
 121      B271D404 
ARM GAS  C:\Users\Simone\AppData\Local\Temp\ccwfHSSj.s 			page 9


 121      6D5D9FD0 
 122 0149 8CCA46F3 		.ascii	"\214\312F\363S-\026\272(|\235\325\366\352\261\022\356"
 122      532D16BA 
 122      287C9DD5 
 122      F6EAB112 
 122      EE
 123 015a 15B5F6ED 		.ascii	"\025\265\366\355\200\243x.\235-\011\215\011N\356\256"
 123      80A3782E 
 123      9D2D098D 
 123      094EEEAE 
 124 016a 6C1DE9AD 		.ascii	"l\035\351\255h\017\001\307\260\214\022v\302_\220Pu\255"
 124      680F01C7 
 124      B08C1276 
 124      C25F9050 
 124      75AD
 125 017c 7CF7B8B3 		.ascii	"|\367\270\263\240\275\242\177Zj\343\005z[\034\011?\350"
 125      A0BDA27F 
 125      5A6AE305 
 125      7A5B1C09 
 125      3FE8
 126 018e 251C5147 		.ascii	"%\034QG_Q\364K\227\214\020\343m\212x\351I\340gS)Gf:"
 126      5F51F44B 
 126      978C10E3 
 126      6D8A78E9 
 126      49E06753 
 127 01a6 93BD9A75 		.ascii	"\223\275\232u\013}\375}\216[p2C\303\316\250\233\277"
 127      0B7DFD7D 
 127      8E5B7032 
 127      43C3CEA8 
 127      9BBF
 128 01b8 5170D2EE 		.ascii	"Qp\322\356\310\210\233s.\\\036\2748x\313\311\335\314"
 128      C8889B73 
 128      2E5C1EBC 
 128      3878CBC9 
 128      DDCC
 129 01ca A653698A 		.ascii	"\246Si\212f\206r\327\206\257\347\255\321|\326\375\013"
 129      668672D7 
 129      86AFE7AD 
 129      D17CD6FD 
 129      0B
 130 01db FEE1BD31 		.ascii	"\376\341\2751"
 131              		.text
 132              		.section	.gnu.lto_nvicClearPending.ce91b918,"",%progbits
 133 0000 789C6551 		.ascii	"x\234eQMk\023Q\024\275\347\276\311$%R\245\253\022\020"
 133      4D6B1351 
 133      14BDE7BE 
 133      C9242552 
 133      A5AB1210 
 134 0014 5D58BA6A 		.ascii	"]X\272j\206\"\324\255\342\302UA\374\007\232M\0036#F"
 134      8622D4AD 
 134      E2C25541 
 134      FC079A4D 
 134      03362346 
 135 0028 C45D5F9A 		.ascii	"\304]_\232X\027\026Z\272i\241d\243\026?bS\255\270\260"
 135      5817165A 
 135      BA69A164 
 135      A3163F62 
ARM GAS  C:\Users\Simone\AppData\Local\Temp\ccwfHSSj.s 			page 10


 135      53ADB8B0 
 136 003c 5A180A4A 		.ascii	"Z\030\012J7*\321\212R$.\032\301\257\205\255\225f\026"
 136      372AD18A 
 136      52242E1A 
 136      C1AF85AD 
 136      956616
 137 004f B5DE3BE3 		.ascii	"\265\336;\343\316\341\315{\357\234w\316\375x\317\320"
 137      CEE1CD7B 
 137      EF9C77CE 
 137      FD78CFD0 
 138 005f FF5F46FE 		.ascii	"\377_F\376\337 :&+\014\201'_\021\225R\014\350\206@#"
 138      DF203A26 
 138      2B0C8127 
 138      5F119552 
 138      0CE88640 
 139 0074 8C117CE5 		.ascii	"\214\021|\345M\306dP\233I\367\316Yk\177\276y\332}\265"
 139      4DC66450 
 139      9B49F7CE 
 139      596B7FBE 
 139      79DA7DB5 
 140 0088 3B64A25F 		.ascii	";d\242_\034\207\301m\364\212d\355\303\306\230c\006@"
 140      1C87C16D 
 140      F48A64ED 
 140      C3C69863 
 140      0640
 141 009a B27F52DF 		.ascii	"\262\177R\337~\231\376\302!\343\260\302\245\251\325"
 141      7E99FEC2 
 141      21E3B0C2 
 141      A5A9D5
 142 00a9 1957213B 		.ascii	"\031W!;\012\037/\327_\354\357\271i\355h\260\272h\217"
 142      0A1F2FD7 
 142      5FECEFB9 
 142      69ED68B0 
 142      BA688F
 143 00bc 3B211BDC 		.ascii	";!\033\334\201\221x\270\213\014\356!CB\021j\350Q\371"
 143      819178B8 
 143      8B0CEE21 
 143      4342116A 
 143      E851F9
 144 00cf 6665F77D 		.ascii	"fe\367}\332\255H\356\003qN\334\207+e\323BW`\367\366"
 144      DAAD48EE 
 144      03714EDC 
 144      872B65D3 
 144      425760F7 
 145 00e4 36E6C697 		.ascii	"6\346\306\227\235\016@\345,F\307\310\224ptJ\350\344"
 145      9D0E40E5 
 145      2C46C7C8 
 145      9470744A 
 145      E8E4
 146 00f6 2A47D412 		.ascii	"*G\324\022\247\266\365\231YW\263\216rs\354O\365\264"
 146      A7B6F599 
 146      5957B38E 
 146      7273EC4F 
 146      F5B4
 147 0108 06DB61DE 		.ascii	"\006\333a\336\221<\214\037og\227\366i\241b\305\274\324"
 147      913C8C1F 
 147      6F6797F6 
ARM GAS  C:\Users\Simone\AppData\Local\Temp\ccwfHSSj.s 			page 11


 147      69A162C5 
 147      BCD4
 148 011a B18ED1E6 		.ascii	"\261\216\321\346\2655\023\213\214\210\204)\267\335\030"
 148      B535138B 
 148      8C888429 
 148      B7DD18
 149 0129 3B4289E9 		.ascii	";B\211\351\331\304\304\363dd:D\250G\246\362\307\177"
 149      D9C4C4F3 
 149      64643A44 
 149      A847A6F2 
 149      C77F
 150 013b 92048E64 		.ascii	"\222\004\216dD\030\307\331\346\230T^\230\225)(\226\010"
 150      4418C7D9 
 150      E698545E 
 150      98952928 
 150      9608
 151 014d 5BDF6DD5 		.ascii	"[\337m\325\321\010\256])\333Nm\372S\353u#\025Q\244\360"
 151      D108AE5D 
 151      29DB4E6D 
 151      FA53EB75 
 151      231551A4 
 152 0162 C6BBF6B7 		.ascii	"\306\273\366\267\316*fK\326\006\311\220\223X\220\213"
 152      CE2A664B 
 152      D606C990 
 152      9358908B 
 153 0172 7A20B9F4 		.ascii	"z \271\3640\2745\236\356\253\331\012BN\341!\252\330"
 153      30BC359E 
 153      EEABD90A 
 153      424EE121 
 153      AAD8
 154 0184 8A5E464E 		.ascii	"\212^FN\256O7\332)o\336VJ\301\301\220;\260\210>\351"
 154      AE4F37DA 
 154      296FDE56 
 154      4AC1C190 
 154      3BB0883E 
 155 0199 357AB447 		.ascii	"5z\264G\360\244\022j\242\0244Ni\035\312\266\244A\271"
 155      F0A4126A 
 155      A214344E 
 155      691DCAB6 
 155      A441B9
 156 01ac 1C511CCD 		.ascii	"\034Q\034\315f=\031\271\241\374\271\274_\354\037\350"
 156      663D19B9 
 156      A1FCB9BC 
 156      5FEC1FE8 
 157 01bc F7FCA237 		.ascii	"\367\374\2427t\366\274w\301\277x\251\350\345\374\341"
 157      74F6BC77 
 157      C1BF78A9 
 157      E8E5FCE1 
 158 01cc 61BFE09D 		.ascii	"a\277\340\23583xr\360\212W\270\234\317es\204\302_\333"
 158      38337872 
 158      F08A57B8 
 158      9CCF6573 
 158      84C25FDB 
 159 01e0 82BDE0   		.ascii	"\202\275\340"
 160              		.text
 161              		.section	.gnu.lto_.symbol_nodes.ce91b918,"",%progbits
 162 0000 789C55C8 		.ascii	"x\234U\310\273\025\000\020\024D\301k_\2422mm\013>\271"
ARM GAS  C:\Users\Simone\AppData\Local\Temp\ccwfHSSj.s 			page 12


 162      BB150010 
 162      1444C16B 
 162      5FA2326D 
 162      6D0B3EB9 
 163 0014 A3223549 		.ascii	"\243\"5I\004L8\001\024.U\031\352\006\233\2712jr\372"
 163      044C3801 
 163      142E5519 
 163      EA069BB9 
 163      326A72FA 
 164 0028 A2CBFA62 		.ascii	"\242\313\372b\310\361\006\007\260\022\023*"
 164      C8F10607 
 164      B012132A 
 165              		.text
 166              		.section	.gnu.lto_.refs.ce91b918,"",%progbits
 167 0000 789C6366 		.ascii	"x\234cf```d\200\002\000\000=\000\005"
 167      60606064 
 167      80020000 
 167      3D0005
 168              		.text
 169              		.section	.gnu.lto_.decls.ce91b918,"",%progbits
 170 0000 789CBD58 		.ascii	"x\234\275XkPTG\026\236\276=\274\206\001\\\335\325\024"
 170      6B505447 
 170      169EBE3D 
 170      BC86015C 
 170      DDD514
 171 0013 95AD25A6 		.ascii	"\225\255%\246\2122[Q4\346\271?6!hVv\313\204\035\022"
 171      8A325B51 
 171      34E6B93F 
 171      36216856 
 171      76CB841D 
 172 0028 FF842A82 		.ascii	"\377\204*\2020\211T\361pa\334\212\377.\016\342 \240"
 172      308954F1 
 172      7061DC8A 
 172      FF2E0EE2 
 172      20A0
 173 003a 0445411E 		.ascii	"\004EA\036\216\002\202\274\005\202\212\274UD\336(\012"
 173      8E0282BC 
 173      05828ABC 
 173      5544DE28 
 173      0A
 174 004b 88C2F8E4 		.ascii	"\210\302\370\344\251\242\242@`aOw\337;3\\\0076?R{\213"
 174      A9A2A240 
 174      60614F77 
 174      DF3B335C 
 174      07363F52 
 175 0061 7367CEED 		.ascii	"sg\316\355\257O\177\347\334\323\247\017\203e2Y*\222"
 175      AF4F7FE7 
 175      DCD3A70F 
 175      83653259 
 175      2A92
 176 0073 C9E6E18A 		.ascii	"\311\346\341\212[%\223\035\341d2+x\346%3]r\220r\220"
 176      5B25931D 
 176      E164322B 
 176      78E62533 
 176      5D729072 
 177 0088 0A904A90 		.ascii	"\012\220J\220j\331\353\027\031w\024\346\221O%H1\310"
 177      6AD9EB17 
ARM GAS  C:\Users\Simone\AppData\Local\Temp\ccwfHSSj.s 			page 13


 177      197714E6 
 177      914F2548 
 177      31C8
 178 009a 4A90B740 		.ascii	"J\220\267@\376\016\262\005\344\012\3102X\317\021\344"
 178      FE0EB205 
 178      E40AC832 
 178      58CF11E4 
 179 00aa 057CEF04 		.ascii	"\005|\357\004i\006\301 \366\360\214\003\221!\372GmJ"
 179      6906C120 
 179      F6F08C03 
 179      9121FA47 
 179      6D4A
 180 00bc 2FC2C1C1 		.ascii	"/\302\301\301\302:\346k\210\366E\333/\204u9\202Gl\035"
 180      C23AE66B 
 180      88F645DB 
 180      2F847539 
 180      82476C1D 
 181 00d0 24D8925E 		.ascii	"$\330\222^\304?\273E\374 6\374`\342w \253\005\033_\011"
 181      C43FBB45 
 181      FC2036FC 
 181      60E27720 
 181      AB051B5F 
 182 00e5 9F958CB6 		.ascii	"\237\225\214\266l'Zh\217\304J\261\004_)W2\235\023lZ"
 182      6C275A68 
 182      8FC44AB1 
 182      045F2957 
 182      329D136C 
 183 00fa 8AF3330E 		.ascii	"\212\3633\016\235/\234h\265\037\342\220\243\302\205"
 183      9D2F9C68 
 183      B51FE290 
 183      A3C285
 184 0109 A815098D 		.ascii	"\250\025\011\215I\326\240*\025r\242\326TO5(0\230\200"
 184      49D6A02A 
 184      1572A2D6 
 184      544F3528 
 184      309880
 185 011c EF194977 		.ascii	"\357\031Iw\273\024\357\346\362<\257\343k{\220\311D\254"
 185      BB14EFE6 
 185      F23CAFE3 
 185      6B7B90C9 
 185      44AC
 186 012e CE705581 		.ascii	"\316pU\201\227SP\304\251\013\26160\377-\005\035\032"
 186      975350C4 
 186      A90BB136 
 186      30FF2D05 
 186      1D1A
 187 0140 4899CEB4 		.ascii	"H\231\316\264\243*I\011'x\3045>\3423\034\221\253\"\023"
 187      A32A4909 
 187      2778C435 
 187      3EE2331C 
 187      91AB2213 
 188 0154 0C8D5725 		.ascii	"\014\215W%4\274\311\363rT\204\024(\017a\224\213\336"
 188      34BCC9F3 
 188      72548414 
 188      280F6194 
 188      8BDE
 189 0166 25B4C96C 		.ascii	"%\264\311lr\351x~\017\037\257\345\355\032\035e(\033"
ARM GAS  C:\Users\Simone\AppData\Local\Temp\ccwfHSSj.s 			page 14


 189      72E9787E 
 189      0F1FAFE5 
 189      ED1A1D65 
 189      281B
 190 0178 39A31CE4 		.ascii	"9\243\034\344,C\205\310\025\020\024\213\362\341a\001"
 190      2C4385C8 
 190      1510148B 
 190      F2E16101 
 191 0188 3C04C397 		.ascii	"<\004\303\227g\253#\255\220\302\325\362\2443\026&Q\012"
 191      67AB23AD 
 191      90C2D5F2 
 191      A4331626 
 191      510A
 192 019a B17B1356 		.ascii	"\261{\023V\022\012\305@\341\264\211\00202:\250+(\256"
 192      120AC540 
 192      E1B48902 
 192      30323AA8 
 192      2B28AE
 193 01ad B493C30B 		.ascii	"\264\223\303\013\247\240oid\216u\344\247(\215\317J\020"
 193      A7A06F69 
 193      648E75E4 
 193      A7288DCF 
 193      4A10
 194 01bf 7D5870F0 		.ascii	"}Xp\360\345%\345\252D0K\010,\223#\257\225F\0062T\206"
 194      E525E5AA 
 194      44304B08 
 194      2C9323AF 
 194      95460632 
 195 01d5 604BA052 		.ascii	"`K\240R$gVK\272\362\322\025\330\200h\334\212\273zs\261"
 195      2467564B 
 195      BAF2D215 
 195      D88068DC 
 195      8ABB7A73 
 196 01ea 4B3AAF2F 		.ascii	"K:\257/\036\037\316N\307\311\274~\017?7?\217\350,\364"
 196      1E1FCE4E 
 196      C7C9BC7E 
 196      0F3F373F 
 196      8FE82CF4 
 197 01fe B391978C 		.ascii	"\263\221\227\214|\247\274P9rY\204[_\351\334\023\247"
 197      7CA7BC50 
 197      39725984 
 197      5B5FE9DC 
 197      13A7
 198 0210 45699CA3 		.ascii	"Ei\234\2434\316\2124Zb\367]V\342,\366\216\253\232\353"
 198      34CE8A34 
 198      5A62F75D 
 198      56E22CF6 
 198      8EAB9AEB 
 199 0224 5E59511A 		.ascii	"^YQ\032\372c\031\326\215|\355\374\374\247d\002:o\306"
 199      FA6319D6 
 199      8D7CEDFC 
 199      FCA76402 
 199      3A6FC6
 200 0237 E0BCC8A0 		.ascii	"\340\274\310\240\20228|\356\274\326\001\237e\006\212"
 200      8232387C 
 200      EEBCD601 
 200      9F65068A 
ARM GAS  C:\Users\Simone\AppData\Local\Temp\ccwfHSSj.s 			page 15


 201 0247 1F27696D 		.ascii	"\037'im\230\201\012\243\001\342\302\0053\003\027D\003"
 201      98810AA3 
 201      01E2C205 
 201      33031744 
 201      03
 202 0258 95D4406F 		.ascii	"\225\324@o,?%\307]\314\300t\355\344\250`\340\316\002"
 202      2C3F25C7 
 202      5DCCC074 
 202      EDE4A860 
 202      E0CE02
 203 026b 06556606 		.ascii	"\006Uf\006\252D\003\325\324\200\230t+Y\322\035h>V\207"
 203      AA4403D5 
 203      D4809874 
 203      2B59D21D 
 203      683E5687 
 204 027f A93A4F4D 		.ascii	"\251:OM\036\355\3549+\307\017\231\375\375}\247[l\360"
 204      1EEDEC39 
 204      2BC70F99 
 204      FDFD7DA7 
 204      5B6CF0
 205 0292 63AA7009 		.ascii	"c\252p\011\367'\262\220\2302\343\011<~C\206\336uF\357"
 205      F727B290 
 205      9832E309 
 205      3C7E4386 
 205      DE7546EF 
 206 02a6 40BE5C82 		.ascii	"@\276\\\202|Y)\344K\015\304\256V\314\227\252_\014\210"
 206      7C5929E4 
 206      4B0DC4AE 
 206      56CC97AA 
 206      5F0C88
 207 02b9 E4CB4508 		.ascii	"\344\313E\010w\275)_V\032\323\2053tg\375\323\262\321"
 207      77BD295F 
 207      561AD385 
 207      337467FD 
 207      D3B2D1
 208 02cc 86C58CC6 		.ascii	"\206\305\214\306\356m\376\0031z\031\214\326\231\214"
 208      EE6DFE03 
 208      317A198C 
 208      D6998C
 209 02db 5E344BC2 		.ascii	"^4K\302\233\261\021G\261\002\214j\177\205Qt\005)`\316"
 209      9BB11147 
 209      B1028C6A 
 209      7F855174 
 209      052960CE 
 210 02ef 600C3F21 		.ascii	"`\014?!\247\233[o\240\336\2677\315\353\034\351\366\216"
 210      A79B5B6F 
 210      A0DEB737 
 210      CDEB1CE9 
 210      F68E
 211 0301 7C93E8FB 		.ascii	"|\223\350\373\232\272{\255\361$\013\315\343\372\314"
 211      9ABA7BAD 
 211      F1240BCD 
 211      E3FACC
 212 0310 1FD902BF 		.ascii	"\037\331\002\277j\367\300\214\013-\247\2138j\237\347"
 212      6AF7C08C 
 212      0B2DA78B 
 212      386A9FE7 
ARM GAS  C:\Users\Simone\AppData\Local\Temp\ccwfHSSj.s 			page 16


 213 0320 CC8B8992 		.ascii	"\314\213\211\222\025\223\311\014\303(\242\252\015Q\015"
 213      1593C90C 
 213      C328A2AA 
 213      0D510D
 214 032f 73F1BC13 		.ascii	"s\361\274\023Y\200\027\026\200\001\263\274l'\316\242"
 214      59801716 
 214      8001B3BC 
 214      6C27CEA2 
 215 033f 35CEA88D 		.ascii	"5\316\250\215\031/-\231lw\\\036O\341<\357\242\241\011"
 215      192F2D99 
 215      6C775C1E 
 215      4FE13CEF 
 215      A2A109
 216 0352 DE02F056 		.ascii	"\336\002\360V\012\357@\313\305I\264\010\215L\314Z\231"
 216      0AEF40CB 
 216      C549B408 
 216      8D4CCC5A 
 216      99
 217 0363 A39B9742 		.ascii	"\243\233\227B\367\347V\\\262\307\021\230\372\3350\\"
 217      F7E7565C 
 217      B2C71198 
 217      FADD305C 
 218 0373 7D40C9BC 		.ascii	"}@\311\274\260\2469\\\223\027mGi\177G\324\333\0357\362"
 218      B0A6395C 
 218      93176D47 
 218      697F47D4 
 218      DB1D37F2 
 219 0387 58CC5611 		.ascii	"X\314V\021u\356\276\356\205\325\342^\334\024\275\270"
 219      75EEBEEE 
 219      85D5E25E 
 219      DC14BDB8 
 220 0397 C1BCA82E 		.ascii	"\301\274\250.\036K\266\226zq\035\340]\024\336My\335"
 220      1E4BB696 
 220      7A711DE0 
 220      5D14DE4D 
 220      79DD
 221 03a9 147965F6 		.ascii	"\024ye\366\034L\3058\212\361\332\227:\177\322\001\307"
 221      1C4CC538 
 221      8AF1DA97 
 221      3A7FD201 
 221      C7
 222 03ba 3325B132 		.ascii	"3%\26125\201\221\342\251\336\232\236v\026\343D6x\251"
 222      358191E2 
 222      A9DE9A9E 
 222      7616E344 
 222      3678A9
 223 03cd B32F8F55 		.ascii	"\263/\217Um=\325u\227\247:\3448\235\015\212/I)\274\244"
 223      6D3DD575 
 223      97A73AE4 
 223      389D0D8A 
 223      2F4929BC 
 224 03e2 47050D19 		.ascii	"G\005\015\031\2168C\360\275\265\363\001{Ez:\370j\270"
 224      8E3843F0 
 224      BDB5F301 
 224      7B457A3A 
 224      F86AB8
 225 03f5 EE940D2E 		.ascii	"\356\224\015.`\203\323\207\242\023\231Y\036\023}\276"
ARM GAS  C:\Users\Simone\AppData\Local\Temp\ccwfHSSj.s 			page 17


 225      6083D387 
 225      A2139959 
 225      1E137DBE 
 226 0405 3CE9AA03 		.ascii	"<\351\252\003.a\203-\311\231\231J6\223\016\366\265\304"
 226      2E61832D 
 226      C999994A 
 226      36930EF6 
 226      B5C4
 227 0417 CF287125 		.ascii	"\317(q%\033<8\336\031'\260\245\025\351q\326\354\010"
 227      1B3C38DE 
 227      1927B0A5 
 227      15E971D6 
 227      EC08
 228 0429 4B44DE91 		.ascii	"KD\336\221r\232*\317f1ey\311\377rD\010\371G\264\270"
 228      729A2ACF 
 228      66316579 
 228      C9FF7244 
 228      08F947B4 
 229 043e D61EE9B0 		.ascii	"\326\036\351\260[<\306#b\214\207Y\214\273\332\322\017"
 229      5B3CC623 
 229      628C8759 
 229      8CBBDAD2 
 229      0F
 230 044f BF962983 		.ascii	"\277\226)\203\000\037\242\360Q\032\343\0211\3063s\247"
 230      001FA2F0 
 230      511AE311 
 230      31C63373 
 230      A7
 231 0460 9F3AE03A 		.ascii	"\237:\340:F4\253v2\206\005GO\211\346\324$d\013D\235"
 231      4634AB76 
 231      32860547 
 231      4F89E6D4 
 231      24640B44 
 232 0475 6898930D 		.ascii	"h\230\223\015e\214\3508\305Gv\353\332m\250\376\224\352"
 232      658CE838 
 232      C54776EB 
 232      DA6DA8FE 
 232      94EA
 233 0487 D94FAE17 		.ascii	"\331O\256\027\333.\316\364\231\310t\2341\235\352?[\345"
 233      DB2ECEF4 
 233      99C8749C 
 233      319DEA3F 
 233      5BE5
 234 0499 64628AE8 		.ascii	"db\212\350\206\177\002\360\247\024\376\2342}&2\235\253"
 234      867F02F0 
 234      A714FE9C 
 234      327D2632 
 234      9DAB
 235 04ab 9E6E569A 		.ascii	"\236nV\232\243\257,\205>\336\365,E\211\233\027\346\264"
 235      A3AF2C85 
 235      3EDEF52C 
 235      45899B17 
 235      E6B4
 236 04bd 52C8E971 		.ascii	"R\310\351q\375\271\273v\314\257\023\0240\2375v\310\226"
 236      FDB9BB76 
 236      CCAF1314 
 236      309F3576 
ARM GAS  C:\Users\Simone\AppData\Local\Temp\ccwfHSSj.s 			page 18


 236      C896
 237 04cf 02E27F4F 		.ascii	"\002\342\177O\364\223{*\006\035\250\256\265\"z\336\314"
 237      F4937B2A 
 237      061DA8AE 
 237      B5227ADE 
 237      CC
 238 04e0 F5D125D2 		.ascii	"\365\321%\322|Ztl\2129\026w\253T.}\003\257\000=I\321"
 238      7C5A746C 
 238      8A391677 
 238      AB542E7D 
 238      03AF003D 
 239 04f6 BF50A6D3 		.ascii	"\277P\246\323\"\323\233\227o\335v\300m\214iN\331\015"
 239      22D39B97 
 239      6FDD76C0 
 239      6D8C694E 
 239      D90D
 240 0508 03CBC071 		.ascii	"\003\313\300qZ%\306\247f\257\331\341\0366\250\315\357"
 240      5A25C6A7 
 240      66AFD9E1 
 240      1E36A8CD 
 240      EF
 241 0519 9F563037 		.ascii	"\237V07H\275r\232\316\211\371\023Z-^+\310\315UO\253"
 241      48BD729A 
 241      CE89F913 
 241      5A2D5E2B 
 241      C8CD554F 
 242 052e 72D1D97F 		.ascii	"r\321\331\177$\360|\346\033d-4\003%T\307\25502@\263"
 242      24F07CE6 
 242      1B642D34 
 242      032554C7 
 242      AD303240 
 243 0543 94C69FE1 		.ascii	"\224\306\237\341&\323\363\221\021\372\246\265\215\353"
 243      26D3F391 
 243      11FAA6B5 
 243      8DEB
 244 0551 512720AF 		.ascii	"Q' \257\011H\261R\200Kf@\255\276\277\300\032\220\244"
 244      0948B152 
 244      804B6640 
 244      ADBEBFC0 
 244      1A90A4
 245 0564 96FC4740 		.ascii	"\226\374G@\032k\342\234\304f\217h\363\256\324\346=s"
 245      1A6BE29C 
 245      C4668F68 
 245      F3AED4E6 
 245      3D73
 246 0576 24CFEB9B 		.ascii	"$\317\353\233\011\022v>\352\021\220b=\020\212\225\011"
 246      0912763E 
 246      EA119062 
 246      3D108A95 
 246      09
 247 0587 D92E2207 		.ascii	"\331.\"\007\244H\203\004\331+\"\357K\221\017$\310V\021"
 247      A4488304 
 247      D92B22EF 
 247      4B910F24 
 247      C85611
 248 059a D92745DE 		.ascii	"\331'E\336\226xtK\364\350\241\324\243G&\344O\302K\377"
 248      9678744B 
ARM GAS  C:\Users\Simone\AppData\Local\Temp\ccwfHSSj.s 			page 19


 248      F4E8A1D4 
 248      A34726E4 
 248      4FC24BFF 
 249 05ae 4C23438D 		.ascii	"L#C\2150~\225\016\0214\234\026(\216sE<\267\032iAbA\242"
 249      307E950E 
 249      11349C16 
 249      288E7345 
 249      3CB71A69 
 250 05c6 40F68344 		.ascii	"@\366\203D\202\354\001\331\013\262\017$\032$\006d\036"
 250      82EC01D9 
 250      0BB20F24 
 250      1A240664 
 250      1E
 251 05d7 AD4611DC 		.ascii	"\255F\021\334jz\350Q\266}\204\003\354`4&p\020\3675z"
 251      6A7AE851 
 251      B67D8403 
 251      EC603426 
 251      7010F735 
 252 05ec 2C61DB26 		.ascii	",a\333&\262\275#e\333/A\336^\233\264\036\275\000\344"
 252      B2BD2365 
 252      DB2F41DE 
 252      5E9BB41E 
 252      BD00E4
 253 05ff 848014F7 		.ascii	"\204\200\024\367\024z)A\266\2106{\2456o\231\220\344"
 253      147A2941 
 253      B688367B 
 253      A5366F99 
 253      90E4
 254 0611 04373416 		.ascii	"\00474\026X\363\210@db\227b\354\007\306^\316\3168\242"
 254      58F38840 
 254      64629762 
 254      EC07C65E 
 254      CECE38A2 
 255 0625 15AE9622 		.ascii	"\025\256\226\"\205\016B\200~\213`Q\022\003q\310\026"
 255      850E4280 
 255      7E8B6051 
 255      120371C8 
 255      16
 256 0636 1D006B4D 		.ascii	"\035\000kM\246\036\202P\022{\210S?\345\350\255\225\373"
 256      A61E8250 
 256      127B8853 
 256      3FE5E8AD 
 256      95FB
 257 0648 4D0D3205 		.ascii	"M\0152\005\233vu<\247\244m\025|\002\272\262?z\204\325"
 257      9B76753C 
 257      A7A46D15 
 257      7C02BAB2 
 257      3F7A84D5 
 258 065c 0C832D99 		.ascii	"\014\203-\231\3354\177(\302\212n\306X\2729K\006\343"
 258      DD347F28 
 258      C28A6EC6 
 258      58BA394B 
 258      06E3
 259 066e A29CF041 		.ascii	"\242\234\360A9\353\253\264Ws\025b\367\240\373U\335C"
 259      39EBABB4 
 259      57731562 
 259      F7A0FB55 
ARM GAS  C:\Users\Simone\AppData\Local\Temp\ccwfHSSj.s 			page 20


 259      DD43
 260 0680 557B61BD 		.ascii	"U{a\275\023Nb\363\233'j\213\355p:S^>\255\277c\2133\230"
 260      134E62F3 
 260      9B276A8B 
 260      ED703A53 
 260      5E3EADBF 
 261 0698 92997824 		.ascii	"\222\231x$\237-KY\224\265h\253\255q\016\033+\213\376"
 261      9F2D4B59 
 261      94B568AB 
 261      AD710E1B 
 261      2B8BFE
 262 06ab B9D51A17 		.ascii	"\271\325\032\027\012&\356M\275`5o\031et\344p\003\302"
 262      0A26EE4D 
 262      BD60356F 
 262      196574E4 
 262      7003C2
 263 06be 256C4C3C 		.ascii	"%lL<\323\035\331\231>\271w<\232\325\025%Q\007\343s\212"
 263      D31DD999 
 263      3EB9773C 
 263      9AD51525 
 263      5107E373 
 264 06d3 D84C7BFA 		.ascii	"\330L{\372O\320\263\364#\016\213\327>='\324\276\343"
 264      4FD0B3F4 
 264      230E8BD7 
 264      3E3D27D4 
 264      BEE3
 265 06e5 1CF523AD 		.ascii	"\034\365#\255\243;\305AZ\324\3238g\224\316\021\370\011"
 265      A33BC541 
 265      5AD4D338 
 265      6794CE11 
 265      F809
 266 06f7 6EB93889 		.ascii	"n\2718\2116\0043\375\327\354\245E}Qt\315\304\363y{\\"
 266      360433FD 
 266      D7ECA545 
 266      7D5174CD 
 266      C4F3797B 
 267 070c CE9C489E 		.ascii	"\316\234H\236lip\2424\337 jG\303\305>{\\\301\306t\274"
 267      6C6970A2 
 267      34DF206A 
 267      47C3C53E 
 267      7B5CC1C6 
 268 0722 B640816B 		.ascii	"\266@\201k\231\222s\257-\201\025\3635\264\244>\030M"
 268      999273AF 
 268      2D8115F3 
 268      35B4A43E 
 268      184D
 269 0734 71C097D9 		.ascii	"q\300\227\331\330\310\311\234\036%nb\312\300\344@=;"
 269      D8C8C99C 
 269      1E256E62 
 269      CAC0E440 
 269      3D3B
 270 0746 CED613B5 		.ascii	"\316\326\023\265nOZ\271=ngc\203c\011O\345\370\006S\""
 270      6E4F5AB9 
 270      3D6E6763 
 270      8363094F 
 270      E5F80653 
 271 075b 6A0BAE33 		.ascii	"j\013\2563\340\307\364\254y~2\312\026\337bc%\031Y\345"
ARM GAS  C:\Users\Simone\AppData\Local\Temp\ccwfHSSj.s 			page 21


 271      E0C7F4AC 
 271      797E32CA 
 271      16DF6263 
 271      251959E5 
 272 076f 2CB69FD1 		.ascii	",\266\237\321\270\307\234\231\267Y<z\305b\364\336\241"
 272      B8C79C99 
 272      B7593C7A 
 272      C562F4DE 
 272      A1
 273 0780 C18B48CB 		.ascii	"\301\213H\3132`!\034z\361\344(\202p$\321p\234\241\341"
 273      3260211C 
 273      7AF1E428 
 273      827024D1 
 273      709CA1E1 
 274 0794 2816C371 		.ascii	"(\026\303q\365P\332\240\2659\3720\267\004\372|}\367"
 274      F550DAA0 
 274      B539FA30 
 274      B704FA7C 
 274      7DF7
 275 07a6 9C3D1E58 		.ascii	"\234=\036X\310R\311X\316j\371R;|\237\215\235?\023?\315"
 275      C852C958 
 275      CE6AF952 
 275      3B7C9F8D 
 275      9D3F133F 
 276 07bb 4EF92D44 		.ascii	"N\371-D\255\327\361'\224xP\276\240\361r\024\032\257"
 276      ADD7F127 
 276      947850BE 
 276      A0F17214 
 276      1AAF
 277 07cd 038599   		.ascii	"\003\205\231"
 278 07d0 2FD84BA0 		.ascii	"/\330K\240mO\316\211\333-xqo+Do\317\013\2712\332\221"
 278      6D4FCE89 
 278      DB2D7871 
 278      6F2B446F 
 278      CF0BB932 
 279 07e6 EB243D28 		.ascii	"\353$=(\317\201\003)\324\201\013\324\201\012\321\201"
 279      CF810329 
 279      D4810BD4 
 279      810AD181 
 280 07f6 FDD3676A 		.ascii	"\375\323gj\2609\232\270\273(\372iI\0164\000\243\302"
 280      B0399AB8 
 280      BB28FA69 
 280      490E3400 
 280      A3C2
 281 0808 DBAB1EE3 		.ascii	"\333\253\036\343Yc\343e\336!:\012\035bb\363\271;l\003"
 281      5963E365 
 281      DE213A0A 
 281      1D6262F3 
 281      B93B6C03 
 282 081c D0D33FF7 		.ascii	"\320\323?\367\301\231\241%\332\230:\321\213\034\266"
 282      C199A125 
 282      DA983AD1 
 282      8B1CB6
 283 082b 732B4E96 		.ascii	"s+N\226\005H\235\250\001Z\265\224V=\245U'\322z5\223"
 283      05489DA8 
 283      015AB594 
 283      563DA555 
ARM GAS  C:\Users\Simone\AppData\Local\Temp\ccwfHSSj.s 			page 22


 283      27D27A35 
 284 0840 37F89A13 		.ascii	"7\370\232\023\213\242\307n^\214Q\342q\346\304\361\003"
 284      8BA2C76E 
 284      5E8C51E2 
 284      71E6C4F1 
 284      03
 285 0851 25D3AC01 		.ascii	"%\323\254\001\335I\324\250\243\221\255r\374R\330\372"
 285      DD49D4A8 
 285      A391AD72 
 285      FC52D8FA 
 286 0861 35A5CFD9 		.ascii	"5\245\317\331\236\325\021}U\341\300\2432[So\260\332"
 286      9ED5117D 
 286      55E1C0A3 
 286      325B536F 
 286      B0DA
 287 0873 BC4B7025 		.ascii	"\274Kp%g\271\341`Q\223\222\027N\363T\016\243>\363\323"
 287      67B9E160 
 287      51939217 
 287      4EF3540E 
 287      A33EF3D3 
 288 0887 9C45341B 		.ascii	"\234E4\033\031O\376\003E\342\311\177\3142\326\324$\024"
 288      194FFE03 
 288      45E2C97F 
 288      CC32D6D4 
 288      2414
 289 0899 1AA10D52 		.ascii	"\032\241\015R\350\025\0114\326\010=*\205&\231C\017G"
 289      E8150934 
 289      D6083D2A 
 289      85269943 
 289      0F47
 290 08ab E873DC00 		.ascii	"\350s\334\000Y\302-G\245\002R\314sT&1z\334h\264Pj\264"
 290      59C22D47 
 290      A50252CC 
 290      73542631 
 290      7ADC68B4 
 291 08c2 60815B87 		.ascii	"`\201[\207\265\372\\\212%\257\340\254\024[\2760\004"
 291      B5FA5C8A 
 291      25AFE0AC 
 291      145BBE30 
 291      04
 292 08d3 11FA2437 		.ascii	"\021\372$78'O\002\203\014\001*\226)\224\271\200\253"
 292      38274F02 
 292      830C012A 
 292      962994B9 
 292      80AB
 293 08e5 56BFDF68 		.ascii	"V\277\337h5Qju\315B\344i#\362g\313\353\233\334J7\272"
 293      35516A75 
 293      CD42E469 
 293      23F267CB 
 293      EB9BDC4A 
 294 08fb 956FD92D 		.ascii	"\225o\331-\0234\306\010=bq}\263\367z\314\010=%\205f"
 294      1334C608 
 294      3D62717D 
 294      B3F77ACC 
 294      083D2585 
 295 0910 9B5B85DE 		.ascii	"\233[\205\336\243\200\274\001\310O\332\247\021\244\230"
 295      A380BC01 
ARM GAS  C:\Users\Simone\AppData\Local\Temp\ccwfHSSj.s 			page 23


 295      C84FDAA7 
 295      11A498
 296 091f B5E8F2C2 		.ascii	"\265\350\362\302\260F\350\363\011\364\"@/q\022h\027"
 296      B046E8F3 
 296      09F42240 
 296      2F711268 
 296      17
 297 0930 5A4835CE 		.ascii	"ZH5\316\270~\262\345\0140\343\232b\304\346X\346j\206"
 297      B87EB2E5 
 297      0C30E39A 
 297      62C4E658 
 297      E66A86
 298 0943 4D3362F3 		.ascii	"M3b\363\244\330\\)6\325\210=m\031\373Zg\367\023\270"
 298      A4D85C29 
 298      36D5883D 
 298      6D19FB5A 
 298      67F713B8 
 299 0957 934087FA 		.ascii	"\223@\207\372\204f\245\037\232\225\016hB\256\2034\203"
 299      8466A51F 
 299      9A950E68 
 299      42AE8334 
 299      83
 300 0968 74835C05 		.ascii	"t\203\\\005i\004i\007\271\003\322\005\322\003r\013\244"
 300      69046907 
 300      B903D205 
 300      D203720B 
 300      A4
 301 0979 17E41A48 		.ascii	"\027\344\032H+H\013H'H\033\310m\220\233 7@\232\214\235"
 301      2B480B48 
 301      27481BC8 
 301      6D909B20 
 301      37409A8C 
 302 098e 1F84348F 		.ascii	"\037\2044\217\204\264\022BZ%p\024\013\037\252\226\274"
 302      84B41242 
 302      5A257014 
 302      0B1FAA96 
 302      BC
 303 099f FD64A33B 		.ascii	"\375d\243;YRwXC\315\\\247-\222\256\210\364i}\226\372"
 303      59527758 
 303      43CD5CA7 
 303      2D92AE88 
 303      F4697D96 
 304 09b4 B4C8DE34 		.ascii	"\264\310\3364\2755r]AqE\241\266\310\000\226\016q\306"
 304      BD35725D 
 304      417145A1 
 304      B6C80096 
 304      0E71C6
 305 09c7 4EAA4FEC 		.ascii	"N\252O\354\244,\005\006\015@<\376\037\261\201\322\027"
 305      A42C0506 
 305      0D403CFE 
 305      1FB181D2 
 305      17
 306 09d8 7DF84699 		.ascii	"}\370F\231\375\2026\316\260\240\215\273+\264qwi\033"
 306      FD8236CE 
 306      B0A08DBB 
 306      2BB47177 
 306      691B
ARM GAS  C:\Users\Simone\AppData\Local\Temp\ccwfHSSj.s 			page 24


 307 09ea D79897F6 		.ascii	"\327\230\227\366\035\236\241ES~?\265\270\334\011\271"
 307      1D9EA145 
 307      537E3FB5 
 307      B8DC09B9 
 308 09fa 3A3BD39F 		.ascii	":;\323\237_u\374g\350\021\354\304{\0346\005B\226\004"
 308      5F75FC67 
 308      E811ECC4 
 308      7B1C3605 
 308      429604
 309 0a0d CFA73E25 		.ascii	"\317\247>%\003\360\325\226~Z\370)\353>\270\370\210\036"
 309      03F0D596 
 309      7E5AF829 
 309      EB3EB8F8 
 309      881E
 310 0a1f 0B0F2102 		.ascii	"\013\017!\002\017\330\351v\357\320\263h\372O#A\353\376"
 310      0FD8E976 
 310      EFD0B368 
 310      FA4F2341 
 310      EBFE
 311 0a31 173AAA3B 		.ascii	"\027:\252;\252\033\3233i\210V\364\224\343\335OX\327"
 311      AA1BD333 
 311      698856F4 
 311      94E3DD4F 
 311      58D7
 312 0a43 F2477A60 		.ascii	"\362Gz`W\016\275d\007-\375\251J\333\033\261g\211_\217"
 312      570EBD64 
 312      072DFDA9 
 312      4ADB1BB1 
 312      67895F8F 
 313 0a57 46C5236A 		.ascii	"F\305#j\204\031o\035\252\211\2636o\263\210\243C\260"
 313      84196F1D 
 313      AA89B336 
 313      6FB388A3 
 313      43B0
 314 0a69 F8304D9E 		.ascii	"\3700M\2361z\352\214\212\247N~\356\213c\013\376/\037"
 314      317AEA8C 
 314      8AA74E7E 
 314      EE8B630B 
 314      FE2F1F
 315 0a7c 5C0AFD30 		.ascii	"\\\012\3750!q\034c\336\212\262\316o\033\336\217q4S\206"
 315      21711C63 
 315      DE8AB2CE 
 315      6F1BDE8F 
 315      71345386 
 316 0a90 7B9FFFF5 		.ascii	"{\237\377\365\355\023|\207\276xx_hD\274\001\254\221"
 316      ED137C87 
 316      BE78785F 
 316      6844BC01 
 316      AC91
 317 0aa2 DF2FD163 		.ascii	"\337/\321cH\343'\220I\225\310\305\314\354S\022wt\012"
 317      48E32790 
 317      4995C8C5 
 317      CCEC5312 
 317      77740A
 318 0ab5 713234CE 		.ascii	"q24\316\275-\263\335\025\030\242\331\370\236\257\306"
 318      BD2DB3DD 
 318      1518A2D9 
ARM GAS  C:\Users\Simone\AppData\Local\Temp\ccwfHSSj.s 			page 25


 318      F89EAFC6 
 319 0ac5 FA6F5F7E 		.ascii	"\372o_~\343\342!S\370\372\212O\276\367\377\213\217\377"
 319      E3E22153 
 319      F8FA8A4F 
 319      BEF7FF8B 
 319      8FFF
 320 0ad7 8EC0ED81 		.ascii	"\216\300\355\201\341\232]\001\201\241>\232\320\320\240"
 320      E19A5D01 
 320      81A13E9A 
 320      D0D0A0
 321 0ae6 709F1F42 		.ascii	"p\237\037Bv\271\320o.~a\301.\352\340\355\352\200\000"
 321      76B9D06F 
 321      2E7E61C1 
 321      2EEAE0ED 
 321      EA8000
 322 0af9 7580CFFB 		.ascii	"u\200\317\373\353>qyo\375\206\017\376\265\321\007\236"
 322      EB3E7179 
 322      6FFD860F 
 322      FEB5D107 
 322      9E
 323 0b0a AF0D090D 		.ascii	"\257\015\011\015Q\257U\373m\017\364\011\014\361\017"
 323      51AF55FB 
 323      6D0FF409 
 323      0CF10F
 324 0b19 DA15A0F6 		.ascii	"\332\025\240\366\011\366\003[!j\037\337\000\365\367"
 324      09F6035B 
 324      216A1FDF 
 324      00F5F7
 325 0b28 7EBB8234 		.ascii	"~\273\2024\276\232\335;\325\341\353v\310\276\375M\227"
 325      BE9ADD3B 
 325      D5E1EB76 
 325      C8BEFD4D 
 325      97
 326 0b39 09DF1DEE 		.ascii	"\011\337\035\356\343\033\256\011\000\037\300\366\262"
 326      E31BAE09 
 326      001FC0F6 
 326      B2
 327 0b46 907F07FA 		.ascii	"\220\177\007\372o\016\361\333\036\244\336\246\366\327"
 327      6F0EF1DB 
 327      1EA4DEA6 
 327      F6D7
 328 0b54 84866D5C 		.ascii	"\204\206m\\\267\316\015\376\350z\241\341\033>\334\340"
 328      B7CE0DFE 
 328      E87AA1E1 
 328      1B3EDCE0 
 329 0b64 161AEEB6 		.ascii	"\026\032\356\266\303/\310mgh\230&\334\315?4884\304\315"
 329      C32FC86D 
 329      67689826 
 329      DCCD3F34 
 329      383834C4 
 330 0b79 5DB5D563 		.ascii	"]\265\325c\353\217nd\362:\177\331\357\310\347\246\300"
 330      EB8F6E64 
 330      F23A7FD9 
 330      EFC8E7A6 
 330      C0
 331 0b8a 70939537 		.ascii	"p\223\2257\311\023o\265\306{w\270F\035\274\305/$ H\035"
 331      C9136FB5 
ARM GAS  C:\Users\Simone\AppData\Local\Temp\ccwfHSSj.s 			page 26


 331      C67B77B8 
 331      461DBCC5 
 331      2F242048 
 332 0b9f E6151618 		.ascii	"\346\025\026\030\032\026\250\331M\327\364\010R\373\205"
 332      1A16A8D9 
 332      4DD7F408 
 332      52FB85
 333 0bae 79A94380 		.ascii	"y\251C\200\307\0176$\240\037\373j\354Xh\311\267/\267"
 333      C70F3624 
 333      A01FFB6A 
 333      EC5868C9 
 333      B72FB7
 334 0bc1 797AF87E 		.ascii	"yz\370~\015\001\220{zoV\331\2516\303}\333\346M\353\345"
 334      0D01907B 
 334      7A6F56D9 
 334      A936C37D 
 334      DBE64DEB 
 335 0bd6 9E1E9B55 		.ascii	"\236\036\233U\266*\246m\200A/\323\340{0h\246n\224{\272"
 335      B62AA66D 
 335      80412FD3 
 335      E07B3068 
 335      A66E947B 
 336 0beb 7F6E52DF 		.ascii	"\177nR\337\347<\275\214\312\007r\357\257=U\033,\371"
 336      E73CBD8C 
 336      CA0772EF 
 336      AF3D551B 
 336      2CF9
 337 0bfd AAFE51E3 		.ascii	"\252\376Q\343\346\261\325\333\323\333M\210\030\370\034"
 337      E6B1D5DB 
 337      D3DB4D88 
 337      18F81C
 338 0c0c A6F6F50F 		.ascii	"\246\366\365\017~\037\302e\353\355\3619\245e\345\341"
 338      7E1FC265 
 338      EBEDF139 
 338      A565E5E1 
 339 0c1c F58DE726 		.ascii	"\365\215\347&X\320[%\337\366\365W*+wO\225\207\012{\203"
 339      58D05B25 
 339      DFF6F557 
 339      2A2B774F 
 339      95870A7B 
 340 0c31 7890CF2D 		.ascii	"x\220\317-^V\336[\310\240\307\027p\333Bn\233\340f\265"
 340      5E56DE5B 
 340      C8A0C717 
 340      70DB426E 
 340      9BE066B5 
 341 0c45 75EB17EE 		.ascii	"u\353\027\356*\371\347\344\346\016:\366\372B\2057\201"
 341      2AF9E7E4 
 341      E60E3AF6 
 341      FA428537 
 341      81
 342 0c56 B86F52C9 		.ascii	"\270oR\311aL\005\036\271\253\300\270\273\207J\356\277"
 342      614C051E 
 342      B9ABC0B8 
 342      BB874AEE 
 342      BF
 343 0c67 C32FCCD6 		.ascii	"\303/\314\326\327\367\373]!\376\276\276\016\342\227"
 343      D7F7FB5D 
ARM GAS  C:\Users\Simone\AppData\Local\Temp\ccwfHSSj.s 			page 27


 343      21FEBEBE 
 343      0EE297
 344 0c76 751F7EF2 		.ascii	"u\037~\362\321\306\377\002\243$\237u"
 344      D1C6FF02 
 344      A3249F75 
 345              		.text
 346              		.section	.gnu.lto_.symtab.ce91b918,"",%progbits
 347 0000 6E766963 		.ascii	"nvicEnableVector\000\000\000\000\000\000\000\000\000"
 347      456E6162 
 347      6C655665 
 347      63746F72 
 347      00000000 
 348 0019 000000B6 		.ascii	"\000\000\000\266\000\000\000nvicDisableVector\000\000"
 348      0000006E 
 348      76696344 
 348      69736162 
 348      6C655665 
 349 0033 00000000 		.ascii	"\000\000\000\000\000\000\000\000\000\000\272\000\000"
 349      00000000 
 349      0000BA00 
 349      00
 350 0040 006E7669 		.ascii	"\000nvicSetSystemHandlerPriority\000\000\000\000\000"
 350      63536574 
 350      53797374 
 350      656D4861 
 350      6E646C65 
 351 0062 00000000 		.ascii	"\000\000\000\000\000\000\000\274\000\000\000nvicCle"
 351      000000BC 
 351      0000006E 
 351      76696343 
 351      6C65
 352 0074 61725065 		.ascii	"arPending\000\000\000\000\000\000\000\000\000\000\000"
 352      6E64696E 
 352      67000000 
 352      00000000 
 352      00000000 
 353 0088 00BE0000 		.ascii	"\000\276\000\000\000"
 353      00
 354              		.text
 355              		.section	.gnu.lto_.opts,"",%progbits
 356 0000 272D666E 		.ascii	"'-fno-trapv' '-mcpu=cortex-m4' '-mno-thumb-interwor"
 356      6F2D7472 
 356      61707627 
 356      20272D6D 
 356      6370753D 
 357 0033 6B272027 		.ascii	"k' '-mthumb' '-ggdb' '-O2' '-fomit-frame-pointer' '"
 357      2D6D7468 
 357      756D6227 
 357      20272D67 
 357      67646227 
 358 0066 2D66616C 		.ascii	"-falign-functions=16' '-ffunction-sections' '-fdata"
 358      69676E2D 
 358      66756E63 
 358      74696F6E 
 358      733D3136 
 359 0099 2D736563 		.ascii	"-sections' '-fno-common' '-flto'\000"
 359      74696F6E 
ARM GAS  C:\Users\Simone\AppData\Local\Temp\ccwfHSSj.s 			page 28


 359      73272027 
 359      2D666E6F 
 359      2D636F6D 
 360              		.text
 361              		.comm	__gnu_lto_v1,1,1
 362              		.comm	__gnu_lto_slim,1,1
 363              		.ident	"GCC: (GNU Tools for ARM Embedded Processors) 4.9.3 20150529 (release) [ARM/embedded-4_9-br
ARM GAS  C:\Users\Simone\AppData\Local\Temp\ccwfHSSj.s 			page 29


DEFINED SYMBOLS
                            *ABS*:00000000 nvic.c
                            *COM*:00000001 __gnu_lto_v1
                            *COM*:00000001 __gnu_lto_slim

NO UNDEFINED SYMBOLS
