ARM GAS  C:\Users\Simone\AppData\Local\Temp\ccQ5SIq1.s 			page 1


   1              		.syntax unified
   2              		.cpu cortex-m4
   3              		.fpu softvfp
   4              		.eabi_attribute 20, 1
   5              		.eabi_attribute 21, 1
   6              		.eabi_attribute 23, 3
   7              		.eabi_attribute 24, 1
   8              		.eabi_attribute 25, 1
   9              		.eabi_attribute 26, 1
  10              		.eabi_attribute 30, 2
  11              		.eabi_attribute 34, 1
  12              		.eabi_attribute 18, 4
  13              		.thumb
  14              		.file	"pal.c"
  15              		.text
  16              	.Ltext0:
  17              		.section	.gnu.lto_.profile.ce13bc32,"",%progbits
  18 0000 789C6366 		.ascii	"x\234cf```a\200\000F\006\015\031\000\000\340\000M"
  18      60606061 
  18      80004606 
  18      0D190000 
  18      E0004D
  19              		.text
  20              		.section	.gnu.lto_.jmpfuncs.ce13bc32,"",%progbits
  21 0000 789C6366 		.ascii	"x\234cf\300\016\344\24143\003##c=#\023##s}=\023\230"
  21      C00EE4A1 
  21      34330323 
  21      23633D23 
  21      13232373 
  22 0018 6264064B 		.ascii	"bd\006K\2243\002I\0000\362\002\265"
  22      94330249 
  22      0030F202 
  22      B5
  23              		.text
  24              		.section	.gnu.lto_.inline.ce13bc32,"",%progbits
  25 0000 789C6366 		.ascii	"x\234cf\300\016\336Bif\006\006N\016Ff\006F\020\013H"
  25      C00EDE42 
  25      69660606 
  25      4E0E4666 
  25      0646100B 
  26 0015 38800805 		.ascii	"8\200\010\005\016\266\017z\014l\013\344\231\030\030"
  26      0EB60F7A 
  26      0C6C0BE4 
  26      991818
  27 0024 5FB0B340 		.ascii	"_\260\263@H\020\301\001fr\200\010\0010S\000d\006#\003"
  27      4810C101 
  27      66728008 
  27      01305300 
  27      64062303 
  28 0038 1F2F230B 		.ascii	"\037/#\013\330\010FF0\237Y\001l\0267\323\005~\014c\200"
  28      D8084646 
  28      309F5901 
  28      6C1637D3 
  28      057E0C63 
  29 004d 622806B0 		.ascii	"b(\006\260,\220\227\000\261\024\230\030\230w\210+0\000"
  29      2C909700 
  29      B1149818 
ARM GAS  C:\Users\Simone\AppData\Local\Temp\ccQ5SIq1.s 			page 2


  29      9877882B 
  29      3000
  30 005f ADB60099 		.ascii	"\255\266\000\231\312\304\300-\214\3440\210\211\234@"
  30      CAC4C02D 
  30      8CE43088 
  30      899C40
  31 006e 09E2DC05 		.ascii	"\011\342\334\005\264F\002d\014\013/\320\223\023\374"
  31      B4460264 
  31      0C0B2FD0 
  31      9313FC
  32 007d 40900100 		.ascii	"@\220\001\000\311\250\037}"
  32      C9A81F7D 
  33              		.text
  34              		.section	.gnu.lto_.pureconst.ce13bc32,"",%progbits
  35 0000 789C6366 		.ascii	"x\234cf```g\200\000f\006)F)&I\000\001\273\000^"
  35      60606067 
  35      80006606 
  35      29462926 
  35      490001BB 
  36              		.text
  37              		.section	.gnu.lto_palReadBus.ce13bc32,"",%progbits
  38 0000 789C8D90 		.ascii	"x\234\215\220\313K\033Q\024\306\317w\357d\036Fiq)]\210"
  38      CB4B1B51 
  38      14C6CF77 
  38      EF641E46 
  38      6971295D 
  39 0015 10144A32 		.ascii	"\020\024J2\270q\335\177%f\243 X\032\004w\2161\270\351"
  39      B871DD7F 
  39      2566A320 
  39      581A0477 
  39      8E31B8E9 
  40 0029 46D485A5 		.ascii	"F\324\205\245\212\025\321\372\326\370\010\324\225\270"
  40      8A15D1FA 
  40      D6F808D4 
  40      95B8
  41 0037 10173E10 		.ascii	"\020\027>\020\301\020\027qa\004\005\005\323\012\232"
  41      C1101771 
  41      61040505 
  41      D30A9A
  42 0046 85E83933 		.ascii	"\205\35093\012\241n\034f\316\235s\3579\277\357;W\323"
  42      0AA16E1C 
  42      66CE9D73 
  42      EF39BFEF 
  42      3B57D3
  43 0059 DBA78EBF 		.ascii	"\333\247\216\277\270\"j\342\025\232\240\006\016\210"
  43      B8226AE2 
  43      159AA006 
  43      0E88
  44 0067 7A6D05C8 		.ascii	"zm\005\310\017\201z\024zp\245J\012\177\226\356\366\303"
  44      0F817A14 
  44      7A70A54A 
  44      0A7F96EE 
  44      F6C3
  45 0079 97AAACA8 		.ascii	"\227\252\254\250\2368\335\034\334\0351%\205!i\356d$"
  45      9E38DD1C 
  45      DC1D3125 
  45      852169EE 
ARM GAS  C:\Users\Simone\AppData\Local\Temp\ccQ5SIq1.s 			page 3


  45      6424
  46 008b E7344E79 		.ascii	"\3474Ny^\352v0\323\375c\370\027\237(\372\247\010\277"
  46      5EEA7630 
  46      D3FD63F8 
  46      179F28FA 
  46      A708BF
  47 009e 51871988 		.ascii	"Q\207\031\210\020f\321\310\245\267\275\371\242\245#"
  47      1066D1C8 
  47      A5B7BDF9 
  47      A2A523
  48 00ad 90B6937C 		.ascii	"\220\266\223|\376\330\214Lr\333\326\356\252\367\305"
  48      FED88C4C 
  48      72DBD6EE 
  48      AAF7C5
  49 00bc 282B8D39 		.ascii	"(+\2159\350\312>\336\"\314#\"\345\245\364c.l\246=\317"
  49      E8CA3EDE 
  49      22CC2322 
  49      E5A5F463 
  49      2E6CA63D 
  50 00d1 FBF8C8AE 		.ascii	"\373\370\310\256\271\214\251\0130\301\353r\355\226\367"
  50      B98CA90B 
  50      30C1EB72 
  50      ED96F7
  51 00e0 F4743E7D 		.ascii	"\364t>}\2351\252\330?wh\3565\014\016\241\020\007\323"
  51      9D31AAD8 
  51      3F7768EE 
  51      350C0EA1 
  51      1007D3
  52 00f3 E4605992 		.ascii	"\344`Y\222\332\022\034\022\207T\344Of\275\340\204W}"
  52      DA121C12 
  52      8754E44F 
  52      66BDE084 
  52      577D
  53 0105 8A54B6B4 		.ascii	"\212T\266\2643\241\005{\2574\213\236\025\017\217l\231"
  53      33A1057B 
  53      AF348B9E 
  53      150F8F6C 
  53      99
  54 0116 549378D8 		.ascii	"T\223x\330x\030\277\251\031\303O\224\225}\257\024\026"
  54      7818BFA9 
  54      19C34F94 
  54      957DAF14 
  54      16
  55 0127 6536DE1F 		.ascii	"e6\336\037\275\033\312\177\210~.+\007K\030\303_\361"
  55      BD1BCA7F 
  55      887E2E2B 
  55      074B18C3 
  55      5FF1
  56 0139 46584694 		.ascii	"FXF\224N\261\235E\3003*y\316\377\274*\026\304\312\013"
  56      4EB19D45 
  56      C0332A79 
  56      CEFFBC2A 
  56      16C4CA0B 
  57 014d AFB8F73D 		.ascii	"\257\270\367=kG\347\2754\037\204\221\361\2212'V}d\352"
  57      6B47E7BD 
  57      341F8491 
  57      F1913227 
ARM GAS  C:\Users\Simone\AppData\Local\Temp\ccQ5SIq1.s 			page 4


  57      567D64EA 
  58 0161 15197A8F 		.ascii	"\025\031z\217\247j\254\371\000\377\302\326\003@\301"
  58      A76AACF9 
  58      00FFC2D6 
  58      0340C1
  59 0170 0A00C2E0 		.ascii	"\012\000\302\340\274\257`\006\271\3056y\267R\303~\217"
  59      BCAF6006 
  59      B9C53679 
  59      B752C37E 
  59      8F
  60 0181 0697F81A 		.ascii	"\006\227\370\032Z4\262\276F\337C\377\247\200\340\370"
  60      5A34B2BE 
  60      46DF43FF 
  60      A780E0F8 
  61 0191 5C9B0A78 		.ascii	"\\\233\012xA\362\360|\367\220;gS\015\261\230\313o\242"
  61      41F2F07C 
  61      F7903B67 
  61      530DB198 
  61      CB6FA2
  62 01a4 ADBDB5BD 		.ascii	"\255\275\265\2753\331\334\322\354v&\335\266x\207\233"
  62      33D9DCD2 
  62      EC7626DD 
  62      B678879B 
  63 01b4 FC9670BF 		.ascii	"\374\226p\277\306;b\011\322\255]\311g\207W\326\222"
  63      C63B6209 
  63      D2AD5DC9 
  63      678757D6 
  63      92
  64              		.text
  65              		.section	.gnu.lto_palWriteBus.ce13bc32,"",%progbits
  66 0000 789C8D52 		.ascii	"x\234\215R\317k\023Q\020~\337\333\315\356&\233M\252"
  66      CF6B1351 
  66      107EDFDB 
  66      CDEE269B 
  66      4DAA
  67 0012 A7929308 		.ascii	"\247\222\223\010\241\210lB.\236\305C\377\217&\227\006"
  67      A1886C42 
  67      2E9EC543 
  67      FF8F2697 
  67      06
  68 0023 0A15A3E7 		.ascii	"\012\025\243\347nj=y)\361RR\213\240\210\326hkk\233\230"
  68      6E6A3D79 
  68      29F15252 
  68      8BA088D6 
  68      686B6B9B 
  69 0038 E2217812 		.ascii	"\342!x\022\374Q\252\240D\245\005\215\240\007\241?\002"
  69      FC51AAA0 
  69      44A5058D 
  69      A007A13F 
  69      02
  70 0049 49C41267 		.ascii	"I\304\022g\336n!\324KC2\357\315\274\371\276\231o&\232"
  70      DE6E21D4 
  70      4B4332EF 
  70      CDBCF9BE 
  70      996F269A 
  71 005d F8FF93A0 		.ascii	"\370\377\223\240\337\250&\204K'4\0019\373N\210\242%"
  71      DFA82684 
ARM GAS  C:\Users\Simone\AppData\Local\Temp\ccQ5SIq1.s 			page 5


  71      4B273401 
  71      39FB4E88 
  71      A225
  72 006f 01BE0888 		.ascii	"\001\276\010\210)\211)\374\222{\022\263\215\312\234"
  72      298929FC 
  72      927B12B3 
  72      8DCA9C
  73 007e 3D72DFF3 		.ascii	"=r\337\363\274\335\273\265\341\033\303=)\304\201\364"
  73      BCDDBBB5 
  73      E11BC33D 
  73      29C481F4 
  74 008e 69F00023 		.ascii	"i\360\000#\224\262[l\266L-\011A\367\372R\373\255\375"
  74      94B25B6C 
  74      B64C2D09 
  74      41F7FA52 
  74      FBADFD
  75 00a1 53F624CE 		.ascii	"S\366$\316\260\273Qz5g\260+uv?6\233\037\214\344=\317"
  75      B0BB517A 
  75      3567B02B 
  75      75763F36 
  75      9B1F8CE4 
  76 00b7 9B6ED457 		.ascii	"\233n\324W\275\213zOjx\010\215\370\260\210\004\036!"
  76      BD8B7A4F 
  76      6A78088D 
  76      F8B08804 
  76      1E21
  77 00c9 21282450 		.ascii	"!($PA\222\262\227\253[eG;\247x_\314\227/\371\300/>P"
  77      4192B297 
  77      AB5B6547 
  77      3BA7785F 
  77      CC972FF9 
  78 00e1 C7E3E340 		.ascii	"\307\343\343@]\340\011\222\234\2757s\370\3116f\250\351"
  78      5DE00992 
  78      9CBD3773 
  78      F8C93666 
  78      A8E9
  79 00f3 A1C3A37E 		.ascii	"\241\303\243~\261\004\003t.\237nx\375\376\367\265\277"
  79      B1040374 
  79      2E9F6E78 
  79      FDFEF7B5 
  79      BF
  80 0104 35FD1409 		.ascii	"5\375\024\011\246R\032aC:\030\034\242\253a\2601\331"
  80      A6521A61 
  80      433A181C 
  80      A2AB61B0 
  80      31D9
  81 0116 5864CC30 		.ascii	"Xd\3140\233\010\031\313\346X\224\215\303n\214oq6B\264"
  81      9B0819CB 
  81      E658948D 
  81      C36E8C6F 
  81      713642B4 
  82 012a A804CFEE 		.ascii	"\250\004\317\356\207\224|j\2371]]\331\311p\321\216\324"
  82      87947C6A 
  82      9F315D5D 
  82      D9C970D1 
  82      8ED4
  83 013c A8A59DD6 		.ascii	"\250\245\235\326\346\226\305\223\240\261\223\273\336"
ARM GAS  C:\Users\Simone\AppData\Local\Temp\ccQ5SIq1.s 			page 6


  83      E696C593 
  83      A0B193BB 
  83      DE
  84 0149 BDF3DB59 		.ascii	"\275\363\333Y\300<z2\334\221\244\225\024p\374v\373V"
  84      C03C7A32 
  84      DC91A495 
  84      1470FC76 
  84      FB56
  85 015b 33EE9EEF 		.ascii	"3\356\236\357\311\010\236b\001\373j\322X\201+\210\361"
  85      C9089E62 
  85      01FB6AD2 
  85      58812B88 
  85      F1
  86 016c 8FE1F385 		.ascii	"\217\341\363\205:\244\225+\300\367\215\223\020\352X"
  86      3AA4952B 
  86      C0F78D93 
  86      10EA58
  87 017b 55843C03 		.ascii	"U\204<\003<S\204\327\273\001\241\2518\215AN\353$\234"
  87      3C5384D7 
  87      BB01A1A9 
  87      388D414E 
  87      EB249C
  88 018e 36D614A7 		.ascii	"6\326\024\247\232\357\272\317Y\0128\303>\307\353o\335"
  88      9AEFBACF 
  88      590A38C3 
  88      3EC7EB6F 
  88      DD
  89 019f 8328EB36 		.ascii	"\203(\3536\207\004\252D@5\266M?%BY\014\371\032@l\325"
  89      8704AA44 
  89      4035B64D 
  89      3F254259 
  89      0CF91A40 
  90 01b5 4964B0B3 		.ascii	"Id\260\263(I\015:;B9D<\210\212\251,\207C\355 \024W\\"
  90      28490D3A 
  90      3B423944 
  90      3C888AA9 
  90      2C8743ED 
  91 01cd 310ABD2C 		.ascii	"1\012\275,)=\203\013\210\034_\000\2415\324\002m\255"
  91      293D830B 
  91      881C5F00 
  91      A135D402 
  91      6DAD
  92 01df 3737AB96 		.ascii	"77\253\226[\361f\350\301\301s%\217V\306O\357\0277\313"
  92      5BF166E8 
  92      C1C17325 
  92      8F56C64F 
  92      EF1737CB 
  93 01f3 D1E02986 		.ascii	"\321\340)\206:\334}Z\003\011\337\200K%\3056\212\215"
  93      3ADC7D5A 
  93      0309DF80 
  93      4B25C536 
  93      8A8D
  94 0205 FE2857E3 		.ascii	"\376(W\343\235\265h\320\364G\240\311\234M\245\322\364"
  94      9DB568D0 
  94      F447A0C9 
  94      9C4DA5D2 
  94      F4
ARM GAS  C:\Users\Simone\AppData\Local\Temp\ccQ5SIq1.s 			page 7


  95 0216 CD8DE7B3 		.ascii	"\315\215\347\263\371\311B\346B&=YH\217\217M\244\013"
  95      F9C942E6 
  95      42263D59 
  95      488F8F4D 
  95      A40B
  96 0228 5772E9CB 		.ascii	"Wr\351\313c\023\251\234\320\262\327\012z6\177\265\360"
  96      6313A99C 
  96      D0B2D70A 
  96      7A367FB5 
  96      F0
  97 0239 0FAF5A1F 		.ascii	"\017\257Z\037\007"
  97      07
  98              		.text
  99              		.section	.gnu.lto_palSetBusMode.ce13bc32,"",%progbits
 100 0000 789C8D90 		.ascii	"x\234\215\220\317k\023Q\020\307\347;o\263\273&F\213"
 100      CF6B1351 
 100      10C7E73B 
 100      6FB3BB26 
 100      468B
 101 0012 A7929308 		.ascii	"\247\222\223\010\241\210$K.\236\275\371/xm\243\320B"
 101      A188244B 
 101      2E9EBDF9 
 101      2F786DA3 
 101      D042
 102 0024 2562F058 		.ascii	"%b\360X\272\251\025<I\255\227B\177\035\212\264\266\232"
 102      BAA9153C 
 102      49AD9742 
 102      7F1D8AB4 
 102      B69A
 103 0036 68B50595 		.ascii	"h\265\005\225B\216^T\244\240\254\324z0\242\005\205\306"
 103      428E5E54 
 103      A4A0ACD4 
 103      7A30A205 
 103      85C6
 104 0048 16EB22A1 		.ascii	"\026\353\"\241\316\274\305\203\365\322\345\355\314\233"
 104      CEBCC583 
 104      F5D2E5ED 
 104      CC9B
 105 0056 61BE9F99 		.ascii	"a\276\237\2317\206\376\377r\362_`\242\202x\030\002\217"
 105      3786FEFF 
 105      72F25F60 
 105      A2827818 
 105      028F
 106 0068 BD22AAF9 		.ascii	"\275\"\252\371\014\350\205@\303\214alq\2331\326\\\232"
 106      0CE88540 
 106      C38C616C 
 106      719B31D6 
 106      5C9A
 107 007a C8F4DC0D 		.ascii	"\310\364\334\015\303p{|\255\373Fw,\262\035N0\230G\217"
 107      C3707B7C 
 107      ADFB4677 
 107      2CB21D4E 
 107      3098478F 
 108 008e 946CD7A2 		.ascii	"\224l\327\242\226g\362 \271?\255\357\276\314|\345\230"
 108      9667F220 
 108      B93FADEF 
 108      BECC7CE5 
ARM GAS  C:\Users\Simone\AppData\Local\Temp\ccQ5SIq1.s 			page 8


 108      98
 109 009f 7152C367 		.ascii	"qR\303g\343/&\\\015\331\321\360m\024\255\273\371\271"
 109      E32F265C 
 109      0DD9D1F0 
 109      6D14ADBB 
 109      F9B9
 110 00b1 301C693E 		.ascii	"0\034i>_\016\31791\033,\300\010\017\367\220\303\"r$"
 110      5F0ECF39 
 110      311B2CC0 
 110      080FF790 
 110      C3227224 
 111 00c5 29C212F2 		.ascii	")\302\022\362R\375%\336\232\317\232\323\226\333Y\274"
 111      52FD25DE 
 111      9ACF9AD3 
 111      96DB59BC 
 112 00d5 3D954E94 		.ascii	"=\225N\224Q\242tp\377\240\322!<@^\313\333\243\235w\031"
 112      51A27470 
 112      FFA0D221 
 112      3C405ECB 
 112      DBA39D77 
 113 00ea 7754A6EE 		.ascii	"wT\246\356\352\374\035\030u\270\020\3378\321\014\367"
 113      EAFC1D18 
 113      75B810DF 
 113      38D10CF7 
 114 00fa F73F35BE 		.ascii	"\367?5\276\2559iy\261\3642\242M9b\334\224\030\317\025"
 114      AD396979 
 114      B1F432A2 
 114      4D3962DC 
 114      9418CF15 
 115 010e E37B1AFA 		.ascii	"\343{\032\372\260@j\211^7\363\231Y\275y\217\221\325"
 115      B0406A89 
 115      5E37F399 
 115      59BD798F 
 115      91D5
 116 0120 F6CF9212 		.ascii	"\366\317\222\022\367\330H\277\217\255\327o|}\247!m\277"
 116      F7D848BF 
 116      8FADD76F 
 116      7C7DA721 
 116      6DBF
 117 0132 F26BF67B 		.ascii	"\362k\366{v\032\223\210\371\310\0363\0322\236\346\247"
 117      761A9388 
 117      F9C81E33 
 117      1A329EE6 
 117      A7
 118 0143 76EF44C7 		.ascii	"v\357D\307\013gbN\343!\246\361\303\356\021\217P %\""
 118      0B67624E 
 118      E321A6F1 
 118      C3EE118F 
 118      50202522 
 119 0157 E1398701 		.ascii	"\3419\207\001d\260l\001\372 <\376\027\220:\014\340("
 119      64B06C01 
 119      FA203CFE 
 119      17903A0C 
 119      E028
 120 0169 9E5880DD 		.ascii	"\236X\200\335\314J\002\330\364\022\2002$\276\276\341"
 120      CC4A02D8 
 120      F4128032 
ARM GAS  C:\Users\Simone\AppData\Local\Temp\ccQ5SIq1.s 			page 9


 120      24BEBEE1 
 121 0179 26B12743 		.ascii	"&\261'CI\2266`\023\312\231Y\277U\347\241\337\341\315"
 121      49963660 
 121      13CA9959 
 121      BF55E7A1 
 121      DFE1CD
 122 018c D08F39BB 		.ascii	"\320\2179\273\243s`\025C$\353\260\365\222=F\233\250"
 122      A3736015 
 122      4324EBB0 
 122      F5923D46 
 122      9BA8
 123 019e 353F9CB7 		.ascii	"5?\234\267\022\322%B\227'\015O\025\213\201\234r\377"
 123      12D22542 
 123      97270D4F 
 123      158B819C 
 123      72FF
 124 01b0 40DF40A5 		.ascii	"@\337@\245Z:[\012*\325\240\277w0\250^-\007Wz\007\213"
 124      5A3A5B0A 
 124      2AD5A0BF 
 124      7730A85E 
 124      2D07577A 
 125 01c6 65327DD7 		.ascii	"e2}\327\252\316\345\312\305K\177\0009\345\324\305"
 125      AACEE5CA 
 125      C54B7F00 
 125      39E5D4C5 
 126              		.text
 127              		.section	.gnu.lto_.symbol_nodes.ce13bc32,"",%progbits
 128 0000 789C55C8 		.ascii	"x\234U\310\261\015\2000\020\004\301\375\373\304\315"
 128      B10D8030 
 128      1004C1FD 
 128      FBC4CD
 129 000f 51D3B904 		.ascii	"Q\323\271\004\033\211\024Q\014\261{\240\021\344\000"
 129      1B891451 
 129      0CB17BA0 
 129      11E400
 130 001e 02987012 		.ascii	"\002\230p\022Xx\251\311\320\006\330\354GA]\216_\254"
 130      5878A9C9 
 130      D006D8EC 
 130      47415D8E 
 130      5FAC
 131 0030 B2BE119B 		.ascii	"\262\276\021\233\234OPk!\225\234\327\035L:\223\025!"
 131      9C4F506B 
 131      21959CD7 
 131      1D4C3A93 
 131      1521
 132              		.text
 133              		.section	.gnu.lto_.refs.ce13bc32,"",%progbits
 134 0000 789C6366 		.ascii	"x\234cf```d\200\002\000\000=\000\005"
 134      60606064 
 134      80020000 
 134      3D0005
 135              		.text
 136              		.section	.gnu.lto_.decls.ce13bc32,"",%progbits
 137 0000 789CAD57 		.ascii	"x\234\255WyPTG\032\177\375zf\034\206\031H\324\030\213"
 137      79505447 
 137      1A7FFD7A 
 137      661C8619 
ARM GAS  C:\Users\Simone\AppData\Local\Temp\ccQ5SIq1.s 			page 10


 137      48D4188B 
 138 0014 4A9504AB 		.ascii	"J\225\004\253(w\327\210\307\352\256\373O\\\243\033\334"
 138      2877D788 
 138      C7EAAEFB 
 138      4F5CA31B 
 138      DC
 139 0025 D5488DC9 		.ascii	"\325H\215\311f\267B\325\004aTj\221q\231ak\363\337\303"
 139      66B742D5 
 139      0461546A 
 139      91719961 
 139      6BF3DFC3 
 140 0039 414145C1 		.ascii	"AAE\301A\020/\004D.Q9\274E \036\010*`\360\210\202\310"
 140      41102F04 
 140      442E5139 
 140      BC45201E 
 140      082A60F0 
 141 0050 008B171E 		.ascii	"\000\213\027\036\250(\207\012\373u\367{\363\206\311"
 141      A828870A 
 141      FB75F77B 
 141      F386C9
 142 005f 0C9BAACD 		.ascii	"\014\233\252\315\253\351\351\367\365\373\365\367\375"
 142      ABE9E9F7 
 142      F5FBF5F7 
 142      FD
 143 006c BEA3FBF5 		.ascii	"\276\243\373\365\303\034\307%!\216\033\206\353\306\373"
 143      C31CC725 
 143      218E1B86 
 143      EBC6FB
 144 007b 1C7797E7 		.ascii	"\034w\227\3478\005\214\205p\362Ed/\300\370@\233\000"
 144      38058C85 
 144      70F24564 
 144      2FC0F840 
 144      9B00
 145 008d ED23C4FD 		.ascii	"\355#\304\375\344\"\317u\320\373@\323B;\002M\011c/\241"
 145      E422CF75 
 145      D0FB40D3 
 145      423B024D 
 145      09632FA1 
 146 00a1 FF185A30 		.ascii	"\377\030Z0\264?\023]0\366\012\372\347\320NC{#\352\037"
 146      B43F135D 
 146      30F60AFA 
 146      E7D04E43 
 146      7B23EA1F 
 147 00b5 86D64514 		.ascii	"\206\326E\024\301s\204hGu\222\3767.\366\010\017_\221"
 147      C1738468 
 147      477592FE 
 147      372EF608 
 147      0F5F91
 148 00c8 A3648FD8 		.ascii	"\243d\217\330\"6=\331{#\332l\026\355*E\233\304\0261"
 148      22363DD9 
 148      7B23DA6C 
 148      16ED2A45 
 148      9BC41631 
 149 00dc F204BA9B 		.ascii	"\362\004\272\233\354\226\352'\375t\027\273\023<\330"
 149      EC96EA27 
 149      FD7417BB 
 149      133CD8
ARM GAS  C:\Users\Simone\AppData\Local\Temp\ccQ5SIq1.s 			page 11


 150 00eb 7D7F143F 		.ascii	"}\177\024?\217\210\266g\200\354\007\015\273\330\345"
 150      8F88B667 
 150      80EC070D 
 150      BBD8E5
 151 00fa 3939A664 		.ascii	"99\246dh\256\213\315\347<:y\250\267\336\373\001\217"
 151      68AE8BCD 
 151      E73C3A79 
 151      A8B7DEFB 
 151      018F
 152 010c 7C34FE44 		.ascii	"|4\376D<e\253\315P\201\250\325(\210hk\272R\356\215y"
 152      3C65ABCD 
 152      5081A8D5 
 152      2888686B 
 152      BA52EE8D 
 153 0121 44EEF765 		.ascii	"D\356\367e\264_\327L-\022\004!Q\250\356G\262\212\252"
 153      B45FD74C 
 153      2D120421 
 153      51A8EE47 
 153      B28AAA
 154 0134 CAFE1A0D 		.ascii	"\312\376\032\015\236@AI\211\366:\015\236D\357\343\362"
 154      9E404149 
 154      89F63A0D 
 154      9E44EFE3 
 154      F2
 155 0145 4E278D01 		.ascii	"N'\215\001]\037k(\254m\327@\256\027\025I9\370\302\020"
 155      5D1F6B28 
 155      AC6DD740 
 155      AE171549 
 155      39F8C210 
 156 0159 5F7B4FD8 		.ascii	"_{O\330\347\203\0025\271\240\264\247\331V\363\221 ("
 156      E7830235 
 156      B9A0B4A7 
 156      D956F391 
 156      2028
 157 016b 5009D2A0 		.ascii	"P\011\322\240b\204Q\021\232J\274 \263\311\225(\010k"
 157      62845111 
 157      9A4ABC20 
 157      B3C99528 
 157      086B
 158 017d 8514ABE0 		.ascii	"\205\024\253\340U\353\303\241|\344\207\012\220\037\207"
 158      55EBC3A1 
 158      7CE4870A 
 158      901F87
 159 018c 0EA34040 		.ascii	"\016\243@@P,:\010\203\207`\020\024_x[\031\257D\232@"
 159      502C3A08 
 159      83876010 
 159      145F785B 
 159      19AF449A 
 160 01a1 F793CADC 		.ascii	"\367\223\312\334L\242\024\012\327\331&\020\012\245@"
 160      4CA2140A 
 160      D7D92610 
 160      0AA540
 161 01b0 E1804C01 		.ascii	"\341\200L\001\030I\316\362\207N\264=SK\224[\357W\351"
 161      1849CEF2 
 161      874EB43D 
 161      534B945B 
 161      EF57E9
ARM GAS  C:\Users\Simone\AppData\Local\Temp\ccQ5SIq1.s 			page 12


 162 01c3 D70AF3D0 		.ascii	"\327\012\363\320\021\300\027\312\370R4*\347r\267\234"
 162      11C017CA 
 162      F852342A 
 162      E772B79C 
 163 01d3 5149D581 		.ascii	"QI\325\201\015^4\023\337\022\261o]\317\006\015\315\204"
 163      0D5E3413 
 163      DF12B16F 
 163      5DCF060D 
 163      CD84
 164 01e5 968837EF 		.ascii	"\226\2107\357\224\266)q>K\305\271\332\354\026%\205\332"
 164      94B62971 
 164      3E4BC5B9 
 164      DAEC1625 
 164      85DA
 165 01f7 79223737 		.ascii	"y\"77\226\266\373P\354T\"\246\027=\210\300\007\031\364"
 165      96B6FB50 
 165      EC5422A6 
 165      173D88C0 
 165      0719F4
 166 020a C9D9DC7F 		.ascii	"\311\331\334\177k\200\207\365\347\205\001f\014\265\254"
 166      6B8087F5 
 166      E7850166 
 166      0CB5AC
 167 0219 8FD7E253 		.ascii	"\217\327\342Sl\372\346\362\235;\325\270\232\011\375"
 167      6CFAE6F2 
 167      9D3BD5B8 
 167      9A09FD
 168 0228 29FBF72B 		.ascii	")\373\367+\360E&\344\246\245\027+\251M5\021Og\027>S"
 168      F04526E4 
 168      A6A5172B 
 168      A94D3511 
 168      4F67173E 
 169 023d E346F6AC 		.ascii	"\343F\366\254\252.\256^\203o0\341rG\377K-\005\276G\304"
 169      AA2EAE5E 
 169      836F30E1 
 169      7247FF4B 
 169      2D05BE47 
 170 0252 165B76BE 		.ascii	"\026[v\276\017\276\315\2365\014\245\274\030\203[G\002"
 170      0FBECD9E 
 170      350CA5BC 
 170      18835B47 
 170      02
 171 0263 7D1870E7 		.ascii	"}\030p\347\217]\275\230\316\243>\246]\332\225\254\304"
 171      8F5DBD98 
 171      CEA33EA6 
 171      5DDA95AC 
 171      C4
 172 0274 6D0C9AD2 		.ascii	"m\014\232\322n\273\246 \017\235\353\314\237\325\331"
 172      6EBBA620 
 172      0F9DEBCC 
 172      9FD5D9
 173 0283 F6EEFE23 		.ascii	"\366\356\376#j*\016\017c\222\262\234\326\253\355^\216"
 173      6A2A0E0F 
 173      6392B29C 
 173      D6ABED5E 
 173      8E
 174 0294 2A3BD685 		.ascii	"*;\326\205H\212\257@\312j\345\224\371;g\014\202\245"
ARM GAS  C:\Users\Simone\AppData\Local\Temp\ccQ5SIq1.s 			page 13


 174      488AAF40 
 174      CA6AE594 
 174      F93B670C 
 174      82A5
 175 02a6 2C80485D 		.ascii	",\200H]\200\240\324\220H]\206H\371\213\221\252\203\301"
 175      80A0D490 
 175      485D8648 
 175      F98B91AA 
 175      83C1
 176 02b8 4BACCACA 		.ascii	"K\254\312\312;\236n\322H\212\013/l\241\265\323\000\212"
 176      3B9E6ED2 
 176      488A0B2F 
 176      6CA1B5D3 
 176      008A
 177 02ca 2FCA8AAF 		.ascii	"/\312\212\257\240Q5\327\273\325\214\216?K\356@\370%"
 177      A05135D7 
 177      BBD58C8E 
 177      3F4BEE40 
 177      F825
 178 02dc F36FD3B6 		.ascii	"\363o\323\266\336:\036\367QA\261\261\252b<\012\030\027"
 178      DE3A1EF7 
 178      5141B1B1 
 178      AA623C0A 
 178      1817
 179 02ee 109805FA 		.ascii	"\020\230\005\372zZ\023^/\262Z\205m\023\251\331F0\333"
 179      7A5A135E 
 179      2FB25A85 
 179      6D13A9D9 
 179      4630DB
 180 0301 84C6C9DA 		.ascii	"\204\306\311\332\247\370\001\203_\303\037\267\025(\012"
 180      A7F80183 
 180      5FC31FB7 
 180      15280A
 181 0310 2959C2BC 		.ascii	")Y\302\274\030\271\0008\012\006\323\350:\260\370\001"
 181      18B90038 
 181      0A06D3E8 
 181      3AB0F801 
 182 0320 05A06B28 		.ascii	"\005\240k(\200r%\272\263n'\250\012\246S\275W\335\352"
 182      807225BA 
 182      B36E27A8 
 182      0AA653BD 
 182      57DDEA
 183 0333 BD4054D0 		.ascii	"\275@T\320uco\314Gj\202\340D\257\345\275\341\322\243"
 183      75636FCC 
 183      476A82E0 
 183      44AFE5BD 
 183      E1D2A3
 184 0346 9A272AFC 		.ascii	"\232'*\374\216qOzu\274E\213\002\002\306S\362\366\206"
 184      8E714F7A 
 184      75BC458B 
 184      0202C653 
 184      F2F686
 185 0359 FC06AD50 		.ascii	"\374\006\255P;\235\256\266\363`\342\026\032/\027\247"
 185      3B9DAEB6 
 185      F360E216 
 185      1A2F17A7 
 186 0369 4C3D8B58 		.ascii	"L=\213Xh\276\257\254^\313X\334\360\014\265Q/\255\302"
ARM GAS  C:\Users\Simone\AppData\Local\Temp\ccQ5SIq1.s 			page 14


 186      68BEAFAC 
 186      5ECB58DC 
 186      F00CB551 
 186      2FADC2
 187 037c 3C8BB397 		.ascii	"<\213\263\227\004L\274\274\015^\336\004/\177\024\275"
 187      044CBCBC 
 187      0D5EDE04 
 187      2F7F14BD 
 188 038c A4D4EB13 		.ascii	"\244\324\353\023\306\010\210@~\312='\371\331&\337\361"
 188      C6088840 
 188      7ECA3D27 
 188      F9D926DF 
 188      F1
 189 039d A033CEA3 		.ascii	"\2403\316\243Nn\204B\230\223z+gH\203\207Y\342v\364]"
 189      4E6E8442 
 189      98937A2B 
 189      67488387 
 189      59E276F4 
 190 03b2 A9F1A515 		.ascii	"\251\361\245\025<\221\210\245\347+\255\3368\036\323"
 190      3C9188A5 
 190      E72BADDE 
 190      381ED3
 191 03c1 67C250ED 		.ascii	"g\302P\355;\035\336\300\004i\023\326\262MxO\353\265"
 191      3B1DDEC0 
 191      046913D6 
 191      B24D784F 
 191      EBB5
 192 03d3 C73ABC85 		.ascii	"\307:\274\205=+\257LL\325\340T&\024t4\330t\0248\005"
 192      3D2BAF4C 
 192      4CD5E054 
 192      26147434 
 192      D8741438 
 193 03e8 445D4ECE 		.ascii	"D]N\316\253G*4.@\276\002Y\242\005J\367\004\320=I\351"
 193      AB472A34 
 193      2E40BE02 
 193      59A2054A 
 193      F704D03D 
 194 03fe 768A897E 		.ascii	"v\212\211~\006!x\000\214\237B{\010\355?\320\272\240"
 194      06217800 
 194      8C9F427B 
 194      08ED3FD0 
 194      BAA0
 195 0410 DD87F604 		.ascii	"\335\207\366\004\332=h\217\240uC{\354(\206x\253\375"
 195      DA3D688F 
 195      A075437B 
 195      EC288678 
 195      ABFD
 196 0422 9298ABD3 		.ascii	"\222\230\253\323\220\253jH\000Q\350H@\025\265\221\217"
 196      90AB6A48 
 196      0051E848 
 196      4015B591 
 196      8F
 197 0433 FC4474D6 		.ascii	"\374Dt\326\345|\225\210\375\336\025{\0269%\026\240w"
 197      E57C9588 
 197      FDDE157B 
 197      16392516 
 197      A077
ARM GAS  C:\Users\Simone\AppData\Local\Temp\ccQ5SIq1.s 			page 15


 198 0445 1CD05657 		.ascii	"\034\320VW\350\035W\265W\034\330s\356\325:a\253\034"
 198      E81D57B5 
 198      571CD873 
 198      EED53A61 
 198      AB1C
 199 0457 D80A57EC 		.ascii	"\330\012W\354\224\221\014\352\034\310J\367\216\311\320"
 199      94910CEA 
 199      1CC84AF7 
 199      8EC9D0
 200 0466 5607F4AE 		.ascii	"V\007\364\256+\264\315\005z\327\001\265\273\207:qms"
 200      2BB4CD05 
 200      7AD701B5 
 200      BB873A71 
 200      6D73
 201 0478 60DB5DB1 		.ascii	"`\333]\261\035#\324\306\331[\362\215\325PA\315P~-\356"
 201      1D23D4C6 
 201      D95BF28D 
 201      D55041CD 
 201      507E2DEE 
 202 048c E3E5A060 		.ascii	"\343\345\240`\257u\312\331\031\267A\310\227\227\360"
 202      AF75CAD9 
 202      19B741C8 
 202      9797F0
 203 049b 997C15AC 		.ascii	"\231|\025\254\203N7k\230\317\314\353\355\366F\201\343"
 203      834E376B 
 203      98CFCCEB 
 203      EDF64681 
 203      E3
 204 04ac 28EEC14A 		.ascii	"(\356\301J5z\016\212N\311[\034\231D/w\265\207z\240\344"
 204      357A0E8A 
 204      4EC95B1C 
 204      99442F77 
 204      B5877AA0 
 205 04c1 FE9FF283 		.ascii	"\376\237\362\203\252\037\270\264>A\207\267\263%\260"
 205      AA1FB8B4 
 205      3E4187B7 
 205      B325B0
 206 04d0 B962EF0B 		.ascii	"\271b\357\013/\355F\371\315J\351\310+\363%\322\212\304"
 206      2FED46F9 
 206      CD4AE9C8 
 206      2BF325D2 
 206      8AC4
 207 04e2 80FADD75 		.ascii	"\200\372\335u\335I\260Ck)\365\302M>\340\342+x\376B&"
 207      DD49B043 
 207      6B29F5C2 
 207      4D3EE0E2 
 207      2B78FE42 
 208 04f7 0F7046DE 		.ascii	"\017pF\336\223F\324\013\244\235\225\2427I\215e\010\347"
 208      9346D40B 
 208      A49D95A2 
 208      37498D65 
 208      08E7
 209 0509 303A3977 		.ascii	"0:9w\272\3720.d\302\315\207\305\007\274\361!<\342\265"
 209      BAFA302E 
 209      64C2CD87 
 209      C507BCF1 
 209      213CE2B5 
ARM GAS  C:\Users\Simone\AppData\Local\Temp\ccQ5SIq1.s 			page 16


 210 051d 143CF2F8 		.ascii	"\024<\362\370\023,\037\177\0123w\217rJy\013v\203\305"
 210      132C1F7F 
 210      0A33778F 
 210      724A790B 
 210      7683C5
 211 0530 57C3000C 		.ascii	"W\303\000\014\016J\247\2247\233[&\2217\315\033\310k"
 211      0E4AA794 
 211      379B5B26 
 211      9137CD1B 
 211      C86B
 212 0542 BFEC49B0 		.ascii	"\277\354I\260\343\220\202\212\357\2277clS\020\036\312"
 212      E390828A 
 212      EF973763 
 212      6C53101E 
 212      CA
 213 0553 8379FDB9 		.ascii	"\203y\375\271\210n\022#6\207\243\240\362\030\215\330"
 213      886E1223 
 213      3687A3A0 
 213      F2188DD8 
 214 0563 90989DB5 		.ascii	"\220\230\235\265| \032\206\310\307\361\001H\340\345"
 214      7C201A86 
 214      C8C7F101 
 214      48E0E5
 215 0572 3741CFC9 		.ascii	"7A\317\311\322~\337\223e\002)<\022\275\327`s\310\323"
 215      D27EDF93 
 215      6502293C 
 215      12BDD760 
 215      73C8D3
 216 0585 82821747 		.ascii	"\202\202\027G\306~R\316\204\335;W\344\210\005\005\320"
 216      C67E52CE 
 216      84DD3B57 
 216      E4880505 
 216      D0
 217 0596 240A25C7 		.ascii	"$\012%\307\247>\267J\235\012tp\037)\320!w\005ZT\360"
 217      A73EB74A 
 217      9D0A7470 
 217      1F29D021 
 217      77055A54 
 218 05ab 76BD9754 		.ascii	"v\275\227T\240;\214j\024\317\217C\307\345\310\014\271"
 218      A03B8C6A 
 218      14CF8F43 
 218      C7E5C80C 
 218      B9
 219 05bc 2B50C97F 		.ascii	"+P\311\177d\005\267G\013\001\304\263\375\335\243\006"
 219      6405B747 
 219      0B01C4B3 
 219      FDDDA306 
 220 05cc EF113547 		.ascii	"\357\0215G,\3105\267\216\327\212\310+\255\333R\325\012"
 220      2CC835B7 
 220      8ED78AC8 
 220      2BADDB52 
 220      D50A
 221 05de 9E8DA16F 		.ascii	"\236\215\241o\350!\332z:\371\214\356\3034\361\335\364"
 221      E821DA7A 
 221      3AF98CEE 
 221      C334F1DD 
 221      F4
ARM GAS  C:\Users\Simone\AppData\Local\Temp\ccQ5SIq1.s 			page 17


 222 05ef 9E82FA2B 		.ascii	"\236\202\372+ON\340?\204\377\365\274\202i\270\376r\343"
 222      4F4EE03F 
 222      84FFF5BC 
 222      8269B8FE 
 222      72E3
 223 0601 5C5C4D53 		.ascii	"\\\\MS\207\2565\225\335B\376\231BVI\317\256\362\\m&"
 223      87AE3595 
 223      DD42FE99 
 223      425649CF 
 223      AEF25C6D 
 224 0616 C981F076 		.ascii	"\311\201\360vx\030!2\013%\362\222\213\034\271\247l\321"
 224      78182132 
 224      0B25F292 
 224      8B1CB9A7 
 224      6CD1
 225 0628 06DE1F66 		.ascii	"\006\336\037f\326\264\244>`<\2101\306\343iw~\247\314"
 225      D6B4A43E 
 225      603C8831 
 225      C6E36977 
 225      7EA7CC
 226 063b 6D234F07 		.ascii	"m#O\007\273\317$gj\235\311\205Lp\342\226D\271m\222\270"
 226      BBCF2467 
 226      6A9DC985 
 226      4C70E296 
 226      44B96D92 
 227 0650 E5EEAFB8 		.ascii	"\345\356\257\270\256\302O\031\271\270\246\224\355\032"
 227      AEC24F19 
 227      B9B8A694 
 227      ED1A
 228 065e 4ACE7EEA 		.ascii	"J\316~\352\234\221\021\303t\012\332\354Dl\263Dl\013"
 228      9C9111C3 
 228      740ADAEC 
 228      446CB344 
 228      6C0B
 229 0670 255672F6 		.ascii	"%Vr\366\354\007x\220j\340\327g\277-\3249\316\322\011"
 229      EC077890 
 229      6AE0D767 
 229      BF2DD439 
 229      CED209
 230 0683 9DF42CBD 		.ascii	"\235\364,\275\225\327\240d\376\347\236\245Sx\267g\330"
 230      95D7A064 
 230      FEE79EA5 
 230      5378B767 
 230      D8
 231 0694 EBD707CF 		.ascii	"\353\327\007\317a\352*Q\307\334?\334t{@\353p\337\306"
 231      61EA2A51 
 231      C7DC3FDC 
 231      747B40EB 
 231      70DFC6
 232 06a7 DCDFB136 		.ascii	"\334\337\2616\357\221g\367\267Q\367S%\367\267V\327\025"
 232      EF9167F7 
 232      B751F753 
 232      25F7B756 
 232      D715
 233 06b9 FA62AB92 		.ascii	"\372b\253\222\272\237u\247\347\013Gj|\323\255B\256`"
 233      BA9F75A7 
 233      E70B476A 
ARM GAS  C:\Users\Simone\AppData\Local\Temp\ccQ5SIq1.s 			page 18


 233      7CD3AD42 
 233      AE60
 234 06cb 1F1E9E44 		.ascii	"\037\036\236D'\2414\247\000\244I\001H\247\001pG-9\371"
 234      27A134A7 
 234      00A44901 
 234      48A70170 
 234      472D39F9 
 235 06df E999318E 		.ascii	"\351\2311\216lmg\324\332\357n\312T\322A\262\3502\330"
 235      6C6D67D4 
 235      DAEF6ECA 
 235      54D241B2 
 235      E832D8
 236 06f2 E0E0B13D 		.ascii	"\340\340\261=W5\036\371\356\244|wH|\033\277\257H\363"
 236      57351EF9 
 236      EEA47C77 
 236      487C1BBF 
 236      AF48F3
 237 0705 C55B19DF 		.ascii	"\305[\031\337\212\246\316^-\020\266\223P\227k3\312\204"
 237      8AA6CE5E 
 237      2D10B693 
 237      50976B33 
 237      CA84
 238 0717 B3522DC1 		.ascii	"\263R-\3014\264\313\211\361.\211\361n\312\270\366\300"
 238      34B4CB89 
 238      F12E89F1 
 238      6ECAB8F6 
 238      C0
 239 0728 9E6F713E 		.ascii	"\236oq>\325\242\350\334]r\314\027\005\372\371\321\244"
 239      D5A2E8DC 
 239      5D72CC17 
 239      05FAF9D1 
 239      A4
 240 0739 2542BEB2 		.ascii	"%B\276\262\301\213=\342\004ve\300x\377\247\344\001\334"
 240      C18B3DE2 
 240      047665C0 
 240      78FFA7E4 
 240      01DC
 241 074b AA694F93 		.ascii	"\252iO\223\327c\023\360D\016M\365C\277\202\314eB\346"
 241      D76313F0 
 241      440E4DF5 
 241      43BF82CC 
 241      6542E6
 242 075e C8230E65 		.ascii	"\310#\016e\361~h/O\363\326\221\372|\203R#\242\023\377"
 242      F17E682F 
 242      4FF3D691 
 242      FA7C8352 
 242      23A213FF 
 243 0772 173AB162 		.ascii	"\027:\261b[\036\373b\372\033\021\357\247\024\034f\037"
 243      5B1EFB62 
 243      FA1B11EF 
 243      A7141C66 
 243      1F
 244 0783 1ADEF445 		.ascii	"\032\336\364E1\370\274\236}\024ih\344\006.\306\251\210"
 244      31F8BC9E 
 244      7D146968 
 244      E4062EC6 
 244      A988
ARM GAS  C:\Users\Simone\AppData\Local\Temp\ccQ5SIq1.s 			page 19


 245 0795 6A415AC3 		.ascii	"jAZ\303Z\347U\230G\225O\361C\373\231\356\332\370\242"
 245      5AE75598 
 245      47954FF1 
 245      43FB99EE 
 245      DAF8A2
 246 07a8 46DDD814 		.ascii	"F\335\330\024q\303\360G\324\317}`;\227\247\033\023?"
 246      71C3F047 
 246      D4CF7D60 
 246      3B97A71B 
 246      133F
 247 07ba 569A44BF 		.ascii	"V\232D\277\231\036\017\327\371:\243sFCw\331\322z0.f"
 247      991E0FD7 
 247      F93AA373 
 247      464377D9 
 247      D27A302E 
 248 07cf 79       		.ascii	"y"
 249 07d0 D997635B 		.ascii	"\331\227c[\207\361Q&\324\277\333\376L99[\270\232\005"
 249      87F15126 
 249      D4BFDBFE 
 249      4C39395B 
 249      B89A05
 250 07e3 5555AC4D 		.ascii	"UU\254M\025\326&\301\376;\374\351$T\300\217E\205\220"
 250      15D626C1 
 250      FE3BFCE9 
 250      2454C08F 
 250      458590
 251 07f6 2358DE4E 		.ascii	"#X\336N\212\213H\340Q\036\3429t\200\237L\276\337\237"
 251      8A8B48E0 
 251      511EE239 
 251      74809F4C 
 251      BEDF9F
 252 0809 67A6EB3C 		.ascii	"g\246\353<{Y,y\231\313\274\274x#\256\306\313\325K\371"
 252      7B592C79 
 252      99CBBCBC 
 252      7823AEC6 
 252      CBD54BF9 
 253 081d CD7090F2 		.ascii	"\315p\220\362.\226x\3475\275\336\253t\365\322#\372p"
 253      2E9678E7 
 253      35BDDEAB 
 253      74F5D223 
 253      FA70
 254 082f 5149BF0E 		.ascii	"QI\277\016\237c\216\235o~\330\206\250cY\025\373\004"
 254      9F638E9D 
 254      6F7ED886 
 254      A8635915 
 254      FB04
 255 0841 4586104F 		.ascii	"E\206\020O\026\013:$z\005{\203\223\242\303\262W%\324"
 255      160B3A24 
 255      7A057B83 
 255      93A2C3B2 
 255      5725D4
 256 0854 ABEE5765 		.ascii	"\253\356We\011\352\021\373/)Y\331\255R\266\377\222\036"
 256      09EA11FB 
 256      2F2959D9 
 256      AD52B6FF 
 256      921E
 257 0866 D07BB794 		.ascii	"\320{\267\224\015\250hY\254\241\307\356\354\226>\366"
ARM GAS  C:\Users\Simone\AppData\Local\Temp\ccQ5SIq1.s 			page 20


 257      0DA86859 
 257      ACA1C7EE 
 257      EC963EF6 
 258 0876 1DE943C4 		.ascii	"\035\351C\304\307eY5j*\352\210xu\335\220\332s\274\216"
 258      C7655935 
 258      6A2AEA88 
 258      7875DD90 
 258      DA73BC8E 
 259 088a 4AF13AC2 		.ascii	"J\361:\302\342\265\277xw\277\267k\274\312 \035\3454"
 259      E2B5BF78 
 259      77BFB76B 
 259      BCCA201D 
 259      E534
 260 089c 1DC76804 		.ascii	"\035\307h\004\216J\021H\267\277KR\271\306\313#\332\332"
 260      8E4A1148 
 260      B7BF4B52 
 260      B9C6CB23 
 260      DADA
 261 08ae 69BDE783 		.ascii	"i\275\347\203\177`\361*\250\264\277\021\343\325\355"
 261      7F60F12A 
 261      A8B4BF11 
 261      E3D5ED
 262 08bd 14AFE362 		.ascii	"\024\257\343b\274`+qRtB\216\327I~2\247\2154\2551\305"
 262      BC602B71 
 262      5274428E 
 262      D7497E32 
 262      A78D34AD 
 263 08d3 58568799 		.ascii	"XV\207\231\377a\260\250>\377\342+\377\3178uld\264e\326"
 263      FF61B0A8 
 263      3EFFE22B 
 263      FFCF3875 
 263      6C64B465 
 264 08e8 4C834563 		.ascii	"L\203Ec0H\267+\302\377\020\032\276*ry\244\331\022\033"
 264      3048B72B 
 264      C2FF101A 
 264      BE2A7279 
 264      A4D9121B 
 265 08fc 11690AB5 		.ascii	"\021i\012\265\230LQ\346\320\225\321\261\376\364\316"
 265      984C51E6 
 265      D095D1B1 
 265      FEF4CE
 266 090b 3F2C66B5 		.ascii	"?,f\265\277q\365rcD\2041\"\364\267\323\346\372\317\234"
 266      BF71F572 
 266      63448431 
 266      22F4B7D3 
 266      E6FACF9C 
 267 091f 3E63F63F 		.ascii	">c\366?g\205\302\370'\321\246h\343'\306\260\345\221"
 267      6785C2F8 
 267      27D1A668 
 267      E327C6B0 
 267      E591
 268 0931 A191D1E1 		.ascii	"\241\221\321\341Q\261\021\306\320\325a\240+\332\030"
 268      51B111C6 
 268      D0D561A0 
 268      2BDA18
 269 0940 6A8830AE 		.ascii	"j\2100\256\010\213\215\262\030,\337\2551\232\247\255"
 269      088B8DB2 
ARM GAS  C:\Users\Simone\AppData\Local\Temp\ccQ5SIq1.s 			page 21


 269      182CDFAD 
 269      319AA7AD 
 270 0950 E2BEF945 		.ascii	"\342\276\371E\315\230\2773\207\032\314\226\010\360\001"
 270      CD98BF33 
 270      871ACC96 
 270      08F001
 271 095f 74CF9D36 		.ascii	"t\317\2356-\010~T\275\311<c\316\214 \2239hUXT\020\011"
 271      2D087E54 
 271      BDC93C63 
 271      CE8C2093 
 271      39685558 
 272 0976 803968D9 		.ascii	"\2009h\331\227Kf\315\014Z\274xA\320\347!\213\226\376"
 272      974B66CD 
 272      0C5ABC78 
 272      41D0E721 
 272      8B96FE
 273 0989 6B66D09A 		.ascii	"kf\320\232\260(CTT\004\314T.Z:?\326\2545[VC(V\256\211"
 273      B0284354 
 273      5404CC54 
 273      2E5A3A3F 
 273      D6AC355B 
 274 09a3 34192CCA 		.ascii	"4\031,\312%K\027,\324\253\226~\371\367\220\205\3721"
 274      254B172C 
 274      D4AB967E 
 274      F9F79085 
 274      FA31
 275 09b5 4B97852C 		.ascii	"K\227\205,\\\270@\257\014\371*d\201\036/\202\266t\201"
 275      5CB840AF 
 275      0CF92A64 
 275      811E2F82 
 275      B67481
 276 09c8 1E7D4D03 		.ascii	"\036}M\0039c\216#\220\344\026\233\215\026ex\2241,\006"
 276      39638E23 
 276      90E4169B 
 276      8D166578 
 276      94312C06 
 277 09dc 052BE62F 		.ascii	"\005+\346/\323\353\025\213?\373\213^\361\307?\351\027"
 277      D3EB158B 
 277      3FFB8B5E 
 277      F1C73FE9 
 277      17
 278 09ed 93BF603C 		.ascii	"\223\277`<_\257\327\260\244DF@J\330\215\202$HKt\030"
 278      5FAFD7B0 
 278      A4444640 
 278      4AD88D82 
 278      24484B74 
 279 0a02 5684992D 		.ascii	"V\204\231-\2777X\376\372\313FJ\012\222\312\264b\005"
 279      BF3758FE 
 279      FACB464A 
 279      0A92CAB4 
 279      6205
 280 0a14 300CF414 		.ascii	"0\014\364\024+q\002\011\016\2405\320\351\215a\021\020"
 280      2B710209 
 280      0EA035D0 
 280      E98D6111 
 280      10
 281 0a25 9D004F33 		.ascii	"\235\000O3\3141\341\024\035\316yC\367uL\244\305\010"
ARM GAS  C:\Users\Simone\AppData\Local\Temp\ccQ5SIq1.s 			page 22


 281      CC31E114 
 281      1DCE7943 
 281      F7754CA4 
 281      C508
 282 0a37 7075A469 		.ascii	"pu\244i\265)\302h\260\350`p\231\321\002CK@\376\300 "
 282      B529C268 
 282      B0E86070 
 282      99D10243 
 282      4B40FEC0 
 283 0a4c 46DD0024 		.ascii	"F\335\000$V\306\230b\327\020\224\"|UX\214\332`X\021"
 283      56C69862 
 283      D7109422 
 283      7C55588C 
 283      DA605811 
 284 0a60 1B1D6E30 		.ascii	"\033\035n0\350\244\233is\346\316\231\355,\375n\372\010"
 284      E8A49B69 
 284      73E6CE99 
 284      ED2CFD6E 
 284      FA08
 285 0a72 69F67F01 		.ascii	"i\366\177\001\310\325,\265"
 285      C8D52CB5 
 286              		.text
 287              		.section	.gnu.lto_.symtab.ce13bc32,"",%progbits
 288 0000 70616C52 		.ascii	"palReadBus\000\000\000\000\000\000\000\000\000\000\000"
 288      65616442 
 288      75730000 
 288      00000000 
 288      00000000 
 289 0015 00090100 		.ascii	"\000\011\001\000\000palWriteBus\000\000\000\000\000"
 289      0070616C 
 289      57726974 
 289      65427573 
 289      00000000 
 290 002a 00000000 		.ascii	"\000\000\000\000\000\000\000\016\001\000\000palSetB"
 290      0000000E 
 290      01000070 
 290      616C5365 
 290      7442
 291 003c 75734D6F 		.ascii	"usMode\000\000\000\000\000\000\000\000\000\000\000\000"
 291      64650000 
 291      00000000 
 291      00000000 
 291      0000
 292 004e 16010000 		.ascii	"\026\001\000\000_pal_lld_setgroupmode\000\000\002\000"
 292      5F70616C 
 292      5F6C6C64 
 292      5F736574 
 292      67726F75 
 293 006b 00000000 		.ascii	"\000\000\000\000\000\000\000\000\034\001\000\000"
 293      00000000 
 293      1C010000 
 294              		.text
 295              		.section	.gnu.lto_.opts,"",%progbits
 296 0000 272D666E 		.ascii	"'-fno-trapv' '-mcpu=cortex-m4' '-mno-thumb-interwor"
 296      6F2D7472 
 296      61707627 
 296      20272D6D 
ARM GAS  C:\Users\Simone\AppData\Local\Temp\ccQ5SIq1.s 			page 23


 296      6370753D 
 297 0033 6B272027 		.ascii	"k' '-mthumb' '-ggdb' '-O2' '-fomit-frame-pointer' '"
 297      2D6D7468 
 297      756D6227 
 297      20272D67 
 297      67646227 
 298 0066 2D66616C 		.ascii	"-falign-functions=16' '-ffunction-sections' '-fdata"
 298      69676E2D 
 298      66756E63 
 298      74696F6E 
 298      733D3136 
 299 0099 2D736563 		.ascii	"-sections' '-fno-common' '-flto'\000"
 299      74696F6E 
 299      73272027 
 299      2D666E6F 
 299      2D636F6D 
 300              		.text
 301              		.comm	__gnu_lto_v1,1,1
 302              		.comm	__gnu_lto_slim,1,1
 303              		.ident	"GCC: (GNU Tools for ARM Embedded Processors) 4.9.3 20150529 (release) [ARM/embedded-4_9-br
ARM GAS  C:\Users\Simone\AppData\Local\Temp\ccQ5SIq1.s 			page 24


DEFINED SYMBOLS
                            *ABS*:00000000 pal.c
                            *COM*:00000001 __gnu_lto_v1
                            *COM*:00000001 __gnu_lto_slim

NO UNDEFINED SYMBOLS
