ARM GAS  C:\Users\Simone\AppData\Local\Temp\ccT4L8QK.s 			page 1


   1              		.syntax unified
   2              		.cpu cortex-m4
   3              		.fpu softvfp
   4              		.eabi_attribute 20, 1
   5              		.eabi_attribute 21, 1
   6              		.eabi_attribute 23, 3
   7              		.eabi_attribute 24, 1
   8              		.eabi_attribute 25, 1
   9              		.eabi_attribute 26, 1
  10              		.eabi_attribute 30, 2
  11              		.eabi_attribute 34, 1
  12              		.eabi_attribute 18, 4
  13              		.thumb
  14              		.file	"pal_lld.c"
  15              		.text
  16              	.Ltext0:
  17              		.section	.gnu.lto_.profile.ce13ae72,"",%progbits
  18 0000 789C6366 		.ascii	"x\234cf```c\200\000F\206\225\214\313\031\001\004\230"
  18      60606063 
  18      80004686 
  18      958CCB19 
  18      010498
  19 0013 015D     		.ascii	"\001]"
  20              		.text
  21              		.section	.gnu.lto_.jmpfuncs.ce13ae72,"",%progbits
  22 0000 789C6366 		.ascii	"x\234cf\300\016\004\2404\023\003##c=#3\220d\257\257"
  22      C00E04A0 
  22      34130323 
  22      23633D23 
  22      339064AF 
  23 0015 AF670000 		.ascii	"\257g\000\000\014\320\002#"
  23      0CD00223 
  24              		.text
  25              		.section	.gnu.lto_.inline.ce13ae72,"",%progbits
  26 0000 789C6DCE 		.ascii	"x\234m\316\261\015\3020\024\004\320\273\357HNiQQ\232"
  26      B10DC230 
  26      1404D0BB 
  26      EF484E69 
  26      51519A
  27 0013 325B7814 		.ascii	"2[x\024f`\002K\264\214@\301\010\210\212\006\211\011"
  27      6660024B 
  27      B48C40C1 
  27      08888A06 
  27      8909
  28 0025 A2A44B01 		.ascii	"\242\244K\001=C \201\356\233\222_\274\273\352\353\002"
  28      3D432081 
  28      EE9B925F 
  28      BCBBEAEB 
  28      02
  29 0036 FEDFE597 		.ascii	"\376\337\345\227\006<\361\000#\210\220E\021[Q)O\356"
  29      063CF100 
  29      23889045 
  29      115B5129 
  29      4FEE
  30 0048 DD45DAF3 		.ascii	"\335E\332\363\372\211\030\226\263\031\370\212]S\364"
  30      FA891896 
  30      B319F88A 
ARM GAS  C:\Users\Simone\AppData\Local\Temp\ccT4L8QK.s 			page 2


  30      5D53F4
  31 0057 5E7B91BC 		.ascii	"^{\221\274&\221\275fQ\274\026Qi-\334\366\252\232\366"
  31      2691BD66 
  31      51BC1651 
  31      692DDCF6 
  31      AA9AF6
  32 006a 10236E46 		.ascii	"\020#nF\032\201\260\233\336\033\254\217s0\254\246\003"
  32      1A81B09B 
  32      DE1BAC8F 
  32      7330ACA6 
  32      03
  33 007b 3B5FFC05 		.ascii	";_\374\005\237\224 ]"
  33      9F94205D 
  34              		.text
  35              		.section	.gnu.lto_.pureconst.ce13ae72,"",%progbits
  36 0000 789C6366 		.ascii	"x\234cf```e\200\000&\006)F)\000\000\371\000@"
  36      60606065 
  36      80002606 
  36      29462900 
  36      00F90040 
  37              		.text
  38              		.section	.gnu.lto__pal_lld_init.ce13ae72,"",%progbits
  39 0000 789CA59A 		.ascii	"x\234\245\232kLUW\032\206\367Z\233\313\201\003\202w"
  39      6B4C5557 
  39      1A86F75A 
  39      9BCB8103 
  39      8277
  40 0012 C4BB88E0 		.ascii	"\304\273\210\340\005\216\227d23\351\217&3\311\\\322"
  40      058E9764 
  40      3233E98F 
  40      2633C95C 
  40      D2
  41 0023 C94CD2FE 		.ascii	"\311L\322\376\351\217I\323qfZ'f0c3\231?M\017G\252\326"
  41      E98F49D3 
  41      71665A27 
  41      66306333 
  41      993F4D0F 
  42 003a 7A416C11 		.ascii	"zAl\021\213T\251\265\340\015\005+\212\227\202 \240X"
  42      8B54A9B5 
  42      E00D052B 
  42      8A978220 
  42      A058
  43 004c 516A15C5 		.ascii	"Qj\025\305+^AEE@=\2120\353{\317Z\354\015\"\331\333m"
  43      2B5E4145 
  43      45403D8A 
  43      30EB7BCF 
  43      5AEC0D22 
  44 0063 F483C359 		.ascii	"\364\203\303Y\347]\317\376\326\267\037\303\001]{\371"
  44      E75DCFFE 
  44      D6B71FC3 
  44      015D7BF9 
  45 0073 4FACF8D7 		.ascii	"O\254\370\3276Y\323~/>2]c<\275V\323R]\2341\372Dc\332"
  45      3659D37E 
  45      2F3E325D 
  45      633CBD56 
  45      D3525D9C 
  46 008c 279C7DC2 		.ascii	"'\234}\302\232y+g\351e\333\262\334\011\233\275^\357"
ARM GAS  C:\Users\Simone\AppData\Local\Temp\ccT4L8QK.s 			page 3


  46      9A792B67 
  46      E965DBB2 
  46      DC099BBD 
  46      5EEF
  47 009e 43DFDE98 		.ascii	"C\337\336\230Oc\374\\\274\224\007bX\036K\020K\026o\277"
  47      4F63FC5C 
  47      BC940762 
  47      581E4B10 
  47      4B166FBF 
  48 00b2 541DA4BF 		.ascii	"T\035\244\277\3014\361yIA\373\011w\023\367s6\201\036"
  48      C134F179 
  48      4941FB09 
  48      7713F773 
  48      36811E
  49 00c5 EECF389A 		.ascii	"\356\3178\232\025B\017y\020=,\365o\255\013\212\337\344"
  49      15420F79 
  49      103D2CF5 
  49      6FAD0B8A 
  49      DFE4
  50 00d7 F5FACA4E 		.ascii	"\365\372\312N\024y\337\014\362s\235\3453]\344\261-,"
  50      1479DF0C 
  50      F2739DE5 
  50      335DE4B1 
  50      2D2C
  51 00e9 966D65B1 		.ascii	"\226me\261\232\370\222\306\266\261xZ\336\232\366\242"
  51      9AF892C6 
  51      B6B1785A 
  51      DE9AF6A2 
  52 00f9 DE1D9226 		.ascii	"\336\035\222&\366\216\016\354\311\266\263\020&>\356"
  52      F68E0EEC 
  52      C9B6B310 
  52      263EEE
  53 0108 1C52E6ED 		.ascii	"\034R\346\355\356\276^\260\374L\320_\271xI\220N%\230"
  53      EEBE5EB0 
  53      FC4CD05F 
  53      B9784990 
  53      4E2598
  54 011b 4A081517 		.ascii	"J\010\025\027\243\2100\3724\234\212\233J\004\225H*Q"
  54      A38830FA 
  54      349C8A9B 
  54      4A049548 
  54      2A51
  55 012d 54A2A90C 		.ascii	"T\242\251\014\2462\204\312P*\303\250\014\2472\202\312"
  55      A63284CA 
  55      502AC3A8 
  55      0CA73282 
  55      CA
  56 013e 482A3154 		.ascii	"H*1TFQ!\270\240\321T\306P\031Ke\034\225\361T&P\231H"
  56      465121B8 
  56      A0D154C6 
  56      50194B65 
  56      1C95F154 
  57 0156 65129538 		.ascii	"e\022\2258*\223\251\304S\231B%\201J\"\225\251T\246Q"
  57      2A93A9C4 
  57      53994225 
  57      814A2295 
  57      A954A651 
ARM GAS  C:\Users\Simone\AppData\Local\Temp\ccT4L8QK.s 			page 4


  58 016a 994E6506 		.ascii	"\231Ne\006\225$*\311T<TfR\231Ee6\2259T4\355\206h\003"
  58      95242AC9 
  58      543C5466 
  58      52994565 
  58      36953954 
  59 0183 9DD14DCE 		.ascii	"\235\321M\316\351\243\336\300\312\213\013\357\345\006"
  59      E9A3DEC0 
  59      CA8B0BEF 
  59      E506
  60 0191 53679E70 		.ascii	"Sg\236p:\260\247\007.\235\016\242\226\007{\037.\365"
  60      3AB0A707 
  60      2E9D0EA2 
  60      96077B1F 
  60      2EF5
  61 01a3 A2ED576E 		.ascii	"\242\355Wn\234\254s\341K\032=\\\334u\305\037\234\303"
  61      9CAC73E1 
  61      4B1A3D5C 
  61      DC75C51F 
  61      9CC3
  62 01b5 B2999F87 		.ascii	"\262\231\237\207\260\035\242\357\005\242\357\364\304"
  62      B01DA2EF 
  62      05A2EFF4 
  62      C4
  63 01c2 EA8C8E35 		.ascii	"\352\214\2165\341I\333\274i\251.?\017e;Y\016{\204\243"
  63      E149DBBC 
  63      69A92E3F 
  63      0F653B59 
  63      0E7B84A3 
  64 01d6 66BB5892 		.ascii	"f\273X\222\326\300\026\265\207\004\366\321\003[\035"
  64      D6C016B5 
  64      8704F6D1 
  64      035B1D
  65 01e5 5CB5AA32 		.ascii	"\\\265\2522\224rE\007X\241\010\0214\031\214\226\330"
  65      94724507 
  65      58A10811 
  65      34198C96 
  65      D8
  66 01f6 D8A5C8D8 		.ascii	"\330\245\310\330e7K\022\331\224R\\w\217\005\266\012"
  66      65374B12 
  66      D994525C 
  66      778F05B6 
  66      0A
  67 0207 B611F53D 		.ascii	"\266\021\365=\242h@\330\236\336\300\024\364\332\204"
  67      A26840D8 
  67      9EDEC014 
  67      F4DA84
  68 0216 C546EC5E 		.ascii	"\305F\354^\"\014\321\3162_Y]\265\3129_ud\253;\361;1"
  68      220CD1CE 
  68      325F595D 
  68      B5CA395F 
  68      7564AB3B 
  69 022d A657F3F3 		.ascii	"\246W\363\363n\274)^\343\222\367\031\333\307\022\315"
  69      6EBC295E 
  69      E392F719 
  69      DBC712CD 
  70 023d FDD711BF 		.ascii	"\375\327\021\277\347\351\206\226H\261o\252xAS\305 ?"
  70      E7E98696 
ARM GAS  C:\Users\Simone\AppData\Local\Temp\ccT4L8QK.s 			page 5


  70      48B16FAA 
  70      784153C5 
  70      203F
  71 024f 0F7BC25D 		.ascii	"\017{\302]\254Dn~\277|\345\263(\261y\264\237\207\263"
  71      AC446E7E 
  71      BF7CE5B3 
  71      28B179B4 
  71      9F87B3
  72 0262 FDD89ABA 		.ascii	"\375\330\232\272#\236\331z\250\345b\324\307\317\275"
  72      239ED97A 
  72      A8E562D4 
  72      C7CFBD
  73 0271 E9DE325D 		.ascii	"\351\3362]\354\301\016\260$\"\320\330A\366\261@\342"
  73      ECC10EB0 
  73      2422D0D8 
  73      41F6B140 
  73      E2
  74 0282 12A7E158 		.ascii	"\022\247\341X\371\033\372op7\036?\377`\203\036\227+"
  74      F91BFA6F 
  74      70371E3F 
  74      FF60831E 
  74      972B
  75 0294 EEB7ABFB 		.ascii	"\356\267\253\373*\376Q\226\266\321\333\325\335-.\327"
  75      2AFE5196 
  75      B6D1DBD5 
  75      DD2D2ED7 
  76 02a4 CD0EF5BE 		.ascii	"\315\016\365\276\353$\356\017,N\274\252\250q\323ZL\220"
  76      EB24EE0F 
  76      2C4EBCAA 
  76      A871D35A 
  76      4C90
  77 02b6 DBEBA509 		.ascii	"\333\353\245\011b\245bE\357Kn.\256\356d\375\004\273"
  77      62A56245 
  77      EF4B6E2E 
  77      AEEE64FD 
  77      04BB
  78 02c8 FADECE32 		.ascii	"\372\336\3162\270\214\305Q/D\373}\305\255\245\277\356"
  78      B88CC551 
  78      2F44FB7D 
  78      C5ADA5BF 
  78      EE
  79 02d9 756F2396 		.ascii	"uo#\226\026\210\335q\207\267q\326\367\356g\207\305u"
  79      1688DD71 
  79      87B771D6 
  79      F7EE6787 
  79      C575
  80 02eb 6AAC9CCE 		.ascii	"j\254\234\3162\312\334QW\337\216\212\356GP;+\372\264"
  80      32CADC51 
  80      57DF8E8A 
  80      EE47503B 
  80      2BFAB4
  81 02fe 33DD7BB5 		.ascii	"3\335{\265\373#?\217dG\320R=\020\311*1'\345\031\271"
  81      FB233F8F 
  81      6447D052 
  81      3D10C92A 
  81      3127E519 
  82 0313 C329DC9C 		.ascii	"\303)\334\234\354\306\313\2736\244\255tSr:%\017\242"
ARM GAS  C:\Users\Simone\AppData\Local\Temp\ccT4L8QK.s 			page 6


  82      ECC6CBBB 
  82      36A4AD74 
  82      53723A25 
  82      0FA2
  83 0325 56B02A19 		.ascii	"V\260*\031]Z\363mc\030\306\244,\206\346\244\032\311"
  83      5D5AF36D 
  83      6318C6A4 
  83      2C86E6A4 
  83      1AC9
  84 0337 4132F928 		.ascii	"A2\371(\215J\024\256\270\360Hnh\200=\332\032l4\201\036"
  84      8D4A14AE 
  84      B8F0486E 
  84      68803DDA 
  84      1A6C3481 
  85 034c 435CB08C 		.ascii	"C\\\260\214\253\351\013j\207\3548\242Bd\324\217D\026"
  85      ABE90B6A 
  85      87EC38A2 
  85      4264D48F 
  85      4416
  86 035e 1D388B1E 		.ascii	"\0358\213\036\262\3016\310N .T\306\325:!;\211(\227\214"
  86      B2C136C8 
  86      4E202E54 
  86      C6D53A21 
  86      3B892897 
  87 0373 3A456483 		.ascii	":Ed\203\003=\253TdCl\220\325!.L\306\375\344\204\354"
  87      033DAB54 
  87      64436C90 
  87      D5212E4C 
  87      C6FDE484 
  88 0388 34A2C265 		.ascii	"4\242\302e\324\317D6$\320\263\036\262\2416\310\316 "
  88      D4CF4436 
  88      24D0B31E 
  88      B2A136C8 
  88      CE20
  89 039a CE2DE3CE 		.ascii	"\316-\343\316:!\253GT\204\214:GdC\003=\253Rd\303l\220"
  89      3A21AB47 
  89      54848C3A 
  89      47644303 
  89      3DAB5264 
  90 03b1 9D475CA4 		.ascii	"\235G\\\244\214kpBv\001Q\203d\324E\"\033\026\350Y\017"
  90      8C6B7042 
  90      76015183 
  90      64D44522 
  90      1B16E859 
  91 03c6 D9701B64 		.ascii	"\331p\033d\227\020\027%\343.;!\273\202()\022v\225\310"
  91      97101725 
  91      E32E3B21 
  91      BB822829 
  91      127695C8 
  92 03da 86C369F5 		.ascii	"\206\303i\365V4\336\010\215\233\275}w`o_\303v\203\373"
  92      5634DE08 
  92      8D9BBD7D 
  92      77606F5F 
  92      C37683FB 
  93 03ee F7F675E5 		.ascii	"\367\366u\345\355\033\275\274mW\3267!k_\311\332\032"
  93      ED1BBDBC 
  93      6D57D637 
ARM GAS  C:\Users\Simone\AppData\Local\Temp\ccT4L8QK.s 			page 7


  93      216B5FC9 
  93      DA1A
  94 0400 7740D64B 		.ascii	"w@\326K!\353[R\326\365\257-\353\333\302\305\215\257"
  94      21EB5B52 
  94      D6F5AF2D 
  94      EBDBC2C5 
  94      8DAF
  95 0412 9235C5D2 		.ascii	"\2225\305\322\202\233\003\310\272\011\262n\246\343\016"
  95      829B03C8 
  95      BA09B26E 
  95      A6E30E
  96 0421 13CFED7B 		.ascii	"\023\317\355{\324\262!\034\262\036\003Y\337o\316t\367"
  96      D4B2211C 
  96      B21E0359 
  96      DF6FCE74 
  96      F7
  97 0432 3EFD3BB2 		.ascii	">\375;\262\207wv\024\324\352fY\337U\262\246Hv\317\230"
  97      87777614 
  97      D4EA6659 
  97      DF55B2A6 
  97      4876CF98 
  98 0446 80665CD9 		.ascii	"\200f\\\331\265\303\371\307#L\023p\3134\001\005\007"
  98      B5C3F9C7 
  98      234C1370 
  98      CB340105 
  98      07
  99 0457 4B73224D 		.ascii	"Ks\"M\023\320\242\354\214\250\3734\001a\206\235\001"
  99      13D0A2EC 
  99      8CA8FB34 
  99      0161869D 
  99      01
 100 0468 3BC21A1D 		.ascii	";\302\032\035f\363\201\2623\342\036:!kUvF\324#\"\033"
 100      66F381B2 
 100      33E21E3A 
 100      216B5576 
 100      46D42322 
 101 047d 61D81964 		.ascii	"a\330\031d#m\220\265);#\256\335\011Y\207\2623\242\036"
 101      236D90B5 
 101      293B23AE 
 101      DD095987 
 101      B233A21E 
 102 0491 13D948C3 		.ascii	"\023\331H\303\316 \213\261A\366D\331\031qO\235\220\371"
 102      CE208BB1 
 102      41F644D9 
 102      19714F9D 
 102      90F9
 103 04a3 959D11F5 		.ascii	"\225\235\021\365\214\310b\014;\203l\224\015\262\347"
 103      8CC8620C 
 103      3B836C94 
 103      0DB2E7
 104 04b2 CACE88EB 		.ascii	"\312\316\210\353tB\366B\331\031Q]D6\312\2603\310bm\220"
 104      7442F642 
 104      D919515D 
 104      4436CAB0 
 104      33C8626D 
 105 04c7 752B3B23 		.ascii	"u+;#\316\313\035\220\245rigD\371\270 \2135\354\014\262"
 105      CECB1D90 
ARM GAS  C:\Users\Simone\AppData\Local\Temp\ccT4L8QK.s 			page 8


 105      A5726967 
 105      44F9B820 
 105      8B35EC0C 
 106 04dc D136C816 		.ascii	"\3216\310\026qig\304\2459!\373\224K;#j1\221\215\206"
 106      716967C4 
 106      A53921FB 
 106      944B3B23 
 106      6A31918D 
 107 04f1 C42E59B1 		.ascii	"\304.Y\261\363\022\336\327\316\367\007\266\363Rl7\244"
 107      F312DED7 
 107      CEF707B6 
 107      F3526C37 
 107      A4
 108 0502 7F3B7FC6 		.ascii	"\177;\177\306\245\235\227q'v\376\234\223\235\017\335"
 108      A59D9771 
 108      2776FE9C 
 108      939D0FDD 
 109 0512 CA5B21ED 		.ascii	"\312[!\355\234\016;/\347\261}.\314\256\235W\3608\272"
 109      9C0E3B2F 
 109      E7B17D2E 
 109      CCAE9D57 
 109      F038BA
 110 0525 E2FEED4C 		.ascii	"\342\376\355L\261\264@\354\376J;\257\344d\347U\364="
 110      B1B440EC 
 110      FE4A3BAF 
 110      E464E755 
 110      F43D
 111 0537 51B878AE 		.ascii	"Q\270x\256e\325\201\273\370\026\335\365KZ\372\270r\365"
 111      65D581BB 
 111      F816DDF5 
 111      4B5AFAB8 
 111      72F5
 112 0549 853EA79F 		.ascii	"\205>\247\237\316\003=\\\354\253\3601\263\235Wsig\212"
 112      CE033D5C 
 112      ECABF031 
 112      B39D5773 
 112      69678A
 113 055c 6419C604 		.ascii	"d\031\306\004\210p\261~\357\246&\372\177\260g\002\304"
 113      8870B17E 
 113      EFA626FA 
 113      7FB06702 
 113      C4
 114 056d B5F74CC0 		.ascii	"\265\367L\300\372\0257\367r\323\004\254\341\322\316"
 114      FA1537F7 
 114      72D304AC 
 114      E1D2CE
 115 057c 88FA8226 		.ascii	"\210\372\202& \334\2603`\307X\243\303l~\311\245\235"
 115      20DCB033 
 115      60C758A3 
 115      C36C7EC9 
 115      A59D
 116 058e 1197E984 		.ascii	"\021\227\351\204l-\227vFT\026\221\2151\354\014\262\261"
 116      6C2D9776 
 116      46541691 
 116      8D31EC0C 
 116      B2B1
 117 05a0 36C8D671 		.ascii	"6\310\326qig\304}\345\204,\233K;#j=\221\2155\354\014"
ARM GAS  C:\Users\Simone\AppData\Local\Temp\ccT4L8QK.s 			page 9


 117      6967C47D 
 117      E5842C9B 
 117      4B3B236A 
 117      3D918D35 
 118 05b6 B27136C8 		.ascii	"\262q6\310r\270\2643\342\276vB\266\201K;#j#\221\215"
 118      72B8B433 
 118      E2BE7642 
 118      B6814B3B 
 118      236A2391 
 119 05cb 33EC0CB2 		.ascii	"3\354\014\262\3616\310r\271\2643\342\276qB\266\211K"
 119      F136C872 
 119      B9B433E2 
 119      BE7142B6 
 119      894B
 120 05dd 3B23EA5B 		.ascii	";#\352[\"\033o\330\031d\023l\220m\346\322\316\210\373"
 120      221B6FD8 
 120      1964136C 
 120      906DE6D2 
 120      CE88FB
 121 05f0 CE09599E 		.ascii	"\316\011Y\236\2623\242\362\211l\202ag\220M\264A\266"
 121      B233A2F2 
 121      896C8261 
 121      67904DB4 
 121      41B6
 122 0602 45D91971 		.ascii	"E\331\031q[\235\220mSvF\324v\"\233\010\211\265Y\261"
 122      5B9D906D 
 122      537646D4 
 122      76229B08 
 122      89B559B1 
 123 0616 F38E97EC 		.ascii	"\363\216\227\354\354\037\330\316\005\330nh\377v\336"
 123      EC1FD8CE 
 123      05D86E68 
 123      FF76DE
 124 0625 A9ECBCCB 		.ascii	"\251\354\274\313\221\235\013a\347\324m\335\031z\300"
 124      919D0B61 
 124      E7D46DDD 
 124      197AC0
 125 0634 CE59B073 		.ascii	"\316Y\260s\221\264s\333k\333y\267\220\357\216W\331\231"
 125      91B473DB 
 125      6BDB79B7 
 125      90EF8E57 
 125      D999
 126 0646 626941E1 		.ascii	"biA\341\000v\376\036v\336C\307\355\246\353\337\355{"
 126      0076FE1E 
 126      76DE43C7 
 126      EDA6EBDF 
 126      ED7B
 127 0658 8EB7D85C 		.ascii	"\216\267\330\\\357\320\322]\3132\376\325\373\360\213"
 127      EFD0D25D 
 127      CB32FED5 
 127      FBF08B
 128 0667 E5E167A6 		.ascii	"\345\341g\246n<\024i\226\363^%gJd\373\214\001\330\203"
 128      6E3C1469 
 128      96F35E25 
 128      674A64FB 
 128      8C01D883 
 129 067b 01B85D7B 		.ascii	"\001\270]{\347\177\246\363/2\235\177v{\255/\330t\376"
ARM GAS  C:\Users\Simone\AppData\Local\Temp\ccT4L8QK.s 			page 10


 129      E77FA6F3 
 129      2F329D7F 
 129      767BAD2F 
 129      D874FE
 130 068e 25CACD48 		.ascii	"%\312\315H\332O\347\3576\334\014\324I\226\3300\230\007"
 130      DA4FE7EF 
 130      36DC0CD4 
 130      4996D830 
 130      9807
 131 06a0 949A9176 		.ascii	"\224\232\221v\320\001\327!ef$\375@\\\223\0143\203+\316"
 131      D001D721 
 131      656624FD 
 131      405C930C 
 131      33832BCE 
 132 06b4 3A57A912 		.ascii	":W\251\0223\322\312\034p\035V^FR9q\305\031^\006\327"
 132      33D2CA1C 
 132      701D565E 
 132      46523971 
 132      C5195E06 
 133 06c9 64EB5C15 		.ascii	"d\353\\\025J\313H;\342\200\253RY\031IU\3045\331\260"
 133      4ACB483B 
 133      E280AB52 
 133      59194955 
 133      C435D9B0 
 134 06dd 32B8E2AD 		.ascii	"2\270\342\255sU+)#\355\250\003\256c\312\311H\252!\256"
 134      73552B29 
 134      23EDA803 
 134      AE63CAC9 
 134      48AA21AE 
 135 06f1 78C3C9E0 		.ascii	"x\303\311\340\232b\235\353\270R2\322~t\300uB\031\031"
 135      9A629DEB 
 135      B85232D2 
 135      7E74C075 
 135      421919
 136 0704 49B5C435 		.ascii	"I\265\3045\30502\270\022\254s\235TBF\332)\007\\u\312"
 136      C53032B8 
 136      12AC739D 
 136      544246DA 
 136      29075C75 
 137 0719 C748FA89 		.ascii	"\307H\372\211\270\022\240-\277\025\037\237~\311\307"
 137      B812A02D 
 137      BF151F9F 
 137      7EC9C7
 138 0728 9D03FBF8 		.ascii	"\235\003\373\370gl7\254\177\037\237Q>>\353\310\307\365"
 138      676C37AC 
 138      7F1F9F51 
 138      3E3EEBC8 
 138      C7F5
 139 073a B8536B8E 		.ascii	"\270Sk\216n.\011\013\370x#||N\372\330\377\332>>/t{\372"
 139      6E2E090B 
 139      F878237C 
 139      7C4EFAD8 
 139      FFDA3E3E 
 140 0752 553EA658 		.ascii	"U>\246XZP?\200\217\033\340\343\013t\330\021\364\276"
 140      5A503F80 
 140      8F1BE0E3 
 140      0B74D811 
ARM GAS  C:\Users\Simone\AppData\Local\Temp\ccT4L8QK.s 			page 11


 140      F4BE
 141 0764 5243E74A 		.ascii	"RC\347J\016\037/\240\245\247\274[:\365\336\207\177Q"
 141      0E1F2FA0 
 141      A5A7BC5B 
 141      3AF5DE87 
 141      7F51
 142 0776 1E7E567E 		.ascii	"\036~V~S^\260Y\310\227\224\220)\222]6\006\340\002\006"
 142      535EB059 
 142      C8979490 
 142      29925D36 
 142      06E00206 
 143 078a A0E3D996 		.ascii	"\240\343\331\226\263\341\246\0118g\232\200%/\212\337"
 143      B3E1A609 
 143      38679A80 
 143      252F8ADF 
 144 079a 33BF99A5 		.ascii	"3\277\231\245\204\214\244\2534\000\021\206\220\301\232"
 144      848CA4AB 
 144      34001186 
 144      90C19A
 145 07a9 680D0E93 		.ascii	"h\015\016\223\331\250\214\214\270k\016\300\256+##\351"
 145      D9A88C8C 
 145      B86B0EC0 
 145      AE2B2323 
 145      E9
 146 07ba 0681251A 		.ascii	"\006\201%\032F\006\330T\033`7\225\222\021w\313\001\330"
 146      4606D854 
 146      1B603795 
 146      921177CB 
 146      01D8
 147 07cc 6DA56424 		.ascii	"m\245d$"
 148 07d0 3511D854 		.ascii	"5\021\330TC\311\000\233f\003\254Y9\031qw\034\200\335"
 148      43C9009B 
 148      6603AC59 
 148      39197177 
 148      1C80DD
 149 07e3 554E46D2 		.ascii	"UNF\322=\002\233f8\031`\323m\200\265()#\356\276\003"
 149      3D029B66 
 149      381960D3 
 149      6D80B528 
 149      2923EEBE 
 150 07f8 B0074ACA 		.ascii	"\260\007J\312HzH`\323\015)\003l\206\015\260Vee\304="
 150      487A4860 
 150      D30D2903 
 150      6C860DB0 
 150      566565C4 
 151 080d 7200D6A6 		.ascii	"r\000\326\246\254\214\244v\002\233aX\031`I6\300:\224"
 151      AC8CA476 
 151      029B6158 
 151      19604936 
 151      C03A94
 152 0820 9611F7D8 		.ascii	"\226\021\367\330\001\330\023\245e$=%\260$\330+\273\306"
 152      01D813A5 
 152      65243D25 
 152      B024D82B 
 152      BBC6
 153 0832 8296FD2F 		.ascii	"\202\226\375/iyE\345\200Z~\206\355\206\367\257\345\347"
 153      697945E5 
ARM GAS  C:\Users\Simone\AppData\Local\Temp\ccT4L8QK.s 			page 12


 153      805A7E86 
 153      ED86F7AF 
 153      E5E7
 154 0844 4ACB9D8E 		.ascii	"J\313\235\216\264\374\002Z\276\374\270\243:\360#1\357"
 154      B4FC025A 
 154      BEFCB8A3 
 154      3AF02331 
 154      EF
 155 0855 3E68B94B 		.ascii	">h\271Kj\331\2700\273Z\356\026\326\365\277J\313\024"
 155      6AD9B830 
 155      BB5AEE16 
 155      D6F5BF4A 
 155      CB14
 156 0867 4B0B5E0C 		.ascii	"K\013^\014\240e\257NZN\325\305iG\212\347\016\336i\257"
 156      A065AF4E 
 156      5A4ED5C5 
 156      69478AE7 
 156      0EDE69AF 
 157 087b 0A687939 		.ascii	"\012hy9\326n_\267\374\335\336\207\357\323\003=\314\331"
 157      D66E5FB7 
 157      FCDDDE87 
 157      EFD3033D 
 157      CCD9
 158 088d 519BD9EB 		.ascii	"Q\233\331\353\347\201\213t\251e\212diz\317\000\210p"
 158      E7818B74 
 158      A9658A64 
 158      697ACF00 
 158      8870
 159 089f B1FEC4BD 		.ascii	"\261\376\304\275\3743\301\246\001\3502\015@Uc\366\262"
 159      FC33C1A6 
 159      01E8320D 
 159      405563F6 
 159      B2
 160 08b0 50F3DB58 		.ascii	"P\363\333X\272\3642\242\026\353b\002\"\015/\0036\331"
 160      BAF432A2 
 160      16EB6202 
 160      220D2F03 
 160      36D9
 161 08c2 121C2673 		.ascii	"\022\034&s\211.\265\214\264\245N\300>\323\245\227\021"
 161      892EB58C 
 161      B4A54EC0 
 161      3ED3A597 
 161      11
 162 08d3 B58CC092 		.ascii	"\265\214\300\222\015/\003\314c\035\354s]j\031i\313\235"
 162      0D2F03CC 
 162      631DEC73 
 162      5D6A1969 
 162      CB9D
 163 08e5 80ADD0A5 		.ascii	"\200\255\320\245\227\021\265\222\300<\206\227\0016\323"
 163      9711B592 
 163      C03C8697 
 163      0136D3
 164 08f4 3AD82A5D 		.ascii	":\330*]j\031i\351N\300V\353\322\313\210\312 \260\231"
 164      6A1969E9 
 164      4EC056EB 
 164      D2CB88CA 
 164      20B099
ARM GAS  C:\Users\Simone\AppData\Local\Temp\ccT4L8QK.s 			page 13


 165 0907 86970136 		.ascii	"\206\227\0016\313:\330\032]j\031i_8\001\373R\227^FT"
 165      CB3AD81A 
 165      5D6A1969 
 165      5F3801FB 
 165      52975E46 
 166 091c 2681CD32 		.ascii	"&\201\3152\274\014\260\331\326\301\326\352R\313H\313"
 166      BC0CB0D9 
 166      D6C1D6EA 
 166      52CB48CB 
 167 092c 7202B64E 		.ascii	"r\002\266N\227^F\324W\0046\333\3602\300\346X\007\313"
 167      975E46D4 
 167      570436DB 
 167      F032C0E6 
 167      5807CB
 168 093f D6A59691 		.ascii	"\326\245\226\221\266\336\011X\216.\275\214\250\257\011"
 168      B6DE0958 
 168      8E2EBD8C 
 168      A8AF09
 169 094e 6C8E7699 		.ascii	"l\216v\231\245\226\325\375\021\216\324\350\267j\030"
 169      A596D5FD 
 169      118ED4E8 
 169      B76A18
 170 095d FD360DD7 		.ascii	"\3756\015\327\264_%'{\304\337\271\037\316\373\333\274"
 170      B45F2527 
 170      7BC4DFB9 
 170      1FCEFBDB 
 170      BC
 171 096e 9485B37E 		.ascii	"\224\205\263~1\313\223\262\320\363\341\373\363=\013"
 171      31CB93B2 
 171      D0F3E1FB 
 171      F33D0B
 172 097d 52FEF3D1 		.ascii	"R\376\363\321B\317\333\357\374i\316l\317[o\375\326\363"
 172      42CFDBEF 
 172      FC69CE6C 
 172      CF5B6FFD 
 172      D6F3
 173 098f BBBFFCE1 		.ascii	"\273\277\374\341\317\377\235\355Y\360\376\374\367\346"
 173      CFFF9DED 
 173      59F0FEFC 
 173      F7E6
 174 099d CFFF7BF2 		.ascii	"\317\377{\362\\-dn\312\277\3779\357\203\340\017\026"
 174      5C2D646E 
 174      CABFFF39 
 174      EF83E00F 
 174      16
 175 09ae CC4B59F0 		.ascii	"\314KY\360\177\354l\333\372"
 175      7FEC6CDB 
 175      FA
 176              		.text
 177              		.section	.gnu.lto__pal_lld_setgroupmode.ce13ae72,"",%progbits
 178 0000 789C9D57 		.ascii	"x\234\235W\013P\225\327\021\376\367\374\367\305}\200"
 178      0B5095D7 
 178      11FEF7FC 
 178      F7C57D80 
 179 0010 8F541135 		.ascii	"\217T\0215>\220\220&\301+j\030\037QkL\324F\035@\350"
 179      3E909026 
 179      C12B6A18 
ARM GAS  C:\Users\Simone\AppData\Local\Temp\ccT4L8QK.s 			page 14


 179      1F516B4C 
 179      D4461D40 
 180 0025 B49DE94C 		.ascii	"\264\235\351L\325hG'00@;\351t\246\275\362\212il\207"
 180      D5684727 
 180      3030403B 
 180      E974A6BD 
 180      F28A696C 
 181 003a D2699318 		.ascii	"\322i\223\030\234\230\030\305\210\210\021\037\271\304"
 181      9C9818C5 
 181      8888111F 
 181      B9C4
 182 0048 28A14490 		.ascii	"(\241D\220\240\206`\360E\010\211\200\030\011\021A.8"
 182      A08660F0 
 182      45088980 
 182      18091141 
 182      2E38
 183 005a 08DDDDF3 		.ascii	"\010\335\335\363\337\027\202\303\300p\367\236\263\377"
 183      DF1782C3 
 183      C070F79E 
 183      B3FF
 184 0068 EE77F6DB 		.ascii	"\356w\366\333\335s\376sU\345\341\277b\374$\216S\024"
 184      DD73FE73 
 184      55E5E1BF 
 184      62FC248E 
 184      5314
 185 007a 077E4390 		.ascii	"\007~C\220\002\"\347\202\242l7\011P\345@\025\272\035"
 185      0222E782 
 185      A26C3709 
 185      50E54015 
 185      BA1D
 186 008c E18AC36C 		.ascii	"\341\212\303l%i\325\011\375\235\237\341,`\317\002\234"
 186      2569D509 
 186      FD9D9FE1 
 186      2C60CF02 
 186      9C
 187 009d E985819F 		.ascii	"\351\205\201\237\031\371\231\001L\322\305\350\036\230"
 187      19F99901 
 187      4CD2C5E8 
 187      1E98
 188 00ab C02A0701 		.ascii	"\300*\007\001\302\314\206\02664\273\325\026\367\300"
 188      C2CC8616 
 188      3634BBD5 
 188      16F7C0
 189 00ba 2A02338D 		.ascii	"*\0023\215\370\334\266\263\002#\261\332\344\342\237"
 189      F8DCB6B3 
 189      0223B1DA 
 189      E4E29F
 190 00c9 99020168 		.ascii	"\231\002\001h\240\200\3627\241\352\364\006\243)\300"
 190      A080F237 
 190      A1EAF406 
 190      A329C0
 191 00d8 6CB1DA02 		.ascii	"l\261\332\002\001\2472\374[\242C@Ni\301[\226\360}\016"
 191      01A732FC 
 191      5BA24340 
 191      4E69C15B 
 191      96F07D0E 
 192 00ec 87E3CEDD 		.ascii	"\207\343\316\335\313\301Y\301\275BQ:\2054\200|\010G"
ARM GAS  C:\Users\Simone\AppData\Local\Temp\ccT4L8QK.s 			page 15


 192      CBC159C1 
 192      BD42513A 
 192      8534807C 
 192      0847
 193 00fe 936F5C27 		.ascii	"\223o\\'w\332\324\347@\301\261\363p\327yK\253\350\025"
 193      77DAD4E7 
 193      40C1B1F3 
 193      70D7794B 
 193      ABE815
 194 0111 309DA625 		.ascii	"0\235\246%\271\225o\031h*t4\255+\272vU\204\355u8\322"
 194      B9956F19 
 194      682A7434 
 194      AD2BBA76 
 194      5584ED75 
 195 0127 4B2F1E75 		.ascii	"K/\036u\374B\327+T8\000*\342\301\207\020\002\007!DA"
 195      FC42D72B 
 195      5438002A 
 195      E2C18710 
 195      02072144 
 196 013c 95020510 		.ascii	"\225\002\005\020\206\326\357\3277\273Tu9\343\036,s\376"
 196      86D6EFD7 
 196      37BB5475 
 196      39E31E2C 
 196      73FE
 197 014e 9C1D1B2B 		.ascii	"\234\035\033+\367\325Y\035\253{\205\016\016\015\366"
 197      F7D5591D 
 197      AB7B850E 
 197      0E0DF6
 198 015d D42950C8 		.ascii	"\324)P\310\2367{o\345\333\324\225\354\371\340\340\277"
 198      9E377B6F 
 198      E5DBD495 
 198      ECF9E0E0 
 198      BF
 199 016e F2CCD2F5 		.ascii	"\362\314\322\365\334\276Zv\325\303\341\301\256z\005"
 199      DCBE5A76 
 199      D5C3E1C1 
 199      AE7A05
 200 017d 8A208CEC 		.ascii	"\212 \214\354\373\252v9\255\352\032\366\315>r\277^\037"
 200      FBAA7639 
 200      ADEA1AF6 
 200      CD3E72BF 
 200      5E1F
 201 018f FA1EF97E 		.ascii	"\372\036\371~\221UauT:2\033\007\006\246\365\012\003"
 201      91556175 
 201      543A321B 
 201      0706A6F5 
 201      0A03
 202 01a1 1CF14790 		.ascii	"\034\361G\220\177\350\362nN\336=\275\032\313\356\267"
 202      7FE8F26E 
 202      4EDE3DBD 
 202      1ACBEEB7 
 203 01b1 EF1DF88F 		.ascii	"\357\035\370\217\205\335\367T\3573\3708\037\035\306"
 203      85DDF754 
 203      EF33F838 
 203      1F1DC6
 204 01c0 796FD797 		.ascii	"yo\327\227\035&\3657\354\\\236\377\323\356 \351|\336"
 204      1D26F537 
ARM GAS  C:\Users\Simone\AppData\Local\Temp\ccT4L8QK.s 			page 16


 204      EC5C9EFF 
 204      D3EE20E9 
 204      7CDE
 205 01d2 CFF9D830 		.ascii	"\317\371\3300\316\357\0279\177\255n`\337\232c\335\015"
 205      CEEF1739 
 205      7FAD6E60 
 205      DF9A63DD 
 205      0D
 206 01e3 81D2F782 		.ascii	"\201\322\367\202\237\357\211a|k\332n\026\005\250\177"
 206      9FEF8961 
 206      7C6BDA6E 
 206      1605A87F 
 207 01f3 6067C7B1 		.ascii	"`g\307\261\334\376\000\351|\321\317\371\343a\234\317"
 207      DCFE00E9 
 207      7CD1CFF9 
 207      E3619CCF 
 208 0203 E5D59E36 		.ascii	"\345\325\2366\253\257\260\363\255c\351N\215\362\025"
 208      ABAFB0F3 
 208      AD63E94E 
 208      8DF215
 209 0212 3FE79261 		.ascii	"?\347\222a\234;2\037\\\266\0302\261\277\306\300G\020"
 209      9C3B321F 
 209      5CB61832 
 209      B1BFC6C0 
 209      4710
 210 0224 0AC5F839 		.ascii	"\012\305\3709\216\237\223\370q\342\347\023\010\225\375"
 210      8E9F93F8 
 210      71E2E713 
 210      0895FD
 211 0233 06A7C000 		.ascii	"\006\247\300\000\212b\036\316\012\261\\\037\036z]\250"
 211      8A621ECE 
 211      0AB15C1F 
 211      1E7A5DA8 
 212 0243 499245F1 		.ascii	"I\222E\361k\351\222E\343\365\254*\277\322}:T(p\232!"
 212      6BE99245 
 212      E3F5AC2A 
 212      BFD27D3A 
 212      5428709A 
 213 0258 4EB71754 		.ascii	"N\267\027T\006\252\2572Dkk\311\034F(-\301f\315\334\343"
 213      06AAAF32 
 213      446B6BC9 
 213      1C46282D 
 213      C166CDDC 
 214 026d E81F1800 		.ascii	"\350\037\030\000\00283$@)\003\374\303Q\360oP\377\302"
 214      02383324 
 214      402903FC 
 214      C351F06F 
 214      50FFC2
 215 0280 00FB3A76 		.ascii	"\000\373:v\177j\223\010\247\375\021>\033\022\241\214"
 215      7F6A9308 
 215      A7FD113E 
 215      1B12A18C 
 216 0290 119AF6B7 		.ascii	"\021\232\366\267g\201\372WF\370\373\301\254\\\220\010"
 216      6781FA57 
 216      46F8FBC1 
 216      AC5C9008 
 217 02a0 55FE08FF 		.ascii	"U\376\010\377\033\022\241\034B\213\306\225:\006\006"
ARM GAS  C:\Users\Simone\AppData\Local\Temp\ccT4L8QK.s 			page 17


 217      1B12A11C 
 217      428BC695 
 217      3A0606
 218 02af 3A9B8EBE 		.ascii	":\233\216\276\021Z\"~\005\274%\320\020\263\206\033\013"
 218      115A227E 
 218      05BC25D0 
 218      10B3861B 
 218      0B
 219 02c0 F3869B04 		.ascii	"\363\206\233\0043\207\375\216\2713(\22493P\357[\330"
 219      3387FD8E 
 219      B9332894 
 219      393350EF 
 219      5BD8
 220 02d2 C68A7BC1 		.ascii	"\306\212{\301hc\303@\032\006\261\365\030\032\216e\227"
 220      6863C340 
 220      1A06B1F5 
 220      181A8E65 
 220      97
 221 02e3 71341CAF 		.ascii	"q4\034\257P\326\037\003\302\236@\212\211$\202ILBa\012"
 221      50D61F03 
 221      C29E408A 
 221      89248249 
 221      4C42610A 
 222 02f7 E1744EA6 		.ascii	"\341tN\246\341\024\022S9;\217\323\363i4\237Nb\006\023"
 222      E1141253 
 222      393B8FD3 
 222      F369349F 
 222      4E620613 
 223 030b 9E49C350 		.ascii	"\236I\303P\216|\026\320\306\017#\253'H\204\223x\222"
 223      8E7C16D0 
 223      C60F23AB 
 223      27488493 
 223      7892
 224 031d C453249E 		.ascii	"\304S$\236&\361\014\211\010\022v\022sHD\222\230Gb>\211"
 224      26F10C89 
 224      08127612 
 224      73484492 
 224      9847623E 
 225 0332 67494491 		.ascii	"gID\221X@b!\211E$\026\223XBb)\211e$\226\223x\236\304"
 225      58406221 
 225      89452416 
 225      93584262 
 225      29896524 
 226 034b 0A122F92 		.ascii	"\012\022/\222XIb\025\211\325$^\"\261\206\304Z\022\353"
 226      58496215 
 226      89D5245E 
 226      22B186C4 
 226      5A12EB
 227 035e 4844735A 		.ascii	"HDsZc8O\261\234\242\365\234\2358Nb<\247UQ\232\260o\361"
 227      63384FB1 
 227      9CA2F59C 
 227      9D384E62 
 227      3CA75551 
 228 0376 EC6D1602 		.ascii	"\354m\026\002\277\324k\220\321\223\335ph\0015\262KX"
 228      BFD46B90 
 228      D193DD70 
 228      680135B2 
ARM GAS  C:\Users\Simone\AppData\Local\Temp\ccT4L8QK.s 			page 18


 228      4B58
 229 0388 5CC28C05 		.ascii	"\\\302\214\005\376\347\341\017:\203\350\2004bu>\307"
 229      FEE7E10F 
 229      3A83E880 
 229      3462753E 
 229      C7
 230 0399 42D681E0 		.ascii	"B\326\201\340NG\0304R\330\251\345\320\253\322\311*\235"
 230      4E471834 
 230      52D8A9E5 
 230      D0ABD2C9 
 230      2A9D
 231 03ab 3CA7AA11 		.ascii	"<\247\252\021\213y\026\235\320\252!\273\011\244\221"
 231      8B79169D 
 231      D0AA21BB 
 231      09A491
 232 03ba 0DEDD068 		.ascii	"\015\355\320h\327\345\346.\225\214LX\375\012\037\344"
 232      D7E5E62E 
 232      958C4C58 
 232      FD0A1FE4 
 233 03ca 6242B649 		.ascii	"bB\266I\344v7r\240D~\333U}V\206\023\254@\345`\344 \264"
 233      E4763772 
 233      A0447EDB 
 233      557D5686 
 233      13AC40E5 
 234 03e2 83302FD2 		.ascii	"\2030/\322qB\012\222H\335n\2441\022\351\310\231\202"
 234      71420A92 
 234      48DD6EA4 
 234      3112E9C8 
 234      9982
 235 03f4 D7031869 		.ascii	"\327\003\030i\203\002\347\006#\215E;4j\253}\247\304"
 235      8302E706 
 235      238D453B 
 235      346AAB7D 
 235      A7C4
 236 0406 CA31623F 		.ascii	"\3121b?V\371\304x\222\220\307J\344~7\3628\211|\340L"
 236      56F9C478 
 236      9290C74A 
 236      E47E37F2 
 236      38897CE0 
 237 041b 6EBE8E91 		.ascii	"n\276\216\221\035\330\235_\014\206\036\217\206t\026"
 237      1DD89D5F 
 237      0C861E8F 
 237      867416
 238 042a EC6DBC0D 		.ascii	"\354m\274\015\014mT\240\332\007\332I\320\343q\232^z"
 238      0C6D54A0 
 238      DA07DA49 
 238      D0E3719A 
 238      5E7A
 239 043c C4C21A79 		.ascii	"\304\302\032yx|\333t\261\306D\016\006\334G\347yK5\343"
 239      787CDB74 
 239      B1C6440E 
 239      06DC47E7 
 239      794B35E3 
 240 0450 BB08DF91 		.ascii	"\273\010\337\221*\332\216\341\222\272\360\241\234p\200"
 240      2ADA8EE1 
 240      92BAF0A1 
 240      9C7080
ARM GAS  C:\Users\Simone\AppData\Local\Temp\ccT4L8QK.s 			page 19


 241 045f 7A6DC279 		.ascii	"zm\302y\320i\023N\257\252M\270\212B\233`\307\270\004"
 241      D069134E 
 241      AFAA4DB8 
 241      8A429B60 
 241      C7B804
 242 0472 48527585 		.ascii	"HRu\205Ke\270\023P\205\253W\354n=*I\341\216\275\200"
 242      4B65B813 
 242      5085AB57 
 242      EC6E3D2A 
 242      49E18EBD 
 243 0487 AB7F0D99 		.ascii	"\253\177\015\231W36i6h\260}\377';\215l\200\341]\224"
 243      57333669 
 243      3668B07D 
 243      FF273B8D 
 243      6C80E15D 
 244 049c 3BBE05C0 		.ascii	";\276\005\300%\036C\256\"\332\326\327\261\265\005\004"
 244      251E43AE 
 244      22DAD6D7 
 244      B1B50504 
 245 04ac B68C3875 		.ascii	"\266\2148u5\331%\342l\365\235\011-\240b\245E5)bl\037"
 245      35D925E2 
 245      6CF59D09 
 245      2DA062A5 
 245      45352962 
 246 04c2 A4B6800E 		.ascii	"\244\266\200\016\353%.\375\326%bm\247:\323Z@\217Y\026"
 246      EB252EFD 
 246      D625626D 
 246      A73AD35A 
 246      408F5916 
 247 04d6 6DF47CBD 		.ascii	"m\364|\275\255\232\034\014D]\354\274\216\232x[[\347"
 247      AD9A1C0C 
 247      445DECBC 
 247      8E9A785B 
 247      5BE7
 248 04e8 06CC814E 		.ascii	"\006\314\201N\331\021.\233\267\2750\007\006\035\331"
 248      D9112E9B 
 248      B7BD3007 
 248      061DD9
 249 04f7 B8CD696B 		.ascii	"\270\315ik\323N\246-\314\2474\006\370%\205=\021\323"
 249      D34EA62D 
 249      CCA73406 
 249      F825853D 
 249      11D3
 250 0509 E55B0923 		.ascii	"\345[\011#V\242F\226\353\277\331m:i\024\214vZ\017\247"
 250      56A24696 
 250      EBBFD96D 
 250      3A69148C 
 250      765A0FA7 
 251 051d 37BCD627 		.ascii	"7\274\326'\244v\022> \273\372\354rM\023\302\225\235"
 251      A476123E 
 251      20BBFAEC 
 251      724D13C2 
 251      959D
 252 052f C4654405 		.ascii	"\304eD\005-\214J\351\325]\370\2344\232L\005\"7\203\234"
 252      2D8C4AE9 
 252      D55DF89C 
 252      349A4C05 
ARM GAS  C:\Users\Simone\AppData\Local\Temp\ccT4L8QK.s 			page 20


 252      2237839C 
 253 0543 4F8159E8 		.ascii	"O\201Y\3507YZ]\002\251\234\212z\017L)\301L\225!\365"
 253      37595A5D 
 253      02A99C8A 
 253      7A0F4C29 
 253      C14C9521 
 254 0558 17FE4E5A 		.ascii	"\027\376NZ<.\003\367\354 #\356\240\257\334!vi0\323\320"
 254      3C2E03F7 
 254      EC2023EE 
 254      A0AFDC21 
 254      766930D3 
 255 056d CE77ADE9 		.ascii	"\316w\255\351\2703P\353\277\326\014\324{\326*\243\265"
 255      B83350EB 
 255      BFD60CD4 
 255      7BD62AA3 
 255      B5
 256 057e 66485A67 		.ascii	"fHZg\017/\225\0263q\241+\215\351U|i2aC\327B\010\361"
 256      0F2F9516 
 256      3371A12B 
 256      8DE9557C 
 256      69326143 
 257 0596 F48341BF 		.ascii	"\364\203A\277\231\036\230r\202\011E\203\262\023\035"
 257      991E9872 
 257      82094583 
 257      B2131D
 258 05a5 5D654669 		.ascii	"]eFi\021\346\333\301*\277Y\217\367\274\373\243m7\274"
 258      11E6DBC1 
 258      2ABF598F 
 258      F7BCFBA3 
 258      6D37BC
 259 05b8 83AF8B00 		.ascii	"\203\257\213\000\227\230\005\227\250i\350\375R\375\306"
 259      97980597 
 259      A869E8FD 
 259      52FDC6
 260 05c7 09534481 		.ascii	"\011SD\201#\023\037\230\341k\330\015w\371>\007u\020"
 260      23131F98 
 260      E16BD80D 
 260      77F93E07 
 260      7510
 261 05d9 41CBDECF 		.ascii	"A\313\336\317\356\323j\363\204\226\232\036O\265\302"
 261      EED36AF3 
 261      84969A1E 
 261      4FB5C2
 262 05e8 7125D493 		.ascii	"q%\324\223\262+\273I/\225O\262^\245\210r\277\233@:\237"
 262      B22BBB49 
 262      2F954FB2 
 262      5EA58872 
 262      BF9B403A 
 263 05fd D5B73B1C 		.ascii	"\325\267;\034\245\223\037\031\301eo\004W \002\341\230"
 263      A5931F19 
 263      C1656F04 
 263      572002E1 
 263      98
 264 060e DA47F7DC 		.ascii	"\332G\367\334\324\236\0321\227\253\214\004\204t\315"
 264      D49E1A31 
 264      97AB8C04 
 264      8474CD
ARM GAS  C:\Users\Simone\AppData\Local\Temp\ccT4L8QK.s 			page 21


 265 061d CDA55C0B 		.ascii	"\315\245\\\013\362i-\365=\331]\032\227g\020\032\365"
 265      F2692DF5 
 265      3DD95D1A 
 265      9767101A 
 265      F5
 266 062e 924B9B66 		.ascii	"\222K\233f\026\301z\335h\271\\\367FPO\\\"d\231<\\\354"
 266      16C17ADD 
 266      68B95CF7 
 266      46504F5C 
 266      2264993C 
 267 0644 23E6F20D 		.ascii	"#\346\362\015#\361\305\247\201\271`\344MZ\344s\230\216"
 267      23F1C5A7 
 267      81B960E4 
 267      4D5AE473 
 267      988E
 268 0656 5D465EAF 		.ascii	"]F^\257E\036\311z\375h#\377\326\273^#E\036I'\320\225"
 268      451EC97A 
 268      FD6823FF 
 268      D6BB5E23 
 268      451E4927 
 269 066c 8CE23743 		.ascii	"\214\3427C$\274\340\035\240\360\251\250Wz\314*>>\237"
 269      24BCE01D 
 269      A0F0A9A8 
 269      577ACC2A 
 269      3E3E9F
 270 067f 71E6CD29 		.ascii	"q\346\315)\3621o\364\276\212,~y\030p\243\177\347\261"
 270      F2316FF4 
 270      BE8A2C7E 
 270      791870A3 
 270      7FE7B1
 271 0692 3628A7F4 		.ascii	"6(\247\364*\227\264\357+-\015\363F\234\206\3579,\372"
 271      2A97B4EF 
 271      2B2D0DF3 
 271      469C86EF 
 271      392CFA
 272 06a5 410237DC 		.ascii	"A\0027\334%u\027p\276\334\006>\211y\026\241Q\357\237"
 272      25751770 
 272      BEDC063E 
 272      897916A1 
 272      51EF9F
 273 06b8 9828D687 		.ascii	"\230(\326\207pb\336\2338Db\246=2\202&o\004\315\224\230"
 273      7062DE9B 
 273      384462A6 
 273      3D328226 
 273      6F04CD94 
 274 06cd 282665F4 		.ascii	"(&e\364\220z\340&\265`\304\244Z\030RG\2207\007\223Z"
 274      907AE026 
 274      B560C4A4 
 274      5A185247 
 274      90370793 
 275 06e2 F810A945 		.ascii	"\370\020\251E\010\215z\177R\213Y?jR\255\336\010n\021"
 275      088D7A7F 
 275      528B593F 
 275      6A52ADDE 
 275      086E11
 276 06f5 A9C54CCA 		.ascii	"\251\305L\312Du\345\206}\360\275Fj\311\210I\375\300"
 276      4475E586 
ARM GAS  C:\Users\Simone\AppData\Local\Temp\ccT4L8QK.s 			page 22


 276      7DF0BD46 
 276      6AC98849 
 276      FDC0
 277 0707 907A82BC 		.ascii	"\220z\202\274\355nX7\251\245\334\260K\374\267\3322\326"
 277      ED6E5837 
 277      A9A5DCB0 
 277      4BFCB7DA 
 277      32D6
 278 0719 0BD9B043 		.ascii	"\013\331\260CQ\230\372\310\365\332\274\353\375H\024"
 278      5198FAC8 
 278      F5DABCEB 
 278      FD4814
 279 0728 96318500 		.ascii	"\2261\205\000%g\212\254K\371\015\215\302\362\021Sh\367"
 279      25678AAC 
 279      4BF90D8D 
 279      C2F21153 
 279      68F7
 280 073a 42FE3498 		.ascii	"B\3764\230\302\363La\271?\205\025\254\0375\205;\336"
 280      C2F34C61 
 280      B93F8515 
 280      AC1F3585 
 280      3BDE
 281 074c F53A88C2 		.ascii	"\365:\210\302\012\2057U~\236{S\371\354\"\263\262#P\022"
 281      0A853755 
 281      7E9E7B53 
 281      F9EC22B3 
 281      B2235012 
 282 0760 FBBC5623 		.ascii	"\373\274V#\366\342\210\211\335\365\366p\347\340\206"
 282      F6E28889 
 282      DDF5F670 
 282      E7E086
 283 076f 5BF950C3 		.ascii	"[\371P\303\255Bh\324\3737\334j\326\217\272\341\272\274"
 283      AD4268D4 
 283      FB37DC6A 
 283      D68FBAE1 
 283      BABC
 284 0781 11DC23AA 		.ascii	"\021\334#\252\253\231\224\305C\352\254\233\324K#&\325"
 284      AB9994C5 
 284      43EAAC9B 
 284      D44B2326 
 284      D5
 285 0792 EDED61D7 		.ascii	"\355\355a\327`Rk\036\"\265\026\241Q\357Oj\035\353GM"
 285      60526B1E 
 285      22B516A1 
 285      51EF4F6A 
 285      1DEB474D 
 286 07a6 AAC71B41 		.ascii	"\252\307\033A/\221Z\307\244\254|g\344;i\377\307\363"
 286      2F915AC7 
 286      A4AC7C67 
 286      E43B69FF 
 286      C7F3
 287 07b8 E50D2E1A 		.ascii	"\345\015.\032oyx\027\361\\B\371*\030-\217\330\033y\301"
 287      6F797817 
 287      F15C42F9 
 287      2A182D8F 
 287      D81B79C1 
 288 07cc 9A91FB5E 		.ascii	"\232\221\373^"
ARM GAS  C:\Users\Simone\AppData\Local\Temp\ccT4L8QK.s 			page 23


 289 07d0 87203665 		.ascii	"\207 6eg\005\203\324g\3279\265\237\0141\370\222\365"
 289      670583D4 
 289      67D739B5 
 289      9F0C31F8 
 289      92F5
 290 07e2 05E19B66 		.ascii	"\005\341\233f\214\274O48\027I\243X|{\371]\367\371r\032"
 290      8CBC4F34 
 290      381749A3 
 290      587C7BF9 
 290      5DF7F972 
 291 07f7 2BAD5A9C 		.ascii	"+\255Z\234Q\322j=\276)\374\254\370>\273^Z\375\260P\032"
 291      51D26A3D 
 291      BE29FCAC 
 291      F83EBB5E 
 291      5AFDB050 
 292 080c C5D1A9EF 		.ascii	"\305\321\251\357k\304\267\33182\312\315\356v\316\221"
 292      6BC4B7D9 
 292      3832CACD 
 292      EE76CE91 
 293 081c 56F1F2F0 		.ascii	"V\361\362\360\257\331\265?C\036\376x\201\275\357\343"
 293      AFD9B53F 
 293      431EFE78 
 293      81BDEFE3 
 294 082c C4D7E678 		.ascii	"\304\327\346x&\025H?\203\032`{i\361\005U^\024\3517\022"
 294      2615483F 
 294      831A607B 
 294      69F10555 
 294      5E14E937 
 295 0841 A016DF3B 		.ascii	"\240\026\337;\013g\317\266\343\377\313[\267m\332\226"
 295      0B67CFB6 
 295      E3FFCB5B 
 295      B76DDA96 
 296 0851 941A1915 		.ascii	"\224\032\031\025iOJ\265o\335\230`ONJIK\265\307\305\257"
 296      694F4AB5 
 296      6FDD9860 
 296      4F4E4A49 
 296      4BB5C7C5 
 297 0866 9B37D7BE 		.ascii	"\2337\327\276v\355\013\366U1\277\214\376\323\\{\362"
 297      76ED0BF6 
 297      5531BF8C 
 297      FED35C7B 
 297      F2
 298 0877 C684DF27 		.ascii	"\306\204\337'$l\236\375\262\242#\013]\342\306\324Wt"
 298      246C9EFD 
 298      B2A2230B 
 298      5DE2C6D4 
 298      5774
 299 0889 89499BB7 		.ascii	"\211I\233\267\350I\244\030\222\322\376\234\274%\305"
 299      E849A418 
 299      92D2FE9C 
 299      BC25C5
 300 0898 98949ABC 		.ascii	"\230\224\232\274e\313\346\024}\362\037\2237\247\350"
 300      65CBE614 
 300      7DF21F93 
 300      37A7E8
 301 08a7 3626A4A5 		.ascii	"6&\244\245\250\233\266\245\231h@\036\"1R$\316\025\211"
 301      A89BB6A5 
ARM GAS  C:\Users\Simone\AppData\Local\Temp\ccT4L8QK.s 			page 24


 301      9968401E 
 301      22315224 
 301      CE1589
 302 08ba F3FF0F8F 		.ascii	"\363\377\017\2171\203\351"
 302      3183E9
 303              		.text
 304              		.section	.gnu.lto_.symbol_nodes.ce13ae72,"",%progbits
 305 0000 789C6366 		.ascii	"x\234cf``Pa\200\002\246\211L\365\014\014\023\31610\324"
 305      60605061 
 305      8002A689 
 305      4CF50C0C 
 305      13CE3130 
 306 0015 D733CC5B 		.ascii	"\3273\314[\300\301\3004\211\251\236\021Y\200\001\000"
 306      C0C1C034 
 306      89A99E11 
 306      59800100 
 307 0025 B3430996 		.ascii	"\263C\011\226"
 308              		.text
 309              		.section	.gnu.lto_.refs.ce13ae72,"",%progbits
 310 0000 789C6366 		.ascii	"x\234cf```d\200\002\000\000=\000\005"
 310      60606064 
 310      80020000 
 310      3D0005
 311              		.text
 312              		.section	.gnu.lto_.decls.ce13ae72,"",%progbits
 313 0000 789CCD58 		.ascii	"x\234\315XiTTG\026\356zE/4\015z\20219Nf\206xf\0343\211"
 313      69545447 
 313      16EE7A45 
 313      2F340D7A 
 313      8231394E 
 314 001b E2969C99 		.ascii	"\342\226\234\231\371\025\005\022\235!\261Oc&3'\234C"
 314      F9150512 
 314      9D21B14F 
 314      63263327 
 314      9C43
 315 002d 88B4CA19 		.ascii	"\210\264\312\031\024\006\2329\346\314\366\004\242(("
 315      14069A39 
 315      E6CCF604 
 315      A22828
 316 003c 883B6E2D 		.ascii	"\210;n-\213\200\200\212(\242  \312\252\202\212\002\002"
 316      8B80808A 
 316      28A22020 
 316      CAAA828A 
 316      0202
 317 004e B2B980CA 		.ascii	"\262\271\200\312\342\202\012(0\267\252^\277\356~>\022"
 317      E2820A28 
 317      30B7AA5E 
 317      BFEE7E3E 
 317      12
 318 005f 67F9317D 		.ascii	"g\3711}\370\250\272U_\335\272\267\352\366\273\267\037"
 318      F8A8BA55 
 318      5FDDBAB7 
 318      EAF6BBB7 
 318      1F
 319 0070 5628147A 		.ascii	"V(\024z\244P\214\301g\341\217\024\212B\254P`2\246\260"
 319      A4508CC1 
 319      67E18F14 
ARM GAS  C:\Users\Simone\AppData\Local\Temp\ccT4L8QK.s 			page 25


 319      8A42AC50 
 319      6032A6B0 
 320 0084 7E38C05D 		.ascii	"~8\300]\300\014\244x\345C\306'\010|\027\200\016\320"
 320      C00CA478 
 320      E543C627 
 320      087C1780 
 320      0ED0
 321 0096 097817F0 		.ascii	"\011x\027\360W\340\177\013\270\017\375\277C\333\001"
 321      57E07F0B 
 321      B80FFDBF 
 321      43DB01
 322 00a5 ED3FA0FD 		.ascii	"\355?\240\375)\340o\200\177\002~\014\230\014\343A\320"
 322      29E06F80 
 322      7F027E0C 
 322      980CE341 
 322      D0
 323 00b6 FA021AA0 		.ascii	"\372\002\032\240\177\0260\005\372\345\320\276\011\355"
 323      7F163005 
 323      FAE5D0BE 
 323      09ED
 324 00c4 79682742 		.ascii	"yh'B[\012\255+\264e\320N\206\266\002\332\267\240=\007"
 324      5B0AAD2B 
 324      B465D04E 
 324      86B602DA 
 324      B7A03D07 
 325 00d8 ED24689B 		.ascii	"\355$h\233\241m\004\264\000\232\0007ll\217\222\261\235"
 325      A16D04B4 
 325      009A0037 
 325      6C6C8F92 
 325      B19D
 326 00ea F8E324B1 		.ascii	"\370\343$\261\375]\030\373\031\340\027\200\023\202\037"
 326      FD5D18FB 
 326      19E01780 
 326      13821F
 327 00f9 BF55303B 		.ascii	"\277U0;\211\037*\3016b\027\261\211\330Al \373\243q\316"
 327      891F2AC1 
 327      366217B1 
 327      89D8416C 
 327      20FBA371 
 328 010e E811874E 		.ascii	"\350\021\207N\035\036\270\344\324\315!\027\255\033\021"
 328      1D1EB8E4 
 328      D4CD2117 
 328      AD1B11
 329 011d 4F2754EE 		.ascii	"O'T\356T\201\250\323:\020\261\260?\366\212\206\316\226"
 329      5481A8D3 
 329      3A10B1B0 
 329      3FF68A86 
 329      CE96
 330 012f 68899C72 		.ascii	"h\211\234r!~\027\242\323\351\210\310\311;;\256i?8\304"
 330      217E17A2 
 330      D3E988C8 
 330      C93B3BAE 
 330      693F38C4 
 331 0143 F37C345F 		.ascii	"\363|4_2\321\252\265`0/\315\205\256k\247\274c\205\335"
 331      32D1AAB5 
 331      60302FCD 
 331      85AE6BA7 
ARM GAS  C:\Users\Simone\AppData\Local\Temp\ccT4L8QK.s 			page 26


 331      BC6385DD 
 332 0157 4F27D075 		.ascii	"O'\320u\357\020\261\255\250\340\256\012;\322\251\342"
 332      EF10B1AD 
 332      A8E0AE0A 
 332      3BD2A9E2 
 333 0167 A2C1722D 		.ascii	"\242\301r-~\207\366c\243\333\253\264\370\347\264\277"
 333      7E87F663 
 333      A3DBABB4 
 333      F8E7B4BF 
 334 0177 E66041AC 		.ascii	"\346`A\254\032\226\274\253\245\032\333v\017\2458R\221"
 334      1A96BCAB 
 334      A51ADB76 
 334      0FA53852 
 334      91
 335 0188 04C40418 		.ascii	"\004\304\004\030\342*\357\362\311.h\2326\005\266\177"
 335      E22AEFF2 
 335      C92E689A 
 335      3605B67F 
 336 0198 D89D50FE 		.ascii	"\330\235P\376\016\317;\240\343H\213\216\"\2142\321\007"
 336      0ECF3BA0 
 336      E3488B8E 
 336      228C32D1 
 336      07
 337 01a9 600A5D4D 		.ascii	"`\012]M>\321<\037\301\307G\362\216\225.\012\224\206"
 337      3ED13C1F 
 337      C1C747F2 
 337      8E952E0A 
 337      9486
 338 01bb A6A07434 		.ascii	"\246\240t4E\201r\3214`P.\312\201\301c0\010\212\313^"
 338      458172D1 
 338      3460502E 
 338      CA81C163 
 338      30088ACB 
 339 01d0 16452991 		.ascii	"\026E)\221v\232\374\242<\231E\324\204#\337%L&&\234\000"
 339      769AFCA2 
 339      3C9945D4 
 339      8423DF25 
 339      4C26269C 
 340 01e5 138E584D 		.ascii	"\023\216XM\000\213\304syY\235xJ\207\237 \352\341\376"
 340      008BC473 
 340      79599D78 
 340      4A879F20 
 340      EAE1FE
 341 01f8 F83D4F95 		.ascii	"\370=O\225x\210\011\311\003\227\037i0\317Q!e\333\366"
 341      788809C9 
 341      03971F69 
 341      30CF5121 
 341      65DBF6
 342 020b 2C253D2E 		.ascii	",%=.\015\021\223\216\234\372\022G\263\251\343\346\254"
 342      0D11938E 
 342      9CFA1247 
 342      B3A9E3E6 
 342      AC
 343 021c 0A8C3731 		.ascii	"\012\21471\341B\347\340\023\035\345M$biof\214\013N`"
 343      E142E7E0 
 343      131DE54D 
 343      2462696F 
ARM GAS  C:\Users\Simone\AppData\Local\Temp\ccT4L8QK.s 			page 27


 343      668C0B4E 
 344 0231 73E9A91B 		.ascii	"s\351\251\033\2730\336\301\204]\317/\226\263\363\177"
 344      BB30DEC1 
 344      845DCF2F 
 344      96B3F37F 
 345 0241 1B44C7F5 		.ascii	"\033D\307\365g\243\356\352\320T\366q\235f\006?\037\026"
 345      67A3EEEA 
 345      D054F671 
 345      9D66063F 
 345      1F16
 346 0253 668C2EDA 		.ascii	"f\214.\332\022\311\247\274M\355\317\007\373+\221\253"
 346      12C9A7BC 
 346      4DEDCF07 
 346      FB2B91AB 
 347 0263 D5EBE953 		.ascii	"\325\353\351S\024\364\014\300\017B7\217\245\251*gQj"
 347      14F40CC0 
 347      0F42378F 
 347      A5A92A67 
 347      516A
 348 0275 A1947A86 		.ascii	"\241\224z\206\260\320/Ej\277H=)\253\325\312\034\021"
 348      B0D02F45 
 348      6ABF483D 
 348      29ABD5CA 
 348      1C11
 349 0287 990552E6 		.ascii	"\231\005R\346i$1`}\206\205[$o\200\015\367\205\250\367"
 349      69243160 
 349      7D86855B 
 349      246F800D 
 349      F785A8F7 
 350 029b 94BC5EAB 		.ascii	"\224\274^\253\0111\242\332b)\265\304J\335\014\367\315"
 350      0931A2DA 
 350      6229B5C4 
 350      4ADD0CF7 
 350      CD
 351 02ac C7F3FCC7 		.ascii	"\307\363\374\307&\005\312\202\371l:E\330p\351\250\012"
 351      2605CA82 
 351      F96C3A45 
 351      D870E9A8 
 351      0A
 352 02bd 22E41C9A 		.ascii	"\"\344\034\232\212\316\002\312\001\347\001\245\2002"
 352      8ACE02CA 
 352      01E701A5 
 352      8032
 353 02cb 40059A4A 		.ascii	"@\005\232J\203\201DL{o\232\212Gd\231B\010\026\361\033"
 353      8381444C 
 353      7B6F9A8A 
 353      47649942 
 353      0816F11B 
 354 02df C4C55EDA 		.ascii	"\304\305^\332\036\353\214\\\247\311\355\204.\300\006"
 354      1EEB8C5C 
 354      A7C9ED84 
 354      2EC006
 355 02ee FFF666B1 		.ascii	"\377\366f\261\201\032T\015\213\016[C\223\354l\011\315"
 355      811A540D 
 355      8B0E5B43 
 355      93EC6C09 
 355      CD
ARM GAS  C:\Users\Simone\AppData\Local\Temp\ccT4L8QK.s 			page 28


 356 02ff EB23977E 		.ascii	"\353#\227~\202\353Y\270\264\217\304\037W\342\233L\330"
 356      82EB59B8 
 356      B48FC41F 
 356      57E29B4C 
 356      D8
 357 0310 5ABDF96B 		.ascii	"Z\275\371k|\233\365\327\224d\327\251i\034\375\212\210"
 357      7C9BF5D7 
 357      9464D7A9 
 357      691CFD8A 
 357      88
 358 0321 5959F1DB 		.ascii	"YY\361\333\325\370\001\233\353*\352\3419:\247'\342\275"
 358      D5F8019B 
 358      EB2AEAE1 
 358      393AA727 
 358      E2BD
 359 0333 E27B854E 		.ascii	"\342{\205N\3701\233\333\277\351\330\020{\254\204\020"
 359      F8319BDB 
 359      BFE9D810 
 359      7BAC8410 
 360 0343 31B131DA 		.ascii	"1\2611\332\005\017\011\001]\234\373\230\305p4\2215}"
 360      050F0901 
 360      5D9CFB98 
 360      C5703491 
 360      357D
 361 0355 1B63F355 		.ascii	"\033c\363U\310\225\305\246\235\373\031\340\376!z\320"
 361      C895C5A6 
 361      9DFB19E0 
 361      FE217AD0 
 362 0365 F582EF37 		.ascii	"\365\202\3577\301\367\006\360\263\031\320\010h\0014"
 362      C1F706F0 
 362      B319D008 
 362      680134
 363 0374 016E087E 		.ascii	"\001n\010~\233\211\337\351\031\237\363p\245\304\365"
 363      9B89DFE9 
 363      199FF370 
 363      A5C4F5
 364 0383 8BE03A59 		.ascii	"\213\340:Y+\036\244]\374\361\346\374\367\004b\215\224"
 364      2B1EA45D 
 364      FCF1E6FC 
 364      F704628D 
 364      94
 365 0394 588BEC99 		.ascii	"X\213\354\231-\026\3465)\363\272}\360\361\346J\013\365"
 365      2D16E635 
 365      29F3BA7D 
 365      F0F1E64A 
 365      0BF5
 366 03a6 AA945A27 		.ascii	"\252\224Z'Q\232ea^\2222K\244J\013-\324\313R\352\025"
 366      519A6561 
 366      5E92324B 
 366      A44A0B2D 
 366      D4CB52EA 
 367 03bb 1B2ABDF7 		.ascii	"\033*\275\367\275\031$\310\352e\202\014\035\030\310"
 367      BD1924C8 
 367      EA65820C 
 367      1D18C8
 368 03ca 3AA9C63C 		.ascii	":\251\306<&\007\317=\351>\032\353\210\246\271\322E\303"
 368      2607CF3D 
ARM GAS  C:\Users\Simone\AppData\Local\Temp\ccT4L8QK.s 			page 29


 368      E93E1AEB 
 368      88A6B9D2 
 368      45C3
 369 03dc 102CEDA0 		.ascii	"\020,\355\240\266\325\032,\365\226`\221\273\023\324"
 369      B6D51A2C 
 369      F5966091 
 369      BB13D4
 370 03eb 0657F1BA 		.ascii	"\006W\361\272\327B\022KOw\253\316U\320d\036O\223\342"
 370      D742124B 
 370      4F77ABCE 
 370      55D0641E 
 370      4F93E2
 371 03fe 87D4946D 		.ascii	"\207\324\224mhiV\3516X\237\323\250\303\346\033\253@"
 371      686956E9 
 371      36589FD3 
 371      A8C3E61B 
 371      AB40
 372 0410 9D482730 		.ascii	"\235H'0\017>?\037\356\300\261!\364\025MnI\247_&i\336"
 372      0F3E3F1F 
 372      EEC0B121 
 372      F4154D6E 
 372      49A75F26 
 373 0426 DA466D88 		.ascii	"\332Fm\210\344': \375d\233\245\267\321[\360\377\026"
 373      E4273A20 
 373      FD649BA5 
 373      B7D15BF0 
 373      FF16
 374 0438 7260EB3B 		.ascii	"r`\353;\323\033\012\324x\003=*\224V12\244v\333\307\233"
 374      D31B0AD4 
 374      78033D2A 
 374      94563132 
 374      A476DBC7 
 375 044d 8F3ECCDF 		.ascii	"\217>\314\337\3307k\027o\216\340G\307\306\020]\205\356"
 375      D8376B17 
 375      6F8EE047 
 375      C7C6105D 
 375      85EE
 376 045f 8867A620 		.ascii	"\210g\246 }j+\272\213\334`\341\271\312\003\315J\226"
 376      7D6A2BBA 
 376      8BDC60E1 
 376      B9CA03CD 
 376      4A96
 377 0471 1739A2A8 		.ascii	"\0279\242\250\2516\247\303\205\006\377\007D\334~\250"
 377      A936A7C3 
 377      8506FF07 
 377      44DC7EA8 
 378 0481 3B005F65 		.ascii	";\000_e{\364\226\246\254\326B\006\212|\275\014\004+"
 378      7BF496A6 
 378      ACD64206 
 378      8A7CBD0C 
 378      042B
 379 0493 469BD746 		.ascii	"F\233\327F\351p\033[\276171Q\203\3570a0>5\325\001\367"
 379      E9701B5B 
 379      BE313731 
 379      5183EF30 
 379      61303E35 
 380 04aa 30A1E040 		.ascii	"0\241\340@F\277\006\0170\241\270j\315%-\036fBs\302\201"
ARM GAS  C:\Users\Simone\AppData\Local\Temp\ccT4L8QK.s 			page 30


 380      46BF060F 
 380      30A1B86A 
 380      CD252D1E 
 380      664273C2 
 381 04bf 34173CCA 		.ascii	"4\027<\312\204\232\321\370\307j\034\341`\227h\\X\242"
 381      849AD1F8 
 381      C76A1CE1 
 381      6097685C 
 381      58A2
 382 04d1 496CB833 		.ascii	"Il\2703\200\251\331\324\213m\325\273\343\2248\212Q\343"
 382      80A9D9D4 
 382      8B6DD5BB 
 382      E394388A 
 382      51E3
 383 04e3 3B12EA1C 		.ascii	";\022\352\034\360F\007\273$\356\306\222\370\216\007"
 383      F04607BB 
 383      24EEC692 
 383      F88E07
 384 04f2 83C73554 		.ascii	"\203\3075T\034\033\303$\346\222n^\356p\024Sx\336\035"
 384      1C1BC324 
 384      E6926E5E 
 384      EE701453 
 384      78DE1D
 385 0505 44F2E710 		.ascii	"D\362\347\020<|\237Z\343\316\3156\205\303q(\323\341"
 385      3C7C9F5A 
 385      E3CECD36 
 385      85C37128 
 385      D3E1
 386 0517 2C1E83DB 		.ascii	",\036\203\333O\310Y\014\302Y\270\011g\361\014\006\237"
 386      4FC8590C 
 386      C259B809 
 386      67F10C06 
 386      9F
 387 0528 B3149EDB 		.ascii	"\263\024\236\333\331\027\243\265(>R\266\211&\346\027"
 387      D917A3B5 
 387      283E52B6 
 387      8926E617 
 388 0538 A078C0AA 		.ascii	"\240x\300\252x\010}\257\346aY\315\350d\177\\'\302;\231"
 388      78087DAF 
 388      E66159CD 
 388      E8647F5C 
 388      27C23B99 
 389 054c 7F315B07 		.ascii	"\1771[\007\2528\274\207\012\016\033\212\013'\241\251"
 389      AA38BC87 
 389      0A0E1B8A 
 389      0B27A1A9 
 390 055c AE53857C 		.ascii	"\256S\205|\272\376\331\242\310H~\353\333t\333\227\260"
 390      BAFED9A2 
 390      C8487EEB 
 390      DB74DB97 
 390      B0
 391 056d ED1884A6 		.ascii	"\355\030\204\246\250}\272$\227\230\371\217C\0256\341"
 391      A87DBA24 
 391      9798F98F 
 391      431536E1 
 392 057d 37267C97 		.ascii	"7&|\227\326p\323\320(\004=\317\211\217\264\010\363\215"
 392      D670D3D0 
ARM GAS  C:\Users\Simone\AppData\Local\Temp\ccT4L8QK.s 			page 31


 392      28043DCF 
 392      898FB408 
 392      F38D
 393 058f 75AAF459 		.ascii	"u\252\364YT\357\210\254\336\307\326o\177m\032\322\020"
 393      54EF88AC 
 393      DEC7D66F 
 393      7F6D1AD2 
 393      10
 394 05a0 C6AB5FFE 		.ascii	"\306\253_\376\352\373\345\275*\234\304l\217}z\262\231"
 394      EAFBE5BD 
 394      2A9CC46C 
 394      8F7D7AB2 
 394      99
 395 05b1 540493A8 		.ascii	"T\004\223\250\361\3555i5:^\310\203\217`\213\357\270"
 395      F1ED3569 
 395      353A5EC8 
 395      838F608B 
 395      EFB8
 396 05c3 49E3246D 		.ascii	"I\343$m\276\275\251KY\022\301\254\210\340\306\245&\010"
 396      BEBDA94B 
 396      5912C1AC 
 396      88E0C6A5 
 396      2608
 397 05d5 5F33F255 		.ascii	"_3\362U\267zI\310\304\313\265\340e$7\025Eq6\011\353"
 397      B77A49C8 
 397      C4CBB5E0 
 397      65243715 
 397      45713609 
 398 05ea D23A353C 		.ascii	"\322:5<\270\200\362\252\355Iq\3751\023&\201\3165\343"
 398      B880F2AA 
 398      ED4971FD 
 398      31132681 
 398      CE35E3
 399 05fd EA54D829 		.ascii	"\352T\330)\2045[\032\223F\2658\205]\\\316\371\242H'"
 399      84355B1A 
 399      9346B538 
 399      855D5CCE 
 399      F9A24827 
 400 0611 9CC1047E 		.ascii	"\234\301\004~\264r\304\031\037f\202\245 \326\261\202"
 400      B472C419 
 400      1F6682A5 
 400      20D6B182 
 401 0621 78EFCDBA 		.ascii	"x\357\315\272\036g\234\313\346r\213\242\267hq>\023\322"
 401      1E679CCB 
 401      E6728BA2 
 401      B768713E 
 401      13D2
 402 0633 3B6B129C 		.ascii	";k\022\234)q:\210\316IIO\357\213y\353\325\344\325\005"
 402      29713A88 
 402      CE49494F 
 402      EF8B79EB 
 402      D5E4D505 
 403 0647 F67553FB 		.ascii	"\366uS\373\3428v\263\273\301\347\255`b\"`\033 \036\260"
 403      E23876B3 
 403      BBC1E7AD 
 403      60622260 
 403      1B201EB0 
ARM GAS  C:\Users\Simone\AppData\Local\Temp\ccT4L8QK.s 			page 32


 404 065b 19B005B0 		.ascii	"\031\260\005\260\013\220\000\330\016\330\001\330)\336"
 404      0B9000D8 
 404      0ED801D8 
 404      29DE
 405 0669 7E54647B 		.ascii	"~Td{\265p9\367\341r\372\340r\210\302q\352\244\250H\363"
 405      B57039F7 
 405      E172FAE0 
 405      7288C271 
 405      EAA4A848 
 406 067e 055AFB10 		.ascii	"\005Z\373\020n\277\224kW\250\001\265E\244\256\347$\324"
 406      6EBF946B 
 406      57A801B5 
 406      45A4AEE7 
 406      24D4
 407 0690 12A9DA8B 		.ascii	"\022\251\332\213\"\367\241\274Z\033n\261\310} \345N"
 407      22F7A1BC 
 407      5A1B6EB1 
 407      C87D20E5 
 407      4E
 408 06a1 B7B7A04A 		.ascii	"\267\267\240Jd\366\312;f\245\336\024\251\033\244\306"
 408      64F6CA3B 
 408      66A5DE14 
 408      A91BA4C6 
 409 06b1 C670F6D4 		.ascii	"\306p\366\324V\221\032+O\265\261\265M\344n\224r7\331"
 409      56911A2B 
 409      4FB5B1B5 
 409      4DE46E94 
 409      7237D9
 410 06c4 A95DD3DE 		.ascii	"\251]\323\336\234f,\211\302h\035\304[\264\374y\211&"
 410      9C662C89 
 410      C2681DC4 
 410      5BB4FC79 
 410      8926
 411 06d6 B457DADC 		.ascii	"\264W\332\334Y\217\354!\330d\3543\264,\004\312\253e"
 411      598FEC21 
 411      D864EC33 
 411      B42C04CA 
 411      AB65
 412 06e8 E1BE8303 		.ascii	"\341\276\203\003\017\234,I\272{\271\006\355\005E\367"
 412      0F9C2C49 
 412      BA7BB906 
 412      ED0545F7 
 413 06f8 ACCF34B2 		.ascii	"\254\3174\262\350\225$m\211=\264\007B\356\277\011?\210"
 413      E895246D 
 413      893DB407 
 413      42EEBF09 
 413      3F88
 414 070a FAA1EAB5 		.ascii	"\372\241\352\265\353\234q!\373\012l,\334\377\330\321"
 414      EB9C7121 
 414      FB0A6C2C 
 414      DCFFD8D1 
 415 071a 2EFDEEE5 		.ascii	".\375\356\345l\323\357~N'\030\006\246\267~\367 \026"
 415      6CD3EF7E 
 415      4E271806 
 415      A6B77EF7 
 415      2016
 416 072c 1EC93A6A 		.ascii	"\036\311:jzF\214\013\270x\000\346\367q\242\361@g\306"
ARM GAS  C:\Users\Simone\AppData\Local\Temp\ccT4L8QK.s 			page 33


 416      7A468C0B 
 416      B87800E6 
 416      F771A2F1 
 416      4067C6
 417 073f 8FA71199 		.ascii	"\217\247\021\231\301h[\245(\341\352\305\\'\\A\315\341"
 417      C1685BA5 
 417      28E1EAC5 
 417      5C275C41 
 417      CDE1
 418 0751 0EE7B7F5 		.ascii	"\016\347\267\365k\204\207~\373X\225\026vH\341\264(\311"
 418      6B84877E 
 418      FB589516 
 418      7648E1B4 
 418      28C9
 419 0763 BAC309F4 		.ascii	"\272\303\011\364\275\277\007\2239\331\304z\264\264\364"
 419      BDBF0793 
 419      39D9C47A 
 419      B4B4F4
 420 0772 4D7C8DED 		.ascii	"M|\215\355\261\366\300\313\014ga\017s\254\023Bi\260"
 420      B1F6C0CB 
 420      0C67610F 
 420      73AC1342 
 420      69B0
 421 0784 43EA6BEF 		.ascii	"C\352k\357pP~\207k\327\206\317aZ\236\020u\254<\211\213"
 421      70507E87 
 421      6BD786CF 
 421      615A9E10 
 421      75AC3C89 
 422 0799 EB3BA3A6 		.ascii	"\353;\243\246c\304\211t\216\016v\264\306\354S\322Ar"
 422      63C48974 
 422      8E0E76B4 
 422      C6EC53D2 
 422      4172
 423 07ab 76196C70 		.ascii	"v\031lp8o\357e\355\270\205L&G\012\231C\234P\310\324"
 423      386FEF65 
 423      EDB8854C 
 423      26470A99 
 423      439C50C8 
 424 07c0 9E2DDC36 		.ascii	"\236-\3346\001\337d\027x,\2756\331Y(d"
 424      01DF6417 
 424      782CBD36 
 424      D9592864 
 425 07d0 7A8FCCB6 		.ascii	"z\217\314\266)d`\025\312\342\254\205\014\364Y!\223\315"
 425      29646015 
 425      CAE2AC85 
 425      0CF45921 
 425      93CD
 426 07e2 9142A6B3 		.ascii	"\221B\246\263\253+\202\025\004%\364'jbM\303z%~\302\264"
 426      AB2B8215 
 426      0425F427 
 426      6A624DC3 
 426      7A257EC2 
 427 07f7 465CEEB9 		.ascii	"F\\\356\2715\001\2171\241\261\265\275\304\011G(\331"
 427      35018F31 
 427      A1B1B5BD 
 427      C4094728 
 427      D9
ARM GAS  C:\Users\Simone\AppData\Local\Temp\ccT4L8QK.s 			page 34


 428 0808 9336AE2B 		.ascii	"\2236\256+\012\343\015LX\237\020\331\245\301qL8r\354"
 428      0AE30D4C 
 428      589F10D9 
 428      A5C1714C 
 428      3872EC
 429 081b C57E47BC 		.ascii	"\305~G\274\205\011{\313\313\256\252\360\036&<\252\317"
 429      85097BCB 
 429      CBAEAAF0 
 429      1E263CAA 
 429      CF
 430 082c 7B1FA7B2 		.ascii	"{\037\247\262~Jc\334\036\214\0173a\250\246\353\004\306"
 430      7E4A63DC 
 430      1E8C0F33 
 430      61A8A6EB 
 430      04C6
 431 083e F94CA84B 		.ascii	"\371L\250K\217\217\326\340\263L8\226\234\232\347H\255"
 431      8F8FD6E0 
 431      B34C3896 
 431      9C9AE748 
 431      AD
 432 084f FB98881B 		.ascii	"\373\230\210\033br\306\324\244\226\342-A\245\323\332"
 432      6272C6D4 
 432      A496E22D 
 432      41A5D3DA 
 433 085f 1C500107 		.ascii	"\034P\001\007W\006_B\364\036\275\2135{S\333\361\033"
 433      57065F42 
 433      F41EBD8B 
 433      357B53DB 
 433      F11B
 434 0871 F1425676 		.ascii	"\361BVv3\321$x\232\233\"<\201\012\2717,kh\231\304\357"
 434      33D12478 
 434      9A9B223C 
 434      810AB937 
 434      2C6B6899 
 435 0887 8C77C1D5 		.ascii	"\214w\301\325l\337C\255/\"\225\370\032\023\332\236\267"
 435      6CDF43AD 
 435      2F2295F8 
 435      1A13DA9E 
 435      B7
 436 0898 95B2DF4A 		.ascii	"\225\262\337J\263\210X\221zd\277\012\267\260\271\212"
 436      B3885891 
 436      7A64BF0A 
 436      B7B0B98A 
 437 08a8 07CFEE23 		.ascii	"\007\317\356#|\233\011w\263\313\223]p\017\023n\244\255"
 437      7C9B0977 
 437      B3CB935D 
 437      700F136E 
 437      A4AD
 438 08ba DBA2C1CF 		.ascii	"\333\242\301\317\354\375\3201?\312\032\326\336S\341"
 438      ECFDD031 
 438      3FCA1AD6 
 438      DE53E1
 439 08c9 51363796 		.ascii	"Q67\226\267\263\312\031\257U\261\244\225\023?\304\352"
 439      B7B3CA19 
 439      AF55B1A4 
 439      95133FC4 
 439      EA
ARM GAS  C:\Users\Simone\AppData\Local\Temp\ccT4L8QK.s 			page 35


 440 08da C885F436 		.ascii	"\310\205\3646*#\312\2248\236\315m\274mN\326\340D&\354"
 440      2A23CA94 
 440      389ECD6D 
 440      BC6D4ED6 
 440      E04426EC 
 441 08ee EABD1BA7 		.ascii	"\352\275\033\247\302)L\210.\334z\220\251\377\003\021"
 441      C2294C88 
 441      2EDC7A90 
 441      A9FF0311 
 442 08fe 5F8C66F4 		.ascii	"_\214f\364C\032ds\231i\374d\234\317\372G\2133\3273\336"
 442      431A6473 
 442      9969FC64 
 442      9CCFFA47 
 442      8B33D733 
 443 0913 D7F4420E 		.ascii	"\327\364B\016\265\246O\300\245l\256\276\254\251\305"
 443      B5A64FC0 
 443      A56CAEBE 
 443      ACA9C5
 444 0922 195F64C2 		.ascii	"\031_d\302\356\370\253\273\330o\271\025D\334\234\272"
 444      EEF8ABBB 
 444      D86FB915 
 444      44DC9CBA 
 445 0932 752D87EB 		.ascii	"u-\207\353\331\\qyM\222#nf\302pln9\207\333\230\220s"
 445      D95C7179 
 445      4D92236E 
 445      66C2706C 
 445      6E3987DB 
 446 0949 BDBB414B 		.ascii	"\275\273AKW\255&\242\271\2568C\207\357\261\271m\205"
 446      57AD26A2 
 446      B9AE3843 
 446      87EFB1B9 
 446      6D85
 447 095b 7B12D8D6 		.ascii	"{\022\330\326<\225\357\347\216\336R\342~:\351V>\020"
 447      3C95EFE7 
 447      8EDE52E2 
 447      7E3AE956 
 447      3E10
 448 096d 53A0B6BC 		.ascii	"S\240\266\274\306\230j\233zm\2630y\376>\034.\030\230"
 448      C6986A9B 
 448      7A6DB330 
 448      79FE3E1C 
 448      2E1898
 449 0980 99718C27 		.ascii	"\231q\214'\317k\362\010\316\207\310\356\370\276\224"
 449      CF6BF208 
 449      CE87C8EE 
 449      F8BE94
 450 098f 7129D392 		.ascii	"q)\323\222\006\216J\251\222\224\265>\333\302\254\227"
 450      068E4AA9 
 450      9294B53E 
 450      DBC2AC97 
 451 099f 321B244A 		.ascii	"2\033$J\373E\245\225R\352\025\311O\301\221\367\201\011"
 451      FB45A595 
 451      52EA15C9 
 451      4FC191F7 
 451      8109
 452 09b1 A1862E0B 		.ascii	"\241\206.\013LK\000\242+\022\245c\242\322:\251\322:"
 452      4C4B00A2 
ARM GAS  C:\Users\Simone\AppData\Local\Temp\ccT4L8QK.s 			page 36


 452      2B12A563 
 452      A2D23AA9 
 452      D23A
 453 09c3 E9AFC6E8 		.ascii	"\351\257\306\350\031\202\326kR\255\327%ZGE\255W\345"
 453      1982D66B 
 453      52ADD725 
 453      5A4745AD 
 453      57E5
 454 09d5 B5BEF21A 		.ascii	"\265\276\362\032\3440\250b\277};\204\0143\010\317\272"
 454      E430A862 
 454      BF7D3B84 
 454      0C3308CF 
 454      BA
 455 09e6 26C81EB7 		.ascii	"&\310\036\267\000\017\001\317\000O\000O\001\003\200"
 455      000F01CF 
 455      004F004F 
 455      010380
 456 09f5 5EC00D40 		.ascii	"^\300\015@\027\340\001\240\007\360\034\360\030\360\010"
 456      17E001A0 
 456      07F01CF0 
 456      18F008
 457 0a04 701B700F 		.ascii	"p\033p\017\320\007h\001\364\003:\001w\001\367\001\335"
 457      D0076801 
 457      F4033A01 
 457      7701F701 
 457      DD
 458 0a15 809B8076 		.ascii	"\200\233\200v@+\240\015\320\014\270cS,\231\207DG\252"
 458      402BA00D 
 458      D00CB863 
 458      532C9987 
 458      4447AA
 459 0a28 A58E5C90 		.ascii	"\245\216\\\220\370\\#Rsd\357\334\246J\350\021\251\347"
 459      F85C2352 
 459      7364EFDC 
 459      A64AE811 
 459      A9E7
 460 0a3a A4D4F312 		.ascii	"\244\324\363\022\255\033\304\370h\224\217\017\233\367"
 460      AD1BC4F8 
 460      68948F0F 
 460      9BF7
 461 0a48 54C39996 		.ascii	"T\303\231\226\227O\027\345\215\2651\241U4\341\224|0"
 461      974F17E5 
 461      8DB531A1 
 461      5534E194 
 461      7C30
 462 0a5a DB705F8A 		.ascii	"\333p_\212\334Z)\267F\312\355\025\271e\362\256\331p"
 462      DC5A29B7 
 462      46CAED15 
 462      B965F2AE 
 462      D970
 463 0a6c 5F88DC4B 		.ascii	"_\210\334K\362z\255\001\335f\011\3503\322\320\333$9"
 463      F27AAD01 
 463      DD6609E8 
 463      33D2D0DB 
 463      2439
 464 0a7e B06E5169 		.ascii	"\260nQi\221Ti\261\235\322\010s\213x^'\245\324W\336\230"
 464      915469B1 
ARM GAS  C:\Users\Simone\AppData\Local\Temp\ccT4L8QK.s 			page 37


 464      9DD20873 
 464      8B785E27 
 464      A5D457DE 
 465 0a93 F4590C28 		.ascii	"\364Y\014(\227\032P!1`P4\240J\376kjs\002\265\"\367\230"
 465      971A5021 
 465      31605034 
 465      A04AFE6B 
 465      6A7302B5 
 466 0aaa 942B7DB3 		.ascii	"\224+}\263\370@4\266TJ\255\225\252\275/\252=+\317\265"
 466      F84034B6 
 466      544AAD95 
 466      AABD2FAA 
 466      3D2BCFB5 
 467 0abe 5A7B43A4 		.ascii	"Z{C\244\036\227R\245\365}\263H\315\223?.+\265I\244\236"
 467      1E9752A5 
 467      F57DB348 
 467      CD933F2E 
 467      2BB549A4 
 468 0ad3 90D76A63 		.ascii	"\220\327jcl\243\310\315\225?\003\033\356=\221[\"\177"
 468      6CA3C8CD 
 468      953F031B 
 468      EE3D915B 
 468      227F
 469 0ae5 B93665F0 		.ascii	"\2716e\360\205LR\006w\310\225\301M\353.\034\322J\336"
 469      854C5206 
 469      77C895C1 
 469      4DEB2E1C 
 469      D24ADE
 470 0af8 8E5A1E40 		.ascii	"\216Z\036@h\030\236;\377/\317 \366\346u\245\006\015"
 470      68189E3B 
 470      FF2FCF20 
 470      F6E675A5 
 470      060D
 471 0b0a 814147AC 		.ascii	"\201AG\254eb\007g}\363Z\3377X\250\264\253\242\207\354"
 471      65620767 
 471      7DF35ADF 
 471      3758A8B4 
 471      ABA287EC 
 472 0b1e AAE817AC 		.ascii	"\252\350\027\254,&-\260\263\333\212\353\261\335\233"
 472      2C262DB0 
 472      B3DB8AEB 
 472      B1DD9B
 473 0b2d 33B9D7C2 		.ascii	"3\271\327\302\212\037|'L\362zN}/g\267\361K\273\215G"
 473      8A1F7C27 
 473      4CF27A4E 
 473      7D2F67B7 
 473      F14BBB8D 
 474 0b42 848D47E8 		.ascii	"\204\215G\350\306WK\242*]d7V\274\376\256h\224s%\205"
 474      C6574BA2 
 474      2A5D6437 
 474      56BCFEAE 
 474      68947325 
 475 0b57 82F9F20E 		.ascii	"\202\371\362\016\235V(\221\243\177\370\355\026\032\343"
 475      9D562891 
 475      A37FF8ED 
 475      161AE3
 476 0b66 B4A438EA 		.ascii	"\264\2448\352\253.\232@\253_0I(\223\357=\343ut\210\374"
ARM GAS  C:\Users\Simone\AppData\Local\Temp\ccT4L8QK.s 			page 38


 476      AB2E9A40 
 476      AB5F3049 
 476      2893EF3D 
 476      E3757488 
 477 0b7b 2EE0311D 		.ascii	".\3401\035\313\331\223\235\3538nA\034\201IA\274\006"
 477      CBD9939D 
 477      EB386E41 
 477      1C814941 
 477      BC06
 478 0b8d 0B05F199 		.ascii	"\013\005\361\231sO\2578\343\343jV\230=\271v\233\203"
 478      734FAF38 
 478      E3E36A56 
 478      983DB976 
 478      9B83
 479 0b9f 82B8040A 		.ascii	"\202\270\004\012\342\3546\027\261 \346\310*\024\211"
 479      E2EC3617 
 479      B120E6C8 
 479      2A1489
 480 0bae AD0531F4 		.ascii	"\255\0051\364\231GQ\330M\241\372\364\363/\334<\024o"
 480      994751D8 
 480      4DA1FAF4 
 480      F32FDC3C 
 480      146F
 481 0bc0 849956CE 		.ascii	"\204\231V\316\235\343\267<$0\330/\314h\012\017\3613"
 481      9DE3B73C 
 481      2430D82F 
 481      CC680A0F 
 481      F133
 482 0bd2 69C20357 		.ascii	"i\302\003W\231`\314\244\365\363\263t\227-\375\215\357"
 482      9960CCA4 
 482      F5F3B374 
 482      972DFD8D 
 482      EF
 483 0be3 D21581DF 		.ascii	"\322\025\201\337\004\206\231\302\003\002\203}M\301\301"
 483      048699C2 
 483      0302837D 
 483      4DC1C1
 484 0bf2 4161BECB 		.ascii	"Aa\276\313W\205\273\321\236\233\177\350J7\343\312o\214"
 484      5785BBD1 
 484      9E9B7FE8 
 484      4A37E3CA 
 484      6F8C
 485 0c04 0101C600 		.ascii	"\001\001\306\000\337y3\177\3556g\326\354\017\377<\327"
 485      DF79337F 
 485      ED3667D6 
 485      EC0FFF3C 
 485      D7
 486 0c15 17C667AC 		.ascii	"\027\306g\254\012^e\234a\364\377&\3207p\325\322\240"
 486      0A5E659C 
 486      61F4FF26 
 486      D03770D5 
 486      D2A0
 487 0c27 F000A3EF 		.ascii	"\360\000\243\357J\177\320\265\312\350\353\027`\\\346"
 487      4A7FD0B5 
 487      CAE8EB17 
 487      605CE6
 488 0c36 1F1E64F2 		.ascii	"\037\036d\3623}\033b\014\233\271B\361\325\377t\233\260"
ARM GAS  C:\Users\Simone\AppData\Local\Temp\ccT4L8QK.s 			page 39


 488      337D1B62 
 488      0C9BB942 
 488      F1D5FF74 
 488      9BB0
 489 0c48 6FC37CFD 		.ascii	"o\303|\375\302L\001\340\003\350V\256\014\0160\206\252"
 489      C24C01E0 
 489      03E856AE 
 489      0C0E3086 
 489      AA
 490 0c59 82C95EA1 		.ascii	"\202\311^\241\352\340\260\020\2431 T\031\022\036\022"
 490      EAE0B010 
 490      A3312054 
 490      19121E12 
 491 0c69 108A8303 		.ascii	"\020\212\203\003B\035\374\227\205\006\221\177+~=s\246"
 491      421DFC97 
 491      8506917F 
 491      2B7E3D73 
 491      A6
 492 0c7a 3BFC513B 		.ascii	";\374Q;\202\303f\1774\333=8\314}\205\177\220{Hp\250"
 492      82C3667F 
 492      34DB3D38 
 492      CC7D857F 
 492      907B4870 
 493 0c8f 29CCDD67 		.ascii	")\314\335g\311gs\347\270{{{\272\177\252_\264\370/s\334"
 493      C96773E7 
 493      B87B7B7B 
 493      BA7FAA5F 
 493      B4F82F73 
 494 0ca4 43FC83FC 		.ascii	"C\374\203\374\202\202\002`\013\225~\276\247\277\311"
 494      82820260 
 494      0B957EBE 
 494      A7BFC9
 495 0cb3 5FA55FC0 		.ascii	"_\245_\300\032\017\326x\262\306\2135\013I\343\250\237"
 495      1A0FD678 
 495      B2C68B35 
 495      0B49E3A8 
 495      9F
 496 0cc4 EFED11BC 		.ascii	"\357\355\021\274jY\340rg?a\275_\340\252@\323\177\272"
 496      6A59E072 
 496      673F61BD 
 496      5FE0AA40 
 496      D37FBA
 497 0cd7 F75285CE 		.ascii	"\367R\205\316\346\"M\312\317\026{z\031T\213\227\374"
 497      E6224DCA 
 497      CF167B7A 
 497      19548B97 
 497      FC
 498 0ce8 51EF6550 		.ascii	"Q\357eP/\366\321{yy\032\224\372/\364\236\006\274\010"
 498      2FF6D17B 
 498      79791A94 
 498      FA2FF49E 
 498      06BC08
 499 0cfb B0D8D380 		.ascii	"\260\330\323\200\276\244\367<\373#\361\236I\027C\014"
 499      BEA4F73C 
 499      FB23F19E 
 499      4917430C 
 500 0d0b 28970619 		.ascii	"(\227\006\031\375C\321B\207\005>\006\203\203\267\307"
ARM GAS  C:\Users\Simone\AppData\Local\Temp\ccT4L8QK.s 			page 40


 500      FD43D142 
 500      87053E06 
 500      8383B7C7 
 501 0d1b EF0C0EF3 		.ascii	"\357\014\016\363?1x\223\177\013\361\002\203A\033\030"
 501      3F317893 
 501      7F0BF102 
 501      83411B18 
 502 0d2b 4CAC090C 		.ascii	"L\254\011\014\3603\351Xw\245\177\330\237 n\002\203\311"
 502      F033E958 
 502      77A57FD8 
 502      9F206E02 
 502      83C9
 503 0d3d 11FB99DE 		.ascii	"\021\373\231\336\024]\002m\313C\203\303C\310\270\223"
 503      145D026D 
 503      CB4383C3 
 503      43C8B893 
 504 0d4d C1C3C36F 		.ascii	"\301\303\303o\011\034\276\247q\031\347aP\353\275\275"
 504      091CBEA7 
 504      7119E761 
 504      50EBBDBD 
 505 0d5d 3D3EF9D4 		.ascii	"=>\371\324\340@\376a\217E\006\315\374\205\013f\033|"
 505      E040FE61 
 505      8F4506CD 
 505      FC850B66 
 505      1B7C
 506 0d6f 96D0CE1C 		.ascii	"\226\320\316\034Kg.\3518\032\274|\274\014\277\367\362"
 506      4B672EE9 
 506      381ABC7C 
 506      BC0CBFF7 
 506      F2
 507 0d80 9CA599AF 		.ascii	"\234\245\231\257\267\220\364\214$\316\315V\023\005^"
 507      B790F48C 
 507      24CECD56 
 507      13055E
 508 0d8f 9F1B483B 		.ascii	"\237\033H;Gh\347B+2\346\250\311j:\243\247\014qf\256"
 508      4768E742 
 508      2B32E6A8 
 508      C96A3AA3 
 508      A70C7166 
 509 0da4 2359EBAD 		.ascii	"#Y\353\255'cd\265\330\233\313z\026\336<G\242A\230\325"
 509      276364B5 
 509      D89BCB7A 
 509      16DE3C47 
 509      A24198D5 
 510 0db8 5B7896D9 		.ascii	"[x\226\331\017\035\026xz\200/>\326\241\217\224>>\036"
 510      0F1D1678 
 510      7A802F3E 
 510      D6A18F94 
 510      3E3E1E
 511 0dcb 9F1AB4E0 		.ascii	"\237\032\264\340\354\2429>\304U\331\0336\2566\271{|"
 511      ECA2393E 
 511      C455D91B 
 511      36AE36B9 
 511      7B7C
 512 0ddd E6B3C807 		.ascii	"\346\263\310\007n\230]\362'\363V\257v\247W\272l\336"
 512      6E985DF2 
 512      27F356AF 
ARM GAS  C:\Users\Simone\AppData\Local\Temp\ccT4L8QK.s 			page 41


 512      76A757BA 
 512      6CDE
 513 0def ACD9AB8D 		.ascii	"\254\331\253\215\020]\032\022 \344~\377\005\332e\325"
 513      105D1A12 
 513      20E47EFF 
 513      05DA65D5 
 514 0dff 79       		.ascii	"y"
 515              		.text
 516              		.section	.gnu.lto_.symtab.ce13ae72,"",%progbits
 517 0000 5F70616C 		.ascii	"_pal_lld_init\000\000\000\000\000\000\000\000\000\000"
 517      5F6C6C64 
 517      5F696E69 
 517      74000000 
 517      00000000 
 518 0017 0000E600 		.ascii	"\000\000\346\000\000\000_pal_lld_setgroupmode\000\000"
 518      00005F70 
 518      616C5F6C 
 518      6C645F73 
 518      65746772 
 519 0034 00000000 		.ascii	"\000\000\000\000\000\000\000\000\000\000-\001\000\000"
 519      00000000 
 519      00002D01 
 519      0000
 520              		.text
 521              		.section	.gnu.lto_.opts,"",%progbits
 522 0000 272D666E 		.ascii	"'-fno-trapv' '-mcpu=cortex-m4' '-mno-thumb-interwor"
 522      6F2D7472 
 522      61707627 
 522      20272D6D 
 522      6370753D 
 523 0033 6B272027 		.ascii	"k' '-mthumb' '-ggdb' '-O2' '-fomit-frame-pointer' '"
 523      2D6D7468 
 523      756D6227 
 523      20272D67 
 523      67646227 
 524 0066 2D66616C 		.ascii	"-falign-functions=16' '-ffunction-sections' '-fdata"
 524      69676E2D 
 524      66756E63 
 524      74696F6E 
 524      733D3136 
 525 0099 2D736563 		.ascii	"-sections' '-fno-common' '-flto'\000"
 525      74696F6E 
 525      73272027 
 525      2D666E6F 
 525      2D636F6D 
 526              		.text
 527              		.comm	__gnu_lto_v1,1,1
 528              		.comm	__gnu_lto_slim,1,1
 529              		.ident	"GCC: (GNU Tools for ARM Embedded Processors) 4.9.3 20150529 (release) [ARM/embedded-4_9-br
ARM GAS  C:\Users\Simone\AppData\Local\Temp\ccT4L8QK.s 			page 42


DEFINED SYMBOLS
                            *ABS*:00000000 pal_lld.c
                            *COM*:00000001 __gnu_lto_v1
                            *COM*:00000001 __gnu_lto_slim

NO UNDEFINED SYMBOLS
