ARM GAS  C:\Users\Simone\AppData\Local\Temp\cc8W2OzI.s 			page 1


   1              		.syntax unified
   2              		.cpu cortex-m4
   3              		.fpu softvfp
   4              		.eabi_attribute 20, 1
   5              		.eabi_attribute 21, 1
   6              		.eabi_attribute 23, 3
   7              		.eabi_attribute 24, 1
   8              		.eabi_attribute 25, 1
   9              		.eabi_attribute 26, 1
  10              		.eabi_attribute 30, 2
  11              		.eabi_attribute 34, 1
  12              		.eabi_attribute 18, 4
  13              		.thumb
  14              		.file	"st.c"
  15              		.text
  16              	.Ltext0:
  17              		.section	.gnu.lto_.profile.ce91b29a,"",%progbits
  18 0000 789C6366 		.ascii	"x\234cf```a\200\000F\006)\036\000\000\264\000/"
  18      60606061 
  18      80004606 
  18      291E0000 
  18      B4002F
  19              		.text
  20              		.section	.gnu.lto_.jmpfuncs.ce91b29a,"",%progbits
  21 0000 789C6366 		.ascii	"x\234cf\300\016\304\2404+\210`\004\202z&\006\006f\020"
  21      C00EC4A0 
  21      342B8860 
  21      04827A26 
  21      06066610 
  22 0014 CD021400 		.ascii	"\315\002\024\000\000\015^\001-"
  22      000D5E01 
  22      2D
  23              		.text
  24              		.section	.gnu.lto_.inline.ce91b29a,"",%progbits
  25 0000 789C6366 		.ascii	"x\234cf\300\016R\2414+\003\003\013\017#\003\023\220"
  25      C00E52A1 
  25      342B0303 
  25      0B0F2303 
  25      1390
  26 0012 C9B6401E 		.ascii	"\311\266@\036D10r\201\010\0066V\2400\333\007=\2708\023"
  26      44313072 
  26      81080636 
  26      56A030DB 
  26      073DB838 
  27 0027 030B3350 		.ascii	"\003\0133P\210\351\002?\\\210\031S\210\005S\210\001"
  27      88E9023F 
  27      5C881953 
  27      88055388 
  27      01
  28 0038 0099C708 		.ascii	"\000\231\307\010l"
  28      6C
  29              		.text
  30              		.section	.gnu.lto_.pureconst.ce91b29a,"",%progbits
  31 0000 789C6366 		.ascii	"x\234cf``\340f\200\000V\006\011F)&)f)\026)\000\004\004"
  31      6060E066 
  31      80005606 
  31      09462926 
ARM GAS  C:\Users\Simone\AppData\Local\Temp\cc8W2OzI.s 			page 2


  31      29662916 
  32 0018 009E     		.ascii	"\000\236"
  33              		.text
  34              		.section	.gnu.lto_stInit.ce91b29a,"",%progbits
  35 0000 789C6366 		.ascii	"x\234cf\300\004R@\274\020\210\225\201\230\221\231\201"
  35      C0045240 
  35      BC108895 
  35      81989199 
  35      81
  36 0011 9169C239 		.ascii	"\221i\3029\006\206F\016&FF\020\203\201\221\241\236\211"
  36      0686460E 
  36      26464610 
  36      838191A1 
  36      9E89
  37 0023 B19EF125 		.ascii	"\261\236\361%\323G&\306\011\007V\317\340V_\332\320\320"
  37      D34726C6 
  37      090756CF 
  37      E0565FDA 
  37      D0D0
  38 0035 F0E1D0F9 		.ascii	"\360\341\320\371\306\200\003\214?\231\030\030>3A\314"
  38      C680038C 
  38      3F991818 
  38      3E3341CC 
  39 0045 615CCEA8 		.ascii	"a\\\316\250\316\000T\364\261\345\357un\266\026\240\""
  39      CE0054F4 
  39      B1E5EF75 
  39      6EB616A0 
  39      22
  40 0056 01881CE3 		.ascii	"\001\210\034\343\012F6F \275^\350@\303\377\377\217\247"
  40      0A463646 
  40      20BD5EE8 
  40      40C3FFFF 
  40      8FA7
  41 0068 FED16766 		.ascii	"\376\321gf`x\002\224\001\231\377\224\211\011D3\337a"
  41      60780294 
  41      0199FF94 
  41      89094433 
  41      DF61
  42 007a 6C3EF097 		.ascii	"l>\360\227\027\244\024d\306\274\313}\353\230j\1777t"
  42      17A41464 
  42      C6BCCB7D 
  42      EB986A7F 
  42      3774
  43 008c 3470FC64 		.ascii	"4p\374db\374\314\004\324\316\270\222\261\226\341'P\365"
  43      62FCCC04 
  43      D4CEB892 
  43      B196E127 
  43      50F5
  44 009e 3DC6C603 		.ascii	"=\306\306\003\377Y\301*\031@\3460\202\364\003MS\324"
  44      FF59C12A 
  44      1940E630 
  44      82F4034D 
  44      53D4
  45 00b0 D3D307A2 		.ascii	"\323\323\007\242\344\214\314\244\314\374bC3C\375\374"
  45      E48CCCA4 
  45      CCFC6243 
  45      3343FDFC 
ARM GAS  C:\Users\Simone\AppData\Local\Temp\cc8W2OzI.s 			page 3


  46 00c0 62FD8CC4 		.ascii	"b\375\214\304\034\375\342\242d\375\342\022\275d\006"
  46      1CFDE2A2 
  46      64FDE212 
  46      BD6406
  47 00cf 00644245 		.ascii	"\000dBE\006"
  47      06
  48              		.text
  49              		.section	.gnu.lto_stStartAlarm.ce91b29a,"",%progbits
  50 0000 789C9D91 		.ascii	"x\234\235\221QHSa\024\307\277\377w\267\273\301\304\244"
  50      51485361 
  50      14C7BFFF 
  50      77B7BBC1 
  50      C4A4
  51 0012 A7B1978A 		.ascii	"\247\261\227\212%\276\270]VP\257>\364\022\350S\276\207"
  51      25BEB85D 
  51      5650AF3E 
  51      F412E853 
  51      BE87
  52 0024 2E6183C5 		.ascii	".a\203\305\302;z\365\333\332|\010\312\221TB\014\012"
  52      C23B7AF5 
  52      DBDA7C08 
  52      CA915442 
  52      0C0A
  53 0036 1996736A 		.ascii	"\031\226sjN[*\301-\211\244\250Q\017\005\005\266\207"
  53      4E5B2AC1 
  53      2D89A4A8 
  53      510F0505 
  53      B687
  54 0048 05691033 		.ascii	"\005i\0203E\271\202\256\363\335n\220E\020]\356\275\337"
  54      45B982AE 
  54      F3DD6E90 
  54      45105DEE 
  54      BDDF
  55 005a 77BE73CE 		.ascii	"w\276s\316\357\374\317\371\024\366\347\343\243\257\310"
  55      EFFCCFF9 
  55      14F6E7E3 
  55      A3AFC8
  56 0069 198BD00A 		.ascii	"\031\213\320\012\205\201g_1\226ts@n\030\330\000\307"
  56      8581675F 
  56      31967473 
  56      406E18D8 
  56      00C7
  57 007b 0056F93A 		.ascii	"\000V\371:G\326(\214x\332\362B\210\372\233\2227\343"
  57      47D6288C 
  57      78DAF242 
  57      88FA9B92 
  57      37E3
  58 008d 35296D83 		.ascii	"5)m\203\377\300`\014m\0242t5s\005\312Q0\332\317On\276"
  58      FFC0600C 
  58      6D143274 
  58      357305CA 
  58      5130DACF 
  59 00a4 F47CE626 		.ascii	"\364|\346&\307ai.\\[\036Q\245\311\035\322\334\271\276"
  59      C761692E 
  59      5C5B1E51 
  59      A5C91DD2 
  59      DCB9BE
ARM GAS  C:\Users\Simone\AppData\Local\Temp\cc8W2OzI.s 			page 4


  60 00b7 7CC9D93A 		.ascii	"|\311\331:*D\312x4#:\034&Wp\027\012\361p\017>\214\303"
  60      2A44CA78 
  60      34233A1C 
  60      26577017 
  60      0AF1700F 
  61 00ce C7E888A1 		.ascii	"\307\350\210\241\200V\031\276\236\336}\347Q\323T\273"
  61      805619BE 
  61      9EDE7DE7 
  61      51D354BB 
  62 00de 65F76759 		.ascii	"e\367gYL@\005\255S\007\015\321h\214\216M\3149T\322-"
  62      4C4005AD 
  62      53070DD1 
  62      688C8E4D 
  62      CC3954D2 
  63 00f3 33588D02 		.ascii	"3X\215\002d\003\2378\227\253\362\026\251\026\311)\345"
  63      64039F38 
  63      97ABF216 
  63      A916C929 
  63      E5
  64 0104 772E4369 		.ascii	"w.Ci\267\004~(\227\367\232\374wHB5\267\324g\244o\213"
  64      B7047E28 
  64      97F79AFC 
  64      77484235 
  64      B7D467A4 
  65 011a BD460352 		.ascii	"\275F\003RHq\277\020\273\305I\370\267\011\367\036On"
  65      4871BF10 
  65      BBC549F8 
  65      B709F71E 
  65      4F6E
  66 012c 98B38B99 		.ascii	"\230\263\213\231\346}\262\252\3715\257\214\260Tmp\374"
  66      E67DB2AA 
  66      F935AF8C 
  66      B0546D70 
  66      FC
  67 013d 269A610A 		.ascii	"&\232a\012*1\246\241\222\343\353\213g\203N9\013\007"
  67      2A31A6A1 
  67      92E3EB8B 
  67      67834E39 
  67      0B07
  68 014f F984358F 		.ascii	"\371\2045\217\217\265\312k\267u\304\244y\263\362e\234"
  68      8FB5CA6B 
  68      B775C4A4 
  68      79B3F265 
  68      9C
  69 0160 E7702B99 		.ascii	"\347p+\231\025n\223;q\237\244\314H)\344\333\036\256"
  69      156E933B 
  69      719FA4CC 
  69      4829E4DB 
  69      1EAE
  70 0172 159B0305 		.ascii	"\025\233\003\005\221N\326W\267\236\0370\271\212\022"
  70      914ED657 
  70      B79E1F30 
  70      B98A12
  71 0181 72F8462D 		.ascii	"r\370F-[U(\344\361\360f\236kE\0121\332M\356\302,\002"
  71      5B5528E4 
  71      F1F0669E 
  71      6B450A31 
ARM GAS  C:\Users\Simone\AppData\Local\Temp\cc8W2OzI.s 			page 5


  71      DA4DEEC2 
  72 0197 F0FB6C3F 		.ascii	"\360\373l?\346\240\331\215\324\247WR.[\324\277\2254"
  72      E6A0D98D 
  72      D4A75752 
  72      2E5BD4BF 
  72      9534
  73 01a9 0E49DE03 		.ascii	"\016I\336\003\253\036l^\031\201_;pQ\235\207\224(\371"
  73      AB1E6C5E 
  73      19815F3B 
  73      70519D87 
  73      9428F9
  74 01bc F5FFE3CF 		.ascii	"\365\377\343\317[|n\363\027,~\245\2724\324d\361\351"
  74      5B7C6EF3 
  74      172C7EA5 
  74      BA34D464 
  74      F1E9
  75 01ce 7C911257 		.ascii	"|\221\022W\220\254>]s\313\201\313\373\251\221\036\272"
  75      90AC3E5D 
  75      73CB81CB 
  75      FBA9911E 
  75      BA
  76 01df 6A9AC291 		.ascii	"j\232\302\221`P\2437\034\211\366F\343z\350DH\213\353"
  76      6050A337 
  76      1C89F646 
  76      E37AE844 
  76      488BEB
  77 01f2 5AA427A6 		.ascii	"Z\244'\246\351\375aMO\004\303\314\325\323\253'\242\347"
  77      E9FD614D 
  77      4F04C3CC 
  77      D5D3AB27 
  77      A2E7
  78 0204 FB1CF277 		.ascii	"\373\034\362w\362o\341\027\342\375\011];\323\335u\374"
  78      F26FE117 
  78      E2FD095D 
  78      3BD3DD75 
  78      FC
  79 0215 98D6D979 		.ascii	"\230\326\331yJ\353>\335u1D\200\263\261\330\271`\204"
  79      4AEB3EDD 
  79      75314480 
  79      B3B1D8B9 
  79      6084
  80 0227 7D07FA7A 		.ascii	"}\007\372z\024\245"
  80      14A5
  81              		.text
  82              		.section	.gnu.lto_stStopAlarm.ce91b29a,"",%progbits
  83 0000 789C6366 		.ascii	"x\234cf\300\004R@\254\313\310\300\020\015\244\031\231"
  83      C0045240 
  83      ACCBC8C0 
  83      100DA419 
  83      99
  84 0011 19189926 		.ascii	"\031\030\231&\234c`h\344`bd\0041\030\030\031\352\231"
  84      9C636068 
  84      E4606264 
  84      04311818 
  84      19EA99
  85 0024 18EB195F 		.ascii	"\030\353\031_2}db\234p`\365\014n\365\245\015\015\015"
  85      327D6462 
ARM GAS  C:\Users\Simone\AppData\Local\Temp\cc8W2OzI.s 			page 6


  85      9C7060F5 
  85      0C6EF5A5 
  85      0D0D0D
  86 0037 1F366D97 		.ascii	"\0376m\227h\225\370\311\304\300\360\231\011b\014\343"
  86      6895F8C9 
  86      C4C0F099 
  86      09620CE3 
  87 0047 72467506 		.ascii	"rFu\006\240\232\217-\177\257s\263\265\000\325\010@\344"
  87      A09A8F2D 
  87      7FAF73B3 
  87      B500D508 
  87      40E4
  88 0059 185730B2 		.ascii	"\030W0\262\001\215gX/t\240\341\377\377\305s\336lgaf"
  88      018D6758 
  88      2F74A0E1 
  88      FFFFC573 
  88      DE6C6761 
  89 006e 60780294 		.ascii	"`x\002\224\002\231\377\224\211\011D3\337b<\364a\307"
  89      0299FF94 
  89      89094433 
  89      DF623CF4 
  89      61C7
  90 0080 B2F347B9 		.ascii	"\262\363G\271Q\214x\260\364\275\004\330\200\317L\214"
  90      518C78B0 
  90      F4BD04D8 
  90      80CF4C8C 
  91 0090 E88633AE 		.ascii	"\350\2063\256dd\003\232\276\212\221\015(\361\356\364"
  91      6464039A 
  91      BE8A910D 
  91      28F1EEF4 
  92 00a0 F136D617 		.ascii	"\3616\326\027L?\231\030\201r\015, \265\367\237\234\277"
  92      4C3F9918 
  92      81720D2C 
  92      20B5F79F 
  92      9CBF
  93 00b2 C8011662 		.ascii	"\310\001\026b\000q\247\237\177\275\212i.\343\354\306"
  93      0071A79F 
  93      7FBD8A69 
  93      2EE3ECC6 
  94 00c2 090D1C3F 		.ascii	"\011\015\034?\231\230\030W3J1\256a\224\002\313}\237"
  94      99981857 
  94      334A31AE 
  94      619402CB 
  94      7D9F
  95 00d4 FC642D9F 		.ascii	"\374d-\237\356\352\206\226\306\017g\346\235\346\377"
  95      EEEA8696 
  95      C60F67E6 
  95      9DE6FF
  96 00e3 C9C4CCB8 		.ascii	"\311\304\314\270\226q.\343'\240\033\301\2660\256c\324"
  96      96712EE3 
  96      27A01BC1 
  96      B630AE63 
  96      D4
  97 00f4 453611E8 		.ascii	"E6\021\350~\306\365@\275\367\030\033\037\034}\317\001"
  97      7EC6F540 
  97      BDF7181B 
  97      1F1C7DCF 
ARM GAS  C:\Users\Simone\AppData\Local\Temp\cc8W2OzI.s 			page 7


  97      01
  98 0105 72202808 		.ascii	"r (\010\236\000\255\002\372\005\250KQOO\037\210\222"
  98      9E00AD02 
  98      FA05A84B 
  98      514F4F1F 
  98      8892
  99 0117 33329332 		.ascii	"32\2232\363\213\015\315\014\365\363\213\3653\022s\364"
  99      F38B0DCD 
  99      0CF5F38B 
  99      F5331273 
  99      F4
 100 0128 8B8B92F5 		.ascii	"\213\213\222\365\213K\364\222\031\314q\251(\310/*)\326"
 100      8B4BF492 
 100      19CC71A9 
 100      28C82F2A 
 100      29D6
 101 013a 0F0EF135 		.ascii	"\017\016\36156\322\367\361q\321\017\361\364-3\004\352"
 101      36D2F7F1 
 101      71D10FF1 
 101      F42D3304 
 101      EA
 102 014b 89CFC949 		.ascii	"\211\317\311I\321\313`\000\000]\206\214^"
 102      D1CB6000 
 102      005D868C 
 102      5E
 103              		.text
 104              		.section	.gnu.lto_stSetAlarm.ce91b29a,"",%progbits
 105 0000 789C7590 		.ascii	"x\234u\220OHTQ\024\306\317w\337\233\347\300\204I\253"
 105      4F485451 
 105      14C6CF77 
 105      DF9BE7C0 
 105      8449AB
 106 0013 6156C524 		.ascii	"aV\305$nt.\223P\333\026m\002]\345>t\022f`b\3027\264"
 106      6E742E93 
 106      50DB166D 
 106      025DE53E 
 106      74126660 
 107 002b F58ECDB4 		.ascii	"\365\216\315\264\020\322A\261\204\020\012\231\3768\215"
 107      10D241B1 
 107      84100A99 
 107      FE388D
 108 003a 961A52B3 		.ascii	"\226\032R\263y\025\221 %m\214\012j\026\023(Vh\012\303"
 108      79159120 
 108      256D8C0A 
 108      6A161328 
 108      56680AC3 
 109 004e 13743CF7 		.ascii	"\023t<\367e\013\213\036\357\335{\317=\337\373\316\357"
 109      650B8B1E 
 109      EFDD7BCF 
 109      3DDFFBCE 
 109      EF
 110 005f 1C83FE7D 		.ascii	"\034\203\376}B\374\375\000Q\234w\030\004\221\177G\224"
 110      42FCFD00 
 110      519C7718 
 110      04917F47 
 110      94
 111 0070 F10B401F 		.ascii	"\361\013@\037\010\324/\320\2175\261)\220w\212\343\201"
ARM GAS  C:\Users\Simone\AppData\Local\Temp\cc8W2OzI.s 			page 8


 111      08D42FD0 
 111      8F35B129 
 111      90778AE3 
 111      81
 112 0081 9682526A 		.ascii	"\226\202Rjc\244\034\314\005]A\264%~\333\340>ZX2<\224"
 112      63A41CCC 
 112      055D41B4 
 112      257EDBE0 
 112      3E5A5832 
 113 0097 BB01E324 		.ascii	"\273\001\343$\210\317\317\246\267\337\006V\205+p\\\207"
 113      88CFCFA6 
 113      B7DF0656 
 113      852B705C 
 113      87
 114 00a8 CF4716C7 		.ascii	"\317G\026\307-\035\012S\207;c\213\327|\315\223J\015"
 114      2D1D0A53 
 114      873B638B 
 114      D77CCD93 
 114      4A0D
 115 00ba 38E55975 		.ascii	"8\345Yu\326t\205\201\0070\330\017\017\021\302\024B\304"
 115      D6748581 
 115      0730D80F 
 115      0F11C214 
 115      42C4
 116 00cc 5784229A 		.ascii	"W\204\"\232\265|3\273\373!`e\271v\323\356\237\262x\004"
 116      B57C33BB 
 116      FB216065 
 116      B976D3EE 
 116      9FB27804 
 117 00e0 8BC969E6 		.ascii	"\213\311i\346\230\243\352\365\311{\337\313\246\311\334"
 117      98A3EAF5 
 117      C97BDFCB 
 117      A6C9DC
 118 00ef FA0FAAB2 		.ascii	"\372\017\252\262@7\360M\010\275\033+\030h\322>s\205"
 118      4037F04D 
 118      08BD1B2B 
 118      1868D23E 
 118      7385
 119 0101 9D4118AD 		.ascii	"\235A\030\255\036\340\347\205\205\275#\341\273\214P"
 119      1EE0E785 
 119      85BD23E1 
 119      BB8C50
 120 0110 F9F8AAD7 		.ascii	"\371\370\252\327\311\336Q{\365:4H\3510\310A\213\323"
 120      C9DE517B 
 120      F53A3448 
 120      E930C841 
 120      8BD3
 121 0122 08D7D8EE 		.ascii	"\010\327\330\356\023^\336t\347\327s\215\207\260*\205"
 121      135EDE74 
 121      E7D7738D 
 121      87B02A85 
 122 0132 5A502B3C 		.ascii	"ZP+<\252-\201\277\240\0113\260\330\3431,N\374\\zs\335"
 122      AA2D81BF 
 122      A00933B0 
 122      D8E3312C 
 122      4EFC5C7A 
 123 0148 A7676172 		.ascii	"\247garNy\363\370Z]~\357\367\256H\207\267\226\327\247"
ARM GAS  C:\Users\Simone\AppData\Local\Temp\cc8W2OzI.s 			page 9


 123      4E79F3F8 
 123      5A5D7EEF 
 123      F7AE4887 
 123      B796D7A7 
 124 015c C4046E67 		.ascii	"\304\004ng\362\312\357\012\037\2360\312\254F\341\\m"
 124      F2CAEF0A 
 124      1F9E30CA 
 124      AC46E15C 
 124      6D
 125 016d B45A6A6C 		.ascii	"\264Zjl+\252lfcme\351\250+,\314a\002\277\270e\257\012"
 125      2BAA6C66 
 125      636D65E9 
 125      A82B2CCC 
 125      6102BFB8 
 126 0184 4B5E8C6E 		.ascii	"K^\214n\027\204,\261\304iuE\003\346\321\206p\350 \217"
 126      17842CB1 
 126      C4697545 
 126      03E6D186 
 126      70E8208F 
 127 0198 A790BA91 		.ascii	"\247\220\272\221/\310T^\327\374\032X\367Weh\036\025"
 127      2FC8545E 
 127      D7FC1A58 
 127      F7576568 
 127      1E15
 128 01aa BB9C8844 		.ascii	"\273\234\210D$\277\261x\242'\221\262\243\247\2432e\313"
 128      24BFB178 
 128      A22791B2 
 128      A3A7A332 
 128      65CB
 129 01bc 787752DA 		.ascii	"xwR\332}1i\247#1j\350\356\261\323\211\313\275\246^\316"
 129      7D3169A7 
 129      23316AE8 
 129      EEB1D389 
 129      CBBDA65E 
 130 01d1 FC4F7E25 		.ascii	"\374O~%\325\227\266\345\205\256\316\366S\262\243\343"
 130      D597B6E5 
 130      85AECEF6 
 130      53B2A3E3 
 131 01e1 9CEC3ADF 		.ascii	"\234\354:\337y5\312\006\027\223\311K\2218\355\003\367"
 131      7935CA06 
 131      1793C94B 
 131      9138ED03 
 131      F7
 132 01f2 06D11F   		.ascii	"\006\321\037"
 133              		.text
 134              		.section	.gnu.lto_stGetAlarm.ce91b29a,"",%progbits
 135 0000 789C754F 		.ascii	"x\234uO\315+\304Q\024\275\347\376\306\257\221\222\254"
 135      CD2BC451 
 135      14BDE7FE 
 135      C6AF9192 
 135      AC
 136 0011 342BA2AC 		.ascii	"4+\242\254\314k(\376\001\033eV\354,\304P#S#?\331\316"
 136      CC6B28FE 
 136      011B6556 
 136      EC2CC450 
 136      2353233F 
 137 0027 1B4DD642 		.ascii	"\033M\326B!\221b|\217\217%\033\037\033\312W6\246,\260"
ARM GAS  C:\Users\Simone\AppData\Local\Temp\cc8W2OzI.s 			page 10


 137      2191627C 
 137      8F8F251B 
 137      1F1BCA57 
 137      36A62CB0 
 138 003b 1845245F 		.ascii	"\030E$_5\315\202q\337d\203\274\336\353\276\363\316y"
 138      35CD8271 
 138      DF6483BC 
 138      DEEBBEF3 
 138      CE79
 139 004d F79E63D1 		.ascii	"\367\236c\321\337\345\221\323\015\242\026\251\260\010"
 139      DFE591D3 
 139      0DA216A9 
 139      B008
 140 005b 3C744A14 		.ascii	"<tJ\024u3`.\004\2120\"\270\347\027\306\326\332\373I"
 140      7533602E 
 140      048A3022 
 140      B8E717C6 
 140      D6DAFB49 
 141 006f C11D6798 		.ascii	"\301\035g\230JI\340\366\360\341\270m \\\006&/\306\223"
 141      4A49E0F6 
 141      F0E1B86D 
 141      205C0626 
 141      2FC693
 142 0082 F99571AD 		.ascii	"\371\225q\255\007\236\207wB\023\2433\3020\2751a\001"
 142      079E8777 
 142      4213A333 
 142      C230BD31 
 142      6101
 143 0094 1E2CC20C 		.ascii	"\036,\302\014\302\022*\215\366%\366\221,\260cZ\353\242"
 143      C2122A8D 
 143      F625F691 
 143      2CB0635A 
 143      EBA2
 144 00a6 0F262312 		.ascii	"\017&#\022n\031\266\370\240\365\342]\235\315\316N?\356"
 144      6E19B6F8 
 144      A0F5E25D 
 144      9DCDCE4E 
 144      3FEE
 145 00b8 B82C26D3 		.ascii	"\270,&\323\203Rr\214\233[\001R\255K\354oo\315g;\177"
 145      8352728C 
 145      9B5B0152 
 145      AD4BEC6F 
 145      6FCD673B 
 146 00cd 74BA998B 		.ascii	"t\272\231\213\344z\2741~\215 \254\300\226\001\253\260"
 146      E47ABC31 
 146      7E8D20AC 
 146      C09601AB 
 146      B0
 147 00de D36C823C 		.ascii	"\323l\202<\035\035\014\346\031\347\226\320:\347\376"
 147      1D1D0CE6 
 147      19E796D0 
 147      3AE7FE
 148 00ed 3A7576EE 		.ascii	":uv\356\316=\221\201cg\017\313<\205\311\350\220vg\330"
 148      CE3D9181 
 148      63670FCB 
 148      3C85C9E8 
 148      907667D8 
ARM GAS  C:\Users\Simone\AppData\Local\Temp\cc8W2OzI.s 			page 11


 149 0101 85844458 		.ascii	"\205\204DX3\021\204K\217\244\022\205U+:\026}>\376<\252"
 149      3311844B 
 149      8FA41285 
 149      552B3A16 
 149      7D3EFE3C 
 150 0116 C8701ED6 		.ascii	"\310p\036\3261\205W1\231\033$\222\275\221\3678\253\204"
 150      31855731 
 150      991B2492 
 150      BD91F738 
 150      AB84
 151 0128 48763D19 		.ascii	"Hv=\031\266\261\201*\224{\276ylB\321\025\2427\361l\211"
 151      B6B1812A 
 151      947BBE79 
 151      6C42D115 
 151      A237F16C 
 152 013d 319C3611 		.ascii	"1\2346\021%#L6\271\226y\275Jv \330\325\336\025v|\265"
 152      25234C36 
 152      B99679BD 
 152      4A7620D8 
 152      D5DE1576 
 153 0153 3E157654 		.ascii	">\025vT\260-\244\234\336\200r\372\274\001\252\373O\321"
 153      B02DA49C 
 153      DE8072FA 
 153      BC01AAFB 
 153      4FD1
 154 0165 13EEED73 		.ascii	"\023\356\355sTS\263\277\246Z56\326\253\346\006\177\277"
 154      5453B3BF 
 154      A65A3536 
 154      D6ABE606 
 154      7FBF
 155 0177 4FFEB486 		.ascii	"O\376\264\206B\035\336 }\001\023\272\242P"
 155      421DDE20 
 155      7D0113BA 
 155      A250
 156              		.text
 157              		.section	.gnu.lto_.symbol_nodes.ce91b29a,"",%progbits
 158 0000 789C55C8 		.ascii	"x\234U\310\273\021\200 \000D\301\307!3tk\011G\011\370"
 158      BB118020 
 158      0044C1C7 
 158      2133746B 
 158      094709F8 
 159 0014 21750CAC 		.ascii	"!u\014\254\307\032\254\3041\320@6\334\010\214|Te\250"
 159      C71AACC4 
 159      31D04036 
 159      DC088C7C 
 159      5465A8
 160 0027 27D86C7B 		.ascii	"'\330l{F\223\034\272\230eu\261\310\261\213U\036\376"
 160      46931CBA 
 160      986575B1 
 160      C8B18B55 
 160      1EFE
 161 0039 119A9CDE 		.ascii	"\021\232\234\336\240\224L$q\\w\340\001\306>\036\234"
 161      A0944C24 
 161      715C77E0 
 161      01C63E1E 
 161      9C
 162              		.text
ARM GAS  C:\Users\Simone\AppData\Local\Temp\cc8W2OzI.s 			page 12


 163              		.section	.gnu.lto_.refs.ce91b29a,"",%progbits
 164 0000 789C6366 		.ascii	"x\234cf```d\200\002\000\000=\000\005"
 164      60606064 
 164      80020000 
 164      3D0005
 165              		.text
 166              		.section	.gnu.lto_.decls.ce91b29a,"",%progbits
 167 0000 789CB557 		.ascii	"x\234\265W{L\024I\032\357\352\032\006\030\006\306\303"
 167      7B4C1449 
 167      1AEFEA1A 
 167      061806C6 
 167      C3
 168 0011 9CBB2197 		.ascii	"\234\273!\227;\026\023\342m\024\004o\365\334\\\262z"
 168      3B1613E2 
 168      6D14046F 
 168      F5DC5CB2 
 168      7A
 169 0022 685C9375 		.ascii	"h\\\223u\317\014^\262\211$\263\010\243\222\360\360\230"
 169      CF0C5EB2 
 169      8924B308 
 169      A392F0F0 
 169      98
 170 0033 E172FB5F 		.ascii	"\341r\373_\303\240\202ODp\005DGA@P\004\024YP\001q\345"
 170      C3A0824F 
 170      44700544 
 170      47414050 
 170      04145950 
 171 004a A1BC7451 		.ascii	"\241\274tQaU@|\242\240\203/@\224\271\257\252\272{\206"
 171      6155407C 
 171      A2A0832F 
 171      4094B9AF 
 171      AABA7B86 
 172 005e B9C1DB4D 		.ascii	"\271\301\333M\356:|\323\365U\375\276_}\217\352\356\017"
 172      EE3A7CD3 
 172      F555FDBE 
 172      5F7D8FEA 
 172      EE0F
 173 0070 CC719C19 		.ascii	"\314q\234\031q\234\025\256\33138\356\032\317qJ\230["
 173      719C15AE 
 173      D93338EE 
 173      1ACF714A 
 173      985B
 174 0082 CDD92EA2 		.ascii	"\315\331.\242\037\0079\013r\036\244\016\244\001\344"
 174      1F07390B 
 174      721EA40E 
 174      A401E4
 175 0091 47EE3F2F 		.ascii	"G\356?/\202\303\242\375%\220c\342</\2569\263!\274n\242"
 175      82C3A2FD 
 175      259063E2 
 175      3C2FAE39 
 175      B321BC6E 
 176 00a6 8D17881A 		.ascii	"\215\027\210\032\244\012\304\035\374r\005\271\013\343"
 176      A40AC41D 
 176      FC7205B9 
 176      0BE3
 177 00b4 16919707 		.ascii	"\026\221\227\007\375\025\334'DNb\353\001s\360\307\371"
 177      FD15DC27 
ARM GAS  C:\Users\Simone\AppData\Local\Temp\cc8W2OzI.s 			page 13


 177      444E62EB 
 177      0173F0C7 
 177      F9
 178 00c5 A0A9BCC4 		.ascii	"\240\251\274\304W\205\310+q\021\036dgO0\277s\260\343"
 178      5785C82B 
 178      71111E64 
 178      674F30BF 
 178      73B0E3
 179 00d8 C4187F89 		.ascii	"\304\030\177\211OH\364\211\027m~/\372\342\357\300I\362"
 179      4F48F489 
 179      176D7E2F 
 179      FAE2EFC0 
 179      49F2
 180 00ea E5FA2BB8 		.ascii	"\345\372+\270\010~\216\310\365\251\003\327\010\217\252"
 180      087E8EC8 
 180      F5A903D7 
 180      088FAA
 181 00f9 4B5FB579 		.ascii	"K_\265y<\346\221\227\312\227\2505\351\315\373\225\240"
 181      3CE69197 
 181      CA97A835 
 181      E9CDFB95 
 181      A0
 182 010a AA550AA2 		.ascii	"\252U\012\242\236\235\030\350R|\224)\300\225f\022f("
 182      9E9D18E8 
 182      527C9429 
 182      C0956612 
 182      6628
 183 011c D0EA59A8 		.ascii	"\320\352Y\250\020\371\240\"\344\003\214\307\320G\360"
 183      10F9A022 
 183      E4038CC7 
 183      D047F0
 184 012b BB56C198 		.ascii	"\273V\301\230\314U\311/\024\030\266\205q\336\376\273"
 184      CC55C92F 
 184      1418B685 
 184      71DEFEBB 
 185 013b 5DAAB9C5 		.ascii	"]\252\271\305`\226\"\3247#\333v\017K\037d\363\276\007"
 185      609622D4 
 185      3723DB76 
 185      0F4B1F64 
 185      F3BE07
 186 014e 057399A5 		.ascii	"\005s\231\245h\254G-4\013\365V\353\027\224\012\025#"
 186      68AC472D 
 186      340BF556 
 186      EB17940A 
 186      1523
 187 0160 8C4AD05C 		.ascii	"\214J\320\\\202$cj\202\216#_0k?h>\255\301\301\224\273"
 187      8224636A 
 187      828E235F 
 187      306B3F68 
 187      3EADC1C1 
 188 0176 AE76AC51 		.ascii	"\256v\254Q\205\377B\307;R\372[Tx9\035'\026\234\335\341"
 188      85FF42C7 
 188      3B52FA5B 
 188      5478391D 
 188      27169CDD 
 189 018b 0AAE7FA2 		.ascii	"\012\256\177\242\242;\365\345\214\347\273S\225\234H"
 189      A23BF5E5 
ARM GAS  C:\Users\Simone\AppData\Local\Temp\cc8W2OzI.s 			page 14


 189      8CE7BB53 
 189      959C48
 190 019a 0D4CF1CD 		.ascii	"\015L\361\315\017\205</\344\257\312\007\277,Ey\003_"
 190      0F853C2F 
 190      E4AFCA07 
 190      BF2C4579 
 190      035F
 191 01ac 9A8425E8 		.ascii	"\232\204%\350\024R\241\223\362\316\324\232\\)\202\220"
 191      1452A193 
 191      F2CED49A 
 191      5C298290 
 192 01bc 4462766F 		.ascii	"Dbvo\366\342\344\220Q\005\362\007\004\305\2422\230,"
 192      F6E2E490 
 192      5105F207 
 192      04C5A232 
 192      982C
 193 01ce 874920BE 		.ascii	"\207I \276\364\2566\331\005\251\374\235\033U:1\242."
 193      F4AE36D9 
 193      05A9FC9D 
 193      1B553A31 
 193      A22E
 194 01e0 3CDF9C3E 		.ascii	"<\337\234>K\020\024\3504\270Pjs\001<\222\362\305\017"
 194      4B1014E8 
 194      34B8506A 
 194      73013C92 
 194      F2C50F
 195 01f3 97A65722 		.ascii	"\227\246W\"\311\345\222\301\354\337\022|\025\340O\330"
 195      C9E592C1 
 195      ECDF127C 
 195      15E04FD8 
 196 0203 F0A7D107 		.ascii	"\360\247\321\007}>\343\324gT\276\2637\325U\001'\204"
 196      7D3EE3D4 
 196      6754BEB3 
 196      37D55501 
 196      2784
 197 0215 D2ADA5E5 		.ascii	"\322\255\245\345\356\351N\2353m\265\253i\265\177@b\271"
 197      EEE94E9D 
 197      336DB5AB 
 197      69B57F40 
 197      62B9
 198 0227 2B6B3A87 		.ascii	"+k:\207T\270\236\325\273\243\274\356\246\007\224\265"
 198      54B89ED5 
 198      BBA3BCEE 
 198      A60794B5 
 199 0237 1FCA5AB3 		.ascii	"\037\312Z\263\005g\011\346$a\322jE\324\012\325\330\025"
 199      056709E6 
 199      2461D26A 
 199      45D40AD5 
 199      D815
 200 0249 B6462AEC 		.ascii	"\266F*\354YZ\330\335\333\237l\346q\033c\271\222x1QI"
 200      595AD8DD 
 200      DB9F6CE6 
 200      711B63B9 
 200      92783151 
 201 025e 59CC67F3 		.ascii	"Y\314g\363\224\354h\320\223q\316\216\340\234Dp\236\022"
 201      94EC68D0 
 201      9371CE8E 
ARM GAS  C:\Users\Simone\AppData\Local\Temp\cc8W2OzI.s 			page 15


 201      E09C4470 
 201      9E12
 202 0270 9415596A 		.ascii	"\224\025Yj=q\017#\270]x\363:s\303\334#\023\020\017j"
 202      3D710F23 
 202      B85D78F3 
 202      3A73C3DC 
 202      2313100F 
 203 0285 ED086A25 		.ascii	"\355\010j%\202:J\360\303\265\256QW\373\240I:lQ\327O"
 203      823A4AF0 
 203      C3B5AE51 
 203      57FBA049 
 203      3A6C51D7 
 204 029a 39E327FA 		.ascii	"9\343'\372\307\236\252\361}\266[VVN0\335\254\177\374"
 204      C79EAAF1 
 204      7DB65B56 
 204      564E30DD 
 204      AC7FFC
 205 02ad 5EA3ED28 		.ascii	"^\243\355(\203\005\272`\267\337\005i\277\006\272\337"
 205      8305BA60 
 205      B7DF0569 
 205      BF06BADF 
 206 02bd 4FD9E9A7 		.ascii	"O\331\351\247\021~\316(\252r\30630\341\020,\023O'\227"
 206      117ECE28 
 206      AA72C633 
 206      30E1102C 
 206      134F2797 
 207 02d1 EC31A5E5 		.ascii	"\3541\245\345\013\375V\353\037\330\003q\321\216\345"
 207      0BFD56EB 
 207      1FD80371 
 207      D18EE5
 208 02e0 A2C4F223 		.ascii	"\242\304\362#e\351\335_\277M\241\336f+85\260\271}\011"
 208      65E9DD5F 
 208      BF4DA1DE 
 208      662B3835 
 208      B0B97D09 
 209 02f4 A9291AEE 		.ascii	"\251)\032\356\200n\034\254\335\245\246\017\271\240$"
 209      806E1CAC 
 209      DDA5A60F 
 209      B9A024
 210 0303 DB96D595 		.ascii	"\333\226\325\225\244\272\323\247\374[\2426To\315U\340"
 210      A4BAD3A7 
 210      FC5BA236 
 210      546FCD55 
 210      E0
 211 0314 5398BA34 		.ascii	"S\230\2724\334\220\377/\025\234$\323/;\310`\221\234"
 211      DC90FF2F 
 211      159C24D3 
 211      2F3BC860 
 211      919C
 212 0326 657D8D71 		.ascii	"e}\215q\0353\317\036?y\314\003_\024\225\254\246[\012"
 212      1D33CF1E 
 212      3F79CC03 
 212      5F1495AC 
 212      A65B0A
 213 0339 DCC494FC 		.ascii	"\334\304\224\374\314}\307]\350\246n\364\321\355\350"
 213      CC7DC75D 
 213      E8A66EF4 
ARM GAS  C:\Users\Simone\AppData\Local\Temp\cc8W2OzI.s 			page 16


 213      D1EDE8
 214 0348 DAED8E5B 		.ascii	"\332\355\216[\331ZA\306h\252\006_e\312\225\201\261\227"
 214      D95A41C6 
 214      68AA065F 
 214      65CA9581 
 214      B197
 215 035a 6A0A9C41 		.ascii	"j\012\234A\324\361\211\256\036\036w\261\265\3137\356"
 215      D4F189AE 
 215      1E1E77B1 
 215      B5CB37EE 
 216 036a 1E71C1DD 		.ascii	"\036q\301\335L\311\032mm\324P\340\307D\035\3151\231"
 216      4CC91A6D 
 216      6DD450E0 
 216      C7441DCD 
 216      3199
 217 037c 34B897AD 		.ascii	"4\270\227\255\231\013\337[\275\360}\246H/95{\311\035"
 217      990BDF5B 
 217      BDF07DA6 
 217      482F3935 
 217      7BC91D
 218 038f B8F0E4AA 		.ascii	"\270\360\344\252'\036dk/\007\222&\021\036fJ\321@{\272"
 218      271E646B 
 218      2F079226 
 218      111E664A 
 218      D1407BBA 
 219 03a3 2705CE21 		.ascii	"'\005\316!\352\241\214\361\020<\302\226jF\266\277r\303"
 219      EAA18CF1 
 219      103CC296 
 219      6A46B6BF 
 219      72C3
 220 03b5 AF99D237 		.ascii	"\257\231\3227\332\327\340Jq\363\211\232y\356@\272;\313"
 220      DAD7E04A 
 220      71F3899A 
 220      79EE40BA 
 220      3BCB
 221 03c7 2F5DDE55 		.ascii	"/]\336U\232\377\2229\206)\353\341\333\255\230\344T\220"
 221      9AFF9239 
 221      8629EBE1 
 221      DBAD98E4 
 221      5490
 222 03d9 8AA5B63F 		.ascii	"\212\245\266?b}\344\371Es|P/\313g\356\323\316b\215w"
 222      627DE4F9 
 222      45737C50 
 222      2FCB67EE 
 222      D3CE628D 
 223 03ee 1A850B82 		.ascii	"\032\205\013\202\257\221\276\037\356\000\274\223\302"
 223      AF91BE1F 
 223      EE00BC93 
 223      C2
 224 03fb FB91B764 		.ascii	"\373\221\267dD\320\337_/\262\270\332\243[>\204\336\266"
 224      44D0DF5F 
 224      2FB2B8DA 
 224      A35B3E84 
 224      DEB6
 225 040d 2FA311E1 		.ascii	"/\243\021\341q\026\305\365\304\2077x\374\236)\025yG"
 225      7116C5F5 
 225      C4873778 
ARM GAS  C:\Users\Simone\AppData\Local\Temp\cc8W2OzI.s 			page 17


 225      FC9E2915 
 225      7947
 226 041f CFB033B1 		.ascii	"\317\2603\261\204\206p\363\352uW\234\244`\371+O\033"
 226      848670F3 
 226      EA75579C 
 226      A460F92B 
 226      4F1B
 227 0431 F7A26B5F 		.ascii	"\367\242k_\022\265\245rg\275\012oak\357K\356\217\361"
 227      12B5A572 
 227      67BD0A6F 
 227      616BEF4B 
 227      EE8FF1
 228 0444 783B531E 		.ascii	"x;S\036\325\016\011<\005\256&j\357\360\316>7\274K1e"
 228      D50E093C 
 228      05AE266A 
 228      EFF0CE3E 
 228      37BC4B31 
 229 0459 032FB6C1 		.ascii	"\003/\266\301\266\355\345V\327\351\2232$%\345\2174'"
 229      B6EDE556 
 229      D7E99332 
 229      2425E58F 
 229      3427
 230 046b 89B947FB 		.ascii	"\211\271G\373\261\030\245Y\312\311S@\267Q\3640\215r"
 230      B118A559 
 230      CAC95340 
 230      B751F430 
 230      8D72
 231 047d 488A72A4 		.ascii	"H\212r\244;\271\303\303\036\335\362!t\333\233\242\\"
 231      3BB9C3C3 
 231      1EDDF221 
 231      74DB9BA2 
 231      5C
 232 048e 25CE605E 		.ascii	"%\316`^\246\234\313(`i\370\006\324Y\267:\266\236\364"
 232      A69CCB28 
 232      6069F806 
 232      D459B73A 
 232      B69EF4
 233 04a1 447EEC9A 		.ascii	"D~\354\232\351gw\371\373\231\205d\223\245\272\374\370"
 233      E96777F9 
 233      FB998564 
 233      93A5BAFC 
 233      F8
 234 04b2 A2EA0AA1 		.ascii	"\242\352\012\241>\031\323M\036\303#;\206f\332\236\231"
 234      3E19D34D 
 234      1EC3233B 
 234      8666DA9E 
 234      99
 235 04c3 41BAE3A7 		.ascii	"A\272\343\247\360\303\021\274\371\311\011e\363|\012"
 235      F0C311BC 
 235      F9C90965 
 235      F37C0A
 236 04d2 7DE4087D 		.ascii	"}\344\010}H\241\205H\306\376,c\257;bo8\320\266\313\320"
 236      48A18548 
 236      C6FE2C63 
 236      AF3B626F 
 236      38D0B6CB 
 237 04e7 0E4768A7 		.ascii	"\016Gh\247\003\364\216\014\375\331\021\332\343\350A"
ARM GAS  C:\Users\Simone\AppData\Local\Temp\cc8W2OzI.s 			page 18


 237      03F48E0C 
 237      FDD911DA 
 237      E3E841
 238 04f6 8F8CED72 		.ascii	"\217\214\355r\304\376\344\210\355\226\261\327\234c\251"
 238      C4FEE488 
 238      ED96B1D7 
 238      9C63A9
 239 0505 0B7BC483 		.ascii	"\013{\304\203\272\304\310\241FXo\242K\004\015\257\025"
 239      BAC4C8A1 
 239      46586FA2 
 239      4B040DAF 
 239      15
 240 0516 B499F747 		.ascii	"\264\231\367Go\221\037\032\007\021x?4\001\367W \211"
 240      6F911F1A 
 240      0711783F 
 240      3401F757 
 240      2089
 241 0528 301E85FB 		.ascii	"0\036\205\373\033\220\227 \357A\222a\3565\334'A\222"
 241      1B909720 
 241      EF419261 
 241      EE35DC27 
 241      4192
 242 053a 606C0279 		.ascii	"`l\002y\007\343\027 # [@\267\"?\372\326\244\016^\221"
 242      07E31720 
 242      23205B40 
 242      B7223FFA 
 242      D6A40E5E 
 243 054f 1DBCE2E8 		.ascii	"\035\274\342\350\340\034\207X.\313\320\313N\241\266"
 243      E01C8758 
 243      2ECBD0CB 
 243      4EA1B6
 244 055e 6CB6C9C8 		.ascii	"l\266\311\310vGd\233c\206\006e\354\003\347\265\267\321"
 244      7647649B 
 244      63860665 
 244      EC03E7B5 
 244      B7D1
 245 0570 DE92A137 		.ascii	"\336\222\2417\235\227\336\216\266W\306\336r\304\336"
 245      9D97DE8E 
 245      B657C6DE 
 245      72C4DE
 246 057f 9E429B68 		.ascii	"\236B\233h\036\236\007\310g\310\033=\027\221\322C\201"
 246      1E9E07C8 
 246      67C81B3D 
 246      1791D243 
 246      81
 247 0590 2C0E0EB4 		.ascii	",\016\016\264\312\244\255\316\343\262A;d\350U\347gO"
 247      CAA4ADCE 
 247      E3B2413B 
 247      64E855E7 
 247      674F
 248 05a2 F635D1DC 		.ascii	"\3665\321\334G\034\270\013\016\014\210P\351M%\272j\027"
 248      471CB80B 
 248      0E0C8850 
 248      E94D25BA 
 248      6A17
 249 05b4 D66399F6 		.ascii	"\326c\231\366\236#\355}G\354m\031\333\355\374LSoI\023"
 249      9E23ED7D 
ARM GAS  C:\Users\Simone\AppData\Local\Temp\cc8W2OzI.s 			page 19


 249      47EC6D19 
 249      DBEDFC4C 
 249      536F4913 
 250 05c8 D5DF7242 		.ascii	"\325\337rB) \002\341\244o+'\037\221\376\241\023\355"
 250      292002E1 
 250      A46F2B27 
 250      1F91FEA1 
 250      13ED
 251 05da F021674C 		.ascii	"\360!gLO\234?\312lWh\315\232,\325\223\030\315\364wv"
 251      4F9C3FCA 
 251      6C5768CD 
 251      9A2CD593 
 251      18CDF477 
 252 05ef A2510A1C 		.ascii	"\242Q\012\034\344\377\367\241\246\341<\213qC[\371\231"
 252      E4FFF7A1 
 252      A6E13C8B 
 252      71435BF9 
 252      99
 253 0600 A8D9D60F 		.ascii	"\250\331\326\017\222\330\244~\373\374\241\306\021\327"
 253      92D8A47E 
 253      FBFCA1C6 
 253      11D7
 254 060e 297D0201 		.ascii	")}\002\001\333^\263\251<\353\023\340\016\350}\225\217"
 254      DB5EB3A9 
 254      3CEB13E0 
 254      0EE87D95 
 254      8F
 255 061f 4271177B 		.ascii	"Bq\027{\021>O\3524yBkR_f\231()\015O7\011\25451\273\321"
 255      113E4FEA 
 255      3479426B 
 255      525F6699 
 255      28290D4F 
 256 063a 8E6A1B6F 		.ascii	"\216j\033o\353M`\314z\223\355<\351M\232Kr\277\305\217"
 256      EB4D60CC 
 256      7A93ED3C 
 256      E94D9A4B 
 256      72BFC58F 
 257 064e 288BE2DE 		.ascii	"(\213\342\336\201\2623\032\344\357\343C;\330\024\350"
 257      81B2331A 
 257      E4EFE343 
 257      3BD814E8 
 258 065e B7D37815 		.ascii	"\267\323x\025\332!\032\260k?\314\217}A\026`\350F\357"
 258      DA211AB0 
 258      6B3FCC8F 
 258      7D411660 
 258      E846EF
 259 0671 B493B5A4 		.ascii	"\264\223\265\244\013\370c\016\315\245\337\000\264\023"
 259      0BF8630E 
 259      CDA5DF00 
 259      B413
 260 067f B2489638 		.ascii	"\262H\2268\264\233\367A\273x\372Y\030\330;\222\352\242"
 260      B49BF741 
 260      BB78FA59 
 260      18D83B92 
 260      EAA2
 261 0691 12D129FF 		.ascii	"\022\321)\377\015\235\223v-\213\265A\033\211:Tant\243"
 261      0D9D9376 
ARM GAS  C:\Users\Simone\AppData\Local\Temp\cc8W2OzI.s 			page 20


 261      2D8BB541 
 261      1B893A54 
 261      616E74A3 
 262 06a5 AF7A4FDA 		.ascii	"\257zO\332>l\266\244\252\250\252\246\352\213\222\011"
 262      3E6CB6A4 
 262      AAA8AAA6 
 262      EA8B9209 
 263 06b5 C5F4DFA7 		.ascii	"\305\364\337\247L^\374>e0\356\326\335\227\272\325\266"
 263      4C5EFC3E 
 263      6530EED6 
 263      DD97BAD5 
 263      B6
 264 06c6 CF30A271 		.ascii	"\3170\242q\246\303\336{y\002\337\307{KF\004]\362\270"
 264      A6C3DE7B 
 264      7902DFC7 
 264      7B4B4604 
 264      5DF2B8
 265 06d9 F2246F8F 		.ascii	"\362$o\217\336\363!\364\203\364L\013\306C\254.i\025"
 265      DEF321F4 
 265      83F44C0B 
 265      C643AC2E 
 265      6915
 266 06eb B91BF06B 		.ascii	"\271\033\360k6n{\271{B9\373\260\320i\266\024\3256\242"
 266      366E7BB9 
 266      7B4239FB 
 266      B0D069B6 
 266      14D536A2 
 267 06ff C4B47EA0 		.ascii	"\304\264~\240#=/\372\236\367F\373\241D\320e\333\361"
 267      233D2FFA 
 267      9EF746FB 
 267      A144D065 
 267      DBF1
 268 0711 6691BCA3 		.ascii	"f\221\274\243\002\304s(\233\237M\376O{]U\345\202M.\354"
 268      02C47328 
 268      9B9F4DFE 
 268      4F7B5D55 
 268      E5824D2E 
 269 0726 2B9F7D68 		.ascii	"+\237}h\253F\252\370\251)\025'\315e\216]\305s\244\212"
 269      AB46AAF8 
 269      A9291527 
 269      CD658E5D 
 269      C573A48A 
 270 073a 1FA015BF 		.ascii	"\037\240\025\277s\265\270\330\013g2\232\306g\355\227"
 270      73B5B8D8 
 270      0B67329A 
 270      C667ED97 
 271 074a 5594C63C 		.ascii	"U\224\306<x\2245\341u\302'\364\320\344\332Q\344J\024"
 271      789435E1 
 271      75C227F4 
 271      D0E4DA51 
 271      E44A14
 272 075d 072985F4 		.ascii	"\007)\205\364\335\365\242\337]\364(\255\350$\353\001"
 272      DDF5A2DF 
 272      5DF428AD 
 272      E824EB01 
 273 076d 3D88BAF3 		.ascii	"=\210\272\363\355H\033k@TD};\336\224\250\234\2766G\244"
 273      ED481B6B 
ARM GAS  C:\Users\Simone\AppData\Local\Temp\cc8W2OzI.s 			page 21


 273      4054447D 
 273      3BDE94A8 
 273      9CBE3647 
 274 0782 DA1C66B5 		.ascii	"\332\034f\265iN.\356\360t\254\315!\310\212\231f%\217"
 274      694E2EEE 
 274      F074ACCD 
 274      21C88A99 
 274      66258F
 275 0795 66FB8894 		.ascii	"f\373\210\224\355\311!k\213\306\2616\323\242M\367L\017"
 275      EDC9216B 
 275      8BC6B136 
 275      D3A24DF7 
 275      4C0F
 276 07a7 BD70010B 		.ascii	"\275p\001\013\375\316\326w{5b=\3164\331\327#_\254\007"
 276      FDCED677 
 276      7B35623D 
 276      CE34D9D7 
 276      235FAC07 
 277 07bb FCCF61C7 		.ascii	"\374\317a\307u\324V\217\002Z\217f\363\350\035\015>\315"
 277      75D4568F 
 277      025A8F66 
 277      F3E81D0D 
 277      3ECD
 278 07cd D8926A   		.ascii	"\330\222j"
 279 07d0 120B5CA4 		.ascii	"\022\013\\\244z\324\255\334kW\017\362?F\241]2\013\245"
 279      7AD4ADDC 
 279      6B570FF2 
 279      3F46A15D 
 279      320BA5
 280 07e3 6416D164 		.ascii	"d\026\321d\266UV\354@\370\022\243\351+o.\220\016\311"
 280      B65556EC 
 280      40F812A3 
 280      E92B6F2E 
 280      900EC9
 281 07f6 1BA74E35 		.ascii	"\033\247N5Lq\352\230\315\251b~6\2474\030W\306F\031\225"
 281      4C71EA98 
 281      CDA9627E 
 281      36A73418 
 281      57C64619 
 282 080b 2BBEFEBB 		.ascii	"+\276\376\273o\010\367I@@ \374El\214Z\027\025g\010Z"
 282      6F08F749 
 282      404020FC 
 282      456C8C5A 
 282      17156708 
 283 0820 18141867 		.ascii	"\030\024\030g\010\334\030\036\035h\210\217\0104\030"
 283      08DC181E 
 283      1D68888F 
 283      083418
 284 082f 03223877 		.ascii	"\003\"8w\303w\006cT\214^gtK\210\2125.\010\326\031U:"
 284      C3770663 
 284      548C5E67 
 284      744B888A 
 284      352E08D6 
 285 0846 9D345C1F 		.ascii	"\2354\\\037\361y\03056\030\023\"\243\342\302\214qq\321"
 285      F1791835 
 285      36181322 
 285      A3E2C28C 
ARM GAS  C:\Users\Simone\AppData\Local\Temp\cc8W2OzI.s 			page 22


 285      7171D1
 286 0859 86B00DB1 		.ascii	"\206\260\015\261\011\276t\344\033\036\037\343\253\217"
 286      09BE74E4 
 286      1B1E1FE3 
 286      AB8F
 287 0867 59A78F8C 		.ascii	"Y\247\217\214\324G\206\375)`\261o\360\374\240\317\376"
 287      D44786FD 
 287      2960B16F 
 287      F0FCA0CF 
 287      FE
 288 0878 B1200CE6 		.ascii	"\261 \014\346\347\305\306\305\352\347\351\303\327E\205"
 288      E7C5C6C5 
 288      EAE7E9C3 
 288      D74585
 289 0887 45C54644 		.ascii	"E\305FD'D\352\303b\302\201+V\037\246\213\324\257\017"
 289      2744EAC3 
 289      62C2812B 
 289      561FA68B 
 289      D4AF0F
 290 089a 4F8836EA 		.ascii	"O\2106\352\214\337m\322\033\0026rk\377\247\333@Da:\203"
 290      8CDF6DD2 
 290      1B023672 
 290      6BFFA7DB 
 290      4044613A 
 291 08af 31126200 		.ascii	"1\022b\000\356\271\316R\020o\014\024\321\260@2 :\242"
 291      EEB9CE52 
 291      106F0C14 
 291      D1B04032 
 291      203AA2
 292 08c2 3618438D 		.ascii	"6\030C\215\341\361\306\245\321@\355A\224\270Mt\254\202"
 292      E1F1C6A5 
 292      D140ED41 
 292      94B84D74 
 292      AC82
 293 08d4 B1DE280D 		.ascii	"\261\336(\015W\350e\204.::R\027\005\031_4]\2527\305"
 293      57E86584 
 293      2E3A3A52 
 293      1705195F 
 293      345DAA37 
 294 08e9 C51B0D81 		.ascii	"\305\033\015\201\241kV-\010\016\374\352\253e\201kV\256"
 294      A16B562D 
 294      080EFCEA 
 294      AB65816B 
 294      56AE
 295 08fb FA675020 		.ascii	"\372gP \263\204-\201#\206\244:*Fg\304!\332 \220`E\350"
 295      B3842D81 
 295      2386A43A 
 295      2A4667C4 
 295      21DA2090 
 296 0912 AA10AD62 		.ascii	"\252\020\255b\331\312\345Z>T\213\227\257\320\272\204"
 296      D9CAE55A 
 296      3E548B97 
 296      AFD0BA84 
 297 0922 84ACD206 		.ascii	"\204\254\322\006\321\337`EH\310r-\016\371z\015^\035"
 297      D1DF6045 
 297      48C8722D 
 297      0EF97A0D 
ARM GAS  C:\Users\Simone\AppData\Local\Temp\cc8W2OzI.s 			page 23


 297      5E1D
 298 0934 1A82976A 		.ascii	"\032\202\227j\265X\033\002:\030\374u\331\032-^F,W-\325"
 298      B5581B02 
 298      3A18FC75 
 298      D91A2D5E 
 298      462C572D 
 299 0949 F27F6356 		.ascii	"\362\177cV\013\000\377\215\366\363_\353\235\350\023"
 299      0B00FF8D 
 299      F6F35FEB 
 299      9DE813
 300 0958 38E82D06 		.ascii	"8\350-\006i \211\321\205\223\270\025\021\033\303\343"
 300      692089D1 
 300      8593B815 
 300      111BC3E3 
 301 0968 DD74BAF5 		.ascii	"\335t\272\365\011\261\021:\235\2474\010X\270x\341\237"
 301      09B1113A 
 301      9DA73408 
 301      58B878E1 
 301      9F
 302 0979 7F23C3E3 		.ascii	"\177#\303\34361\364\014iF/\232\333\033,\372LZ\336\340"
 302      3631F40C 
 302      69462F9A 
 302      DB1B2CFA 
 302      4C5ADEE0 
 303 098d 7479F1BF 		.ascii	"ty\361\277\001\341\321\321\311"
 303      01E1D1D1 
 303      C9
 304              		.text
 305              		.section	.gnu.lto_.symtab.ce91b29a,"",%progbits
 306 0000 7374496E 		.ascii	"stInit\000\000\000\000\000\000\000\000\000\000\000\000"
 306      69740000 
 306      00000000 
 306      00000000 
 306      0000
 307 0012 AC000000 		.ascii	"\254\000\000\000stStartAlarm\000\000\000\000\000\000"
 307      73745374 
 307      61727441 
 307      6C61726D 
 307      00000000 
 308 0028 00000000 		.ascii	"\000\000\000\000\000\000\273\000\000\000stStopAlarm"
 308      0000BB00 
 308      00007374 
 308      53746F70 
 308      416C6172 
 309 003d 00000000 		.ascii	"\000\000\000\000\000\000\000\000\000\000\000\000\275"
 309      00000000 
 309      00000000 
 309      BD
 310 004a 00000073 		.ascii	"\000\000\000stSetAlarm\000\000\000\000\000\000\000\000"
 310      74536574 
 310      416C6172 
 310      6D000000 
 310      00000000 
 311 005f 00000000 		.ascii	"\000\000\000\000\277\000\000\000stGetAlarm\000\000\000"
 311      BF000000 
 311      73744765 
 311      74416C61 
ARM GAS  C:\Users\Simone\AppData\Local\Temp\cc8W2OzI.s 			page 24


 311      726D0000 
 312 0074 00000000 		.ascii	"\000\000\000\000\000\000\000\000\000\302\000\000\000"
 312      00000000 
 312      00C20000 
 312      00
 313 0081 73745F6C 		.ascii	"st_lld_init\000\000\002\000\000\000\000\000\000\000"
 313      6C645F69 
 313      6E697400 
 313      00020000 
 313      00000000 
 314 0096 0000C400 		.ascii	"\000\000\304\000\000\000"
 314      0000
 315              		.text
 316              		.section	.gnu.lto_.opts,"",%progbits
 317 0000 272D666E 		.ascii	"'-fno-trapv' '-mcpu=cortex-m4' '-mno-thumb-interwor"
 317      6F2D7472 
 317      61707627 
 317      20272D6D 
 317      6370753D 
 318 0033 6B272027 		.ascii	"k' '-mthumb' '-ggdb' '-O2' '-fomit-frame-pointer' '"
 318      2D6D7468 
 318      756D6227 
 318      20272D67 
 318      67646227 
 319 0066 2D66616C 		.ascii	"-falign-functions=16' '-ffunction-sections' '-fdata"
 319      69676E2D 
 319      66756E63 
 319      74696F6E 
 319      733D3136 
 320 0099 2D736563 		.ascii	"-sections' '-fno-common' '-flto'\000"
 320      74696F6E 
 320      73272027 
 320      2D666E6F 
 320      2D636F6D 
 321              		.text
 322              		.comm	__gnu_lto_v1,1,1
 323              		.comm	__gnu_lto_slim,1,1
 324              		.ident	"GCC: (GNU Tools for ARM Embedded Processors) 4.9.3 20150529 (release) [ARM/embedded-4_9-br
ARM GAS  C:\Users\Simone\AppData\Local\Temp\cc8W2OzI.s 			page 25


DEFINED SYMBOLS
                            *ABS*:00000000 st.c
                            *COM*:00000001 __gnu_lto_v1
                            *COM*:00000001 __gnu_lto_slim

NO UNDEFINED SYMBOLS
