ARM GAS  C:\Users\Simone\AppData\Local\Temp\cc5oBSvv.s 			page 1


   1              		.syntax unified
   2              		.cpu cortex-m4
   3              		.fpu softvfp
   4              		.eabi_attribute 20, 1
   5              		.eabi_attribute 21, 1
   6              		.eabi_attribute 23, 3
   7              		.eabi_attribute 24, 1
   8              		.eabi_attribute 25, 1
   9              		.eabi_attribute 26, 1
  10              		.eabi_attribute 30, 2
  11              		.eabi_attribute 34, 1
  12              		.eabi_attribute 18, 4
  13              		.thumb
  14              		.file	"st_lld.c"
  15              		.text
  16              	.Ltext0:
  17              		.section	.gnu.lto_.profile.ce91a1b9,"",%progbits
  18 0000 789C6366 		.ascii	"x\234cf```a\200\000F\006K\031\000\001\002\000^"
  18      60606061 
  18      80004606 
  18      4B190001 
  18      02005E
  19              		.text
  20              		.section	.gnu.lto_.jmpfuncs.ce91a1b9,"",%progbits
  21 0000 789C6366 		.ascii	"x\234cf\300\016L\2414\023\230d\0042\230>21\356\370\364"
  21      C00E4CA1 
  21      34139864 
  21      0432983E 
  21      3231EEF8 
  22 0015 763ED70B 		.ascii	"v>\327\013\246\237L\0142\014\214\313\031\245\030@\202"
  22      A69F4C0C 
  22      320C8CCB 
  22      19A51840 
  22      82
  23 0026 3716BE99 		.ascii	"7\026\276\231\306\013\026\344``\\\001\024d\000\000g"
  23      C60B16E4 
  23      60605C01 
  23      14640000 
  23      67
  24 0037 480DE7   		.ascii	"H\015\347"
  25              		.text
  26              		.section	.gnu.lto_.inline.ce91a1b9,"",%progbits
  27 0000 789C6366 		.ascii	"x\234cf\300\016\254\2404\023\003\003\217(#\003\023\337"
  27      C00EACA0 
  27      34130303 
  27      8F282303 
  27      13DF
  28 0012 BD0006B6 		.ascii	"\275\000\006\266\005\362L 1F.8\301 \"\003\224\224yp"
  28      05F24C20 
  28      31462E38 
  28      C1202203 
  28      94947970 
  29 0026 8B112ECB 		.ascii	"\213\021.\313\314\003\326\305\000\000\257\256\005`"
  29      CC03D6C5 
  29      0000AFAE 
  29      0560
  30              		.text
ARM GAS  C:\Users\Simone\AppData\Local\Temp\cc5oBSvv.s 			page 2


  31              		.section	.gnu.lto_.pureconst.ce91a1b9,"",%progbits
  32 0000 789C6366 		.ascii	"x\234cf```e\200\000&\006+F)\000\001Y\000`"
  32      60606065 
  32      80002606 
  32      2B462900 
  32      01590060 
  33              		.text
  34              		.section	.gnu.lto_VectorB0.ce91a1b9,"",%progbits
  35 0000 789C8D54 		.ascii	"x\234\215TmhSW\030~\337snn\322\244?\212\277\264H\023"
  35      6D685357 
  35      187EDF73 
  35      6E6ED2A4 
  35      3F8ABFB4 
  36 0016 905184B5 		.ascii	"\220Q\204\265w\235\242\340\037\031\016A0\010\326\377"
  36      779DA2E0 
  36      1F190E41 
  36      3008D6FF 
  37 0026 5263A085 		.ascii	"Rc\240\205\324H\322\026\375!\2364\265\2269\2458\267"
  37      D448D216 
  37      FD219E34 
  37      B59639A5 
  37      38B7
  38 0038 5547756E 		.ascii	"UGunv_\335\352\234\233\233\361+S\033\253\255\3261?\360"
  38      765FDDEA 
  38      9C9B9BF1 
  38      2B531BAB 
  38      ADD6313F 
  39 004d 73DD6665 		.ascii	"s\335fe2\225~m5t3\276\357I\2265i;\026n\356=\347<\357"
  39      32957E6D 
  39      357433BE 
  39      EF499635 
  39      693B166E 
  40 0066 F3BECF79 		.ascii	"\363\276\317y\237s\257\204\251\277\005\364\0376\000"
  40      9F73AF84 
  40      A9BF05F4 
  40      1F3600
  41 0075 662100DA 		.ascii	"f!\000\332\000E\353\025\200\210C\010\031+\001\3454n"
  41      0045EB15 
  41      80884308 
  41      192B01E5 
  41      346E
  42 0087 58A00A25 		.ascii	"X\240\012%\032\351e\003\221\007\200\260UH\003\267\342"
  42      1AE96503 
  42      910780B0 
  42      554803B7 
  42      E2
  43 0098 23312CB0 		.ascii	"#1,\2605\336\331\346*\355PJ\015\215L\030\333f'\005\300"
  43      35DED9E6 
  43      2AED504A 
  43      0D8D4C18 
  43      DB662705 
  44 00ad A848E7C7 		.ascii	"\250H\347\307\217\261\024(f\270\351\357\233.\263\211"
  44      8FB11428 
  44      66B8E9EF 
  44      9B2EB389 
  45 00bd 628AD218 		.ascii	"b\212\322\030~\202&\325\204\303\263\342*\225\372\360"
  45      7E8226D5 
ARM GAS  C:\Users\Simone\AppData\Local\Temp\cc5oBSvv.s 			page 3


  45      84C3B3E2 
  45      2A95FAF0 
  46 00cd C05F29C3 		.ascii	"\300_)\303)!)\320\340\033\300\003\012\342Z\203B\360"
  46      292129D0 
  46      E01BC003 
  46      0AE25A83 
  46      42F0
  47 00df 53DEC6B3 		.ascii	"S\336\306\263\307\216\214\237\2631o\\HJ\371\264\367"
  47      C78E8C9F 
  47      B3316F5C 
  47      484AF9B4 
  47      F7
  48 00f0 42B3ED37 		.ascii	"B\263\3557\221\024\202\262*\203\253\374\364\240\377"
  48      911482B2 
  48      2A83ABFC 
  48      F4A0FF
  49 00ff 07875E02 		.ascii	"\007\207^\002\236\356}\243g\217l\307\3670)$~\212\305"
  49      9EEE7DA3 
  49      678F6CC7 
  49      F7302924 
  49      7E8AC5
  50 0112 F819166B 		.ascii	"\370\031\026k\340\203\247\361\271e\235\252\211\000\003"
  50      E083A7F1 
  50      B9659DAA 
  50      890003
  51 0121 3BB11D47 		.ascii	";\261\035G\264\\\374\034\313\3406F\2375\367\311t\035"
  51      B45CFC1C 
  51      CBE03646 
  51      9F35F7C9 
  51      741D
  52 0133 235D6ADF 		.ascii	"#]j\337\315\3011\311yQ\000~AI\256c\323\255hq&\206\002"
  52      CDC131C9 
  52      7951007E 
  52      4149AE63 
  52      D3AD6871 
  53 014a 221F9D78 		.ascii	"\"\037\235x\323\256\003(K\027W\001\226.!V\302\312\207"
  53      D3AE0328 
  53      4B175701 
  53      962E2156 
  53      C2CA87
  54 015d 86C67FD5 		.ascii	"\206\306\177\325\312'\211\212(\025\237\377\237\302\016"
  54      CA27898A 
  54      28159FFF 
  54      9FC20E
  55 016c FF2BEC4B 		.ascii	"\377+\354K,\233\274=2\014\217\020\345\0066\0261m\264"
  55      2C9BBC3D 
  55      320C8F10 
  55      E5063616 
  55      316DB4
  56 017f 53ED9172 		.ascii	"S\355\221r\011\362\370x\327\330e\027\007\331<<\215\355"
  56      09F2F878 
  56      D7D86517 
  56      07D93C3C 
  56      8DED
  57 0191 EE693379 		.ascii	"\356i3yj\352\016\375~\355`\207s\336A\245\032\207Z\242"
  57      6AEA0EFD 
  57      7EED6087 
ARM GAS  C:\Users\Simone\AppData\Local\Temp\cc5oBSvv.s 			page 4


  57      73DE41A5 
  57      1A875AA2 
  58 01a5 0F7DBBA3 		.ascii	"\017}\273\243\352\020\015SK\335Ia\307\257P\2227x\224"
  58      EA100D53 
  58      4BDD4961 
  58      C7AF5092 
  58      377894
  59 01b8 047D9DD9 		.ascii	"\004}\235\331\003\025\372\006\347\021\361\347\235\177"
  59      0315FA06 
  59      E711F1E7 
  59      9D7F
  60 01c6 1C45CE63 		.ascii	"\034E\316c\367\000\036#\364\0166\376r}\373\30363\307"
  60      F7001E23 
  60      F40E36FE 
  60      727DFBC3 
  60      3633C7
  61 01d9 DD818EE7 		.ascii	"\335\201\216\347\363\265\267\243\002s}\0378\320\333"
  61      F3B5B7A3 
  61      02737D1F 
  61      38D0DB
  62 01e8 3D5B027E 		.ascii	"=[\002~\313\230\310\303N\357J\230\200\3371$\363\240"
  62      CB98C8C3 
  62      4EEF4A98 
  62      80DF3124 
  62      F3A0
  63 01fa D6C4981D 		.ascii	"\326\304\230\035\3608CF.\024\277Z\302\342\000c\014\332"
  63      F0384346 
  63      2E14BF5A 
  63      C2E20063 
  63      0CDA
  64 020c F28F199E 		.ascii	"\362\217\031\236@\223\344\237\344s\2060\216\334\300"
  64      4093E49F 
  64      E4738630 
  64      8EDCC0
  65 021b C7CFDE92 		.ascii	"\307\317\336\222\356\026\321\256\332<I\341`\306\333"
  65      EE16D1AE 
  65      DA3C49E1 
  65      60C6DB
  66 022a 7726224E 		.ascii	"w&\"N\203\272\214\247\320\255=\330\267\355\335\275\205"
  66      83BA8CA7 
  66      D0AD3DD8 
  66      B7EDDDBD 
  66      85
  67 023b B482A7D1 		.ascii	"\264\202\247\321\320;\005<\203l\362\245\355\357\377"
  67      D03B053C 
  67      836CF2A5 
  67      EDEFFF
  68 024a 69B87764 		.ascii	"i\270wd\330\005\034{\365q\"V\240\331qf\343\367t|\357"
  68      D8051C7B 
  68      F5712256 
  68      A0D97166 
  68      E3F7747C 
  69 025f 6274607F 		.ascii	"bt`\177o\337\234\334mtg\373bN\021zV\013=\207\032\331"
  69      6FDF9CDC 
  69      6D7467FB 
  69      624E117A 
  69      560B3D87 
ARM GAS  C:\Users\Simone\AppData\Local\Temp\cc5oBSvv.s 			page 5


  70 0275 FFE3AE2E 		.ascii	"\377\343\256.\261eB\265(GR8G\311\026\206\361<n\241\027"
  70      B16542B5 
  70      28475238 
  70      47C91686 
  70      F13C6EA1 
  71 028a C395B53C 		.ascii	"\303\225\265<\307\310\221\377ed\26762{\210\354\264\224"
  71      C7C891FF 
  71      6564B736 
  71      327B88EC 
  71      B494
  72 029c 98D9C8C1 		.ascii	"\230\331\310\301\254`G\276\221;\372\331\310\013\214"
  72      AC6047BE 
  72      913BFAD9 
  72      C80B8C
  73 02ab 154C31F2 		.ascii	"\025L1\362\036\211\355a\310\231od\363s2\362\"C\256<"
  73      1E89ED61 
  73      C8996F64 
  73      F37332F2 
  73      2243AE3C 
  74 02bf 23DF71B3 		.ascii	"#\337q\2638\300K\323\033\331\253\373\3237\311\310CO"
  74      38C04BD3 
  74      1BD9ABFB 
  74      D337C9C8 
  74      434F
  75 02d1 0662E63F 		.ascii	"\006b\346?\036%\264G\227\265G\371\206\\!C\370M4\364"
  75      1E25B447 
  75      97B547F9 
  75      865C2143 
  75      F84D34F4 
  76 02e5 4784AD39 		.ascii	"G\204\2559\237B\336\326t\255.$B\177\246\317\3671\022"
  76      9F42DED6 
  76      74AD2E24 
  76      427FA6CF 
  76      F73112
  77 02f8 4FADD291 		.ascii	"O\255\322\221\300_#\344\004\224wqy\271E\227\257\272"
  77      C05F23E4 
  77      04947771 
  77      79B94597 
  77      AFBA
  78 030a 665D4D30 		.ascii	"f]M0\\\261\250\302\012\206\255\352\252\200\2651\030"
  78      5CB1A8C2 
  78      0A86ADEA 
  78      AA80B531 
  78      18
  79 031b AA0B5B95 		.ascii	"\252\013[\225k\274\013^\265V\256|\335Z\263\302\333P"
  79      6BBC0B5E 
  79      B556AE7C 
  79      DD5AB3C2 
  79      DB50
  80 032d 6185EBD6 		.ascii	"a\205\353\326\006\002\353\313}`k\250\012\324\373+\246"
  80      0602EBCB 
  80      7D606BA8 
  80      0AD4FB2B 
  80      A6
  81 033e 6387EA32 		.ascii	"c\207\3522\344\327V{\227y7\021\352\013\206\374k\033"
  81      E4D7567B 
  81      97793711 
ARM GAS  C:\Users\Simone\AppData\Local\Temp\cc5oBSvv.s 			page 6


  81      EA0B86FC 
  81      6B1B
  82 0350 16D79657 		.ascii	"\026\327\226W\303\302\351\030\376Mu\3262o\345\212J\253"
  82      C3C2E918 
  82      FE4D75D6 
  82      326FE58A 
  82      4AAB
  83 0362 66832F50 		.ascii	"f\203/P\277\336oi\206\257vy\375\006\037\221Jg\022\031"
  83      BFDE6F69 
  83      86AF7679 
  83      FD061F91 
  83      4A671219 
  84 0376 0CD38DEA 		.ascii	"\014\323\215\352\361s\2468\202\263Y\253\303\233\303"
  84      F173A638 
  84      82B359AB 
  84      C39BC3
  85 0385 1457E4AD 		.ascii	"\024W\344\255\\\355YW\025\366o\014\325\274\354y\351"
  85      5CED5957 
  85      15F66F0C 
  85      D5BCEC79 
  85      E9
  86 0396 151021B0 		.ascii	"\025\020!\260\327\372k\203\241\315\360\0029\026\034"
  86      D7FA6B83 
  86      A1CDF002 
  86      39161C
  87 03a5 C1       		.ascii	"\301"
  88              		.text
  89              		.section	.gnu.lto_st_lld_init.ce91a1b9,"",%progbits
  90 0000 789C9D94 		.ascii	"x\234\235\224KL\023A\030\307\347?\335\335\026\352\373"
  90      4B4C1341 
  90      18C7E73F 
  90      DDDD16EA 
  90      FB
  91 0011 A40D8907 		.ascii	"\244\015\211\007\017\\,\033\324h<\232p1\201\023\334"
  91      0F5C2C1B 
  91      D4683C9A 
  91      70318113 
  91      DC
  92 0022 8DE20112 		.ascii	"\215\342\001\022\022\214%\336\010\333X\0101\306\000"
  92      128C25DE 
  92      08DB5808 
  92      31C600
  93 0031 3546A3D5 		.ascii	"5F\243\325\2501\202\310C\224\212\342c\305\007(\002\222"
  93      A83182C8 
  93      43948AE2 
  93      63C50728 
  93      0292
  94 0043 1A21C8E3 		.ascii	"\032!\310\343\202\006\022!\013\250\2701\202\363\315"
  94      82061221 
  94      0BA8B831 
  94      82F3CD
  95 0052 96227281 		.ascii	"\226\"r\201n\2663\333\371f\177\277\357\333\231]\027"
  95      6EB633DB 
  95      F9667FBF 
  95      EFDB995D 
  95      17
  96 0063 5B7DF8C4 		.ascii	"[}\370\304/Ke\354\240\350\341b\340U\275\214\005=\034"
ARM GAS  C:\Users\Simone\AppData\Local\Temp\cc5oBSvv.s 			page 7


  96      2F4B65EC 
  96      A0E8E162 
  96      E055BD8C 
  96      053D1C
  97 0076 A00B0656 		.ascii	"\240\013\006V\306Q\206I>\303Qe\326_\364\246\3372\014"
  97      C6518649 
  97      3EC35165 
  97      D65FF4A6 
  97      DF320C
  98 0089 C36A09EF 		.ascii	"\303j\011\357(\337ns\306\346\270\203\301m\24431g&\364"
  98      28DF6E73 
  98      C6E6B883 
  98      C16DA433 
  98      316726F4 
  99 009d 67C0AB85 		.ascii	"g\300\253\205\304\234-N\014\265\320 \372\246m\246\261"
  99      C49C2D4E 
  99      0CB5D020 
  99      FAA66DA6 
  99      B1
 100 00ae B878F3CA 		.ascii	"\270x\363\312\331\210\272\2253\233\013\227hTj4j\030"
 100      D988BA95 
 100      339B0B97 
 100      68546A34 
 100      6A18
 101 00c0 1B17D3C9 		.ascii	"\033\027\323\311\371\205s\352]C\350\210\316|\334G\200"
 101      F98573EA 
 101      5D43E888 
 101      CE7CDC47 
 101      80
 102 00d1 794EFE5F 		.ascii	"yN\376_\355#1e\202\333\234\033V\245\241\220nl\274\257"
 102      ED233165 
 102      82DB9C1B 
 102      56A5A190 
 102      6E6CBCAF 
 103 00e5 DF238718 		.ascii	"\337#\207\030\375\255X\030\263\325\010.\303\346.\324"
 103      FDAD5818 
 103      B3D5082E 
 103      C3E62ED4 
 104 00f5 C1873BF0 		.ascii	"\301\207;\360\311@u\315\217p\252\277\336\010\005=6W"
 104      C94075CD 
 104      8F70AABF 
 104      DE08053D 
 104      3657
 105 0107 508F0866 		.ascii	"P\217\010fe\346\270\013?\033\302\351\357\232\343q9\252"
 105      65E6B80B 
 105      3F1BC2E9 
 105      EF9AE371 
 105      39AA
 106 0119 CEC8448B 		.ascii	"\316\310D\213T\001\014\015\002\"\222\251\001MY\207\245"
 106      54010C0D 
 106      022292A9 
 106      014D5987 
 106      A5
 107 012a 71D9D204 		.ascii	"q\331\322\004\277`\023%Z\375IqT\252\270c\276vrP\346"
 107      BF601325 
 107      5AFD4971 
 107      54AAB863 
ARM GAS  C:\Users\Simone\AppData\Local\Temp\cc5oBSvv.s 			page 8


 107      BE767250 
 108 013f AF1A6695 		.ascii	"\257\032f\225\261iEI\252d\366\204\373\"pd\032\232\205"
 108      B1694549 
 108      AA64F684 
 108      FB227064 
 108      1A9A85
 109 0152 EC5E5C56 		.ascii	"\354^\\V\331\365s\312\263,k\2212z\322\270\277\262$R"
 109      D9F573CA 
 109      B32C6B91 
 109      327AD2B8 
 109      BFB22452 
 110 0166 ADAA61AD 		.ascii	"\255\252a\255\330\007\313\330V\252A#\212e\015\204\334"
 110      D807CBD8 
 110      56AA4123 
 110      8A650D84 
 110      DC
 111 0177 71D07477 		.ascii	"q\320twg\205J\351\272\305\232\377\267(nI\274t\246\353"
 111      67854AE9 
 111      BAC59AFF 
 111      B7286E49 
 111      BC74A6EB 
 112 018b BC4BA882 		.ascii	"\274K\250\202\206a\356\264\271\007Q\241{\030\327\335"
 112      8661EEB4 
 112      B90751A1 
 112      7B18D7DD 
 113 019b 9836D3C8 		.ascii	"\2306\323\310\006\222\265I\231\3345\217\340\027\321"
 113      0692B549 
 113      99DC358F 
 113      E017D1
 114 01aa D6AFA39F 		.ascii	"\326\257\243\237\275DR\372\0161<vj\260\232\207\023\366"
 114      BD4452FA 
 114      0E313C76 
 114      6AB09A87 
 114      13F6
 115 01bc B5B3DB25 		.ascii	"\265\263\333%\333E\354'\222\275p:\026\205d/\212c3\303"
 115      DB45EC27 
 115      92BD703A 
 115      1685642F 
 115      8A6333C3 
 116 01d0 D338DE4A 		.ascii	"\3238\336J\006\377L\342\025\302?\227\370\304C\020c0"
 116      06FF4CE2 
 116      15C23F97 
 116      F8C44310 
 116      6330
 117 01e2 97321F59 		.ascii	"\2272\037Y7:\005/$Z\354\006\212|h\257\233\203\336 \226"
 117      373A052F 
 117      245AEC06 
 117      8A7C68AF 
 117      9B83DE20 
 118 01f7 C7DC4DDE 		.ascii	"\307\334M\336\016\370\261\313'\367\330K\350\011\221"
 118      0EF8B1CB 
 118      27F7D84B 
 118      E80991
 119 0206 B57E9182 		.ascii	"\265~\221\202WR\244\021\353\265\300&\222\036M\202\365"
 119      5752A411 
 119      EBB5C026 
 119      921E4D82 
ARM GAS  C:\Users\Simone\AppData\Local\Temp\cc5oBSvv.s 			page 9


 119      F5
 120 0217 46B2DCC4 		.ascii	"F\262\334\304\352\374\207e%\303\352\222,\017\261\336"
 120      EAFC8765 
 120      25C3EA92 
 120      2C0FB1DE 
 121 0227 0A56C352 		.ascii	"\012V\303R^cI\260\336IV\012\261\272\343\254a\224\233"
 121      5E6349B0 
 121      DE49560A 
 121      B1BAE3AC 
 121      61949B
 122 023a E1987C31 		.ascii	"\341\230|1h\372\325\330\271F^\372\333\2504\304\013\220"
 122      68FAD5D8 
 122      B9465EFA 
 122      DBA834C4 
 122      0B90
 123 024c 3A477B1F 		.ascii	":G{\037\357QJ\241\266\331\251k\251\264\246\3364\206"
 123      EF514AA1 
 123      B6D9A96B 
 123      A9B4A6DE 
 123      3486
 124 025e 1EF8C4D0 		.ascii	"\036\370\304\320\340\365o\0276\312!\017C/|6\337\300"
 124      E0F56F17 
 124      36CA210F 
 124      432F7C36 
 124      DFC0
 125 0270 461134FB 		.ascii	"F\0214\373s%\217\321g\015\3649\023\273\372@F\206.\316"
 125      73258FD1 
 125      670DF439 
 125      13BBFA40 
 125      46862ECE 
 126 0284 FC82C263 		.ascii	"\374\202\302c\205\305\201\314\375\231zq@/8Z\244\237"
 126      85C581CC 
 126      FD997A71 
 126      402F385A 
 126      A49F
 127 0296 283E5912 		.ascii	"(>Y\022\320s\363r\366\356\321\263\263\263\364\274\303"
 127      D073F372 
 127      F6EED1B3 
 127      B3B3F4BC 
 127      C3
 128 02a7 39A732F5 		.ascii	"9\2472\365@\311\221\242\242\343\031\371\354/\352\024"
 128      40C991A2 
 128      A2E319F9 
 128      EC2FEA14 
 129 02b7 E494     		.ascii	"\344\224"
 130              		.text
 131              		.section	.gnu.lto_.symbol_nodes.ce91a1b9,"",%progbits
 132 0000 789C4DC8 		.ascii	"x\234M\310\253\021\2000\024D\321\233}\021tA\023tE\021"
 132      AB118030 
 132      1444D19B 
 132      7D117441 
 132      13744511 
 133 0014 0F05367C 		.ascii	"\017\0056|4C\023t\200\246\212H\212 3 \262\253\3165\240"
 133      34431374 
 133      80A68A48 
 133      8A203320 
 133      B2ABCE35 
ARM GAS  C:\Users\Simone\AppData\Local\Temp\cc5oBSvv.s 			page 10


 134 0029 E79F921C 		.ascii	"\347\237\222\034\322\015\356\354G\203fy\250CX\344\372"
 134      D20DEEEC 
 134      47836679 
 134      A84358E4 
 134      FA
 135 003a 02C350BC 		.ascii	"\002\303P\274\312\255\366&\217\225\255<\237\235!\256"
 135      CAADF626 
 135      8F95AD3C 
 135      9F9D21AE 
 136 004a F1692D44 		.ascii	"\361i-D\362\364\264\274\0134\034}"
 136      F2F4B4BC 
 136      0B341C7D 
 137              		.text
 138              		.section	.gnu.lto_.refs.ce91a1b9,"",%progbits
 139 0000 789C6366 		.ascii	"x\234cf```d\200\002\000\000=\000\005"
 139      60606064 
 139      80020000 
 139      3D0005
 140              		.text
 141              		.section	.gnu.lto_.decls.ce91a1b9,"",%progbits
 142 0000 789CCD58 		.ascii	"x\234\315X{PT\327\031\337s\317\262\260\313\313B\232"
 142      7B5054D7 
 142      19DF73CF 
 142      B2B0CBCB 
 142      429A
 143 0012 B44E674A 		.ascii	"\264NgJ\354\324$m\"\002\246i\373O\243\013\032\246\222"
 143      ECD4246D 
 143      2202A669 
 143      FB4FA30B 
 143      1AA692
 144 0025 308BC974 		.ascii	"0\213\311t\032f6\004\326\310\224\207\20155\375\243\275"
 144      1A663604 
 144      D6C89487 
 144      813535FD 
 144      A3BD
 145 0037 82517C20 		.ascii	"\202Q| \210F\361\201\242\240 \210 \250AE\036F\336\202"
 145      8846F181 
 145      A2A02088 
 145      20A84145 
 145      1E46DE82 
 146 004b 284F4505 		.ascii	"(OE\005\037\001\004AP\014 \272\333\357\234s\357\335"
 146      1F010441 
 146      500C20BA 
 146      DBEF9C73 
 146      EFDD
 147 005d CBCD6ADB 		.ascii	"\313\315j\333\231v\246w\370\355\275\3379\277\363;\337"
 147      9976A677 
 147      F8EDBDDF 
 147      39BFF33B 
 147      DF
 148 006e F9CEB9E7 		.ascii	"\371\316\271\347~\007\254R\251\336C*\225\025\2563\263"
 148      7E07AC52 
 148      A9DE432A 
 148      9515AE33 
 148      B3
 149 007f 552A4F07 		.ascii	"U*O\007\225\012CY0\000\212UE*vA\261\352\004\340\024"
 149      950A4359 
ARM GAS  C:\Users\Simone\AppData\Local\Temp\cc5oBSvv.s 			page 11


 149      30008A55 
 149      452A7641 
 149      B1EA04E0 
 150 0094 A0147006 		.ascii	"\240\024p\006P\241\372\341E8.B\373W\001\030D\020\340"
 150      50A1FAE1 
 150      45382E42 
 150      FB570118 
 150      4410E0
 151 00a7 5B787613 		.ascii	"[xv\023\352\210\2463\224\315\002\374\010P,\3645\002"
 151      EA88A633 
 151      94CD02FC 
 151      08502CF4 
 151      3502
 152 00b9 7015343C 		.ascii	"p\0254<\241\340\307\200W\000?\005\374\034\360*b\375"
 152      A1E0C780 
 152      57003F05 
 152      FC1CF02A 
 152      62FD
 153 00cb FE02EEBF 		.ascii	"\376\002\356\277\004\274\006x\0031\177\224\327)AK\364"
 153      04BC0678 
 153      03317F94 
 153      D729414B 
 153      F4
 154 00dc 230E782B 		.ascii	"#\016x+\005?\376\001\367\277#\233o\335P\306#\346\327"
 154      053FFE01 
 154      F7BF239B 
 154      6FDD50C6 
 154      23E6D7
 155 00ef 39800EF0 		.ascii	"9\200\016\3601\330\177\003X\340\371\001`\014\360\024"
 155      31D87F03 
 155      58E0F901 
 155      600CF014 
 156 00ff F018F008 		.ascii	"\360\030\360\0100\015\030\007pB_\366b1\306\241\323\307"
 156      300D1807 
 156      70425FF6 
 156      6231C6A1 
 156      D3C7
 157 0111 C69B9C07 		.ascii	"\306\233\234\0078\344\246\363\"\346\231\264\272t\015"
 157      38E4A6F3 
 157      22E699B4 
 157      BA740D
 158 0120 982E3A35 		.ascii	"\230.:51+\312'kt\230C\3449+\375V\233\356\315<\236\347"
 158      312BCA27 
 158      6B749843 
 158      E4392BFD 
 158      569BEECD 
 159 0137 93F8CA2E 		.ascii	"\223\370\312.d\223\330\234\324[\257\303\036\224\264"
 159      6493D89C 
 159      D45BAFC3 
 159      1E94B4
 160 0146 E6F0D9CD 		.ascii	"\346\360\331\315\216\320\376U\035\255\352\3313\225\255"
 160      8ED0FE55 
 160      1DADEAD9 
 160      3395AD
 161 0155 A526993E 		.ascii	"\245&\231>w(\342\352\372\370,74W\227\015B\243\347\322"
 161      7728E2EA 
 161      FAF82C37 
ARM GAS  C:\Users\Simone\AppData\Local\Temp\cc5oBSvv.s 			page 12


 161      3457970D 
 161      42A3E7D2 
 162 0169 6A7EC6F3 		.ascii	"j~\306\363jT\210t(\037a\224\207\336$\241&\255\311\225"
 162      6A548874 
 162      281F6194 
 162      87DE24A1 
 162      26ADC995 
 163 017d C4F3097C 		.ascii	"\304\363\011|j\"\257\255sS\241\0344\033\345\242\331"
 163      6A22AFAD 
 163      7353A11C 
 163      341BE5A2 
 163      D9
 164 018e 2A740CCD 		.ascii	"*t\014\315\005\006\345\242\243PX\000\205 \\\375\264"
 164      0506E5A2 
 164      A3505800 
 164      85205CFD 
 164      B4
 165 019f 7CAD03D2 		.ascii	"|\255\003\322\315\265\337\350\270\235F\324\205\315_"
 165      CDB5DFE8 
 165      B89D46D4 
 165      85CD5F
 166 01ae A5BD4C5C 		.ascii	"\245\275L\\(\002\027\216\330\\\000\217\230\017\244\002"
 166      2802178E 
 166      D85C008F 
 166      980FA402 
 167 01be 467276FA 		.ascii	"Frv\372v\233\372\225\257\241\005\321\236\245F\301/K"
 167      769BFA95 
 167      AFA105D1 
 167      9EA546C1 
 167      2F4B
 168 01d0 E22A548C 		.ascii	"\342*T\214^\201\337\217\325, \343\225-\035\030\367\""
 168      5E81DF8F 
 168      D52C20E3 
 168      952D1D18 
 168      F722
 169 01e2 1A918492 		.ascii	"\032\221\204\222\252\365\316^\373\370\314\242\321\253"
 169      AAF5CE5E 
 169      FBF8CCA2 
 169      D1AB
 170 01f0 FD13DA5D 		.ascii	"\375\023\332]|f\002o\261Z\021m\204J\244\036U\344\231"
 170      7C66026F 
 170      B15A116D 
 170      844AA41E 
 170      55E499
 171 0203 F5780279 		.ascii	"\365x\002yA\303\326\335i'\020>\300\202\1776u\333-\027"
 171      41C3D6DD 
 171      6927103E 
 171      C0827F36 
 171      75DB2D17 
 172 0217 AAD2BBA7 		.ascii	"\252\322\273\247\336T\271\226\177j\265b&qR&qR\2248E"
 172      DE54B996 
 172      7F6AB562 
 172      26715226 
 172      71529438 
 173 022c 257286CE 		.ascii	"%r\206\316\344iq\001\223\270\320\236\353\015\012\275"
 173      E4697101 
 173      93B8D09E 
ARM GAS  C:\Users\Simone\AppData\Local\Temp\cc5oBSvv.s 			page 13


 173      EB0D0ABD 
 174 023c FC68D2D0 		.ascii	"\374h\322\320\304\242\255\211\251\331|\257\325\372s"
 174      C4A2AD89 
 174      A9D97CAF 
 174      D5FA73
 175 024b 26F28D4C 		.ascii	"&\362\215L\344\033Q\244\224\212l\260\216\224\352\360"
 175      E41B51A4 
 175      948A6CB0 
 175      8E94EAF0 
 176 025b 4326925D 		.ascii	"C&\222]\3259\350@U\212\222\223\217q\273\370\003\362"
 176      D539E840 
 176      558A9293 
 176      8F71BBF8 
 176      03F2
 177 026d D19C96A9 		.ascii	"\321\234\226\251\234\026U\316P\225\244\202\2422\255"
 177      9C1655CE 
 177      5095A482 
 177      A232AD
 178 027c 9A63F124 		.ascii	"\232c\361$\221\202\262\335-G\367\270Heg\021-,Hy|\301"
 178      9182B2DD 
 178      2D47F7B8 
 178      48656711 
 178      2D2C4879 
 179 0292 E5B9813E 		.ascii	"\345\271\201>G\003]\206\204H\027\267\345\357\323\341"
 179      47035D86 
 179      844817B7 
 179      E5EFD3E1 
 180 02a2 024C7D6B 		.ascii	"\002L}k\253X\223\253a\276Y\232>\223\271\006\215P\271"
 180      AB5893AB 
 180      61BE599A 
 180      3E93B906 
 180      8D50B9
 181 02b5 CCB572D1 		.ascii	"\314\265r\321\265\012\352Z\315\275\362-.\364\025\340"
 181      B50AEA5A 
 181      CDBDF22D 
 181      2EF415E0 
 182 02c5 3544A7A8 		.ascii	"5D\247\250\"\177\203\226\276\003\237\020\363\374\351"
 182      227F8396 
 182      BE039F10 
 182      F3FCE9
 183 02d4 F5196AFC 		.ascii	"\365\031j\374\220\3651|>{\265\016VX\342\277\267\302"
 183      90F5317C 
 183      3E7BB50E 
 183      5658E2BF 
 183      B7C2
 184 02e6 A0C5DA5D 		.ascii	"\240\305\332]\326\307\030[X\363\335S\205G\234q\202\232"
 184      D6C7185B 
 184      58F3DD53 
 184      85479C71 
 184      829A
 185 02f8 19BB6ABB 		.ascii	"\031\273j\273\325x\0353\262\277\336q\324\201v\352D\337"
 185      D5781D33 
 185      B2BFDE71 
 185      D48176EA 
 185      44DF
 186 030a A94B6D29 		.ascii	"\251Km)Z\274\211\325\035\336>\261\301\035\2472\243\361"
 186      5ABC89D5 
ARM GAS  C:\Users\Simone\AppData\Local\Temp\cc5oBSvv.s 			page 14


 186      1DDE3EB1 
 186      C11DA732 
 186      A3F1
 187 031c F6E42317 		.ascii	"\366\344#\027J\234E\314\251\351\266\253\034\336\306"
 187      4A9C45CC 
 187      A9E9B6AB 
 187      1CDEC6
 188 032b EA1A3A6E 		.ascii	"\352\032:n\035t\300;\231\261k\342b\215;%\376\204\230"
 188      1D74C03B 
 188      99B16BE2 
 188      628D3B25 
 188      FE8498
 189 033e 137B1213 		.ascii	"\023{\022\023\335q\006\253\313\314yfu\303Y\314\020\267"
 189      DD7106AB 
 189      CBCC7966 
 189      75C359CC 
 189      10B7
 190 0350 0017B605 		.ascii	"\000\027\266\005\354\255\032\274\354\212sY\335\243\333"
 190      ECAD1ABC 
 190      EC8A7359 
 190      DDA3DB
 191 035f 0916848F 		.ascii	"\011\026\204\2172#\367vs\232+%\276N\314\375\333\247"
 191      3223F776 
 191      739A2B25 
 191      BE4ECCFD 
 191      DBA7
 192 0371 F4B88855 		.ascii	"\364\270\210U\235\031\3334\356\204O0\243g\242\347\274"
 192      9D19DB34 
 192      EE844F30 
 192      A367A2E7 
 192      BC
 193 0382 23E5CD27 		.ascii	"#\345\315'\346\327e{\323\264,\276\264z\313\261\354G"
 193      E6D7657B 
 193      D3B42CBE 
 193      B47ACBB1 
 193      EC47
 194 0394 CC314C55 		.ascii	"\3141LU\017\\\277\210ILy!\246P!\233\361\253\344ED\257"
 194      0F5CBF88 
 194      494C7921 
 194      A650219B 
 194      F1ABE445 
 195 03aa CF465D2C 		.ascii	"\317F],\236\031C-y\356\036\251\224\316\363^f\272v:\201"
 195      9E19432D 
 195      79EE1EA9 
 195      94CEF35E 
 195      66BA763A 
 196 03bf DE40E9D7 		.ascii	"\336@\351\327\220\207\330\210\260w\266\347\216:\312"
 196      9087D888 
 196      B077B6E7 
 196      8E3ACA
 197 03ce D9DFBE88 		.ascii	"\331\337\276\210\275q\307\366\032\204K\331(\332\327"
 197      BD71C7F6 
 197      1A844BD9 
 197      28DAD7
 198 03dd F47570B8 		.ascii	"\364up\270\214\031\305Y\207N\2615\361.\035B\347\345"
 198      8C19C559 
 198      874EB135 
ARM GAS  C:\Users\Simone\AppData\Local\Temp\cc5oBSvv.s 			page 15


 198      F12E1D42 
 198      E7E5
 199 03ef 76475C25 		.ascii	"vG\\%\304\357x\352\224\033\255{\217\230\365'\223+u\270"
 199      C4EF78EA 
 199      941BAD7B 
 199      8F98F527 
 199      932B75B8 
 200 0403 9AD53DCB 		.ascii	"\232\325=\313\277;\311\341\006f\364\227\337\3479J\014"
 200      BF3BC9E1 
 200      0666F497 
 200      DFE7394A 
 200      0C
 201 0414 26E6CDE1 		.ascii	"&\346\315\341\344\036'\3344\263\0037\326\301\306M\307"
 201      E41E27DC 
 201      34B30337 
 201      D6C1C64D 
 201      C7
 202 0425 AD8ECF0F 		.ascii	"\255\216\317\017J\237\030\2247hL\326d\034\352\305\302"
 202      4A9F1894 
 202      37684CD6 
 202      641CEAC5 
 202      C2
 203 0436 2833C598 		.ascii	"(3\305\230|\007\354Z\312\356\247\243\354\023G9\326\265"
 203      7C07EC5A 
 203      CAEEA7A3 
 203      EC134739 
 203      D6B5
 204 0448 F692B39C 		.ascii	"\366\222\263\234\375\355\213\330M\337\347fhp+\3632\251"
 204      FDED8BD8 
 204      4DDFE766 
 204      68702BF3 
 204      32A9
 205 045a 6CFB6116 		.ascii	"l\373a\026\206?\201\371r\367\245\365\205\256h\016\273"
 205      863F81F9 
 205      72F7A5F5 
 205      85AE680E 
 205      BB
 206 046b 3CE7C8AE 		.ascii	"<\347\310\256\271s2\371\265\211\243\245%G\3379]\314"
 206      B97332F9 
 206      B589A3A5 
 206      2547DF39 
 206      5DCC
 207 047d 57AEC5B4 		.ascii	"W\256\305\264\223\333\360\022>D\236\266w\346\016\355"
 207      93DBF012 
 207      3E449EB6 
 207      77E60EED 
 208 048d F157F0A3 		.ascii	"\361W\360\243\"\374\314\301\002M\335|J\275\245\244\366"
 208      22FCCCC1 
 208      024DDD7C 
 208      4ABDA5A4 
 208      F6
 209 049e 526A0E92 		.ascii	"Rj\016\222\270\327$\356%%\267E!\333,Q\353\225\324\006"
 209      B8D724EE 
 209      2525B745 
 209      21DB2C51 
 209      EB95D406 
 210 04b2 05F58644 		.ascii	"\005\365\206DmSR[\225\036\\\225\270\315Jn\223\222\333"
ARM GAS  C:\Users\Simone\AppData\Local\Temp\cc5oBSvv.s 			page 16


 210      6D53525B 
 210      951E5C95 
 210      B8CD4A6E 
 210      9392DB
 211 04c5 25712FDA 		.ascii	"%q/\332\347R\027\266\012\013\365]\263\012UB}\025\255"
 211      E75217B6 
 211      0A0BF55D 
 211      B30A5542 
 211      7D15AD
 212 04d8 226CD856 		.ascii	"\"l\330V\220\025v\230q4\007=\002<\001<\006\214\000\246"
 212      90157698 
 212      7134073D 
 212      023C013C 
 212      068C00A6 
 213 04ec 01638051 		.ascii	"\001c\200Q\3000`\002`\001<\000L\002\236\002\236\001"
 213      C0306002 
 213      60013C00 
 213      4C029E02 
 213      9E01
 214 04fe BE07DC07 		.ascii	"\276\007\334\007\014\001xn\016\232Bs\350>H\035l\224"
 214      0C01786E 
 214      0E9A4273 
 214      E83E481D 
 214      6C94
 215 0510 1CAC563A 		.ascii	"\034\254V:\370\272b,\015\022\365\202]\252-\232M\022"
 215      F8BA622C 
 215      0D12F582 
 215      5DAA2D9A 
 215      4D12
 216 0522 B34EC9AC 		.ascii	"\263N\311\254UF\350\236\304\355\261?\3676\331n\211z"
 216      5546E89E 
 216      C4EDB13F 
 216      F736D96E 
 216      897A
 217 0534 D9FED4CB 		.ascii	"\331\376\324\313doJ\334v%\267c\206\354\232\314\341\267"
 217      646F4ADC 
 217      7625B763 
 217      86EC9ACC 
 217      E1B7
 218 0546 8039803C 		.ascii	"\2009\200<\320=\201)\276\024hP\341\300EI\264\306\376"
 218      D03D8129 
 218      BE146850 
 218      E1C04549 
 218      B4C6FE
 219 0559 B86CD44B 		.ascii	"\270l\324K\022\265\321\376\332\223|]\223\331C\034\350"
 219      12B5D1FE 
 219      DA937C5D 
 219      93D9431C 
 219      E8
 220 056a 0607AE0B 		.ascii	"\006\007\256\013Tq\247\022\\\225\015k@\222\275\241\224"
 220      5471A712 
 220      5C950D6B 
 220      4092BDA1 
 220      94
 221 057b BDA9E45E 		.ascii	"\275\251\344^\227\270W\354\257i\352-\311\206z\353\013"
 221      97B857EC 
 221      AF69EA2D 
ARM GAS  C:\Users\Simone\AppData\Local\Temp\cc5oBSvv.s 			page 17


 221      C9867AEB 
 221      0B
 222 058c 343C2214 		.ascii	"4<\"\024\225\370\265TIK\244\367~A\263\013/(\335\265"
 222      95F8B554 
 222      494BA4F7 
 222      7E41B30B 
 222      2F28DDB5 
 223 05a0 FF2AB35E 		.ascii	"\377*\263^!\033\253\035=\015\337<\317\271\366V4J\340"
 223      211BAB1D 
 223      3D0DDF3C 
 223      CFB9F656 
 223      344AE0
 224 05b3 E6FECF17 		.ascii	"\346\376\317\0275\035\316H\264\023Z\303y\242\363\266"
 224      351DCE48 
 224      B4135AC3 
 224      79A2F3B6 
 225 05c3 C48E8C4D 		.ascii	"\304\216\214M\314\\\317\355\257\031st\331hK\030)\331"
 225      CC5CCFED 
 225      AF197374 
 225      D9684B18 
 225      29D9
 226 05d5 B6CD2672 		.ascii	"\266\315&r.4O\200;\260\353\3623>\301\333\034\310F\250"
 226      2E344F80 
 226      3BB0EBF2 
 226      333EC1DB 
 226      1CC846A8 
 227 05e9 BEB3B7E8 		.ascii	"\276\263\267\350\224;\232;{6\315c\223\370wQ\022\247"
 227      943B9A3B 
 227      7B36CD63 
 227      93F87751 
 227      12A7
 228 05fb 436B392C 		.ascii	"Ck9,\313\256\323\241|\362\017\244\002\036\235\350\235"
 228      CBAED3A1 
 228      7CF20FA4 
 228      021E9DE8 
 228      9D
 229 060c E6A6A369 		.ascii	"\346\246\243i<\376\211\012\275Iwo\364\025\304\202T\251"
 229      3CFE890A 
 229      BD49776F 
 229      F415C482 
 229      54A9
 230 061e D07A6E36 		.ascii	"\320zn6Z\307\315\226\177\344\335\330G~w\347w\343\230"
 230      5AC7CD96 
 230      7FE4DDD8 
 230      477E77E7 
 230      77E398
 231 0631 6EBB1C31 		.ascii	"n\273\0341\367\015\354\330\255\265m\340\210\366\275"
 231      F70DECD8 
 231      ADB56DE0 
 231      88F6BD
 232 0640 015A6FE4 		.ascii	"\001Zo\344\210\327\2338\333\006N\014\362\201\250,hu"
 232      88D79B38 
 232      DB064E0C 
 232      F281A82C 
 232      6875
 233 0652 A47ABFA5 		.ascii	"\244z\277\245\271@V\357\020\242z\216\304L\373\252\264"
 233      B94056EF 
ARM GAS  C:\Users\Simone\AppData\Local\Temp\cc5oBSvv.s 			page 18


 233      10A27A8E 
 233      C44CFBAA 
 233      B4
 234 0663 947DC068 		.ascii	"\224}\300h\376\223\235=\272\303\365\371\337\236\024"
 234      FE939D3D 
 234      BAC3F5F9 
 234      DF9E14
 235 0672 4EF8F66C 		.ascii	"N\370\366la\276\016'\016\025hl\237X\346\315f\360&\231"
 235      61BE0E27 
 235      0E15686C 
 235      9F58E6CD 
 235      66F02699 
 236 0686 7A934ABD 		.ascii	"z\223J\275\241\215\250A>|\351\225\033\3253\302N\222"
 236      A18DA841 
 236      3E7CE995 
 236      1BD533C2 
 236      4E92
 237 0698 475B0F5B 		.ascii	"G[\017[\205\260o\245a/\337Wg\321\341t\032wT:4\220\240"
 237      85B06FA5 
 237      612FDF57 
 237      67D1E174 
 237      1A77543A 
 238 06af 851CAFB2 		.ascii	"\205\034\257\262h\264\373d\266\177\325\241u|\035_\011"
 238      68B4FB64 
 238      B67FD5A1 
 238      757C1D5F 
 238      09
 239 06c0 59DEFECA 		.ascii	"Y\336\376\312YT%\215\263\345yi\302t\240m\034\311\363"
 239      5954258D 
 239      B3E57969 
 239      C274A06D 
 239      1CC9F3
 240 06d3 0E0DE43F 		.ascii	"\016\015\344?\300\270\225\011=l\355\232t\242BE\311M"
 240      C0B89509 
 240      3D6CED9A 
 240      74A24245 
 240      C94D
 241 06e5 07B19496 		.ascii	"\007\261\224\226/\242*\333e*\333E\225\257\251\312\255"
 241      2FA22ADB 
 241      652ADB45 
 241      95AFA9CA 
 241      AD
 242 06f6 B6F6161D 		.ascii	"\266\366\026\035\276\313T\262\363\362n\350\230\012$"
 242      BECB54B2 
 242      F3F26EE8 
 242      980A24
 243 0705 D54A951D 		.ascii	"\325J\225\0352\225\035\242\312N\252r\267m\214\327\341"
 243      32951DA2 
 243      CA4EAA72 
 243      B76D8CD7 
 243      E1
 244 0716 09A67278 		.ascii	"\011\246rx\270l\200\015*3\275PC\307S\301\277J%\322e"
 244      B86C800D 
 244      2A33BD50 
 244      43C753C1 
 244      BF4A25D2 
 245 072b 12E9A2C4 		.ascii	"\022\351\242\304.\356y\031uw\211e\304\375\271\311\363"
ARM GAS  C:\Users\Simone\AppData\Local\Temp\cc5oBSvv.s 			page 19


 245      2EEE7919 
 245      75778965 
 245      C4FDB9C9 
 245      F3
 246 073c 1E8E24CF 		.ascii	"\036\216$\317\2739!y\266\364\246\360Z\274FC}8p\357j"
 246      BB392179 
 246      B6F4A6F0 
 246      5ABC4643 
 246      7D3870EF 
 247 0751 8A0EA730 		.ascii	"\212\016\2470c\270\326R\342\000\322(\203v\011%\211\333"
 247      63B8D652 
 247      E200D228 
 247      83760925 
 247      89DB
 248 0763 2AC7118B 		.ascii	"*\307\021\213\373\271\323\271\213\267\026\332\342\016"
 248      FBB9D3B9 
 248      8BB716DA 
 248      E20E
 249 0771 792908A3 		.ascii	"y)\010\243\275\242\247h\037t@L\346\354~\352\254\365"
 249      BDA2A768 
 249      1F74404C 
 249      E6EC7EEA 
 249      ACF5
 250 0783 60DF38C2 		.ascii	"`\3378\302W\230|E~]\262F\234\304\262\245?\234\304L\331"
 250      57987C45 
 250      7E5DB246 
 250      9CC4B2A5 
 250      3F9CC44C 
 251 0798 A83345A1 		.ascii	"\2503E\241\003T\350Im\325&\016\3671\241\261\203{\012"
 251      0354E849 
 251      6DD5260E 
 251      F731A1B1 
 251      837B0A
 252 07ab D52C707B 		.ascii	"\325,p{\217G\260SQb\022\307\016#\007e\"\007E\221,*r"
 252      8F47B053 
 252      516212C7 
 252      0E230765 
 252      22074591 
 253 07c2 3EAB73A7 		.ascii	">\253s\247#\236\026D\276+lq\025W"
 253      239E1644 
 253      BE2B6C71 
 253      1557
 254 07d0 42BE720E 		.ascii	"B\276r\016\263e*\331\242\312!\252\262\363R\275\007\336"
 254      B3652AD9 
 254      A2CA21AA 
 254      B2F352BD 
 254      07DE
 255 07e2 E2C812EA 		.ascii	"\342\310\022\352\353W\376(\254\203F\213R\343\260L\343"
 255      EB57FE28 
 255      AC83468B 
 255      52E3B04C 
 255      E3
 256 07f3 B0A89143 		.ascii	"\260\250\221C5\366\265\334\270\247\306YL\304\222\330"
 256      35F6B5DC 
 256      B8A7C659 
 256      4CC492D8 
 257 0803 D2E3C086 		.ascii	"\322\343\300\206S\247X\007\2712\211\\Q\342\010\225\270"
ARM GAS  C:\Users\Simone\AppData\Local\Temp\cc5oBSvv.s 			page 20


 257      53A75807 
 257      B932895C 
 257      51E20895 
 257      B8
 258 0814 DDDF9FC0 		.ascii	"\335\337\237\300\366\212Jzt8QQ\362\220\035\020\222\330"
 258      F68A4A7A 
 258      74385151 
 258      F2901D10 
 258      92D8
 259 0826 31A3B973 		.ascii	"1\243\271s\203\003.d]$\264\334\277\343\216\3172\243"
 259      83032E64 
 259      5D24B4DC 
 259      BFE38ECF 
 259      32A3
 260 0838 EB666FA5 		.ascii	"\353fo\2453.g\006\237\322\277\026\343\032flHK\354w\302"
 260      332E6706 
 260      9FD2BF16 
 260      E31A666C 
 260      484BEC77 
 261 084d 8DCC282C 		.ascii	"\215\314(,\236\336\257\305\227\230\221QS}E\203\273\230"
 261      9EDEAFC5 
 261      97989151 
 261      537D4583 
 261      BB98
 262 085f 31D671EA 		.ascii	"1\326q\352\327\370\026{\316\356J\331\213\361 3\246\232"
 262      D7F8167B 
 262      CEEE4AD9 
 262      8BF12033 
 262      A69A
 263 0871 FB4F623C 		.ascii	"\373Ob<\316\214\326\334\324$'\374\214\031\315|z\252"
 263      CE8CD6DC 
 263      D42427FC 
 263      8C19CD7C 
 263      7AAA
 264 0883 1B5EE744 		.ascii	"\033^\347D\215\274\233\323\211\0168\225\031\265\207"
 264      8DBC9BD3 
 264      890E3895 
 264      19B587
 265 0892 0AF76B70 		.ascii	"\012\367kp\272`\014}?\210p&3\304\335\313\205\355^}\005"
 265      BA600C7D 
 265      3F887026 
 265      33C4DDCB 
 265      85ED5E7D 
 266 08a7 35596E38 		.ascii	"5Yn8\227\325]\315Y\277\315\011\0273\243\272s\335=\015"
 266      97D55DCD 
 266      59BFCD09 
 266      1733A3BA 
 266      73DD3D0D 
 267 08bb 3EC30CEB 		.ascii	">\303\014\353\251\364zW|\236\031\273\353\022\252\035"
 267      A9F47A57 
 267      7C9E19BB 
 267      EB12AA1D 
 268 08cb F0456624 		.ascii	"\360Ef$\337\315\314r\302\035\314\3305\334\227\242\301"
 268      DFCDCC72 
 268      C21DCCD8 
 268      35DC97A2 
 268      C1
ARM GAS  C:\Users\Simone\AppData\Local\Temp\cc5oBSvv.s 			page 21


 269 08dc BDCC98B6 		.ascii	"\275\314\230\266\034y\340\212\007\231\221\237\303\277"
 269      1C79E08A 
 269      0799919F 
 269      C3BF
 270 08ea 8CC7D9F3 		.ascii	"\214\307\331\363X\336\315\\wlaFG\365\265\353\2568IK"
 270      58DECD5C 
 270      776C6146 
 270      47F5B5EB 
 270      AE38494B 
 271 08fe 8D3DA957 		.ascii	"\215=\251Wv\261p\257 \346\326C\333\327q8\215\325\355"
 271      76B170AF 
 271      20E6D643 
 271      DBD77138 
 271      8DD5ED
 272 0911 DF523CC5 		.ascii	"\337R<\305\376\233\262\222\256\373\232\346\203Z\274"
 272      FE9BB292 
 272      AEFB9AE6 
 272      835ABC
 273 0920 93D53DD9 		.ascii	"\223\325=\331\\R\303\341=\3148\336>\320\251\243\304"
 273      5C52C3E1 
 273      3DCC38DE 
 273      3ED0A9A3 
 273      C4
 274 0931 D57435B5 		.ascii	"\325t5\265V\034q\301\207X\235x|r\021\216O\203%\226;"
 274      561C71C1 
 274      87589D78 
 274      7C72118E 
 274      4F832596 
 275 0946 0E389F56 		.ascii	"\0168\237Vz\325\214o\202\311\234c/\005\227%\3434\027"
 275      7AD58C6F 
 275      82C99C63 
 275      2F059725 
 275      E33417
 276 0959 1F691F9F 		.ascii	"\037i\037\237w\304\226\213\237\204\025\325\305\275 "
 276      77C4968B 
 276      9F8415D5 
 276      C5BD20
 277 0968 696ECA17 		.ascii	"in\312\027\263\206\002%U\221\345m\220\362\213&%\263"
 277      B3860225 
 277      5591E56D 
 277      90F28B26 
 277      25B3
 278 097a 999B497D 		.ascii	"\231\233I} \211V*\2513\316\002<\237\371\354\327\300"
 278      2089562A 
 278      A933CE02 
 278      3C9FF9EC 
 278      D7C0
 279 098c 84C308AA 		.ascii	"\204\303\010\252\021\230R6V\253\020\265J\242\015J\321"
 279      11985236 
 279      56AB10B5 
 279      4AA20D4A 
 279      D1
 280 099d 7A4E9E0B 		.ascii	"zN\236\013\201j\322[\202j\243R\365\242B\325\"\251\326"
 280      816AD25B 
 280      826AA352 
 280      F5A242D5 
 280      22A9D6
ARM GAS  C:\Users\Simone\AppData\Local\Temp\cc5oBSvv.s 			page 22


 281 09b0 D957FD41 		.ascii	"\331W\375A\306\236\007\037\275|ZE\330$\271y\000\037"
 281      C69E071F 
 281      BD7C5A45 
 281      D824B979 
 281      001F
 282 09c2 F7CB9094 		.ascii	"\367\313\220\224\\\003\364\003\206\001\203\200\373\200"
 282      5C03F403 
 282      86018380 
 282      FB80
 283 09d0 21C05D40 		.ascii	"!\300]@\013\340&\3406\340\016`\004p\0170\000\350\006"
 283      0BE026E0 
 283      36E00E60 
 283      04700F30 
 283      00E806
 284 09e3 F402BE03 		.ascii	"\364\002\276\003\264\002\372\000W\0017\000\267\000="
 284      B402FA00 
 284      57013700 
 284      B7003D
 285 09f2 80364027 		.ascii	"\2006@'\240\035\320\001\270\002\270\316\3112\373)i "
 285      A01DD001 
 285      B802B8CE 
 285      C932FB29 
 285      6920
 286 0a04 E7950351 		.ascii	"\347\225\003Q\346\265\315\022\365\230\3359\227%\225"
 286      E6B5CD12 
 286      F598DD39 
 286      972595
 287 0a13 F725EA39 		.ascii	"\367%\3529%\365\246Bu\243\355\244f\177}H\363\223\220"
 287      25F5A642 
 287      75A3EDA4 
 287      667F7D48 
 287      F39390
 288 0a26 F984CA92 		.ascii	"\371\204\312\222/\332\267\366\235\225\247\366\222\013"
 288      2FDAB7F6 
 288      9D95A7F6 
 288      920B
 289 0a34 A7EC2F66 		.ascii	"\247\354/f\031\367\251\304\255Vr\253\224\334a\211[n"
 289      19F7A9C4 
 289      AD5672AB 
 289      94DC6189 
 289      5B6E
 290 0a46 7F6832EE 		.ascii	"\177h2\356\264\304\275`_\327\266\240{\304\005\375\215"
 290      B4C4BD60 
 290      5FD7B6A0 
 290      7BC405FD 
 290      8D
 291 0a57 72E9B52A 		.ascii	"r\351\265*\0026 \211\226*Eg\234Y ^\327\245x\235PRg\236"
 291      02362089 
 291      962A4567 
 291      9C59205E 
 291      D7A5789D 
 292 0a6f 41C18111 		.ascii	"A\301\201\021\321\201\012\245\003\312\003\326\244\344"
 292      D1810AA5 
 292      03CA03D6 
 292      A4E4
 293 0a7d 4095FDD7 		.ascii	"@\225\375\327T\026\201K\022\267P\311\255U8;$9[\246\244"
 293      5416814B 
ARM GAS  C:\Users\Simone\AppData\Local\Temp\cc5oBSvv.s 			page 23


 293      12B750C9 
 293      AD55383B 
 293      24395BA6 
 294 0a92 9EE514B2 		.ascii	"\236\345\024\262\203\222\354\031\373\\\233\267W%\352"
 294      8392EC19 
 294      FB5C9BB7 
 294      5725EA
 295 0aa1 71255579 		.ascii	"q%Uy\274\357\226\250%\366\303e\243^\223\250\305\366"
 295      BCEF96A8 
 295      25F6C365 
 295      A35E93A8 
 295      C5F6
 296 0ab3 55E5A77B 		.ascii	"U\345\247{\211[d?\006\362s\256\304=m\177r\031\227\236"
 296      895B643F 
 296      06F273AE 
 296      C43D6D7F 
 296      7219979E 
 297 0ac7 5F1AF3C9 		.ascii	"_\032\363\311q\0148\212\343\030\034\260\256\255o\314"
 297      710C388A 
 297      E3181CB0 
 297      AEAD6FCC 
 298 0ad7 D3290E58 		.ascii	"\323)\016X\342\006\204\306`\337\371\177\331\203\350"
 298      E20684C6 
 298      60DFF97F 
 298      D983E8
 299 0ae6 4036C341 		.ascii	"@6\303Al\024\034:*\3451tT\342A\254cd\262\314a\306\211"
 299      6C141C3A 
 299      2AE53174 
 299      54E241AC 
 299      6364B2CC 
 300 0afd 6074C641 		.ascii	"`t\306A\354\241p\"xHO\004;\363\236\334s\300\243\354"
 300      ECA17022 
 300      78484F04 
 300      3BF39EDC 
 300      73C0A3EC 
 301 0b11 F3585B50 		.ascii	"\363X[P}\315\025[\2311\264m\350\031d\027:j\224\035^"
 301      7DCD155B 
 301      9931B46D 
 301      E8196417 
 301      3A6A941D 
 302 0b26 5FEE8C93 		.ascii	"_\356\214\223\251\241i\334|\241\201|(=\205\177M\365"
 302      A9A169DC 
 302      7CA1817C 
 302      283D857F 
 302      4DF5
 303 0b38 D6E73448 		.ascii	"\326\3474H\207\331\357\301\253\251\027NZE\216\374c8"
 303      87D9EFC1 
 303      ABA9174E 
 303      5A458EFC 
 303      6338
 304 0b4a F59C8D51 		.ascii	"\365\234\215Q>\027\266\1772N\011\0231\015\023\361\024"
 304      3E17B67F 
 304      324E0913 
 304      310D13F1 
 304      14
 305 0b5b 02330978 		.ascii	"\0023\011x\002\230\220o\322uR\007\217\355;c;\243\227"
 305      0298906F 
ARM GAS  C:\Users\Simone\AppData\Local\Temp\cc5oBSvv.s 			page 24


 305      D2755207 
 305      8FED3B63 
 305      3BA397
 306 0b6e E5904531 		.ascii	"\345\220E1\365\203EA\207U.\033\326\270]W\177%\234\320"
 306      F5834541 
 306      87552E1B 
 306      D6B85D57 
 306      7F259CD0 
 307 0b82 3B2E4F6C 		.ascii	";.Ol\204#\254'\325lX\342\204,@}d\233\237)q~\354\215"
 307      8423AC27 
 307      D56C58E2 
 307      842C407D 
 307      649B9F29 
 308 0b9a 0A3D83C1 		.ascii	"\012=\203\301\374\253\201\221\377\177&\035Y2c^-3\346"
 308      FCAB8191 
 308      FF7F261D 
 308      5932635E 
 308      2D33E6
 309 0bad D52ACCAB 		.ascii	"\325*\314\253\225\316\353\346\275\235\031.3\330\347"
 309      95CEEBE6 
 309      BD9D192E 
 309      33D8E7
 310 0bbc 669C0B79 		.ascii	"f\234\013y\314\330\344\356\264*2\306\354\347k4k\226"
 310      CCD8E4EE 
 310      B42A32C6 
 310      ECE76B34 
 310      6B96
 311 0bce BCFFA197 		.ascii	"\274\377\241\227^\2453\032\305\222\345\341\277\017\015"
 311      5EA5331A 
 311      C592E5E1 
 311      BF0F0D
 312 0bdd 5F11F969 		.ascii	"_\021\371id\274yUDdl\250966*>\364\263\230U^\364\311"
 312      64BC7955 
 312      44646CA8 
 312      3936362A 
 312      3EF4B398 
 313 0bf5 2B2C2EDA 		.ascii	"+,.\332\313\024\375\251)\"\302\024\021\272`\336\357"
 313      CB14FDA9 
 313      2922C214 
 313      11BA60DE 
 313      EF
 314 0c06 BC7CE7FB 		.ascii	"\274|\347\373\274\375\271_(\224\277\025\023\033cz\313"
 314      BCFDB95F 
 314      2894BF15 
 314      131B637A 
 314      CB
 315 0c17 14F66964 		.ascii	"\024\366idhdLx\324\252\010Sht\030h\305\230B\215\021"
 315      68644C78 
 315      D4AA0853 
 315      68741868 
 315      C598428D 
 316 0c2c A6E561AB 		.ascii	"\246\345a\253\242\314F\363\227+M\361\363V\250>\376\257"
 316      A2CC46F3 
 316      972B4DF1 
 316      F356A83E 
 316      FEAF
 317 0c3e 7613FF65 		.ascii	"v\023\377e|\2501\336\034\001c\000m\247\217L\341\346"
ARM GAS  C:\Users\Simone\AppData\Local\Temp\cc5oBSvv.s 			page 25


 317      7CA831DE 
 317      1C016300 
 317      6DA78F4C 
 317      E1E6
 318 0c50 D8B845F3 		.ascii	"\330\270E\363\337\2317\317\033\376h?\261\361>\277\361"
 318      DF9937CF 
 318      1BFE683F 
 318      B1F13EBF 
 318      F1
 319 0c61 F18E8DF7 		.ascii	"\361\216\215\367^\021\026\345\27526\316\034\357\035"
 319      5E1116E5 
 319      BD3236CE 
 319      1CEF1D
 320 0c70 B22CC8CF 		.ascii	"\262,\310\317\327{\351R\177\357e\201A_\370x\307\233"
 320      D77BE952 
 320      7FEF6581 
 320      415FF878 
 320      C79B
 321 0c82 8D515111 		.ascii	"\215QQ\021\363\302U\316\354\311\030\031\023i\3660\022"
 321      F3C255CE 
 321      ECC91819 
 321      1369F630 
 321      12
 322 0c93 B23132EE 		.ascii	"\26212\356s\243iedT\354g\253L>\366d\343\314\202\352"
 322      73A36965 
 322      6454EC67 
 322      AB4C3EF6 
 322      64E3CC82 
 323 0ca8 4243903E 		.ascii	"BC\220>h5\324\206\307\306\231\214_\274\023\015\036y"
 323      6835D486 
 323      C7C6998C 
 323      5FBC130D 
 323      1E79
 324 0cba 84AF08F9 		.ascii	"\204\257\010\3712~Yd\264)\356\275\260\230\210(S\\\340"
 324      327E5964 
 324      B429EEBD 
 324      B0988828 
 324      535CE0
 325 0ccd 6BCF1111 		.ascii	"k\317\021\021\206\004\0250(h:+\346\213\310\360\200\230"
 325      86041530 
 325      28683A2B 
 325      E68BC8F0 
 325      8098
 326 0cdf B04FA34C 		.ascii	"\260O\243LlX~/\036Txlttl\214\350\005i\014\"0\240h2\271"
 326      6C587E2F 
 326      1E54786C 
 326      74746C8C 
 326      E805690C 
 327 0cf9 91D14633 		.ascii	"\221\321F3\326\033|\000\276\352\220 \275A\355\037\030"
 327      D61B7C00 
 327      BEEA9020 
 327      BD41ED1F 
 327      18
 328 0d0a 60E0420C 		.ascii	"`\340B\0148`\211\301A\257\0172\370\320__\265^\037`\300"
 328      386089C1 
 328      41AF0F32 
 328      F8D05F5F 
ARM GAS  C:\Users\Simone\AppData\Local\Temp\cc5oBSvv.s 			page 26


 328      B55E1F60 
 329 0d1f FAF797E1 		.ascii	"\372\367\227\341\340\020=^h0`\203\036lh\260\310\177"
 329      E0103D5E 
 329      68306083 
 329      1E6C68B0 
 329      C87F
 330 0d31 9901FB93 		.ascii	"\231\001\373\223\226A\013\015\334\007\254\225\037\360"
 330      96410B0D 
 330      DC07AC95 
 330      1FF0
 331 0d3f FF64F8FD 		.ascii	"\377d\370\375\177\032n\301'pP\035\276\",\316#6>,\012"
 331      7F1A6EC1 
 331      2770501D 
 331      BE222CCE 
 331      23363E2C 
 332 0d54 E2B43436 		.ascii	"\342\26446\374/\213\343b\243\003C\014v\243D$\011\225"
 332      FC2F8BE3 
 332      62A30343 
 332      0C76A344 
 332      240995
 333 0d67 848BDC49 		.ascii	"\204\213\334I\224h\200e\015=\350\254EA\201q9\224\030"
 333      94688065 
 333      0D3DE8AC 
 333      45418171 
 333      399418
 334 0d7a 23E3E3B4 		.ascii	"#\343\343\264R\221\253\321\030o2\033\027-\014\011\010"
 334      5291ABD1 
 334      186F321B 
 334      172D0C09 
 334      08
 335 0d8b 3604BA86 		.ascii	"6\004\272\206E\3755\354\313x\230\355(X\252\013\354\365"
 335      45FD35EC 
 335      CB7898ED 
 335      2858AA0B 
 335      ECF5
 336 0d9d 685A6DF6 		.ascii	"hZm\366\326\007\205\004\206\330\246\207Lnx\364\342U"
 336      D6078504 
 336      86D8A687 
 336      4C6E78F4 
 336      E255
 337 0daf 3124BE9E 		.ascii	"1$\276\236\304\215\017fN\360K\302h>\214\211\222\271"
 337      C48D0F66 
 337      4EF04BC2 
 337      683E8C89 
 337      92B9
 338 0dc1 45FD9C51 		.ascii	"E\375\234Q\364\022ukU\314\014_\235e\205\316\006\275"
 338      F412756B 
 338      55CC0C5F 
 338      9D6585CE 
 338      06BD
 339 0dd3 DEB80CDE 		.ascii	"\336\270\014\336\033\177\323rNop\014^\272T\277x\211"
 339      1B7FD372 
 339      4E6F700C 
 339      5EBA54BF 
 339      7889
 340 0de5 414D7EB0 		.ascii	"AM~\260>\320\340\264\360\275E>\206\220e\364\301W|\360"
 340      3ED0E0B4 
ARM GAS  C:\Users\Simone\AppData\Local\Temp\cc5oBSvv.s 			page 27


 340      F0BD453E 
 340      869065F4 
 340      C1577CF0 
 341 0df9 230F5A43 		.ascii	"#\017ZC@H\200\341\243\000\377\371N\013\203ER0#Iu>\216"
 341      404880E1 
 341      A300FFF9 
 341      4E0B8345 
 341      52302349 
 342 0e10 4420E07D 		.ascii	"D \340}\003\271\373\012w?\270K\014_G\322\232\326\004"
 342      03B9FB0A 
 342      773FB84B 
 342      0C5F47D2 
 342      9AD604
 343 0e23 538654E3 		.ascii	"S\206T\343\247%m\227\006\2232\322Zz\362cO\"o\201\226"
 343      A7256D97 
 343      069332D2 
 343      5A7AF263 
 343      4F226F81 
 344 0e38 2808B5C1 		.ascii	"(\010\265\301\"O\254}\033V\025Y^!\266\242\3378\204\204"
 344      224FAC7D 
 344      1B561559 
 344      5E21B6A2 
 344      DF388484 
 345 0e4c E8971874 		.ascii	"\350\227\030t0\330@\337\0202\324\337\275xbB\226\261"
 345      30D840DF 
 345      1032D4DF 
 345      BD786242 
 345      96B1
 346 0e5e 05B678C1 		.ascii	"\005\266x\301\352\325li-_0\337g\265\011f\307\315\177"
 346      EAD56C69 
 346      2D5F30DF 
 346      67B50966 
 346      C7CD7F
 347 0e71 D19220FD 		.ascii	"\321\222 \375\207b\0145\201\376\372\017\374\0034\304"
 347      87620C35 
 347      81FEFA0F 
 347      FC0334C4 
 348 0e81 A3C57F26 		.ascii	"\243\305\177&7\337\305\177\376'&\323r\323"
 348      37DFC57F 
 348      FE2726D3 
 348      72D3
 349              		.text
 350              		.section	.gnu.lto_.symtab.ce91a1b9,"",%progbits
 351 0000 56656374 		.ascii	"VectorB0\000\000\000\000\000\000\000\000\000\000\000"
 351      6F724230 
 351      00000000 
 351      00000000 
 351      000000
 352 0013 00B40000 		.ascii	"\000\264\000\000\000st_lld_init\000\000\000\000\000"
 352      0073745F 
 352      6C6C645F 
 352      696E6974 
 352      00000000 
 353 0028 00000000 		.ascii	"\000\000\000\000\000\000\000\266\000\000\000_port_i"
 353      000000B6 
 353      0000005F 
 353      706F7274 
ARM GAS  C:\Users\Simone\AppData\Local\Temp\cc5oBSvv.s 			page 28


 353      5F69
 354 003a 72715F65 		.ascii	"rq_epilogue\000\000\002\000\000\000\000\000\000\000"
 354      70696C6F 
 354      67756500 
 354      00020000 
 354      00000000 
 355 004f 0000B800 		.ascii	"\000\000\270\000\000\000chSysTimerHandlerI\000\000\002"
 355      00006368 
 355      53797354 
 355      696D6572 
 355      48616E64 
 356 006a 00000000 		.ascii	"\000\000\000\000\000\000\000\000\000\272\000\000\000"
 356      00000000 
 356      00BA0000 
 356      00
 357 0077 6E766963 		.ascii	"nvicEnableVector\000\000\002\000\000\000\000\000\000"
 357      456E6162 
 357      6C655665 
 357      63746F72 
 357      00000200 
 358 0090 000000BF 		.ascii	"\000\000\000\277\000\000\000"
 358      000000
 359              		.text
 360              		.section	.gnu.lto_.opts,"",%progbits
 361 0000 272D666E 		.ascii	"'-fno-trapv' '-mcpu=cortex-m4' '-mno-thumb-interwor"
 361      6F2D7472 
 361      61707627 
 361      20272D6D 
 361      6370753D 
 362 0033 6B272027 		.ascii	"k' '-mthumb' '-ggdb' '-O2' '-fomit-frame-pointer' '"
 362      2D6D7468 
 362      756D6227 
 362      20272D67 
 362      67646227 
 363 0066 2D66616C 		.ascii	"-falign-functions=16' '-ffunction-sections' '-fdata"
 363      69676E2D 
 363      66756E63 
 363      74696F6E 
 363      733D3136 
 364 0099 2D736563 		.ascii	"-sections' '-fno-common' '-flto'\000"
 364      74696F6E 
 364      73272027 
 364      2D666E6F 
 364      2D636F6D 
 365              		.text
 366              		.comm	__gnu_lto_v1,1,1
 367              		.comm	__gnu_lto_slim,1,1
 368              		.ident	"GCC: (GNU Tools for ARM Embedded Processors) 4.9.3 20150529 (release) [ARM/embedded-4_9-br
ARM GAS  C:\Users\Simone\AppData\Local\Temp\cc5oBSvv.s 			page 29


DEFINED SYMBOLS
                            *ABS*:00000000 st_lld.c
                            *COM*:00000001 __gnu_lto_v1
                            *COM*:00000001 __gnu_lto_slim

NO UNDEFINED SYMBOLS
